02/15/2023 06:34:38 0
02/15/2023 06:34:38 Launching the MT-DNN training
02/15/2023 06:34:38 Loading ../../../dvd_hanashi/dvd_hanashi_all/2/dvdppf_train.json as task 0
02/15/2023 06:34:38 Loading ../../../dvd_hanashi/dvd_hanashi_all/2/dvdduration_train.json as task 1
02/15/2023 06:34:38 Loading ../../../dvd_hanashi/dvd_hanashi_all/2/dvdorder_train.json as task 2
02/15/2023 06:34:38 Loading ../../../dvd_hanashi/dvd_hanashi_all/2/hanashiduration_train.json as task 3
02/15/2023 06:34:38 4,5,6,8
02/15/2023 06:34:38 ####################
02/15/2023 06:34:38 {'log_file': 'checkpoints/dvd_all_hanashi_dur_2_adam_answer_opt0_gc0_ggc1_2023-02-15T0634/log.log', 'tensorboard': False, 'tensorboard_logdir': 'tensorboard_logdir', 'init_checkpoint': '../../../japanese_bert_new_/jap_bert.pt', 'data_dir': '../../../dvd_hanashi/dvd_hanashi_all/2/', 'data_sort_on': False, 'name': 'farmer', 'task_def': '../../../experiments/dvd_hanashi/dvd_hanashi_task_def.yml', 'train_datasets': ['dvdppf', 'dvdduration', 'dvdorder', 'hanashiduration'], 'test_datasets': ['dvdppf', 'dvdduration', 'dvdorder', 'hanashiduration'], 'update_bert_opt': 0, 'multi_gpu_on': True, 'mem_cum_type': 'simple', 'answer_num_turn': 5, 'answer_mem_drop_p': 0.1, 'answer_att_hidden_size': 128, 'answer_att_type': 'bilinear', 'answer_rnn_type': 'gru', 'answer_sum_att_type': 'bilinear', 'answer_merge_opt': 1, 'answer_mem_type': 1, 'answer_dropout_p': 0.1, 'answer_weight_norm_on': False, 'dump_state_on': False, 'answer_opt': [0, 0, 0, 0], 'label_size': '4,5,6,8', 'mtl_opt': 0, 'ratio': 0, 'mix_opt': 0, 'max_seq_len': 512, 'init_ratio': 1, 'encoder_type': <EncoderModelType.BERT: 1>, 'cuda': True, 'log_per_updates': 500, 'save_per_updates': 10000, 'save_per_updates_on': False, 'epochs': 10, 'batch_size': 16, 'batch_size_eval': 8, 'optimizer': 'adam', 'grad_clipping': 0.0, 'global_grad_clipping': 1.0, 'weight_decay': 0, 'learning_rate': 1e-05, 'momentum': 0, 'warmup': 0.1, 'warmup_schedule': 'warmup_linear', 'adam_eps': 1e-06, 'vb_dropout': True, 'dropout_p': 0.1, 'dropout_w': 0.0, 'bert_dropout_p': 0.1, 'model_ckpt': 'checkpoints/model_0.pt', 'resume': False, 'ema_opt': 0, 'ema_gamma': 0.995, 'lookahead': False, 'lookahead_k': 5, 'lookahead_alpha': 0.5, 'have_lr_scheduler': True, 'multi_step_lr': '10,20,30', 'freeze_layers': -1, 'embedding_opt': 0, 'lr_gamma': 0.5, 'bert_l2norm': 0.0, 'scheduler_type': 'ms', 'output_dir': 'checkpoints/dvd_all_hanashi_dur_2_adam_answer_opt0_gc0_ggc1_2023-02-15T0634', 'seed': 2018, 'grad_accumulation_step': 1, 'fp16': False, 'fp16_opt_level': 'O1', 'mean_teacher': False, 'mean_teacher_avg': 'exponential', 'mean_teacher_lambda': 1, 'mean_teacher_rampup': 4000, 'mean_teacher_alpha1': 0.99, 'mean_teacher_alpha2': 0.999, 'mt_kd_tau': 1, 'virtual_teacher': False, 'vat_eps': 0.001, 'vat_max_layer': -1, 'vat_opt': 0, 'vat_lambda': 1, 'vat_alpha': 1, 'vat_nosiy': 1e-05, 'use_noisycopy': False, 'noisycopy_eps': 0.01, 'use_advcopy': False, 'advcopy_eps': 0.01, 'vat_stable_eps': 1e-06, 'tasks_dropout_p': [0.1, 0.1, 0.1, 0.1]}
02/15/2023 06:34:38 ####################
02/15/2023 06:34:38 ############# Gradient Accumulation Info #############
02/15/2023 06:34:38 number of step: 4870
02/15/2023 06:34:38 number of grad grad_accumulation step: 1
02/15/2023 06:34:38 adjusted number of step: 4870
02/15/2023 06:34:38 ############# Gradient Accumulation Info #############
02/15/2023 06:34:46 
############# Model Arch of MT-DNN #############
SANBertNetwork(
  (dropout_list): ModuleList(
    (0): DropoutWrapper()
    (1): DropoutWrapper()
    (2): DropoutWrapper()
    (3): DropoutWrapper()
  )
  (bert): BertModel(
    (embeddings): BertEmbeddings(
      (word_embeddings): Embedding(32006, 768)
      (position_embeddings): Embedding(512, 768)
      (token_type_embeddings): Embedding(2, 768)
      (LayerNorm): FusedLayerNorm(torch.Size([768]), eps=1e-12, elementwise_affine=True)
      (dropout): Dropout(p=0.1)
    )
    (encoder): BertEncoder(
      (layer): ModuleList(
        (0): BertLayer(
          (attention): BertAttention(
            (self): BertSelfAttention(
              (query): Linear(in_features=768, out_features=768, bias=True)
              (key): Linear(in_features=768, out_features=768, bias=True)
              (value): Linear(in_features=768, out_features=768, bias=True)
              (dropout): Dropout(p=0.1)
            )
            (output): BertSelfOutput(
              (dense): Linear(in_features=768, out_features=768, bias=True)
              (LayerNorm): FusedLayerNorm(torch.Size([768]), eps=1e-12, elementwise_affine=True)
              (dropout): Dropout(p=0.1)
            )
          )
          (intermediate): BertIntermediate(
            (dense): Linear(in_features=768, out_features=3072, bias=True)
          )
          (output): BertOutput(
            (dense): Linear(in_features=3072, out_features=768, bias=True)
            (LayerNorm): FusedLayerNorm(torch.Size([768]), eps=1e-12, elementwise_affine=True)
            (dropout): Dropout(p=0.1)
          )
        )
        (1): BertLayer(
          (attention): BertAttention(
            (self): BertSelfAttention(
              (query): Linear(in_features=768, out_features=768, bias=True)
              (key): Linear(in_features=768, out_features=768, bias=True)
              (value): Linear(in_features=768, out_features=768, bias=True)
              (dropout): Dropout(p=0.1)
            )
            (output): BertSelfOutput(
              (dense): Linear(in_features=768, out_features=768, bias=True)
              (LayerNorm): FusedLayerNorm(torch.Size([768]), eps=1e-12, elementwise_affine=True)
              (dropout): Dropout(p=0.1)
            )
          )
          (intermediate): BertIntermediate(
            (dense): Linear(in_features=768, out_features=3072, bias=True)
          )
          (output): BertOutput(
            (dense): Linear(in_features=3072, out_features=768, bias=True)
            (LayerNorm): FusedLayerNorm(torch.Size([768]), eps=1e-12, elementwise_affine=True)
            (dropout): Dropout(p=0.1)
          )
        )
        (2): BertLayer(
          (attention): BertAttention(
            (self): BertSelfAttention(
              (query): Linear(in_features=768, out_features=768, bias=True)
              (key): Linear(in_features=768, out_features=768, bias=True)
              (value): Linear(in_features=768, out_features=768, bias=True)
              (dropout): Dropout(p=0.1)
            )
            (output): BertSelfOutput(
              (dense): Linear(in_features=768, out_features=768, bias=True)
              (LayerNorm): FusedLayerNorm(torch.Size([768]), eps=1e-12, elementwise_affine=True)
              (dropout): Dropout(p=0.1)
            )
          )
          (intermediate): BertIntermediate(
            (dense): Linear(in_features=768, out_features=3072, bias=True)
          )
          (output): BertOutput(
            (dense): Linear(in_features=3072, out_features=768, bias=True)
            (LayerNorm): FusedLayerNorm(torch.Size([768]), eps=1e-12, elementwise_affine=True)
            (dropout): Dropout(p=0.1)
          )
        )
        (3): BertLayer(
          (attention): BertAttention(
            (self): BertSelfAttention(
              (query): Linear(in_features=768, out_features=768, bias=True)
              (key): Linear(in_features=768, out_features=768, bias=True)
              (value): Linear(in_features=768, out_features=768, bias=True)
              (dropout): Dropout(p=0.1)
            )
            (output): BertSelfOutput(
              (dense): Linear(in_features=768, out_features=768, bias=True)
              (LayerNorm): FusedLayerNorm(torch.Size([768]), eps=1e-12, elementwise_affine=True)
              (dropout): Dropout(p=0.1)
            )
          )
          (intermediate): BertIntermediate(
            (dense): Linear(in_features=768, out_features=3072, bias=True)
          )
          (output): BertOutput(
            (dense): Linear(in_features=3072, out_features=768, bias=True)
            (LayerNorm): FusedLayerNorm(torch.Size([768]), eps=1e-12, elementwise_affine=True)
            (dropout): Dropout(p=0.1)
          )
        )
        (4): BertLayer(
          (attention): BertAttention(
            (self): BertSelfAttention(
              (query): Linear(in_features=768, out_features=768, bias=True)
              (key): Linear(in_features=768, out_features=768, bias=True)
              (value): Linear(in_features=768, out_features=768, bias=True)
              (dropout): Dropout(p=0.1)
            )
            (output): BertSelfOutput(
              (dense): Linear(in_features=768, out_features=768, bias=True)
              (LayerNorm): FusedLayerNorm(torch.Size([768]), eps=1e-12, elementwise_affine=True)
              (dropout): Dropout(p=0.1)
            )
          )
          (intermediate): BertIntermediate(
            (dense): Linear(in_features=768, out_features=3072, bias=True)
          )
          (output): BertOutput(
            (dense): Linear(in_features=3072, out_features=768, bias=True)
            (LayerNorm): FusedLayerNorm(torch.Size([768]), eps=1e-12, elementwise_affine=True)
            (dropout): Dropout(p=0.1)
          )
        )
        (5): BertLayer(
          (attention): BertAttention(
            (self): BertSelfAttention(
              (query): Linear(in_features=768, out_features=768, bias=True)
              (key): Linear(in_features=768, out_features=768, bias=True)
              (value): Linear(in_features=768, out_features=768, bias=True)
              (dropout): Dropout(p=0.1)
            )
            (output): BertSelfOutput(
              (dense): Linear(in_features=768, out_features=768, bias=True)
              (LayerNorm): FusedLayerNorm(torch.Size([768]), eps=1e-12, elementwise_affine=True)
              (dropout): Dropout(p=0.1)
            )
          )
          (intermediate): BertIntermediate(
            (dense): Linear(in_features=768, out_features=3072, bias=True)
          )
          (output): BertOutput(
            (dense): Linear(in_features=3072, out_features=768, bias=True)
            (LayerNorm): FusedLayerNorm(torch.Size([768]), eps=1e-12, elementwise_affine=True)
            (dropout): Dropout(p=0.1)
          )
        )
        (6): BertLayer(
          (attention): BertAttention(
            (self): BertSelfAttention(
              (query): Linear(in_features=768, out_features=768, bias=True)
              (key): Linear(in_features=768, out_features=768, bias=True)
              (value): Linear(in_features=768, out_features=768, bias=True)
              (dropout): Dropout(p=0.1)
            )
            (output): BertSelfOutput(
              (dense): Linear(in_features=768, out_features=768, bias=True)
              (LayerNorm): FusedLayerNorm(torch.Size([768]), eps=1e-12, elementwise_affine=True)
              (dropout): Dropout(p=0.1)
            )
          )
          (intermediate): BertIntermediate(
            (dense): Linear(in_features=768, out_features=3072, bias=True)
          )
          (output): BertOutput(
            (dense): Linear(in_features=3072, out_features=768, bias=True)
            (LayerNorm): FusedLayerNorm(torch.Size([768]), eps=1e-12, elementwise_affine=True)
            (dropout): Dropout(p=0.1)
          )
        )
        (7): BertLayer(
          (attention): BertAttention(
            (self): BertSelfAttention(
              (query): Linear(in_features=768, out_features=768, bias=True)
              (key): Linear(in_features=768, out_features=768, bias=True)
              (value): Linear(in_features=768, out_features=768, bias=True)
              (dropout): Dropout(p=0.1)
            )
            (output): BertSelfOutput(
              (dense): Linear(in_features=768, out_features=768, bias=True)
              (LayerNorm): FusedLayerNorm(torch.Size([768]), eps=1e-12, elementwise_affine=True)
              (dropout): Dropout(p=0.1)
            )
          )
          (intermediate): BertIntermediate(
            (dense): Linear(in_features=768, out_features=3072, bias=True)
          )
          (output): BertOutput(
            (dense): Linear(in_features=3072, out_features=768, bias=True)
            (LayerNorm): FusedLayerNorm(torch.Size([768]), eps=1e-12, elementwise_affine=True)
            (dropout): Dropout(p=0.1)
          )
        )
        (8): BertLayer(
          (attention): BertAttention(
            (self): BertSelfAttention(
              (query): Linear(in_features=768, out_features=768, bias=True)
              (key): Linear(in_features=768, out_features=768, bias=True)
              (value): Linear(in_features=768, out_features=768, bias=True)
              (dropout): Dropout(p=0.1)
            )
            (output): BertSelfOutput(
              (dense): Linear(in_features=768, out_features=768, bias=True)
              (LayerNorm): FusedLayerNorm(torch.Size([768]), eps=1e-12, elementwise_affine=True)
              (dropout): Dropout(p=0.1)
            )
          )
          (intermediate): BertIntermediate(
            (dense): Linear(in_features=768, out_features=3072, bias=True)
          )
          (output): BertOutput(
            (dense): Linear(in_features=3072, out_features=768, bias=True)
            (LayerNorm): FusedLayerNorm(torch.Size([768]), eps=1e-12, elementwise_affine=True)
            (dropout): Dropout(p=0.1)
          )
        )
        (9): BertLayer(
          (attention): BertAttention(
            (self): BertSelfAttention(
              (query): Linear(in_features=768, out_features=768, bias=True)
              (key): Linear(in_features=768, out_features=768, bias=True)
              (value): Linear(in_features=768, out_features=768, bias=True)
              (dropout): Dropout(p=0.1)
            )
            (output): BertSelfOutput(
              (dense): Linear(in_features=768, out_features=768, bias=True)
              (LayerNorm): FusedLayerNorm(torch.Size([768]), eps=1e-12, elementwise_affine=True)
              (dropout): Dropout(p=0.1)
            )
          )
          (intermediate): BertIntermediate(
            (dense): Linear(in_features=768, out_features=3072, bias=True)
          )
          (output): BertOutput(
            (dense): Linear(in_features=3072, out_features=768, bias=True)
            (LayerNorm): FusedLayerNorm(torch.Size([768]), eps=1e-12, elementwise_affine=True)
            (dropout): Dropout(p=0.1)
          )
        )
        (10): BertLayer(
          (attention): BertAttention(
            (self): BertSelfAttention(
              (query): Linear(in_features=768, out_features=768, bias=True)
              (key): Linear(in_features=768, out_features=768, bias=True)
              (value): Linear(in_features=768, out_features=768, bias=True)
              (dropout): Dropout(p=0.1)
            )
            (output): BertSelfOutput(
              (dense): Linear(in_features=768, out_features=768, bias=True)
              (LayerNorm): FusedLayerNorm(torch.Size([768]), eps=1e-12, elementwise_affine=True)
              (dropout): Dropout(p=0.1)
            )
          )
          (intermediate): BertIntermediate(
            (dense): Linear(in_features=768, out_features=3072, bias=True)
          )
          (output): BertOutput(
            (dense): Linear(in_features=3072, out_features=768, bias=True)
            (LayerNorm): FusedLayerNorm(torch.Size([768]), eps=1e-12, elementwise_affine=True)
            (dropout): Dropout(p=0.1)
          )
        )
        (11): BertLayer(
          (attention): BertAttention(
            (self): BertSelfAttention(
              (query): Linear(in_features=768, out_features=768, bias=True)
              (key): Linear(in_features=768, out_features=768, bias=True)
              (value): Linear(in_features=768, out_features=768, bias=True)
              (dropout): Dropout(p=0.1)
            )
            (output): BertSelfOutput(
              (dense): Linear(in_features=768, out_features=768, bias=True)
              (LayerNorm): FusedLayerNorm(torch.Size([768]), eps=1e-12, elementwise_affine=True)
              (dropout): Dropout(p=0.1)
            )
          )
          (intermediate): BertIntermediate(
            (dense): Linear(in_features=768, out_features=3072, bias=True)
          )
          (output): BertOutput(
            (dense): Linear(in_features=3072, out_features=768, bias=True)
            (LayerNorm): FusedLayerNorm(torch.Size([768]), eps=1e-12, elementwise_affine=True)
            (dropout): Dropout(p=0.1)
          )
        )
      )
    )
    (pooler): BertPooler(
      (dense): Linear(in_features=768, out_features=768, bias=True)
      (activation): Tanh()
    )
  )
  (scoring_list): ModuleList(
    (0): Linear(in_features=768, out_features=4, bias=True)
    (1): Linear(in_features=768, out_features=5, bias=True)
    (2): Linear(in_features=768, out_features=6, bias=True)
    (3): Linear(in_features=768, out_features=8, bias=True)
  )
)

02/15/2023 06:34:46 Total number of params: 110639639
02/15/2023 06:34:46 At epoch 0
02/15/2023 06:34:46 Task [ 0] updates[     1] train loss[1.59470] remaining[0:04:41]
02/15/2023 06:36:05 Task dvdppf -- epoch 0 -- Dev ACC: 35.514
02/15/2023 06:36:05 Task dvdppf -- epoch 0 -- Dev F1: 22.266
02/15/2023 06:36:06 Task dvdduration -- epoch 0 -- Dev ACC: 27.726
02/15/2023 06:36:06 Task dvdduration -- epoch 0 -- Dev F1: 9.264
02/15/2023 06:36:07 Task dvdorder -- epoch 0 -- Dev ACC: 52.191
02/15/2023 06:36:07 Task dvdorder -- epoch 0 -- Dev F1: 11.431
02/15/2023 06:36:10 Task hanashiduration -- epoch 0 -- Dev ACC: 21.320
02/15/2023 06:36:10 Task hanashiduration -- epoch 0 -- Dev F1: 6.578
02/15/2023 06:36:10 At epoch 1
02/15/2023 06:36:12 Task [ 0] updates[   500] train loss[1.58084] remaining[0:01:25]
02/15/2023 06:37:30 Task dvdppf -- epoch 1 -- Dev ACC: 45.794
02/15/2023 06:37:30 Task dvdppf -- epoch 1 -- Dev F1: 40.406
02/15/2023 06:37:31 Task dvdduration -- epoch 1 -- Dev ACC: 33.022
02/15/2023 06:37:31 Task dvdduration -- epoch 1 -- Dev F1: 17.932
02/15/2023 06:37:32 Task dvdorder -- epoch 1 -- Dev ACC: 52.988
02/15/2023 06:37:32 Task dvdorder -- epoch 1 -- Dev F1: 17.393
02/15/2023 06:37:36 Task hanashiduration -- epoch 1 -- Dev ACC: 43.046
02/15/2023 06:37:36 Task hanashiduration -- epoch 1 -- Dev F1: 14.231
02/15/2023 06:37:36 At epoch 2
02/15/2023 06:37:40 Task [ 3] updates[  1000] train loss[1.50306] remaining[0:01:16]
02/15/2023 06:38:53 Task dvdppf -- epoch 2 -- Dev ACC: 43.925
02/15/2023 06:38:53 Task dvdppf -- epoch 2 -- Dev F1: 41.240
02/15/2023 06:38:54 Task dvdduration -- epoch 2 -- Dev ACC: 34.268
02/15/2023 06:38:54 Task dvdduration -- epoch 2 -- Dev F1: 19.930
02/15/2023 06:38:55 Task dvdorder -- epoch 2 -- Dev ACC: 49.402
02/15/2023 06:38:55 Task dvdorder -- epoch 2 -- Dev F1: 14.704
02/15/2023 06:38:58 Task hanashiduration -- epoch 2 -- Dev ACC: 42.538
02/15/2023 06:38:58 Task hanashiduration -- epoch 2 -- Dev F1: 17.662
02/15/2023 06:38:58 At epoch 3
02/15/2023 06:39:04 Task [ 3] updates[  1500] train loss[1.42100] remaining[0:01:10]
02/15/2023 06:40:16 Task dvdppf -- epoch 3 -- Dev ACC: 47.975
02/15/2023 06:40:16 Task dvdppf -- epoch 3 -- Dev F1: 42.140
02/15/2023 06:40:17 Task dvdduration -- epoch 3 -- Dev ACC: 37.383
02/15/2023 06:40:17 Task dvdduration -- epoch 3 -- Dev F1: 23.420
02/15/2023 06:40:17 Task dvdorder -- epoch 3 -- Dev ACC: 48.207
02/15/2023 06:40:17 Task dvdorder -- epoch 3 -- Dev F1: 12.118
02/15/2023 06:40:20 Task hanashiduration -- epoch 3 -- Dev ACC: 39.188
02/15/2023 06:40:20 Task hanashiduration -- epoch 3 -- Dev F1: 16.179
02/15/2023 06:40:20 At epoch 4
02/15/2023 06:40:28 Task [ 3] updates[  2000] train loss[1.34151] remaining[0:01:08]
02/15/2023 06:41:39 Task dvdppf -- epoch 4 -- Dev ACC: 45.483
02/15/2023 06:41:39 Task dvdppf -- epoch 4 -- Dev F1: 40.847
02/15/2023 06:41:40 Task dvdduration -- epoch 4 -- Dev ACC: 39.252
02/15/2023 06:41:40 Task dvdduration -- epoch 4 -- Dev F1: 26.825
02/15/2023 06:41:40 Task dvdorder -- epoch 4 -- Dev ACC: 48.207
02/15/2023 06:41:40 Task dvdorder -- epoch 4 -- Dev F1: 15.621
02/15/2023 06:41:43 Task hanashiduration -- epoch 4 -- Dev ACC: 33.096
02/15/2023 06:41:43 Task hanashiduration -- epoch 4 -- Dev F1: 16.551
02/15/2023 06:41:43 At epoch 5
02/15/2023 06:41:54 Task [ 1] updates[  2500] train loss[1.26717] remaining[0:01:11]
02/15/2023 06:43:03 Task dvdppf -- epoch 5 -- Dev ACC: 47.664
02/15/2023 06:43:03 Task dvdppf -- epoch 5 -- Dev F1: 42.918
02/15/2023 06:43:04 Task dvdduration -- epoch 5 -- Dev ACC: 36.137
02/15/2023 06:43:04 Task dvdduration -- epoch 5 -- Dev F1: 24.014
02/15/2023 06:43:04 Task dvdorder -- epoch 5 -- Dev ACC: 45.817
02/15/2023 06:43:04 Task dvdorder -- epoch 5 -- Dev F1: 16.186
02/15/2023 06:43:07 Task hanashiduration -- epoch 5 -- Dev ACC: 29.746
02/15/2023 06:43:07 Task hanashiduration -- epoch 5 -- Dev F1: 15.543
02/15/2023 06:43:07 At epoch 6
02/15/2023 06:43:19 Task [ 2] updates[  3000] train loss[1.20005] remaining[0:01:03]
02/15/2023 06:44:26 Task dvdppf -- epoch 6 -- Dev ACC: 46.106
02/15/2023 06:44:26 Task dvdppf -- epoch 6 -- Dev F1: 43.084
02/15/2023 06:44:27 Task dvdduration -- epoch 6 -- Dev ACC: 39.875
02/15/2023 06:44:27 Task dvdduration -- epoch 6 -- Dev F1: 27.193
02/15/2023 06:44:28 Task dvdorder -- epoch 6 -- Dev ACC: 47.012
02/15/2023 06:44:28 Task dvdorder -- epoch 6 -- Dev F1: 17.201
02/15/2023 06:44:31 Task hanashiduration -- epoch 6 -- Dev ACC: 36.041
02/15/2023 06:44:31 Task hanashiduration -- epoch 6 -- Dev F1: 18.001
02/15/2023 06:44:31 At epoch 7
02/15/2023 06:44:45 Task [ 3] updates[  3500] train loss[1.14067] remaining[0:01:03]
02/15/2023 06:45:51 Task dvdppf -- epoch 7 -- Dev ACC: 46.729
02/15/2023 06:45:51 Task dvdppf -- epoch 7 -- Dev F1: 43.214
02/15/2023 06:45:52 Task dvdduration -- epoch 7 -- Dev ACC: 35.202
02/15/2023 06:45:52 Task dvdduration -- epoch 7 -- Dev F1: 23.912
02/15/2023 06:45:52 Task dvdorder -- epoch 7 -- Dev ACC: 43.825
02/15/2023 06:45:52 Task dvdorder -- epoch 7 -- Dev F1: 17.516
02/15/2023 06:45:56 Task hanashiduration -- epoch 7 -- Dev ACC: 31.269
02/15/2023 06:45:56 Task hanashiduration -- epoch 7 -- Dev F1: 17.063
02/15/2023 06:45:56 At epoch 8
02/15/2023 06:46:12 Task [ 1] updates[  4000] train loss[1.08781] remaining[0:01:01]
02/15/2023 06:47:15 Task dvdppf -- epoch 8 -- Dev ACC: 47.975
02/15/2023 06:47:15 Task dvdppf -- epoch 8 -- Dev F1: 32.439
02/15/2023 06:47:16 Task dvdduration -- epoch 8 -- Dev ACC: 35.826
02/15/2023 06:47:16 Task dvdduration -- epoch 8 -- Dev F1: 24.518
02/15/2023 06:47:17 Task dvdorder -- epoch 8 -- Dev ACC: 43.825
02/15/2023 06:47:17 Task dvdorder -- epoch 8 -- Dev F1: 18.122
02/15/2023 06:47:20 Task hanashiduration -- epoch 8 -- Dev ACC: 33.198
02/15/2023 06:47:20 Task hanashiduration -- epoch 8 -- Dev F1: 17.498
02/15/2023 06:47:20 At epoch 9
02/15/2023 06:47:38 Task [ 3] updates[  4500] train loss[1.04047] remaining[0:00:58]
02/15/2023 06:48:39 Task dvdppf -- epoch 9 -- Dev ACC: 48.598
02/15/2023 06:48:39 Task dvdppf -- epoch 9 -- Dev F1: 33.663
02/15/2023 06:48:40 Task dvdduration -- epoch 9 -- Dev ACC: 36.449
02/15/2023 06:48:40 Task dvdduration -- epoch 9 -- Dev F1: 24.947
02/15/2023 06:48:41 Task dvdorder -- epoch 9 -- Dev ACC: 43.825
02/15/2023 06:48:41 Task dvdorder -- epoch 9 -- Dev F1: 17.734
02/15/2023 06:48:44 Task hanashiduration -- epoch 9 -- Dev ACC: 31.675
02/15/2023 06:48:44 Task hanashiduration -- epoch 9 -- Dev F1: 17.245
