02/15/2023 02:26:12 0
02/15/2023 02:26:12 Launching the MT-DNN training
02/15/2023 02:26:12 Loading ../../../dvd_hanashi/dvd_hanashi_all/0/dvdppf_train.json as task 0
02/15/2023 02:26:13 Loading ../../../dvd_hanashi/dvd_hanashi_all/0/dvdduration_train.json as task 1
02/15/2023 02:26:13 Loading ../../../dvd_hanashi/dvd_hanashi_all/0/dvdorder_train.json as task 2
02/15/2023 02:26:13 Loading ../../../dvd_hanashi/dvd_hanashi_all/0/ppf_train.json as task 3
02/15/2023 02:26:13 4,5,6,4
02/15/2023 02:26:13 ####################
02/15/2023 02:26:13 {'log_file': 'checkpoints/dvd_all_hanashi_ppf_0_adam_answer_opt0_gc0_ggc1_2023-02-15T0226/log.log', 'tensorboard': False, 'tensorboard_logdir': 'tensorboard_logdir', 'init_checkpoint': '../../../japanese_bert_new_/jap_bert.pt', 'data_dir': '../../../dvd_hanashi/dvd_hanashi_all/0/', 'data_sort_on': False, 'name': 'farmer', 'task_def': '../../../experiments/dvd_hanashi/dvd_hanashi_task_def.yml', 'train_datasets': ['dvdppf', 'dvdduration', 'dvdorder', 'ppf'], 'test_datasets': ['dvdppf', 'dvdduration', 'dvdorder', 'ppf'], 'update_bert_opt': 0, 'multi_gpu_on': True, 'mem_cum_type': 'simple', 'answer_num_turn': 5, 'answer_mem_drop_p': 0.1, 'answer_att_hidden_size': 128, 'answer_att_type': 'bilinear', 'answer_rnn_type': 'gru', 'answer_sum_att_type': 'bilinear', 'answer_merge_opt': 1, 'answer_mem_type': 1, 'answer_dropout_p': 0.1, 'answer_weight_norm_on': False, 'dump_state_on': False, 'answer_opt': [0, 0, 0, 0], 'label_size': '4,5,6,4', 'mtl_opt': 0, 'ratio': 0, 'mix_opt': 0, 'max_seq_len': 512, 'init_ratio': 1, 'encoder_type': <EncoderModelType.BERT: 1>, 'cuda': True, 'log_per_updates': 500, 'save_per_updates': 10000, 'save_per_updates_on': False, 'epochs': 10, 'batch_size': 16, 'batch_size_eval': 8, 'optimizer': 'adam', 'grad_clipping': 0.0, 'global_grad_clipping': 1.0, 'weight_decay': 0, 'learning_rate': 1e-05, 'momentum': 0, 'warmup': 0.1, 'warmup_schedule': 'warmup_linear', 'adam_eps': 1e-06, 'vb_dropout': True, 'dropout_p': 0.1, 'dropout_w': 0.0, 'bert_dropout_p': 0.1, 'model_ckpt': 'checkpoints/model_0.pt', 'resume': False, 'ema_opt': 0, 'ema_gamma': 0.995, 'lookahead': False, 'lookahead_k': 5, 'lookahead_alpha': 0.5, 'have_lr_scheduler': True, 'multi_step_lr': '10,20,30', 'freeze_layers': -1, 'embedding_opt': 0, 'lr_gamma': 0.5, 'bert_l2norm': 0.0, 'scheduler_type': 'ms', 'output_dir': 'checkpoints/dvd_all_hanashi_ppf_0_adam_answer_opt0_gc0_ggc1_2023-02-15T0226', 'seed': 2018, 'grad_accumulation_step': 1, 'fp16': False, 'fp16_opt_level': 'O1', 'mean_teacher': False, 'mean_teacher_avg': 'exponential', 'mean_teacher_lambda': 1, 'mean_teacher_rampup': 4000, 'mean_teacher_alpha1': 0.99, 'mean_teacher_alpha2': 0.999, 'mt_kd_tau': 1, 'virtual_teacher': False, 'vat_eps': 0.001, 'vat_max_layer': -1, 'vat_opt': 0, 'vat_lambda': 1, 'vat_alpha': 1, 'vat_nosiy': 1e-05, 'use_noisycopy': False, 'noisycopy_eps': 0.01, 'use_advcopy': False, 'advcopy_eps': 0.01, 'vat_stable_eps': 1e-06, 'tasks_dropout_p': [0.1, 0.1, 0.1, 0.1]}
02/15/2023 02:26:13 ####################
02/15/2023 02:26:13 ############# Gradient Accumulation Info #############
02/15/2023 02:26:13 number of step: 4120
02/15/2023 02:26:13 number of grad grad_accumulation step: 1
02/15/2023 02:26:13 adjusted number of step: 4120
02/15/2023 02:26:13 ############# Gradient Accumulation Info #############
02/15/2023 02:26:19 
############# Model Arch of MT-DNN #############
SANBertNetwork(
  (dropout_list): ModuleList(
    (0): DropoutWrapper()
    (1): DropoutWrapper()
    (2): DropoutWrapper()
    (3): DropoutWrapper()
  )
  (bert): BertModel(
    (embeddings): BertEmbeddings(
      (word_embeddings): Embedding(32006, 768)
      (position_embeddings): Embedding(512, 768)
      (token_type_embeddings): Embedding(2, 768)
      (LayerNorm): FusedLayerNorm(torch.Size([768]), eps=1e-12, elementwise_affine=True)
      (dropout): Dropout(p=0.1)
    )
    (encoder): BertEncoder(
      (layer): ModuleList(
        (0): BertLayer(
          (attention): BertAttention(
            (self): BertSelfAttention(
              (query): Linear(in_features=768, out_features=768, bias=True)
              (key): Linear(in_features=768, out_features=768, bias=True)
              (value): Linear(in_features=768, out_features=768, bias=True)
              (dropout): Dropout(p=0.1)
            )
            (output): BertSelfOutput(
              (dense): Linear(in_features=768, out_features=768, bias=True)
              (LayerNorm): FusedLayerNorm(torch.Size([768]), eps=1e-12, elementwise_affine=True)
              (dropout): Dropout(p=0.1)
            )
          )
          (intermediate): BertIntermediate(
            (dense): Linear(in_features=768, out_features=3072, bias=True)
          )
          (output): BertOutput(
            (dense): Linear(in_features=3072, out_features=768, bias=True)
            (LayerNorm): FusedLayerNorm(torch.Size([768]), eps=1e-12, elementwise_affine=True)
            (dropout): Dropout(p=0.1)
          )
        )
        (1): BertLayer(
          (attention): BertAttention(
            (self): BertSelfAttention(
              (query): Linear(in_features=768, out_features=768, bias=True)
              (key): Linear(in_features=768, out_features=768, bias=True)
              (value): Linear(in_features=768, out_features=768, bias=True)
              (dropout): Dropout(p=0.1)
            )
            (output): BertSelfOutput(
              (dense): Linear(in_features=768, out_features=768, bias=True)
              (LayerNorm): FusedLayerNorm(torch.Size([768]), eps=1e-12, elementwise_affine=True)
              (dropout): Dropout(p=0.1)
            )
          )
          (intermediate): BertIntermediate(
            (dense): Linear(in_features=768, out_features=3072, bias=True)
          )
          (output): BertOutput(
            (dense): Linear(in_features=3072, out_features=768, bias=True)
            (LayerNorm): FusedLayerNorm(torch.Size([768]), eps=1e-12, elementwise_affine=True)
            (dropout): Dropout(p=0.1)
          )
        )
        (2): BertLayer(
          (attention): BertAttention(
            (self): BertSelfAttention(
              (query): Linear(in_features=768, out_features=768, bias=True)
              (key): Linear(in_features=768, out_features=768, bias=True)
              (value): Linear(in_features=768, out_features=768, bias=True)
              (dropout): Dropout(p=0.1)
            )
            (output): BertSelfOutput(
              (dense): Linear(in_features=768, out_features=768, bias=True)
              (LayerNorm): FusedLayerNorm(torch.Size([768]), eps=1e-12, elementwise_affine=True)
              (dropout): Dropout(p=0.1)
            )
          )
          (intermediate): BertIntermediate(
            (dense): Linear(in_features=768, out_features=3072, bias=True)
          )
          (output): BertOutput(
            (dense): Linear(in_features=3072, out_features=768, bias=True)
            (LayerNorm): FusedLayerNorm(torch.Size([768]), eps=1e-12, elementwise_affine=True)
            (dropout): Dropout(p=0.1)
          )
        )
        (3): BertLayer(
          (attention): BertAttention(
            (self): BertSelfAttention(
              (query): Linear(in_features=768, out_features=768, bias=True)
              (key): Linear(in_features=768, out_features=768, bias=True)
              (value): Linear(in_features=768, out_features=768, bias=True)
              (dropout): Dropout(p=0.1)
            )
            (output): BertSelfOutput(
              (dense): Linear(in_features=768, out_features=768, bias=True)
              (LayerNorm): FusedLayerNorm(torch.Size([768]), eps=1e-12, elementwise_affine=True)
              (dropout): Dropout(p=0.1)
            )
          )
          (intermediate): BertIntermediate(
            (dense): Linear(in_features=768, out_features=3072, bias=True)
          )
          (output): BertOutput(
            (dense): Linear(in_features=3072, out_features=768, bias=True)
            (LayerNorm): FusedLayerNorm(torch.Size([768]), eps=1e-12, elementwise_affine=True)
            (dropout): Dropout(p=0.1)
          )
        )
        (4): BertLayer(
          (attention): BertAttention(
            (self): BertSelfAttention(
              (query): Linear(in_features=768, out_features=768, bias=True)
              (key): Linear(in_features=768, out_features=768, bias=True)
              (value): Linear(in_features=768, out_features=768, bias=True)
              (dropout): Dropout(p=0.1)
            )
            (output): BertSelfOutput(
              (dense): Linear(in_features=768, out_features=768, bias=True)
              (LayerNorm): FusedLayerNorm(torch.Size([768]), eps=1e-12, elementwise_affine=True)
              (dropout): Dropout(p=0.1)
            )
          )
          (intermediate): BertIntermediate(
            (dense): Linear(in_features=768, out_features=3072, bias=True)
          )
          (output): BertOutput(
            (dense): Linear(in_features=3072, out_features=768, bias=True)
            (LayerNorm): FusedLayerNorm(torch.Size([768]), eps=1e-12, elementwise_affine=True)
            (dropout): Dropout(p=0.1)
          )
        )
        (5): BertLayer(
          (attention): BertAttention(
            (self): BertSelfAttention(
              (query): Linear(in_features=768, out_features=768, bias=True)
              (key): Linear(in_features=768, out_features=768, bias=True)
              (value): Linear(in_features=768, out_features=768, bias=True)
              (dropout): Dropout(p=0.1)
            )
            (output): BertSelfOutput(
              (dense): Linear(in_features=768, out_features=768, bias=True)
              (LayerNorm): FusedLayerNorm(torch.Size([768]), eps=1e-12, elementwise_affine=True)
              (dropout): Dropout(p=0.1)
            )
          )
          (intermediate): BertIntermediate(
            (dense): Linear(in_features=768, out_features=3072, bias=True)
          )
          (output): BertOutput(
            (dense): Linear(in_features=3072, out_features=768, bias=True)
            (LayerNorm): FusedLayerNorm(torch.Size([768]), eps=1e-12, elementwise_affine=True)
            (dropout): Dropout(p=0.1)
          )
        )
        (6): BertLayer(
          (attention): BertAttention(
            (self): BertSelfAttention(
              (query): Linear(in_features=768, out_features=768, bias=True)
              (key): Linear(in_features=768, out_features=768, bias=True)
              (value): Linear(in_features=768, out_features=768, bias=True)
              (dropout): Dropout(p=0.1)
            )
            (output): BertSelfOutput(
              (dense): Linear(in_features=768, out_features=768, bias=True)
              (LayerNorm): FusedLayerNorm(torch.Size([768]), eps=1e-12, elementwise_affine=True)
              (dropout): Dropout(p=0.1)
            )
          )
          (intermediate): BertIntermediate(
            (dense): Linear(in_features=768, out_features=3072, bias=True)
          )
          (output): BertOutput(
            (dense): Linear(in_features=3072, out_features=768, bias=True)
            (LayerNorm): FusedLayerNorm(torch.Size([768]), eps=1e-12, elementwise_affine=True)
            (dropout): Dropout(p=0.1)
          )
        )
        (7): BertLayer(
          (attention): BertAttention(
            (self): BertSelfAttention(
              (query): Linear(in_features=768, out_features=768, bias=True)
              (key): Linear(in_features=768, out_features=768, bias=True)
              (value): Linear(in_features=768, out_features=768, bias=True)
              (dropout): Dropout(p=0.1)
            )
            (output): BertSelfOutput(
              (dense): Linear(in_features=768, out_features=768, bias=True)
              (LayerNorm): FusedLayerNorm(torch.Size([768]), eps=1e-12, elementwise_affine=True)
              (dropout): Dropout(p=0.1)
            )
          )
          (intermediate): BertIntermediate(
            (dense): Linear(in_features=768, out_features=3072, bias=True)
          )
          (output): BertOutput(
            (dense): Linear(in_features=3072, out_features=768, bias=True)
            (LayerNorm): FusedLayerNorm(torch.Size([768]), eps=1e-12, elementwise_affine=True)
            (dropout): Dropout(p=0.1)
          )
        )
        (8): BertLayer(
          (attention): BertAttention(
            (self): BertSelfAttention(
              (query): Linear(in_features=768, out_features=768, bias=True)
              (key): Linear(in_features=768, out_features=768, bias=True)
              (value): Linear(in_features=768, out_features=768, bias=True)
              (dropout): Dropout(p=0.1)
            )
            (output): BertSelfOutput(
              (dense): Linear(in_features=768, out_features=768, bias=True)
              (LayerNorm): FusedLayerNorm(torch.Size([768]), eps=1e-12, elementwise_affine=True)
              (dropout): Dropout(p=0.1)
            )
          )
          (intermediate): BertIntermediate(
            (dense): Linear(in_features=768, out_features=3072, bias=True)
          )
          (output): BertOutput(
            (dense): Linear(in_features=3072, out_features=768, bias=True)
            (LayerNorm): FusedLayerNorm(torch.Size([768]), eps=1e-12, elementwise_affine=True)
            (dropout): Dropout(p=0.1)
          )
        )
        (9): BertLayer(
          (attention): BertAttention(
            (self): BertSelfAttention(
              (query): Linear(in_features=768, out_features=768, bias=True)
              (key): Linear(in_features=768, out_features=768, bias=True)
              (value): Linear(in_features=768, out_features=768, bias=True)
              (dropout): Dropout(p=0.1)
            )
            (output): BertSelfOutput(
              (dense): Linear(in_features=768, out_features=768, bias=True)
              (LayerNorm): FusedLayerNorm(torch.Size([768]), eps=1e-12, elementwise_affine=True)
              (dropout): Dropout(p=0.1)
            )
          )
          (intermediate): BertIntermediate(
            (dense): Linear(in_features=768, out_features=3072, bias=True)
          )
          (output): BertOutput(
            (dense): Linear(in_features=3072, out_features=768, bias=True)
            (LayerNorm): FusedLayerNorm(torch.Size([768]), eps=1e-12, elementwise_affine=True)
            (dropout): Dropout(p=0.1)
          )
        )
        (10): BertLayer(
          (attention): BertAttention(
            (self): BertSelfAttention(
              (query): Linear(in_features=768, out_features=768, bias=True)
              (key): Linear(in_features=768, out_features=768, bias=True)
              (value): Linear(in_features=768, out_features=768, bias=True)
              (dropout): Dropout(p=0.1)
            )
            (output): BertSelfOutput(
              (dense): Linear(in_features=768, out_features=768, bias=True)
              (LayerNorm): FusedLayerNorm(torch.Size([768]), eps=1e-12, elementwise_affine=True)
              (dropout): Dropout(p=0.1)
            )
          )
          (intermediate): BertIntermediate(
            (dense): Linear(in_features=768, out_features=3072, bias=True)
          )
          (output): BertOutput(
            (dense): Linear(in_features=3072, out_features=768, bias=True)
            (LayerNorm): FusedLayerNorm(torch.Size([768]), eps=1e-12, elementwise_affine=True)
            (dropout): Dropout(p=0.1)
          )
        )
        (11): BertLayer(
          (attention): BertAttention(
            (self): BertSelfAttention(
              (query): Linear(in_features=768, out_features=768, bias=True)
              (key): Linear(in_features=768, out_features=768, bias=True)
              (value): Linear(in_features=768, out_features=768, bias=True)
              (dropout): Dropout(p=0.1)
            )
            (output): BertSelfOutput(
              (dense): Linear(in_features=768, out_features=768, bias=True)
              (LayerNorm): FusedLayerNorm(torch.Size([768]), eps=1e-12, elementwise_affine=True)
              (dropout): Dropout(p=0.1)
            )
          )
          (intermediate): BertIntermediate(
            (dense): Linear(in_features=768, out_features=3072, bias=True)
          )
          (output): BertOutput(
            (dense): Linear(in_features=3072, out_features=768, bias=True)
            (LayerNorm): FusedLayerNorm(torch.Size([768]), eps=1e-12, elementwise_affine=True)
            (dropout): Dropout(p=0.1)
          )
        )
      )
    )
    (pooler): BertPooler(
      (dense): Linear(in_features=768, out_features=768, bias=True)
      (activation): Tanh()
    )
  )
  (scoring_list): ModuleList(
    (0): Linear(in_features=768, out_features=4, bias=True)
    (1): Linear(in_features=768, out_features=5, bias=True)
    (2): Linear(in_features=768, out_features=6, bias=True)
    (3): Linear(in_features=768, out_features=4, bias=True)
  )
)

02/15/2023 02:26:19 Total number of params: 110636563
02/15/2023 02:26:19 At epoch 0
02/15/2023 02:26:20 Task [ 3] updates[     1] train loss[1.62699] remaining[0:03:18]
02/15/2023 02:27:29 Task dvdppf -- epoch 0 -- Dev ACC: 34.248
02/15/2023 02:27:29 Task dvdppf -- epoch 0 -- Dev F1: 18.166
02/15/2023 02:27:31 Task dvdduration -- epoch 0 -- Dev ACC: 49.150
02/15/2023 02:27:31 Task dvdduration -- epoch 0 -- Dev F1: 13.181
02/15/2023 02:27:33 Task dvdorder -- epoch 0 -- Dev ACC: 49.580
02/15/2023 02:27:33 Task dvdorder -- epoch 0 -- Dev F1: 11.049
02/15/2023 02:27:35 Task ppf -- epoch 0 -- Dev ACC: 52.063
02/15/2023 02:27:35 Task ppf -- epoch 0 -- Dev F1: 37.812
02/15/2023 02:27:35 At epoch 1
02/15/2023 02:27:49 Task [ 3] updates[   500] train loss[1.11393] remaining[0:00:52]
02/15/2023 02:28:44 Task dvdppf -- epoch 1 -- Dev ACC: 36.340
02/15/2023 02:28:44 Task dvdppf -- epoch 1 -- Dev F1: 21.242
02/15/2023 02:28:46 Task dvdduration -- epoch 1 -- Dev ACC: 47.974
02/15/2023 02:28:46 Task dvdduration -- epoch 1 -- Dev F1: 23.814
02/15/2023 02:28:48 Task dvdorder -- epoch 1 -- Dev ACC: 49.076
02/15/2023 02:28:48 Task dvdorder -- epoch 1 -- Dev F1: 11.278
02/15/2023 02:28:50 Task ppf -- epoch 1 -- Dev ACC: 53.228
02/15/2023 02:28:50 Task ppf -- epoch 1 -- Dev F1: 38.900
02/15/2023 02:28:50 At epoch 2
02/15/2023 02:29:19 Task [ 2] updates[  1000] train loss[1.02276] remaining[0:00:38]
02/15/2023 02:29:59 Task dvdppf -- epoch 2 -- Dev ACC: 40.654
02/15/2023 02:29:59 Task dvdppf -- epoch 2 -- Dev F1: 26.422
02/15/2023 02:30:02 Task dvdduration -- epoch 2 -- Dev ACC: 45.229
02/15/2023 02:30:02 Task dvdduration -- epoch 2 -- Dev F1: 24.803
02/15/2023 02:30:03 Task dvdorder -- epoch 2 -- Dev ACC: 49.412
02/15/2023 02:30:03 Task dvdorder -- epoch 2 -- Dev F1: 11.024
02/15/2023 02:30:06 Task ppf -- epoch 2 -- Dev ACC: 51.429
02/15/2023 02:30:06 Task ppf -- epoch 2 -- Dev F1: 37.933
02/15/2023 02:30:06 At epoch 3
02/15/2023 02:30:49 Task [ 3] updates[  1500] train loss[0.94910] remaining[0:00:24]
02/15/2023 02:31:15 Task dvdppf -- epoch 3 -- Dev ACC: 41.830
02/15/2023 02:31:15 Task dvdppf -- epoch 3 -- Dev F1: 29.889
02/15/2023 02:31:17 Task dvdduration -- epoch 3 -- Dev ACC: 44.706
02/15/2023 02:31:17 Task dvdduration -- epoch 3 -- Dev F1: 26.641
02/15/2023 02:31:19 Task dvdorder -- epoch 3 -- Dev ACC: 46.555
02/15/2023 02:31:19 Task dvdorder -- epoch 3 -- Dev F1: 12.304
02/15/2023 02:31:21 Task ppf -- epoch 3 -- Dev ACC: 48.042
02/15/2023 02:31:21 Task ppf -- epoch 3 -- Dev F1: 35.032
02/15/2023 02:31:22 At epoch 4
02/15/2023 02:32:19 Task [ 2] updates[  2000] train loss[0.88418] remaining[0:00:09]
02/15/2023 02:32:31 Task dvdppf -- epoch 4 -- Dev ACC: 41.830
02/15/2023 02:32:31 Task dvdppf -- epoch 4 -- Dev F1: 29.076
02/15/2023 02:32:33 Task dvdduration -- epoch 4 -- Dev ACC: 45.882
02/15/2023 02:32:33 Task dvdduration -- epoch 4 -- Dev F1: 27.347
02/15/2023 02:32:35 Task dvdorder -- epoch 4 -- Dev ACC: 48.235
02/15/2023 02:32:35 Task dvdorder -- epoch 4 -- Dev F1: 13.556
02/15/2023 02:32:37 Task ppf -- epoch 4 -- Dev ACC: 48.042
02/15/2023 02:32:37 Task ppf -- epoch 4 -- Dev F1: 35.989
02/15/2023 02:32:37 At epoch 5
02/15/2023 02:33:47 Task dvdppf -- epoch 5 -- Dev ACC: 43.660
02/15/2023 02:33:47 Task dvdppf -- epoch 5 -- Dev F1: 31.895
02/15/2023 02:33:49 Task dvdduration -- epoch 5 -- Dev ACC: 45.621
02/15/2023 02:33:49 Task dvdduration -- epoch 5 -- Dev F1: 27.252
02/15/2023 02:33:50 Task dvdorder -- epoch 5 -- Dev ACC: 44.370
02/15/2023 02:33:50 Task dvdorder -- epoch 5 -- Dev F1: 16.047
02/15/2023 02:33:53 Task ppf -- epoch 5 -- Dev ACC: 50.899
02/15/2023 02:33:53 Task ppf -- epoch 5 -- Dev F1: 40.096
02/15/2023 02:33:53 At epoch 6
02/15/2023 02:33:58 Task [ 3] updates[  2500] train loss[0.82913] remaining[0:01:02]
02/15/2023 02:35:02 Task dvdppf -- epoch 6 -- Dev ACC: 42.745
02/15/2023 02:35:02 Task dvdppf -- epoch 6 -- Dev F1: 30.976
02/15/2023 02:35:04 Task dvdduration -- epoch 6 -- Dev ACC: 45.752
02/15/2023 02:35:04 Task dvdduration -- epoch 6 -- Dev F1: 27.585
02/15/2023 02:35:06 Task dvdorder -- epoch 6 -- Dev ACC: 43.529
02/15/2023 02:35:06 Task dvdorder -- epoch 6 -- Dev F1: 16.916
02/15/2023 02:35:09 Task ppf -- epoch 6 -- Dev ACC: 50.053
02/15/2023 02:35:09 Task ppf -- epoch 6 -- Dev F1: 38.756
02/15/2023 02:35:09 At epoch 7
02/15/2023 02:35:28 Task [ 3] updates[  3000] train loss[0.77784] remaining[0:00:48]
02/15/2023 02:36:19 Task dvdppf -- epoch 7 -- Dev ACC: 45.229
02/15/2023 02:36:19 Task dvdppf -- epoch 7 -- Dev F1: 32.583
02/15/2023 02:36:21 Task dvdduration -- epoch 7 -- Dev ACC: 45.490
02/15/2023 02:36:21 Task dvdduration -- epoch 7 -- Dev F1: 28.677
02/15/2023 02:36:23 Task dvdorder -- epoch 7 -- Dev ACC: 44.370
02/15/2023 02:36:23 Task dvdorder -- epoch 7 -- Dev F1: 15.918
02/15/2023 02:36:25 Task ppf -- epoch 7 -- Dev ACC: 50.476
02/15/2023 02:36:25 Task ppf -- epoch 7 -- Dev F1: 39.031
02/15/2023 02:36:25 At epoch 8
02/15/2023 02:36:59 Task [ 1] updates[  3500] train loss[0.73504] remaining[0:00:34]
02/15/2023 02:37:34 Task dvdppf -- epoch 8 -- Dev ACC: 45.882
02/15/2023 02:37:34 Task dvdppf -- epoch 8 -- Dev F1: 34.015
02/15/2023 02:37:36 Task dvdduration -- epoch 8 -- Dev ACC: 45.490
02/15/2023 02:37:36 Task dvdduration -- epoch 8 -- Dev F1: 29.954
02/15/2023 02:37:38 Task dvdorder -- epoch 8 -- Dev ACC: 41.176
02/15/2023 02:37:38 Task dvdorder -- epoch 8 -- Dev F1: 18.606
02/15/2023 02:37:40 Task ppf -- epoch 8 -- Dev ACC: 50.794
02/15/2023 02:37:40 Task ppf -- epoch 8 -- Dev F1: 39.955
02/15/2023 02:37:40 At epoch 9
02/15/2023 02:38:28 Task [ 1] updates[  4000] train loss[0.69714] remaining[0:00:19]
02/15/2023 02:38:49 Task dvdppf -- epoch 9 -- Dev ACC: 45.359
02/15/2023 02:38:49 Task dvdppf -- epoch 9 -- Dev F1: 33.015
02/15/2023 02:38:51 Task dvdduration -- epoch 9 -- Dev ACC: 45.490
02/15/2023 02:38:51 Task dvdduration -- epoch 9 -- Dev F1: 29.829
02/15/2023 02:38:53 Task dvdorder -- epoch 9 -- Dev ACC: 42.857
02/15/2023 02:38:53 Task dvdorder -- epoch 9 -- Dev F1: 17.098
02/15/2023 02:38:55 Task ppf -- epoch 9 -- Dev ACC: 49.841
02/15/2023 02:38:55 Task ppf -- epoch 9 -- Dev F1: 39.002
