02/16/2023 07:14:20 0
02/16/2023 07:14:20 Launching the MT-DNN training
02/16/2023 07:14:20 Loading ../../../dvd_hanashi/dvd_hanashi_all/3/ppf_train.json as task 0
02/16/2023 07:14:20 Loading ../../../dvd_hanashi/dvd_hanashi_all/3/hanashiduration_train.json as task 1
02/16/2023 07:14:20 Loading ../../../dvd_hanashi/dvd_hanashi_all/3/genjitsukasou_train.json as task 2
02/16/2023 07:14:20 4,8,2
02/16/2023 07:14:21 ####################
02/16/2023 07:14:21 {'log_file': 'checkpoints/hanashi_all_3_adam_answer_opt0_gc0_ggc1_2023-02-16T0714/log.log', 'tensorboard': False, 'tensorboard_logdir': 'tensorboard_logdir', 'init_checkpoint': '../../../japanese_bert_new_/jap_bert.pt', 'data_dir': '../../../dvd_hanashi/dvd_hanashi_all/3/', 'data_sort_on': False, 'name': 'farmer', 'task_def': '../../../experiments/dvd_hanashi/dvd_hanashi_task_def.yml', 'train_datasets': ['ppf', 'hanashiduration', 'genjitsukasou'], 'test_datasets': ['ppf', 'hanashiduration', 'genjitsukasou'], 'update_bert_opt': 0, 'multi_gpu_on': True, 'mem_cum_type': 'simple', 'answer_num_turn': 5, 'answer_mem_drop_p': 0.1, 'answer_att_hidden_size': 128, 'answer_att_type': 'bilinear', 'answer_rnn_type': 'gru', 'answer_sum_att_type': 'bilinear', 'answer_merge_opt': 1, 'answer_mem_type': 1, 'answer_dropout_p': 0.1, 'answer_weight_norm_on': False, 'dump_state_on': False, 'answer_opt': [0, 0, 0], 'label_size': '4,8,2', 'mtl_opt': 0, 'ratio': 0, 'mix_opt': 0, 'max_seq_len': 512, 'init_ratio': 1, 'encoder_type': <EncoderModelType.BERT: 1>, 'cuda': True, 'log_per_updates': 500, 'save_per_updates': 10000, 'save_per_updates_on': False, 'epochs': 10, 'batch_size': 16, 'batch_size_eval': 8, 'optimizer': 'adam', 'grad_clipping': 0.0, 'global_grad_clipping': 1.0, 'weight_decay': 0, 'learning_rate': 1e-05, 'momentum': 0, 'warmup': 0.1, 'warmup_schedule': 'warmup_linear', 'adam_eps': 1e-06, 'vb_dropout': True, 'dropout_p': 0.1, 'dropout_w': 0.0, 'bert_dropout_p': 0.1, 'model_ckpt': 'checkpoints/model_0.pt', 'resume': False, 'ema_opt': 0, 'ema_gamma': 0.995, 'lookahead': False, 'lookahead_k': 5, 'lookahead_alpha': 0.5, 'have_lr_scheduler': True, 'multi_step_lr': '10,20,30', 'freeze_layers': -1, 'embedding_opt': 0, 'lr_gamma': 0.5, 'bert_l2norm': 0.0, 'scheduler_type': 'ms', 'output_dir': 'checkpoints/hanashi_all_3_adam_answer_opt0_gc0_ggc1_2023-02-16T0714', 'seed': 2018, 'grad_accumulation_step': 1, 'fp16': False, 'fp16_opt_level': 'O1', 'mean_teacher': False, 'mean_teacher_avg': 'exponential', 'mean_teacher_lambda': 1, 'mean_teacher_rampup': 4000, 'mean_teacher_alpha1': 0.99, 'mean_teacher_alpha2': 0.999, 'mt_kd_tau': 1, 'virtual_teacher': False, 'vat_eps': 0.001, 'vat_max_layer': -1, 'vat_opt': 0, 'vat_lambda': 1, 'vat_alpha': 1, 'vat_nosiy': 1e-05, 'use_noisycopy': False, 'noisycopy_eps': 0.01, 'use_advcopy': False, 'advcopy_eps': 0.01, 'vat_stable_eps': 1e-06, 'tasks_dropout_p': [0.1, 0.1, 0.1]}
02/16/2023 07:14:21 ####################
02/16/2023 07:14:21 ############# Gradient Accumulation Info #############
02/16/2023 07:14:21 number of step: 6480
02/16/2023 07:14:21 number of grad grad_accumulation step: 1
02/16/2023 07:14:21 adjusted number of step: 6480
02/16/2023 07:14:21 ############# Gradient Accumulation Info #############
02/16/2023 07:14:28 
############# Model Arch of MT-DNN #############
SANBertNetwork(
  (dropout_list): ModuleList(
    (0): DropoutWrapper()
    (1): DropoutWrapper()
    (2): DropoutWrapper()
  )
  (bert): BertModel(
    (embeddings): BertEmbeddings(
      (word_embeddings): Embedding(32006, 768)
      (position_embeddings): Embedding(512, 768)
      (token_type_embeddings): Embedding(2, 768)
      (LayerNorm): FusedLayerNorm(torch.Size([768]), eps=1e-12, elementwise_affine=True)
      (dropout): Dropout(p=0.1)
    )
    (encoder): BertEncoder(
      (layer): ModuleList(
        (0): BertLayer(
          (attention): BertAttention(
            (self): BertSelfAttention(
              (query): Linear(in_features=768, out_features=768, bias=True)
              (key): Linear(in_features=768, out_features=768, bias=True)
              (value): Linear(in_features=768, out_features=768, bias=True)
              (dropout): Dropout(p=0.1)
            )
            (output): BertSelfOutput(
              (dense): Linear(in_features=768, out_features=768, bias=True)
              (LayerNorm): FusedLayerNorm(torch.Size([768]), eps=1e-12, elementwise_affine=True)
              (dropout): Dropout(p=0.1)
            )
          )
          (intermediate): BertIntermediate(
            (dense): Linear(in_features=768, out_features=3072, bias=True)
          )
          (output): BertOutput(
            (dense): Linear(in_features=3072, out_features=768, bias=True)
            (LayerNorm): FusedLayerNorm(torch.Size([768]), eps=1e-12, elementwise_affine=True)
            (dropout): Dropout(p=0.1)
          )
        )
        (1): BertLayer(
          (attention): BertAttention(
            (self): BertSelfAttention(
              (query): Linear(in_features=768, out_features=768, bias=True)
              (key): Linear(in_features=768, out_features=768, bias=True)
              (value): Linear(in_features=768, out_features=768, bias=True)
              (dropout): Dropout(p=0.1)
            )
            (output): BertSelfOutput(
              (dense): Linear(in_features=768, out_features=768, bias=True)
              (LayerNorm): FusedLayerNorm(torch.Size([768]), eps=1e-12, elementwise_affine=True)
              (dropout): Dropout(p=0.1)
            )
          )
          (intermediate): BertIntermediate(
            (dense): Linear(in_features=768, out_features=3072, bias=True)
          )
          (output): BertOutput(
            (dense): Linear(in_features=3072, out_features=768, bias=True)
            (LayerNorm): FusedLayerNorm(torch.Size([768]), eps=1e-12, elementwise_affine=True)
            (dropout): Dropout(p=0.1)
          )
        )
        (2): BertLayer(
          (attention): BertAttention(
            (self): BertSelfAttention(
              (query): Linear(in_features=768, out_features=768, bias=True)
              (key): Linear(in_features=768, out_features=768, bias=True)
              (value): Linear(in_features=768, out_features=768, bias=True)
              (dropout): Dropout(p=0.1)
            )
            (output): BertSelfOutput(
              (dense): Linear(in_features=768, out_features=768, bias=True)
              (LayerNorm): FusedLayerNorm(torch.Size([768]), eps=1e-12, elementwise_affine=True)
              (dropout): Dropout(p=0.1)
            )
          )
          (intermediate): BertIntermediate(
            (dense): Linear(in_features=768, out_features=3072, bias=True)
          )
          (output): BertOutput(
            (dense): Linear(in_features=3072, out_features=768, bias=True)
            (LayerNorm): FusedLayerNorm(torch.Size([768]), eps=1e-12, elementwise_affine=True)
            (dropout): Dropout(p=0.1)
          )
        )
        (3): BertLayer(
          (attention): BertAttention(
            (self): BertSelfAttention(
              (query): Linear(in_features=768, out_features=768, bias=True)
              (key): Linear(in_features=768, out_features=768, bias=True)
              (value): Linear(in_features=768, out_features=768, bias=True)
              (dropout): Dropout(p=0.1)
            )
            (output): BertSelfOutput(
              (dense): Linear(in_features=768, out_features=768, bias=True)
              (LayerNorm): FusedLayerNorm(torch.Size([768]), eps=1e-12, elementwise_affine=True)
              (dropout): Dropout(p=0.1)
            )
          )
          (intermediate): BertIntermediate(
            (dense): Linear(in_features=768, out_features=3072, bias=True)
          )
          (output): BertOutput(
            (dense): Linear(in_features=3072, out_features=768, bias=True)
            (LayerNorm): FusedLayerNorm(torch.Size([768]), eps=1e-12, elementwise_affine=True)
            (dropout): Dropout(p=0.1)
          )
        )
        (4): BertLayer(
          (attention): BertAttention(
            (self): BertSelfAttention(
              (query): Linear(in_features=768, out_features=768, bias=True)
              (key): Linear(in_features=768, out_features=768, bias=True)
              (value): Linear(in_features=768, out_features=768, bias=True)
              (dropout): Dropout(p=0.1)
            )
            (output): BertSelfOutput(
              (dense): Linear(in_features=768, out_features=768, bias=True)
              (LayerNorm): FusedLayerNorm(torch.Size([768]), eps=1e-12, elementwise_affine=True)
              (dropout): Dropout(p=0.1)
            )
          )
          (intermediate): BertIntermediate(
            (dense): Linear(in_features=768, out_features=3072, bias=True)
          )
          (output): BertOutput(
            (dense): Linear(in_features=3072, out_features=768, bias=True)
            (LayerNorm): FusedLayerNorm(torch.Size([768]), eps=1e-12, elementwise_affine=True)
            (dropout): Dropout(p=0.1)
          )
        )
        (5): BertLayer(
          (attention): BertAttention(
            (self): BertSelfAttention(
              (query): Linear(in_features=768, out_features=768, bias=True)
              (key): Linear(in_features=768, out_features=768, bias=True)
              (value): Linear(in_features=768, out_features=768, bias=True)
              (dropout): Dropout(p=0.1)
            )
            (output): BertSelfOutput(
              (dense): Linear(in_features=768, out_features=768, bias=True)
              (LayerNorm): FusedLayerNorm(torch.Size([768]), eps=1e-12, elementwise_affine=True)
              (dropout): Dropout(p=0.1)
            )
          )
          (intermediate): BertIntermediate(
            (dense): Linear(in_features=768, out_features=3072, bias=True)
          )
          (output): BertOutput(
            (dense): Linear(in_features=3072, out_features=768, bias=True)
            (LayerNorm): FusedLayerNorm(torch.Size([768]), eps=1e-12, elementwise_affine=True)
            (dropout): Dropout(p=0.1)
          )
        )
        (6): BertLayer(
          (attention): BertAttention(
            (self): BertSelfAttention(
              (query): Linear(in_features=768, out_features=768, bias=True)
              (key): Linear(in_features=768, out_features=768, bias=True)
              (value): Linear(in_features=768, out_features=768, bias=True)
              (dropout): Dropout(p=0.1)
            )
            (output): BertSelfOutput(
              (dense): Linear(in_features=768, out_features=768, bias=True)
              (LayerNorm): FusedLayerNorm(torch.Size([768]), eps=1e-12, elementwise_affine=True)
              (dropout): Dropout(p=0.1)
            )
          )
          (intermediate): BertIntermediate(
            (dense): Linear(in_features=768, out_features=3072, bias=True)
          )
          (output): BertOutput(
            (dense): Linear(in_features=3072, out_features=768, bias=True)
            (LayerNorm): FusedLayerNorm(torch.Size([768]), eps=1e-12, elementwise_affine=True)
            (dropout): Dropout(p=0.1)
          )
        )
        (7): BertLayer(
          (attention): BertAttention(
            (self): BertSelfAttention(
              (query): Linear(in_features=768, out_features=768, bias=True)
              (key): Linear(in_features=768, out_features=768, bias=True)
              (value): Linear(in_features=768, out_features=768, bias=True)
              (dropout): Dropout(p=0.1)
            )
            (output): BertSelfOutput(
              (dense): Linear(in_features=768, out_features=768, bias=True)
              (LayerNorm): FusedLayerNorm(torch.Size([768]), eps=1e-12, elementwise_affine=True)
              (dropout): Dropout(p=0.1)
            )
          )
          (intermediate): BertIntermediate(
            (dense): Linear(in_features=768, out_features=3072, bias=True)
          )
          (output): BertOutput(
            (dense): Linear(in_features=3072, out_features=768, bias=True)
            (LayerNorm): FusedLayerNorm(torch.Size([768]), eps=1e-12, elementwise_affine=True)
            (dropout): Dropout(p=0.1)
          )
        )
        (8): BertLayer(
          (attention): BertAttention(
            (self): BertSelfAttention(
              (query): Linear(in_features=768, out_features=768, bias=True)
              (key): Linear(in_features=768, out_features=768, bias=True)
              (value): Linear(in_features=768, out_features=768, bias=True)
              (dropout): Dropout(p=0.1)
            )
            (output): BertSelfOutput(
              (dense): Linear(in_features=768, out_features=768, bias=True)
              (LayerNorm): FusedLayerNorm(torch.Size([768]), eps=1e-12, elementwise_affine=True)
              (dropout): Dropout(p=0.1)
            )
          )
          (intermediate): BertIntermediate(
            (dense): Linear(in_features=768, out_features=3072, bias=True)
          )
          (output): BertOutput(
            (dense): Linear(in_features=3072, out_features=768, bias=True)
            (LayerNorm): FusedLayerNorm(torch.Size([768]), eps=1e-12, elementwise_affine=True)
            (dropout): Dropout(p=0.1)
          )
        )
        (9): BertLayer(
          (attention): BertAttention(
            (self): BertSelfAttention(
              (query): Linear(in_features=768, out_features=768, bias=True)
              (key): Linear(in_features=768, out_features=768, bias=True)
              (value): Linear(in_features=768, out_features=768, bias=True)
              (dropout): Dropout(p=0.1)
            )
            (output): BertSelfOutput(
              (dense): Linear(in_features=768, out_features=768, bias=True)
              (LayerNorm): FusedLayerNorm(torch.Size([768]), eps=1e-12, elementwise_affine=True)
              (dropout): Dropout(p=0.1)
            )
          )
          (intermediate): BertIntermediate(
            (dense): Linear(in_features=768, out_features=3072, bias=True)
          )
          (output): BertOutput(
            (dense): Linear(in_features=3072, out_features=768, bias=True)
            (LayerNorm): FusedLayerNorm(torch.Size([768]), eps=1e-12, elementwise_affine=True)
            (dropout): Dropout(p=0.1)
          )
        )
        (10): BertLayer(
          (attention): BertAttention(
            (self): BertSelfAttention(
              (query): Linear(in_features=768, out_features=768, bias=True)
              (key): Linear(in_features=768, out_features=768, bias=True)
              (value): Linear(in_features=768, out_features=768, bias=True)
              (dropout): Dropout(p=0.1)
            )
            (output): BertSelfOutput(
              (dense): Linear(in_features=768, out_features=768, bias=True)
              (LayerNorm): FusedLayerNorm(torch.Size([768]), eps=1e-12, elementwise_affine=True)
              (dropout): Dropout(p=0.1)
            )
          )
          (intermediate): BertIntermediate(
            (dense): Linear(in_features=768, out_features=3072, bias=True)
          )
          (output): BertOutput(
            (dense): Linear(in_features=3072, out_features=768, bias=True)
            (LayerNorm): FusedLayerNorm(torch.Size([768]), eps=1e-12, elementwise_affine=True)
            (dropout): Dropout(p=0.1)
          )
        )
        (11): BertLayer(
          (attention): BertAttention(
            (self): BertSelfAttention(
              (query): Linear(in_features=768, out_features=768, bias=True)
              (key): Linear(in_features=768, out_features=768, bias=True)
              (value): Linear(in_features=768, out_features=768, bias=True)
              (dropout): Dropout(p=0.1)
            )
            (output): BertSelfOutput(
              (dense): Linear(in_features=768, out_features=768, bias=True)
              (LayerNorm): FusedLayerNorm(torch.Size([768]), eps=1e-12, elementwise_affine=True)
              (dropout): Dropout(p=0.1)
            )
          )
          (intermediate): BertIntermediate(
            (dense): Linear(in_features=768, out_features=3072, bias=True)
          )
          (output): BertOutput(
            (dense): Linear(in_features=3072, out_features=768, bias=True)
            (LayerNorm): FusedLayerNorm(torch.Size([768]), eps=1e-12, elementwise_affine=True)
            (dropout): Dropout(p=0.1)
          )
        )
      )
    )
    (pooler): BertPooler(
      (dense): Linear(in_features=768, out_features=768, bias=True)
      (activation): Tanh()
    )
  )
  (scoring_list): ModuleList(
    (0): Linear(in_features=768, out_features=4, bias=True)
    (1): Linear(in_features=768, out_features=8, bias=True)
    (2): Linear(in_features=768, out_features=2, bias=True)
  )
)

02/16/2023 07:14:28 Total number of params: 110632718
02/16/2023 07:14:28 At epoch 0
02/16/2023 07:14:29 Task [ 0] updates[     1] train loss[1.56921] remaining[0:07:48]
02/16/2023 07:16:48 Task [ 1] updates[   500] train loss[1.08000] remaining[0:00:41]
02/16/2023 07:17:31 Task ppf -- epoch 0 -- Dev ACC: 62.926
02/16/2023 07:17:31 Task ppf -- epoch 0 -- Dev F1: 35.375
02/16/2023 07:17:33 Task hanashiduration -- epoch 0 -- Dev ACC: 34.426
02/16/2023 07:17:33 Task hanashiduration -- epoch 0 -- Dev F1: 10.206
02/16/2023 07:17:35 Task genjitsukasou -- epoch 0 -- Dev ACC: 85.876
02/16/2023 07:17:35 Task genjitsukasou -- epoch 0 -- Dev F1: 46.201
02/16/2023 07:17:35 At epoch 1
02/16/2023 07:19:13 Task [ 0] updates[  1000] train loss[0.97070] remaining[0:01:22]
02/16/2023 07:20:37 Task ppf -- epoch 1 -- Dev ACC: 62.926
02/16/2023 07:20:37 Task ppf -- epoch 1 -- Dev F1: 42.863
02/16/2023 07:20:39 Task hanashiduration -- epoch 1 -- Dev ACC: 35.183
02/16/2023 07:20:39 Task hanashiduration -- epoch 1 -- Dev F1: 11.890
02/16/2023 07:20:42 Task genjitsukasou -- epoch 1 -- Dev ACC: 85.372
02/16/2023 07:20:42 Task genjitsukasou -- epoch 1 -- Dev F1: 52.722
02/16/2023 07:20:42 At epoch 2
02/16/2023 07:21:39 Task [ 1] updates[  1500] train loss[0.89301] remaining[0:02:04]
02/16/2023 07:23:45 Task ppf -- epoch 2 -- Dev ACC: 58.134
02/16/2023 07:23:45 Task ppf -- epoch 2 -- Dev F1: 43.156
02/16/2023 07:23:47 Task hanashiduration -- epoch 2 -- Dev ACC: 31.274
02/16/2023 07:23:47 Task hanashiduration -- epoch 2 -- Dev F1: 12.524
02/16/2023 07:23:50 Task genjitsukasou -- epoch 2 -- Dev ACC: 86.255
02/16/2023 07:23:50 Task genjitsukasou -- epoch 2 -- Dev F1: 51.239
02/16/2023 07:23:50 At epoch 3
02/16/2023 07:24:06 Task [ 1] updates[  2000] train loss[0.82754] remaining[0:02:46]
02/16/2023 07:26:24 Task [ 0] updates[  2500] train loss[0.77387] remaining[0:00:25]
02/16/2023 07:26:51 Task ppf -- epoch 3 -- Dev ACC: 63.430
02/16/2023 07:26:51 Task ppf -- epoch 3 -- Dev F1: 45.958
02/16/2023 07:26:54 Task hanashiduration -- epoch 3 -- Dev ACC: 34.048
02/16/2023 07:26:54 Task hanashiduration -- epoch 3 -- Dev F1: 12.655
02/16/2023 07:26:56 Task genjitsukasou -- epoch 3 -- Dev ACC: 86.381
02/16/2023 07:26:56 Task genjitsukasou -- epoch 3 -- Dev F1: 52.758
02/16/2023 07:26:56 At epoch 4
02/16/2023 07:28:48 Task [ 1] updates[  3000] train loss[0.72354] remaining[0:01:06]
02/16/2023 07:29:57 Task ppf -- epoch 4 -- Dev ACC: 59.647
02/16/2023 07:29:57 Task ppf -- epoch 4 -- Dev F1: 44.076
02/16/2023 07:30:00 Task hanashiduration -- epoch 4 -- Dev ACC: 31.652
02/16/2023 07:30:00 Task hanashiduration -- epoch 4 -- Dev F1: 14.414
02/16/2023 07:30:02 Task genjitsukasou -- epoch 4 -- Dev ACC: 86.633
02/16/2023 07:30:02 Task genjitsukasou -- epoch 4 -- Dev F1: 52.937
02/16/2023 07:30:02 At epoch 5
02/16/2023 07:31:14 Task [ 2] updates[  3500] train loss[0.68646] remaining[0:01:46]
02/16/2023 07:33:03 Task ppf -- epoch 5 -- Dev ACC: 57.377
02/16/2023 07:33:03 Task ppf -- epoch 5 -- Dev F1: 44.702
02/16/2023 07:33:06 Task hanashiduration -- epoch 5 -- Dev ACC: 30.895
02/16/2023 07:33:06 Task hanashiduration -- epoch 5 -- Dev F1: 14.311
02/16/2023 07:33:08 Task genjitsukasou -- epoch 5 -- Dev ACC: 86.003
02/16/2023 07:33:08 Task genjitsukasou -- epoch 5 -- Dev F1: 54.451
02/16/2023 07:33:08 At epoch 6
02/16/2023 07:33:39 Task [ 1] updates[  4000] train loss[0.65053] remaining[0:02:28]
02/16/2023 07:35:58 Task [ 1] updates[  4500] train loss[0.61721] remaining[0:00:09]
02/16/2023 07:36:10 Task ppf -- epoch 6 -- Dev ACC: 62.673
02/16/2023 07:36:10 Task ppf -- epoch 6 -- Dev F1: 45.465
02/16/2023 07:36:12 Task hanashiduration -- epoch 6 -- Dev ACC: 31.526
02/16/2023 07:36:12 Task hanashiduration -- epoch 6 -- Dev F1: 16.330
02/16/2023 07:36:15 Task genjitsukasou -- epoch 6 -- Dev ACC: 86.255
02/16/2023 07:36:15 Task genjitsukasou -- epoch 6 -- Dev F1: 54.651
02/16/2023 07:36:15 At epoch 7
02/16/2023 07:38:23 Task [ 0] updates[  5000] train loss[0.58795] remaining[0:00:50]
02/16/2023 07:39:17 Task ppf -- epoch 7 -- Dev ACC: 59.773
02/16/2023 07:39:17 Task ppf -- epoch 7 -- Dev F1: 45.776
02/16/2023 07:39:19 Task hanashiduration -- epoch 7 -- Dev ACC: 30.265
02/16/2023 07:39:19 Task hanashiduration -- epoch 7 -- Dev F1: 16.783
02/16/2023 07:39:21 Task genjitsukasou -- epoch 7 -- Dev ACC: 85.876
02/16/2023 07:39:21 Task genjitsukasou -- epoch 7 -- Dev F1: 54.961
02/16/2023 07:39:21 At epoch 8
02/16/2023 07:40:49 Task [ 0] updates[  5500] train loss[0.56189] remaining[0:01:32]
02/16/2023 07:42:22 Task ppf -- epoch 8 -- Dev ACC: 61.538
02/16/2023 07:42:22 Task ppf -- epoch 8 -- Dev F1: 45.782
02/16/2023 07:42:24 Task hanashiduration -- epoch 8 -- Dev ACC: 31.904
02/16/2023 07:42:24 Task hanashiduration -- epoch 8 -- Dev F1: 17.180
02/16/2023 07:42:26 Task genjitsukasou -- epoch 8 -- Dev ACC: 86.255
02/16/2023 07:42:26 Task genjitsukasou -- epoch 8 -- Dev F1: 55.272
02/16/2023 07:42:26 At epoch 9
02/16/2023 07:43:12 Task [ 1] updates[  6000] train loss[0.54059] remaining[0:02:11]
02/16/2023 07:45:28 Task ppf -- epoch 9 -- Dev ACC: 60.151
02/16/2023 07:45:28 Task ppf -- epoch 9 -- Dev F1: 44.608
02/16/2023 07:45:30 Task hanashiduration -- epoch 9 -- Dev ACC: 30.265
02/16/2023 07:45:30 Task hanashiduration -- epoch 9 -- Dev F1: 15.939
02/16/2023 07:45:33 Task genjitsukasou -- epoch 9 -- Dev ACC: 86.129
02/16/2023 07:45:33 Task genjitsukasou -- epoch 9 -- Dev F1: 53.915
