02/16/2023 03:39:02 0
02/16/2023 03:39:02 Launching the MT-DNN training
02/16/2023 03:39:02 Loading ../../../dvd_hanashi/dvd_hanashi_all/3/ppf_train.json as task 0
02/16/2023 03:39:02 Loading ../../../dvd_hanashi/dvd_hanashi_all/3/dvdduration_train.json as task 1
02/16/2023 03:39:02 Loading ../../../dvd_hanashi/dvd_hanashi_all/3/genjitsukasou_train.json as task 2
02/16/2023 03:39:02 4,5,2
02/16/2023 03:39:02 ####################
02/16/2023 03:39:02 {'log_file': 'checkpoints/hanashi_all_3_adam_answer_opt0_gc0_ggc1_2023-02-16T0339/log.log', 'tensorboard': False, 'tensorboard_logdir': 'tensorboard_logdir', 'init_checkpoint': '../../../japanese_bert_new_/jap_bert.pt', 'data_dir': '../../../dvd_hanashi/dvd_hanashi_all/3/', 'data_sort_on': False, 'name': 'farmer', 'task_def': '../../../experiments/dvd_hanashi/dvd_hanashi_task_def.yml', 'train_datasets': ['ppf', 'dvdduration', 'genjitsukasou'], 'test_datasets': ['ppf', 'dvdduration', 'genjitsukasou'], 'update_bert_opt': 0, 'multi_gpu_on': True, 'mem_cum_type': 'simple', 'answer_num_turn': 5, 'answer_mem_drop_p': 0.1, 'answer_att_hidden_size': 128, 'answer_att_type': 'bilinear', 'answer_rnn_type': 'gru', 'answer_sum_att_type': 'bilinear', 'answer_merge_opt': 1, 'answer_mem_type': 1, 'answer_dropout_p': 0.1, 'answer_weight_norm_on': False, 'dump_state_on': False, 'answer_opt': [0, 0, 0], 'label_size': '4,5,2', 'mtl_opt': 0, 'ratio': 0, 'mix_opt': 0, 'max_seq_len': 512, 'init_ratio': 1, 'encoder_type': <EncoderModelType.BERT: 1>, 'cuda': True, 'log_per_updates': 500, 'save_per_updates': 10000, 'save_per_updates_on': False, 'epochs': 10, 'batch_size': 16, 'batch_size_eval': 8, 'optimizer': 'adam', 'grad_clipping': 0.0, 'global_grad_clipping': 1.0, 'weight_decay': 0, 'learning_rate': 1e-05, 'momentum': 0, 'warmup': 0.1, 'warmup_schedule': 'warmup_linear', 'adam_eps': 1e-06, 'vb_dropout': True, 'dropout_p': 0.1, 'dropout_w': 0.0, 'bert_dropout_p': 0.1, 'model_ckpt': 'checkpoints/model_0.pt', 'resume': False, 'ema_opt': 0, 'ema_gamma': 0.995, 'lookahead': False, 'lookahead_k': 5, 'lookahead_alpha': 0.5, 'have_lr_scheduler': True, 'multi_step_lr': '10,20,30', 'freeze_layers': -1, 'embedding_opt': 0, 'lr_gamma': 0.5, 'bert_l2norm': 0.0, 'scheduler_type': 'ms', 'output_dir': 'checkpoints/hanashi_all_3_adam_answer_opt0_gc0_ggc1_2023-02-16T0339', 'seed': 2018, 'grad_accumulation_step': 1, 'fp16': False, 'fp16_opt_level': 'O1', 'mean_teacher': False, 'mean_teacher_avg': 'exponential', 'mean_teacher_lambda': 1, 'mean_teacher_rampup': 4000, 'mean_teacher_alpha1': 0.99, 'mean_teacher_alpha2': 0.999, 'mt_kd_tau': 1, 'virtual_teacher': False, 'vat_eps': 0.001, 'vat_max_layer': -1, 'vat_opt': 0, 'vat_lambda': 1, 'vat_alpha': 1, 'vat_nosiy': 1e-05, 'use_noisycopy': False, 'noisycopy_eps': 0.01, 'use_advcopy': False, 'advcopy_eps': 0.01, 'vat_stable_eps': 1e-06, 'tasks_dropout_p': [0.1, 0.1, 0.1]}
02/16/2023 03:39:02 ####################
02/16/2023 03:39:02 ############# Gradient Accumulation Info #############
02/16/2023 03:39:02 number of step: 5450
02/16/2023 03:39:02 number of grad grad_accumulation step: 1
02/16/2023 03:39:02 adjusted number of step: 5450
02/16/2023 03:39:02 ############# Gradient Accumulation Info #############
02/16/2023 03:39:10 
############# Model Arch of MT-DNN #############
SANBertNetwork(
  (dropout_list): ModuleList(
    (0): DropoutWrapper()
    (1): DropoutWrapper()
    (2): DropoutWrapper()
  )
  (bert): BertModel(
    (embeddings): BertEmbeddings(
      (word_embeddings): Embedding(32006, 768)
      (position_embeddings): Embedding(512, 768)
      (token_type_embeddings): Embedding(2, 768)
      (LayerNorm): FusedLayerNorm(torch.Size([768]), eps=1e-12, elementwise_affine=True)
      (dropout): Dropout(p=0.1)
    )
    (encoder): BertEncoder(
      (layer): ModuleList(
        (0): BertLayer(
          (attention): BertAttention(
            (self): BertSelfAttention(
              (query): Linear(in_features=768, out_features=768, bias=True)
              (key): Linear(in_features=768, out_features=768, bias=True)
              (value): Linear(in_features=768, out_features=768, bias=True)
              (dropout): Dropout(p=0.1)
            )
            (output): BertSelfOutput(
              (dense): Linear(in_features=768, out_features=768, bias=True)
              (LayerNorm): FusedLayerNorm(torch.Size([768]), eps=1e-12, elementwise_affine=True)
              (dropout): Dropout(p=0.1)
            )
          )
          (intermediate): BertIntermediate(
            (dense): Linear(in_features=768, out_features=3072, bias=True)
          )
          (output): BertOutput(
            (dense): Linear(in_features=3072, out_features=768, bias=True)
            (LayerNorm): FusedLayerNorm(torch.Size([768]), eps=1e-12, elementwise_affine=True)
            (dropout): Dropout(p=0.1)
          )
        )
        (1): BertLayer(
          (attention): BertAttention(
            (self): BertSelfAttention(
              (query): Linear(in_features=768, out_features=768, bias=True)
              (key): Linear(in_features=768, out_features=768, bias=True)
              (value): Linear(in_features=768, out_features=768, bias=True)
              (dropout): Dropout(p=0.1)
            )
            (output): BertSelfOutput(
              (dense): Linear(in_features=768, out_features=768, bias=True)
              (LayerNorm): FusedLayerNorm(torch.Size([768]), eps=1e-12, elementwise_affine=True)
              (dropout): Dropout(p=0.1)
            )
          )
          (intermediate): BertIntermediate(
            (dense): Linear(in_features=768, out_features=3072, bias=True)
          )
          (output): BertOutput(
            (dense): Linear(in_features=3072, out_features=768, bias=True)
            (LayerNorm): FusedLayerNorm(torch.Size([768]), eps=1e-12, elementwise_affine=True)
            (dropout): Dropout(p=0.1)
          )
        )
        (2): BertLayer(
          (attention): BertAttention(
            (self): BertSelfAttention(
              (query): Linear(in_features=768, out_features=768, bias=True)
              (key): Linear(in_features=768, out_features=768, bias=True)
              (value): Linear(in_features=768, out_features=768, bias=True)
              (dropout): Dropout(p=0.1)
            )
            (output): BertSelfOutput(
              (dense): Linear(in_features=768, out_features=768, bias=True)
              (LayerNorm): FusedLayerNorm(torch.Size([768]), eps=1e-12, elementwise_affine=True)
              (dropout): Dropout(p=0.1)
            )
          )
          (intermediate): BertIntermediate(
            (dense): Linear(in_features=768, out_features=3072, bias=True)
          )
          (output): BertOutput(
            (dense): Linear(in_features=3072, out_features=768, bias=True)
            (LayerNorm): FusedLayerNorm(torch.Size([768]), eps=1e-12, elementwise_affine=True)
            (dropout): Dropout(p=0.1)
          )
        )
        (3): BertLayer(
          (attention): BertAttention(
            (self): BertSelfAttention(
              (query): Linear(in_features=768, out_features=768, bias=True)
              (key): Linear(in_features=768, out_features=768, bias=True)
              (value): Linear(in_features=768, out_features=768, bias=True)
              (dropout): Dropout(p=0.1)
            )
            (output): BertSelfOutput(
              (dense): Linear(in_features=768, out_features=768, bias=True)
              (LayerNorm): FusedLayerNorm(torch.Size([768]), eps=1e-12, elementwise_affine=True)
              (dropout): Dropout(p=0.1)
            )
          )
          (intermediate): BertIntermediate(
            (dense): Linear(in_features=768, out_features=3072, bias=True)
          )
          (output): BertOutput(
            (dense): Linear(in_features=3072, out_features=768, bias=True)
            (LayerNorm): FusedLayerNorm(torch.Size([768]), eps=1e-12, elementwise_affine=True)
            (dropout): Dropout(p=0.1)
          )
        )
        (4): BertLayer(
          (attention): BertAttention(
            (self): BertSelfAttention(
              (query): Linear(in_features=768, out_features=768, bias=True)
              (key): Linear(in_features=768, out_features=768, bias=True)
              (value): Linear(in_features=768, out_features=768, bias=True)
              (dropout): Dropout(p=0.1)
            )
            (output): BertSelfOutput(
              (dense): Linear(in_features=768, out_features=768, bias=True)
              (LayerNorm): FusedLayerNorm(torch.Size([768]), eps=1e-12, elementwise_affine=True)
              (dropout): Dropout(p=0.1)
            )
          )
          (intermediate): BertIntermediate(
            (dense): Linear(in_features=768, out_features=3072, bias=True)
          )
          (output): BertOutput(
            (dense): Linear(in_features=3072, out_features=768, bias=True)
            (LayerNorm): FusedLayerNorm(torch.Size([768]), eps=1e-12, elementwise_affine=True)
            (dropout): Dropout(p=0.1)
          )
        )
        (5): BertLayer(
          (attention): BertAttention(
            (self): BertSelfAttention(
              (query): Linear(in_features=768, out_features=768, bias=True)
              (key): Linear(in_features=768, out_features=768, bias=True)
              (value): Linear(in_features=768, out_features=768, bias=True)
              (dropout): Dropout(p=0.1)
            )
            (output): BertSelfOutput(
              (dense): Linear(in_features=768, out_features=768, bias=True)
              (LayerNorm): FusedLayerNorm(torch.Size([768]), eps=1e-12, elementwise_affine=True)
              (dropout): Dropout(p=0.1)
            )
          )
          (intermediate): BertIntermediate(
            (dense): Linear(in_features=768, out_features=3072, bias=True)
          )
          (output): BertOutput(
            (dense): Linear(in_features=3072, out_features=768, bias=True)
            (LayerNorm): FusedLayerNorm(torch.Size([768]), eps=1e-12, elementwise_affine=True)
            (dropout): Dropout(p=0.1)
          )
        )
        (6): BertLayer(
          (attention): BertAttention(
            (self): BertSelfAttention(
              (query): Linear(in_features=768, out_features=768, bias=True)
              (key): Linear(in_features=768, out_features=768, bias=True)
              (value): Linear(in_features=768, out_features=768, bias=True)
              (dropout): Dropout(p=0.1)
            )
            (output): BertSelfOutput(
              (dense): Linear(in_features=768, out_features=768, bias=True)
              (LayerNorm): FusedLayerNorm(torch.Size([768]), eps=1e-12, elementwise_affine=True)
              (dropout): Dropout(p=0.1)
            )
          )
          (intermediate): BertIntermediate(
            (dense): Linear(in_features=768, out_features=3072, bias=True)
          )
          (output): BertOutput(
            (dense): Linear(in_features=3072, out_features=768, bias=True)
            (LayerNorm): FusedLayerNorm(torch.Size([768]), eps=1e-12, elementwise_affine=True)
            (dropout): Dropout(p=0.1)
          )
        )
        (7): BertLayer(
          (attention): BertAttention(
            (self): BertSelfAttention(
              (query): Linear(in_features=768, out_features=768, bias=True)
              (key): Linear(in_features=768, out_features=768, bias=True)
              (value): Linear(in_features=768, out_features=768, bias=True)
              (dropout): Dropout(p=0.1)
            )
            (output): BertSelfOutput(
              (dense): Linear(in_features=768, out_features=768, bias=True)
              (LayerNorm): FusedLayerNorm(torch.Size([768]), eps=1e-12, elementwise_affine=True)
              (dropout): Dropout(p=0.1)
            )
          )
          (intermediate): BertIntermediate(
            (dense): Linear(in_features=768, out_features=3072, bias=True)
          )
          (output): BertOutput(
            (dense): Linear(in_features=3072, out_features=768, bias=True)
            (LayerNorm): FusedLayerNorm(torch.Size([768]), eps=1e-12, elementwise_affine=True)
            (dropout): Dropout(p=0.1)
          )
        )
        (8): BertLayer(
          (attention): BertAttention(
            (self): BertSelfAttention(
              (query): Linear(in_features=768, out_features=768, bias=True)
              (key): Linear(in_features=768, out_features=768, bias=True)
              (value): Linear(in_features=768, out_features=768, bias=True)
              (dropout): Dropout(p=0.1)
            )
            (output): BertSelfOutput(
              (dense): Linear(in_features=768, out_features=768, bias=True)
              (LayerNorm): FusedLayerNorm(torch.Size([768]), eps=1e-12, elementwise_affine=True)
              (dropout): Dropout(p=0.1)
            )
          )
          (intermediate): BertIntermediate(
            (dense): Linear(in_features=768, out_features=3072, bias=True)
          )
          (output): BertOutput(
            (dense): Linear(in_features=3072, out_features=768, bias=True)
            (LayerNorm): FusedLayerNorm(torch.Size([768]), eps=1e-12, elementwise_affine=True)
            (dropout): Dropout(p=0.1)
          )
        )
        (9): BertLayer(
          (attention): BertAttention(
            (self): BertSelfAttention(
              (query): Linear(in_features=768, out_features=768, bias=True)
              (key): Linear(in_features=768, out_features=768, bias=True)
              (value): Linear(in_features=768, out_features=768, bias=True)
              (dropout): Dropout(p=0.1)
            )
            (output): BertSelfOutput(
              (dense): Linear(in_features=768, out_features=768, bias=True)
              (LayerNorm): FusedLayerNorm(torch.Size([768]), eps=1e-12, elementwise_affine=True)
              (dropout): Dropout(p=0.1)
            )
          )
          (intermediate): BertIntermediate(
            (dense): Linear(in_features=768, out_features=3072, bias=True)
          )
          (output): BertOutput(
            (dense): Linear(in_features=3072, out_features=768, bias=True)
            (LayerNorm): FusedLayerNorm(torch.Size([768]), eps=1e-12, elementwise_affine=True)
            (dropout): Dropout(p=0.1)
          )
        )
        (10): BertLayer(
          (attention): BertAttention(
            (self): BertSelfAttention(
              (query): Linear(in_features=768, out_features=768, bias=True)
              (key): Linear(in_features=768, out_features=768, bias=True)
              (value): Linear(in_features=768, out_features=768, bias=True)
              (dropout): Dropout(p=0.1)
            )
            (output): BertSelfOutput(
              (dense): Linear(in_features=768, out_features=768, bias=True)
              (LayerNorm): FusedLayerNorm(torch.Size([768]), eps=1e-12, elementwise_affine=True)
              (dropout): Dropout(p=0.1)
            )
          )
          (intermediate): BertIntermediate(
            (dense): Linear(in_features=768, out_features=3072, bias=True)
          )
          (output): BertOutput(
            (dense): Linear(in_features=3072, out_features=768, bias=True)
            (LayerNorm): FusedLayerNorm(torch.Size([768]), eps=1e-12, elementwise_affine=True)
            (dropout): Dropout(p=0.1)
          )
        )
        (11): BertLayer(
          (attention): BertAttention(
            (self): BertSelfAttention(
              (query): Linear(in_features=768, out_features=768, bias=True)
              (key): Linear(in_features=768, out_features=768, bias=True)
              (value): Linear(in_features=768, out_features=768, bias=True)
              (dropout): Dropout(p=0.1)
            )
            (output): BertSelfOutput(
              (dense): Linear(in_features=768, out_features=768, bias=True)
              (LayerNorm): FusedLayerNorm(torch.Size([768]), eps=1e-12, elementwise_affine=True)
              (dropout): Dropout(p=0.1)
            )
          )
          (intermediate): BertIntermediate(
            (dense): Linear(in_features=768, out_features=3072, bias=True)
          )
          (output): BertOutput(
            (dense): Linear(in_features=3072, out_features=768, bias=True)
            (LayerNorm): FusedLayerNorm(torch.Size([768]), eps=1e-12, elementwise_affine=True)
            (dropout): Dropout(p=0.1)
          )
        )
      )
    )
    (pooler): BertPooler(
      (dense): Linear(in_features=768, out_features=768, bias=True)
      (activation): Tanh()
    )
  )
  (scoring_list): ModuleList(
    (0): Linear(in_features=768, out_features=4, bias=True)
    (1): Linear(in_features=768, out_features=5, bias=True)
    (2): Linear(in_features=768, out_features=2, bias=True)
  )
)

02/16/2023 03:39:10 Total number of params: 110630411
02/16/2023 03:39:10 At epoch 0
02/16/2023 03:39:11 Task [ 2] updates[     1] train loss[1.22511] remaining[0:05:42]
02/16/2023 03:41:20 Task [ 0] updates[   500] train loss[0.84453] remaining[0:00:11]
02/16/2023 03:41:33 Task ppf -- epoch 0 -- Dev ACC: 66.456
02/16/2023 03:41:33 Task ppf -- epoch 0 -- Dev F1: 36.952
02/16/2023 03:41:34 Task dvdduration -- epoch 0 -- Dev ACC: 40.559
02/16/2023 03:41:34 Task dvdduration -- epoch 0 -- Dev F1: 18.743
02/16/2023 03:41:36 Task genjitsukasou -- epoch 0 -- Dev ACC: 85.876
02/16/2023 03:41:36 Task genjitsukasou -- epoch 0 -- Dev F1: 46.201
02/16/2023 03:41:36 At epoch 1
02/16/2023 03:43:33 Task [ 0] updates[  1000] train loss[0.77234] remaining[0:00:23]
02/16/2023 03:43:59 Task ppf -- epoch 1 -- Dev ACC: 66.709
02/16/2023 03:43:59 Task ppf -- epoch 1 -- Dev F1: 50.332
02/16/2023 03:43:59 Task dvdduration -- epoch 1 -- Dev ACC: 47.552
02/16/2023 03:43:59 Task dvdduration -- epoch 1 -- Dev F1: 29.257
02/16/2023 03:44:02 Task genjitsukasou -- epoch 1 -- Dev ACC: 86.255
02/16/2023 03:44:02 Task genjitsukasou -- epoch 1 -- Dev F1: 51.239
02/16/2023 03:44:02 At epoch 2
02/16/2023 03:45:47 Task [ 0] updates[  1500] train loss[0.71410] remaining[0:00:34]
02/16/2023 03:46:24 Task ppf -- epoch 2 -- Dev ACC: 64.187
02/16/2023 03:46:24 Task ppf -- epoch 2 -- Dev F1: 44.611
02/16/2023 03:46:25 Task dvdduration -- epoch 2 -- Dev ACC: 45.455
02/16/2023 03:46:25 Task dvdduration -- epoch 2 -- Dev F1: 30.613
02/16/2023 03:46:27 Task genjitsukasou -- epoch 2 -- Dev ACC: 84.615
02/16/2023 03:46:27 Task genjitsukasou -- epoch 2 -- Dev F1: 53.983
02/16/2023 03:46:27 At epoch 3
02/16/2023 03:48:01 Task [ 1] updates[  2000] train loss[0.65545] remaining[0:00:46]
02/16/2023 03:48:50 Task ppf -- epoch 3 -- Dev ACC: 59.899
02/16/2023 03:48:50 Task ppf -- epoch 3 -- Dev F1: 44.426
02/16/2023 03:48:51 Task dvdduration -- epoch 3 -- Dev ACC: 44.056
02/16/2023 03:48:51 Task dvdduration -- epoch 3 -- Dev F1: 31.453
02/16/2023 03:48:53 Task genjitsukasou -- epoch 3 -- Dev ACC: 85.120
02/16/2023 03:48:53 Task genjitsukasou -- epoch 3 -- Dev F1: 54.936
02/16/2023 03:48:53 At epoch 4
02/16/2023 03:50:16 Task [ 2] updates[  2500] train loss[0.60615] remaining[0:00:58]
02/16/2023 03:51:16 Task ppf -- epoch 4 -- Dev ACC: 58.764
02/16/2023 03:51:16 Task ppf -- epoch 4 -- Dev F1: 44.668
02/16/2023 03:51:16 Task dvdduration -- epoch 4 -- Dev ACC: 46.154
02/16/2023 03:51:16 Task dvdduration -- epoch 4 -- Dev F1: 33.121
02/16/2023 03:51:18 Task genjitsukasou -- epoch 4 -- Dev ACC: 85.750
02/16/2023 03:51:18 Task genjitsukasou -- epoch 4 -- Dev F1: 52.324
02/16/2023 03:51:18 At epoch 5
02/16/2023 03:52:30 Task [ 2] updates[  3000] train loss[0.56565] remaining[0:01:10]
02/16/2023 03:53:41 Task ppf -- epoch 5 -- Dev ACC: 60.656
02/16/2023 03:53:41 Task ppf -- epoch 5 -- Dev F1: 45.982
02/16/2023 03:53:42 Task dvdduration -- epoch 5 -- Dev ACC: 46.154
02/16/2023 03:53:42 Task dvdduration -- epoch 5 -- Dev F1: 33.753
02/16/2023 03:53:44 Task genjitsukasou -- epoch 5 -- Dev ACC: 86.003
02/16/2023 03:53:44 Task genjitsukasou -- epoch 5 -- Dev F1: 54.451
02/16/2023 03:53:44 At epoch 6
02/16/2023 03:54:43 Task [ 1] updates[  3500] train loss[0.53126] remaining[0:01:19]
02/16/2023 03:56:06 Task ppf -- epoch 6 -- Dev ACC: 65.195
02/16/2023 03:56:06 Task ppf -- epoch 6 -- Dev F1: 48.622
02/16/2023 03:56:07 Task dvdduration -- epoch 6 -- Dev ACC: 48.252
02/16/2023 03:56:07 Task dvdduration -- epoch 6 -- Dev F1: 35.113
02/16/2023 03:56:09 Task genjitsukasou -- epoch 6 -- Dev ACC: 85.624
02/16/2023 03:56:09 Task genjitsukasou -- epoch 6 -- Dev F1: 55.912
02/16/2023 03:56:09 At epoch 7
02/16/2023 03:56:57 Task [ 1] updates[  4000] train loss[0.50068] remaining[0:01:33]
02/16/2023 03:58:32 Task ppf -- epoch 7 -- Dev ACC: 56.747
02/16/2023 03:58:32 Task ppf -- epoch 7 -- Dev F1: 44.957
02/16/2023 03:58:33 Task dvdduration -- epoch 7 -- Dev ACC: 44.755
02/16/2023 03:58:33 Task dvdduration -- epoch 7 -- Dev F1: 32.334
02/16/2023 03:58:35 Task genjitsukasou -- epoch 7 -- Dev ACC: 85.246
02/16/2023 03:58:35 Task genjitsukasou -- epoch 7 -- Dev F1: 58.170
02/16/2023 03:58:35 At epoch 8
02/16/2023 03:59:10 Task [ 1] updates[  4500] train loss[0.47347] remaining[0:01:42]
02/16/2023 04:00:57 Task ppf -- epoch 8 -- Dev ACC: 59.269
02/16/2023 04:00:57 Task ppf -- epoch 8 -- Dev F1: 45.018
02/16/2023 04:00:58 Task dvdduration -- epoch 8 -- Dev ACC: 44.755
02/16/2023 04:00:58 Task dvdduration -- epoch 8 -- Dev F1: 32.975
02/16/2023 04:01:00 Task genjitsukasou -- epoch 8 -- Dev ACC: 85.624
02/16/2023 04:01:00 Task genjitsukasou -- epoch 8 -- Dev F1: 55.912
02/16/2023 04:01:00 At epoch 9
02/16/2023 04:01:25 Task [ 1] updates[  5000] train loss[0.44846] remaining[0:01:57]
02/16/2023 04:03:22 Task ppf -- epoch 9 -- Dev ACC: 60.277
02/16/2023 04:03:22 Task ppf -- epoch 9 -- Dev F1: 45.830
02/16/2023 04:03:22 Task dvdduration -- epoch 9 -- Dev ACC: 45.455
02/16/2023 04:03:22 Task dvdduration -- epoch 9 -- Dev F1: 34.527
02/16/2023 04:03:25 Task genjitsukasou -- epoch 9 -- Dev ACC: 85.876
02/16/2023 04:03:25 Task genjitsukasou -- epoch 9 -- Dev F1: 57.228
