02/15/2023 06:07:54 0
02/15/2023 06:07:54 Launching the MT-DNN training
02/15/2023 06:07:54 Loading ../../../dvd_hanashi/dvd_hanashi_all/0/dvdppf_train.json as task 0
02/15/2023 06:07:54 Loading ../../../dvd_hanashi/dvd_hanashi_all/0/dvdduration_train.json as task 1
02/15/2023 06:07:54 Loading ../../../dvd_hanashi/dvd_hanashi_all/0/dvdorder_train.json as task 2
02/15/2023 06:07:54 Loading ../../../dvd_hanashi/dvd_hanashi_all/0/hanashiduration_train.json as task 3
02/15/2023 06:07:54 4,5,6,8
02/15/2023 06:07:54 ####################
02/15/2023 06:07:54 {'log_file': 'checkpoints/dvd_all_hanashi_dur_0_adam_answer_opt0_gc0_ggc1_2023-02-15T0607/log.log', 'tensorboard': False, 'tensorboard_logdir': 'tensorboard_logdir', 'init_checkpoint': '../../../japanese_bert_new_/jap_bert.pt', 'data_dir': '../../../dvd_hanashi/dvd_hanashi_all/0/', 'data_sort_on': False, 'name': 'farmer', 'task_def': '../../../experiments/dvd_hanashi/dvd_hanashi_task_def.yml', 'train_datasets': ['dvdppf', 'dvdduration', 'dvdorder', 'hanashiduration'], 'test_datasets': ['dvdppf', 'dvdduration', 'dvdorder', 'hanashiduration'], 'update_bert_opt': 0, 'multi_gpu_on': True, 'mem_cum_type': 'simple', 'answer_num_turn': 5, 'answer_mem_drop_p': 0.1, 'answer_att_hidden_size': 128, 'answer_att_type': 'bilinear', 'answer_rnn_type': 'gru', 'answer_sum_att_type': 'bilinear', 'answer_merge_opt': 1, 'answer_mem_type': 1, 'answer_dropout_p': 0.1, 'answer_weight_norm_on': False, 'dump_state_on': False, 'answer_opt': [0, 0, 0, 0], 'label_size': '4,5,6,8', 'mtl_opt': 0, 'ratio': 0, 'mix_opt': 0, 'max_seq_len': 512, 'init_ratio': 1, 'encoder_type': <EncoderModelType.BERT: 1>, 'cuda': True, 'log_per_updates': 500, 'save_per_updates': 10000, 'save_per_updates_on': False, 'epochs': 10, 'batch_size': 16, 'batch_size_eval': 8, 'optimizer': 'adam', 'grad_clipping': 0.0, 'global_grad_clipping': 1.0, 'weight_decay': 0, 'learning_rate': 1e-05, 'momentum': 0, 'warmup': 0.1, 'warmup_schedule': 'warmup_linear', 'adam_eps': 1e-06, 'vb_dropout': True, 'dropout_p': 0.1, 'dropout_w': 0.0, 'bert_dropout_p': 0.1, 'model_ckpt': 'checkpoints/model_0.pt', 'resume': False, 'ema_opt': 0, 'ema_gamma': 0.995, 'lookahead': False, 'lookahead_k': 5, 'lookahead_alpha': 0.5, 'have_lr_scheduler': True, 'multi_step_lr': '10,20,30', 'freeze_layers': -1, 'embedding_opt': 0, 'lr_gamma': 0.5, 'bert_l2norm': 0.0, 'scheduler_type': 'ms', 'output_dir': 'checkpoints/dvd_all_hanashi_dur_0_adam_answer_opt0_gc0_ggc1_2023-02-15T0607', 'seed': 2018, 'grad_accumulation_step': 1, 'fp16': False, 'fp16_opt_level': 'O1', 'mean_teacher': False, 'mean_teacher_avg': 'exponential', 'mean_teacher_lambda': 1, 'mean_teacher_rampup': 4000, 'mean_teacher_alpha1': 0.99, 'mean_teacher_alpha2': 0.999, 'mt_kd_tau': 1, 'virtual_teacher': False, 'vat_eps': 0.001, 'vat_max_layer': -1, 'vat_opt': 0, 'vat_lambda': 1, 'vat_alpha': 1, 'vat_nosiy': 1e-05, 'use_noisycopy': False, 'noisycopy_eps': 0.01, 'use_advcopy': False, 'advcopy_eps': 0.01, 'vat_stable_eps': 1e-06, 'tasks_dropout_p': [0.1, 0.1, 0.1, 0.1]}
02/15/2023 06:07:54 ####################
02/15/2023 06:07:54 ############# Gradient Accumulation Info #############
02/15/2023 06:07:54 number of step: 4120
02/15/2023 06:07:54 number of grad grad_accumulation step: 1
02/15/2023 06:07:54 adjusted number of step: 4120
02/15/2023 06:07:54 ############# Gradient Accumulation Info #############
02/15/2023 06:08:01 
############# Model Arch of MT-DNN #############
SANBertNetwork(
  (dropout_list): ModuleList(
    (0): DropoutWrapper()
    (1): DropoutWrapper()
    (2): DropoutWrapper()
    (3): DropoutWrapper()
  )
  (bert): BertModel(
    (embeddings): BertEmbeddings(
      (word_embeddings): Embedding(32006, 768)
      (position_embeddings): Embedding(512, 768)
      (token_type_embeddings): Embedding(2, 768)
      (LayerNorm): FusedLayerNorm(torch.Size([768]), eps=1e-12, elementwise_affine=True)
      (dropout): Dropout(p=0.1)
    )
    (encoder): BertEncoder(
      (layer): ModuleList(
        (0): BertLayer(
          (attention): BertAttention(
            (self): BertSelfAttention(
              (query): Linear(in_features=768, out_features=768, bias=True)
              (key): Linear(in_features=768, out_features=768, bias=True)
              (value): Linear(in_features=768, out_features=768, bias=True)
              (dropout): Dropout(p=0.1)
            )
            (output): BertSelfOutput(
              (dense): Linear(in_features=768, out_features=768, bias=True)
              (LayerNorm): FusedLayerNorm(torch.Size([768]), eps=1e-12, elementwise_affine=True)
              (dropout): Dropout(p=0.1)
            )
          )
          (intermediate): BertIntermediate(
            (dense): Linear(in_features=768, out_features=3072, bias=True)
          )
          (output): BertOutput(
            (dense): Linear(in_features=3072, out_features=768, bias=True)
            (LayerNorm): FusedLayerNorm(torch.Size([768]), eps=1e-12, elementwise_affine=True)
            (dropout): Dropout(p=0.1)
          )
        )
        (1): BertLayer(
          (attention): BertAttention(
            (self): BertSelfAttention(
              (query): Linear(in_features=768, out_features=768, bias=True)
              (key): Linear(in_features=768, out_features=768, bias=True)
              (value): Linear(in_features=768, out_features=768, bias=True)
              (dropout): Dropout(p=0.1)
            )
            (output): BertSelfOutput(
              (dense): Linear(in_features=768, out_features=768, bias=True)
              (LayerNorm): FusedLayerNorm(torch.Size([768]), eps=1e-12, elementwise_affine=True)
              (dropout): Dropout(p=0.1)
            )
          )
          (intermediate): BertIntermediate(
            (dense): Linear(in_features=768, out_features=3072, bias=True)
          )
          (output): BertOutput(
            (dense): Linear(in_features=3072, out_features=768, bias=True)
            (LayerNorm): FusedLayerNorm(torch.Size([768]), eps=1e-12, elementwise_affine=True)
            (dropout): Dropout(p=0.1)
          )
        )
        (2): BertLayer(
          (attention): BertAttention(
            (self): BertSelfAttention(
              (query): Linear(in_features=768, out_features=768, bias=True)
              (key): Linear(in_features=768, out_features=768, bias=True)
              (value): Linear(in_features=768, out_features=768, bias=True)
              (dropout): Dropout(p=0.1)
            )
            (output): BertSelfOutput(
              (dense): Linear(in_features=768, out_features=768, bias=True)
              (LayerNorm): FusedLayerNorm(torch.Size([768]), eps=1e-12, elementwise_affine=True)
              (dropout): Dropout(p=0.1)
            )
          )
          (intermediate): BertIntermediate(
            (dense): Linear(in_features=768, out_features=3072, bias=True)
          )
          (output): BertOutput(
            (dense): Linear(in_features=3072, out_features=768, bias=True)
            (LayerNorm): FusedLayerNorm(torch.Size([768]), eps=1e-12, elementwise_affine=True)
            (dropout): Dropout(p=0.1)
          )
        )
        (3): BertLayer(
          (attention): BertAttention(
            (self): BertSelfAttention(
              (query): Linear(in_features=768, out_features=768, bias=True)
              (key): Linear(in_features=768, out_features=768, bias=True)
              (value): Linear(in_features=768, out_features=768, bias=True)
              (dropout): Dropout(p=0.1)
            )
            (output): BertSelfOutput(
              (dense): Linear(in_features=768, out_features=768, bias=True)
              (LayerNorm): FusedLayerNorm(torch.Size([768]), eps=1e-12, elementwise_affine=True)
              (dropout): Dropout(p=0.1)
            )
          )
          (intermediate): BertIntermediate(
            (dense): Linear(in_features=768, out_features=3072, bias=True)
          )
          (output): BertOutput(
            (dense): Linear(in_features=3072, out_features=768, bias=True)
            (LayerNorm): FusedLayerNorm(torch.Size([768]), eps=1e-12, elementwise_affine=True)
            (dropout): Dropout(p=0.1)
          )
        )
        (4): BertLayer(
          (attention): BertAttention(
            (self): BertSelfAttention(
              (query): Linear(in_features=768, out_features=768, bias=True)
              (key): Linear(in_features=768, out_features=768, bias=True)
              (value): Linear(in_features=768, out_features=768, bias=True)
              (dropout): Dropout(p=0.1)
            )
            (output): BertSelfOutput(
              (dense): Linear(in_features=768, out_features=768, bias=True)
              (LayerNorm): FusedLayerNorm(torch.Size([768]), eps=1e-12, elementwise_affine=True)
              (dropout): Dropout(p=0.1)
            )
          )
          (intermediate): BertIntermediate(
            (dense): Linear(in_features=768, out_features=3072, bias=True)
          )
          (output): BertOutput(
            (dense): Linear(in_features=3072, out_features=768, bias=True)
            (LayerNorm): FusedLayerNorm(torch.Size([768]), eps=1e-12, elementwise_affine=True)
            (dropout): Dropout(p=0.1)
          )
        )
        (5): BertLayer(
          (attention): BertAttention(
            (self): BertSelfAttention(
              (query): Linear(in_features=768, out_features=768, bias=True)
              (key): Linear(in_features=768, out_features=768, bias=True)
              (value): Linear(in_features=768, out_features=768, bias=True)
              (dropout): Dropout(p=0.1)
            )
            (output): BertSelfOutput(
              (dense): Linear(in_features=768, out_features=768, bias=True)
              (LayerNorm): FusedLayerNorm(torch.Size([768]), eps=1e-12, elementwise_affine=True)
              (dropout): Dropout(p=0.1)
            )
          )
          (intermediate): BertIntermediate(
            (dense): Linear(in_features=768, out_features=3072, bias=True)
          )
          (output): BertOutput(
            (dense): Linear(in_features=3072, out_features=768, bias=True)
            (LayerNorm): FusedLayerNorm(torch.Size([768]), eps=1e-12, elementwise_affine=True)
            (dropout): Dropout(p=0.1)
          )
        )
        (6): BertLayer(
          (attention): BertAttention(
            (self): BertSelfAttention(
              (query): Linear(in_features=768, out_features=768, bias=True)
              (key): Linear(in_features=768, out_features=768, bias=True)
              (value): Linear(in_features=768, out_features=768, bias=True)
              (dropout): Dropout(p=0.1)
            )
            (output): BertSelfOutput(
              (dense): Linear(in_features=768, out_features=768, bias=True)
              (LayerNorm): FusedLayerNorm(torch.Size([768]), eps=1e-12, elementwise_affine=True)
              (dropout): Dropout(p=0.1)
            )
          )
          (intermediate): BertIntermediate(
            (dense): Linear(in_features=768, out_features=3072, bias=True)
          )
          (output): BertOutput(
            (dense): Linear(in_features=3072, out_features=768, bias=True)
            (LayerNorm): FusedLayerNorm(torch.Size([768]), eps=1e-12, elementwise_affine=True)
            (dropout): Dropout(p=0.1)
          )
        )
        (7): BertLayer(
          (attention): BertAttention(
            (self): BertSelfAttention(
              (query): Linear(in_features=768, out_features=768, bias=True)
              (key): Linear(in_features=768, out_features=768, bias=True)
              (value): Linear(in_features=768, out_features=768, bias=True)
              (dropout): Dropout(p=0.1)
            )
            (output): BertSelfOutput(
              (dense): Linear(in_features=768, out_features=768, bias=True)
              (LayerNorm): FusedLayerNorm(torch.Size([768]), eps=1e-12, elementwise_affine=True)
              (dropout): Dropout(p=0.1)
            )
          )
          (intermediate): BertIntermediate(
            (dense): Linear(in_features=768, out_features=3072, bias=True)
          )
          (output): BertOutput(
            (dense): Linear(in_features=3072, out_features=768, bias=True)
            (LayerNorm): FusedLayerNorm(torch.Size([768]), eps=1e-12, elementwise_affine=True)
            (dropout): Dropout(p=0.1)
          )
        )
        (8): BertLayer(
          (attention): BertAttention(
            (self): BertSelfAttention(
              (query): Linear(in_features=768, out_features=768, bias=True)
              (key): Linear(in_features=768, out_features=768, bias=True)
              (value): Linear(in_features=768, out_features=768, bias=True)
              (dropout): Dropout(p=0.1)
            )
            (output): BertSelfOutput(
              (dense): Linear(in_features=768, out_features=768, bias=True)
              (LayerNorm): FusedLayerNorm(torch.Size([768]), eps=1e-12, elementwise_affine=True)
              (dropout): Dropout(p=0.1)
            )
          )
          (intermediate): BertIntermediate(
            (dense): Linear(in_features=768, out_features=3072, bias=True)
          )
          (output): BertOutput(
            (dense): Linear(in_features=3072, out_features=768, bias=True)
            (LayerNorm): FusedLayerNorm(torch.Size([768]), eps=1e-12, elementwise_affine=True)
            (dropout): Dropout(p=0.1)
          )
        )
        (9): BertLayer(
          (attention): BertAttention(
            (self): BertSelfAttention(
              (query): Linear(in_features=768, out_features=768, bias=True)
              (key): Linear(in_features=768, out_features=768, bias=True)
              (value): Linear(in_features=768, out_features=768, bias=True)
              (dropout): Dropout(p=0.1)
            )
            (output): BertSelfOutput(
              (dense): Linear(in_features=768, out_features=768, bias=True)
              (LayerNorm): FusedLayerNorm(torch.Size([768]), eps=1e-12, elementwise_affine=True)
              (dropout): Dropout(p=0.1)
            )
          )
          (intermediate): BertIntermediate(
            (dense): Linear(in_features=768, out_features=3072, bias=True)
          )
          (output): BertOutput(
            (dense): Linear(in_features=3072, out_features=768, bias=True)
            (LayerNorm): FusedLayerNorm(torch.Size([768]), eps=1e-12, elementwise_affine=True)
            (dropout): Dropout(p=0.1)
          )
        )
        (10): BertLayer(
          (attention): BertAttention(
            (self): BertSelfAttention(
              (query): Linear(in_features=768, out_features=768, bias=True)
              (key): Linear(in_features=768, out_features=768, bias=True)
              (value): Linear(in_features=768, out_features=768, bias=True)
              (dropout): Dropout(p=0.1)
            )
            (output): BertSelfOutput(
              (dense): Linear(in_features=768, out_features=768, bias=True)
              (LayerNorm): FusedLayerNorm(torch.Size([768]), eps=1e-12, elementwise_affine=True)
              (dropout): Dropout(p=0.1)
            )
          )
          (intermediate): BertIntermediate(
            (dense): Linear(in_features=768, out_features=3072, bias=True)
          )
          (output): BertOutput(
            (dense): Linear(in_features=3072, out_features=768, bias=True)
            (LayerNorm): FusedLayerNorm(torch.Size([768]), eps=1e-12, elementwise_affine=True)
            (dropout): Dropout(p=0.1)
          )
        )
        (11): BertLayer(
          (attention): BertAttention(
            (self): BertSelfAttention(
              (query): Linear(in_features=768, out_features=768, bias=True)
              (key): Linear(in_features=768, out_features=768, bias=True)
              (value): Linear(in_features=768, out_features=768, bias=True)
              (dropout): Dropout(p=0.1)
            )
            (output): BertSelfOutput(
              (dense): Linear(in_features=768, out_features=768, bias=True)
              (LayerNorm): FusedLayerNorm(torch.Size([768]), eps=1e-12, elementwise_affine=True)
              (dropout): Dropout(p=0.1)
            )
          )
          (intermediate): BertIntermediate(
            (dense): Linear(in_features=768, out_features=3072, bias=True)
          )
          (output): BertOutput(
            (dense): Linear(in_features=3072, out_features=768, bias=True)
            (LayerNorm): FusedLayerNorm(torch.Size([768]), eps=1e-12, elementwise_affine=True)
            (dropout): Dropout(p=0.1)
          )
        )
      )
    )
    (pooler): BertPooler(
      (dense): Linear(in_features=768, out_features=768, bias=True)
      (activation): Tanh()
    )
  )
  (scoring_list): ModuleList(
    (0): Linear(in_features=768, out_features=4, bias=True)
    (1): Linear(in_features=768, out_features=5, bias=True)
    (2): Linear(in_features=768, out_features=6, bias=True)
    (3): Linear(in_features=768, out_features=8, bias=True)
  )
)

02/15/2023 06:08:01 Total number of params: 110639639
02/15/2023 06:08:01 At epoch 0
02/15/2023 06:08:02 Task [ 3] updates[     1] train loss[2.05542] remaining[0:03:34]
02/15/2023 06:09:11 Task dvdppf -- epoch 0 -- Dev ACC: 37.386
02/15/2023 06:09:11 Task dvdppf -- epoch 0 -- Dev F1: 21.845
02/15/2023 06:09:13 Task dvdduration -- epoch 0 -- Dev ACC: 49.935
02/15/2023 06:09:13 Task dvdduration -- epoch 0 -- Dev F1: 16.381
02/15/2023 06:09:15 Task dvdorder -- epoch 0 -- Dev ACC: 49.580
02/15/2023 06:09:15 Task dvdorder -- epoch 0 -- Dev F1: 11.049
02/15/2023 06:09:18 Task hanashiduration -- epoch 0 -- Dev ACC: 25.926
02/15/2023 06:09:18 Task hanashiduration -- epoch 0 -- Dev F1: 8.681
02/15/2023 06:09:18 At epoch 1
02/15/2023 06:09:32 Task [ 3] updates[   500] train loss[1.54580] remaining[0:00:52]
02/15/2023 06:10:27 Task dvdppf -- epoch 1 -- Dev ACC: 36.732
02/15/2023 06:10:27 Task dvdppf -- epoch 1 -- Dev F1: 21.651
02/15/2023 06:10:29 Task dvdduration -- epoch 1 -- Dev ACC: 47.843
02/15/2023 06:10:29 Task dvdduration -- epoch 1 -- Dev F1: 24.304
02/15/2023 06:10:31 Task dvdorder -- epoch 1 -- Dev ACC: 49.580
02/15/2023 06:10:31 Task dvdorder -- epoch 1 -- Dev F1: 11.049
02/15/2023 06:10:33 Task hanashiduration -- epoch 1 -- Dev ACC: 29.418
02/15/2023 06:10:33 Task hanashiduration -- epoch 1 -- Dev F1: 11.072
02/15/2023 06:10:33 At epoch 2
02/15/2023 06:11:02 Task [ 2] updates[  1000] train loss[1.44976] remaining[0:00:39]
02/15/2023 06:11:43 Task dvdppf -- epoch 2 -- Dev ACC: 42.222
02/15/2023 06:11:43 Task dvdppf -- epoch 2 -- Dev F1: 28.046
02/15/2023 06:11:45 Task dvdduration -- epoch 2 -- Dev ACC: 45.098
02/15/2023 06:11:45 Task dvdduration -- epoch 2 -- Dev F1: 26.296
02/15/2023 06:11:46 Task dvdorder -- epoch 2 -- Dev ACC: 49.748
02/15/2023 06:11:46 Task dvdorder -- epoch 2 -- Dev F1: 11.388
02/15/2023 06:11:49 Task hanashiduration -- epoch 2 -- Dev ACC: 20.317
02/15/2023 06:11:49 Task hanashiduration -- epoch 2 -- Dev F1: 10.083
02/15/2023 06:11:49 At epoch 3
02/15/2023 06:12:31 Task [ 3] updates[  1500] train loss[1.34502] remaining[0:00:23]
02/15/2023 06:12:58 Task dvdppf -- epoch 3 -- Dev ACC: 44.314
02/15/2023 06:12:58 Task dvdppf -- epoch 3 -- Dev F1: 31.138
02/15/2023 06:13:00 Task dvdduration -- epoch 3 -- Dev ACC: 45.621
02/15/2023 06:13:00 Task dvdduration -- epoch 3 -- Dev F1: 27.476
02/15/2023 06:13:02 Task dvdorder -- epoch 3 -- Dev ACC: 45.714
02/15/2023 06:13:02 Task dvdorder -- epoch 3 -- Dev F1: 16.080
02/15/2023 06:13:04 Task hanashiduration -- epoch 3 -- Dev ACC: 20.212
02/15/2023 06:13:04 Task hanashiduration -- epoch 3 -- Dev F1: 11.260
02/15/2023 06:13:05 At epoch 4
02/15/2023 06:14:03 Task [ 2] updates[  2000] train loss[1.25432] remaining[0:00:09]
02/15/2023 06:14:15 Task dvdppf -- epoch 4 -- Dev ACC: 42.222
02/15/2023 06:14:15 Task dvdppf -- epoch 4 -- Dev F1: 30.331
02/15/2023 06:14:17 Task dvdduration -- epoch 4 -- Dev ACC: 44.837
02/15/2023 06:14:17 Task dvdduration -- epoch 4 -- Dev F1: 28.031
02/15/2023 06:14:18 Task dvdorder -- epoch 4 -- Dev ACC: 44.034
02/15/2023 06:14:18 Task dvdorder -- epoch 4 -- Dev F1: 14.508
02/15/2023 06:14:21 Task hanashiduration -- epoch 4 -- Dev ACC: 24.550
02/15/2023 06:14:21 Task hanashiduration -- epoch 4 -- Dev F1: 15.629
02/15/2023 06:14:21 At epoch 5
02/15/2023 06:15:31 Task dvdppf -- epoch 5 -- Dev ACC: 42.876
02/15/2023 06:15:31 Task dvdppf -- epoch 5 -- Dev F1: 30.585
02/15/2023 06:15:33 Task dvdduration -- epoch 5 -- Dev ACC: 45.098
02/15/2023 06:15:33 Task dvdduration -- epoch 5 -- Dev F1: 28.371
02/15/2023 06:15:34 Task dvdorder -- epoch 5 -- Dev ACC: 41.176
02/15/2023 06:15:34 Task dvdorder -- epoch 5 -- Dev F1: 16.439
02/15/2023 06:15:37 Task hanashiduration -- epoch 5 -- Dev ACC: 22.116
02/15/2023 06:15:37 Task hanashiduration -- epoch 5 -- Dev F1: 12.614
02/15/2023 06:15:37 At epoch 6
02/15/2023 06:15:41 Task [ 3] updates[  2500] train loss[1.17402] remaining[0:01:03]
02/15/2023 06:16:46 Task dvdppf -- epoch 6 -- Dev ACC: 44.575
02/15/2023 06:16:46 Task dvdppf -- epoch 6 -- Dev F1: 32.143
02/15/2023 06:16:48 Task dvdduration -- epoch 6 -- Dev ACC: 44.837
02/15/2023 06:16:48 Task dvdduration -- epoch 6 -- Dev F1: 27.849
02/15/2023 06:16:50 Task dvdorder -- epoch 6 -- Dev ACC: 38.655
02/15/2023 06:16:50 Task dvdorder -- epoch 6 -- Dev F1: 18.713
02/15/2023 06:16:52 Task hanashiduration -- epoch 6 -- Dev ACC: 22.328
02/15/2023 06:16:52 Task hanashiduration -- epoch 6 -- Dev F1: 14.467
02/15/2023 06:16:52 At epoch 7
02/15/2023 06:17:11 Task [ 3] updates[  3000] train loss[1.10198] remaining[0:00:48]
02/15/2023 06:18:01 Task dvdppf -- epoch 7 -- Dev ACC: 43.660
02/15/2023 06:18:01 Task dvdppf -- epoch 7 -- Dev F1: 32.103
02/15/2023 06:18:04 Task dvdduration -- epoch 7 -- Dev ACC: 44.444
02/15/2023 06:18:04 Task dvdduration -- epoch 7 -- Dev F1: 28.489
02/15/2023 06:18:05 Task dvdorder -- epoch 7 -- Dev ACC: 38.487
02/15/2023 06:18:05 Task dvdorder -- epoch 7 -- Dev F1: 17.014
02/15/2023 06:18:08 Task hanashiduration -- epoch 7 -- Dev ACC: 22.751
02/15/2023 06:18:08 Task hanashiduration -- epoch 7 -- Dev F1: 14.726
02/15/2023 06:18:08 At epoch 8
02/15/2023 06:18:41 Task [ 1] updates[  3500] train loss[1.04188] remaining[0:00:34]
02/15/2023 06:19:17 Task dvdppf -- epoch 8 -- Dev ACC: 43.791
02/15/2023 06:19:17 Task dvdppf -- epoch 8 -- Dev F1: 32.807
02/15/2023 06:19:19 Task dvdduration -- epoch 8 -- Dev ACC: 44.706
02/15/2023 06:19:19 Task dvdduration -- epoch 8 -- Dev F1: 28.580
02/15/2023 06:19:20 Task dvdorder -- epoch 8 -- Dev ACC: 37.479
02/15/2023 06:19:20 Task dvdorder -- epoch 8 -- Dev F1: 19.902
02/15/2023 06:19:23 Task hanashiduration -- epoch 8 -- Dev ACC: 24.233
02/15/2023 06:19:23 Task hanashiduration -- epoch 8 -- Dev F1: 14.979
02/15/2023 06:19:23 At epoch 9
02/15/2023 06:20:10 Task [ 1] updates[  4000] train loss[0.98811] remaining[0:00:19]
02/15/2023 06:20:31 Task dvdppf -- epoch 9 -- Dev ACC: 43.268
02/15/2023 06:20:31 Task dvdppf -- epoch 9 -- Dev F1: 31.698
02/15/2023 06:20:33 Task dvdduration -- epoch 9 -- Dev ACC: 44.444
02/15/2023 06:20:33 Task dvdduration -- epoch 9 -- Dev F1: 28.381
02/15/2023 06:20:35 Task dvdorder -- epoch 9 -- Dev ACC: 37.983
02/15/2023 06:20:35 Task dvdorder -- epoch 9 -- Dev F1: 17.674
02/15/2023 06:20:37 Task hanashiduration -- epoch 9 -- Dev ACC: 24.233
02/15/2023 06:20:37 Task hanashiduration -- epoch 9 -- Dev F1: 14.773
