12/23/2022 05:45:36 Task mctaco
12/23/2022 05:45:36 mctaco_dataset/roberta_cased_lower/mctaco_train.json
12/23/2022 05:45:37 mctaco_dataset/roberta_cased_lower/mctaco_dev.json
12/23/2022 05:51:08 Task mctaco
12/23/2022 05:51:08 mctaco_dataset/roberta_cased_lower/mctaco_train.json
12/23/2022 05:51:09 mctaco_dataset/roberta_cased_lower/mctaco_dev.json
12/23/2022 05:52:22 Task mctaco
12/23/2022 05:52:22 mctaco_dataset/roberta_cased_lower/mctaco_train.json
12/23/2022 05:52:24 mctaco_dataset/roberta_cased_lower/mctaco_dev.json
12/23/2022 05:53:37 Task mctaco
12/23/2022 05:53:37 mctaco_dataset/roberta_cased_lower/mctaco_train.json
12/23/2022 05:53:38 mctaco_dataset/roberta_cased_lower/mctaco_dev.json
12/23/2022 05:54:36 Task mctaco
12/23/2022 05:54:36 mctaco_dataset/roberta_cased_lower/mctaco_train.json
12/23/2022 05:54:38 mctaco_dataset/roberta_cased_lower/mctaco_dev.json
12/23/2022 05:55:52 Task mctaco
12/23/2022 05:55:52 mctaco_dataset/roberta_cased_lower/mctaco_train.json
12/23/2022 05:55:54 mctaco_dataset/roberta_cased_lower/mctaco_dev.json
12/23/2022 05:56:26 Task mctaco
12/23/2022 05:56:26 mctaco_dataset/roberta_cased_lower/mctaco_train.json
12/23/2022 05:56:27 mctaco_dataset/roberta_cased_lower/mctaco_dev.json
12/23/2022 05:57:26 Task mctaco
12/23/2022 05:58:17 Task mctaco
12/23/2022 05:58:17 mctaco_dataset/roberta_cased_lower/mctaco_train.json
12/23/2022 05:58:19 mctaco_dataset/roberta_cased_lower/mctaco_dev.json
12/23/2022 05:59:47 Task mctaco
12/23/2022 05:59:47 mctaco_dataset/roberta_cased_lower/mctaco_train.json
12/23/2022 05:59:48 mctaco_dataset/roberta_cased_lower/mctaco_dev.json
12/27/2022 03:40:57 Task dct
12/27/2022 03:40:57 bccwj_dataset/DCT/0/bert_cased_lower/dct_train.json
12/27/2022 03:40:58 bccwj_dataset/DCT/0/bert_cased_lower/dct_dev.json
12/27/2022 05:15:53 Task dct
12/27/2022 05:15:53 bccwj_dataset/DCT/0/bert_cased_lower/dct_train.json
12/27/2022 05:15:54 bccwj_dataset/DCT/0/bert_cased_lower/dct_dev.json
12/27/2022 05:16:08 Task dct
12/27/2022 05:16:08 bccwj_dataset/DCT/1/bert_cased_lower/dct_train.json
12/27/2022 05:16:10 bccwj_dataset/DCT/1/bert_cased_lower/dct_dev.json
12/27/2022 05:16:20 Task dct
12/27/2022 05:16:20 bccwj_dataset/DCT/2/bert_cased_lower/dct_train.json
12/27/2022 05:16:22 bccwj_dataset/DCT/2/bert_cased_lower/dct_dev.json
12/27/2022 05:16:32 Task dct
12/27/2022 05:16:32 bccwj_dataset/DCT/3/bert_cased_lower/dct_train.json
12/27/2022 05:16:33 bccwj_dataset/DCT/3/bert_cased_lower/dct_dev.json
12/27/2022 05:16:43 Task dct
12/27/2022 05:16:43 bccwj_dataset/DCT/4/bert_cased_lower/dct_train.json
12/27/2022 05:16:45 bccwj_dataset/DCT/4/bert_cased_lower/dct_dev.json
12/27/2022 06:08:50 Task dct
12/27/2022 06:08:50 bccwj_dataset/DCT/0/bert_cased_lower/dct_train.json
12/27/2022 06:09:50 Task dct
12/27/2022 06:09:50 bccwj_dataset/DCT/0/bert_cased_lower/dct_train.json
12/27/2022 06:19:34 Task dct
12/27/2022 06:19:34 bccwj_dataset/DCT/0/bert_cased_lower/dct_train.json
12/27/2022 06:19:36 bccwj_dataset/DCT/0/bert_cased_lower/dct_dev.json
12/27/2022 06:22:15 Task dct
12/27/2022 06:22:15 bccwj_dataset/DCT/0/bert_cased_lower/dct_train.json
12/27/2022 06:22:17 bccwj_dataset/DCT/0/bert_cased_lower/dct_dev.json
12/27/2022 06:24:50 Task dct
12/27/2022 06:24:50 bccwj_dataset/DCT/0/bert_cased_lower/dct_train.json
12/27/2022 06:24:51 bccwj_dataset/DCT/0/bert_cased_lower/dct_dev.json
12/27/2022 06:26:20 Task dct
12/27/2022 06:26:20 bccwj_dataset/DCT/0/bert_cased_lower/dct_train.json
12/27/2022 06:26:21 bccwj_dataset/DCT/0/bert_cased_lower/dct_dev.json
12/27/2022 06:26:59 Task dct
12/27/2022 06:26:59 bccwj_dataset/DCT/0/bert_cased_lower/dct_train.json
12/27/2022 06:27:03 bccwj_dataset/DCT/0/bert_cased_lower/dct_dev.json
12/27/2022 06:27:49 Task dct
12/27/2022 06:27:49 bccwj_dataset/DCT/0/bert_cased_lower/dct_train.json
12/27/2022 06:27:51 bccwj_dataset/DCT/0/bert_cased_lower/dct_dev.json
12/27/2022 09:55:55 Task dct
12/27/2022 09:55:55 bccwj_dataset/DCT/0/bert_cased_lower/dct_train.json
12/27/2022 09:55:57 bccwj_dataset/DCT/0/bert_cased_lower/dct_dev.json
12/28/2022 02:11:43 Task dct
12/28/2022 02:11:43 bccwj_dataset/DCT/0/bert_cased_lower/dct_train.json
12/28/2022 02:11:45 bccwj_dataset/DCT/0/bert_cased_lower/dct_dev.json
01/12/2023 02:36:18 Task dct
01/12/2023 02:36:18 ../bccwj_dataset/DCT/0/bert_cased_lower/dct_train.json
01/12/2023 02:36:19 ../bccwj_dataset/DCT/0/bert_cased_lower/dct_dev.json
01/12/2023 02:45:04 Task dct
01/12/2023 02:45:04 ../bccwj_dataset/DCT/0/bert_cased_lower/dct_train.json
01/12/2023 02:45:04 ../bccwj_dataset/DCT/0/bert_cased_lower/dct_dev.json
01/12/2023 02:45:54 Task dct
01/12/2023 02:45:54 ../bccwj_dataset/DCT/0/bert_cased_lower/dct_train.json
01/12/2023 02:45:54 ../bccwj_dataset/DCT/0/bert_cased_lower/dct_dev.json
01/12/2023 02:46:29 Task dct
01/12/2023 02:46:29 ../bccwj_dataset/DCT/0/bert_cased_lower/dct_train.json
01/12/2023 02:46:29 ../bccwj_dataset/DCT/0/bert_cased_lower/dct_dev.json
01/12/2023 02:50:15 Task dct
01/12/2023 02:50:15 ../bccwj_dataset/DCT/0/bert_cased_lower/dct_train.json
01/12/2023 02:50:15 ../bccwj_dataset/DCT/0/bert_cased_lower/dct_dev.json
01/12/2023 02:53:25 Task dct
01/12/2023 02:53:25 ../bccwj_dataset/DCT/0/bert_cased_lower/dct_train.json
01/12/2023 02:53:28 ../bccwj_dataset/DCT/0/bert_cased_lower/dct_dev.json
01/12/2023 03:06:55 Task dct
01/12/2023 03:06:55 ../bccwj_dataset/DCT/0/bert_cased_lower/dct_train.json
01/12/2023 03:06:57 ../bccwj_dataset/DCT/0/bert_cased_lower/dct_dev.json
01/12/2023 03:07:21 Task dct
01/12/2023 03:07:21 ../bccwj_dataset/DCT/0/bert_cased_lower/dct_train.json
01/12/2023 03:07:24 ../bccwj_dataset/DCT/0/bert_cased_lower/dct_dev.json
01/12/2023 03:17:05 Task dct
01/12/2023 03:17:05 ../bccwj_dataset/DCT/0/bert_cased_lower/dct_train.json
01/12/2023 03:17:07 ../bccwj_dataset/DCT/0/bert_cased_lower/dct_dev.json
01/12/2023 03:39:47 Task dct
01/12/2023 03:39:47 ../bccwj_dataset/DCT/1/bert_cased_lower/dct_train.json
01/12/2023 03:39:49 ../bccwj_dataset/DCT/1/bert_cased_lower/dct_dev.json
01/12/2023 03:40:01 Task dct
01/12/2023 03:40:01 ../bccwj_dataset/DCT/2/bert_cased_lower/dct_train.json
01/12/2023 03:40:03 ../bccwj_dataset/DCT/2/bert_cased_lower/dct_dev.json
01/12/2023 03:40:15 Task dct
01/12/2023 03:40:15 ../bccwj_dataset/DCT/3/bert_cased_lower/dct_train.json
01/12/2023 03:40:17 ../bccwj_dataset/DCT/3/bert_cased_lower/dct_dev.json
01/12/2023 03:40:29 Task dct
01/12/2023 03:40:29 ../bccwj_dataset/DCT/4/bert_cased_lower/dct_train.json
01/12/2023 03:40:31 ../bccwj_dataset/DCT/4/bert_cased_lower/dct_dev.json
01/13/2023 03:21:20 Task sentiment
01/13/2023 03:21:20 sentiment_dataset/bert_cased_lower/sentiment_train.json
01/13/2023 03:21:21 sentiment_dataset/bert_cased_lower/sentiment_dev.json
01/13/2023 03:25:57 Task sentiment
01/13/2023 03:25:57 sentiment_dataset/bert_cased_lower/sentiment_train.json
01/13/2023 03:25:57 sentiment_dataset/bert_cased_lower/sentiment_dev.json
01/13/2023 03:26:56 Task sentiment
01/13/2023 03:26:56 sentiment_dataset/bert_cased_lower/sentiment_train.json
01/13/2023 03:26:56 sentiment_dataset/bert_cased_lower/sentiment_dev.json
01/13/2023 03:29:56 Task sentiment
01/13/2023 03:29:56 sentiment_dataset/bert_cased_lower/sentiment_train.json
01/13/2023 03:29:56 sentiment_dataset/bert_cased_lower/sentiment_dev.json
01/13/2023 03:31:44 Task sentiment
01/13/2023 03:31:44 sentiment_dataset/bert_cased_lower/sentiment_train.json
01/13/2023 03:31:44 sentiment_dataset/bert_cased_lower/sentiment_dev.json
01/13/2023 03:33:32 Task sentiment
01/13/2023 03:33:32 sentiment_dataset/bert_cased_lower/sentiment_train.json
01/13/2023 03:33:32 sentiment_dataset/bert_cased_lower/sentiment_dev.json
01/13/2023 03:34:16 Task sentiment
01/13/2023 03:34:16 sentiment_dataset/bert_cased_lower/sentiment_train.json
01/13/2023 03:34:17 sentiment_dataset/bert_cased_lower/sentiment_dev.json
01/13/2023 03:35:22 Task sentiment
01/13/2023 03:35:22 sentiment_dataset/bert_cased_lower/sentiment_train.json
01/13/2023 03:35:22 sentiment_dataset/bert_cased_lower/sentiment_dev.json
01/13/2023 03:36:44 Task sentiment
01/13/2023 03:36:44 sentiment_dataset/bert_cased_lower/sentiment_train.json
01/13/2023 03:36:44 sentiment_dataset/bert_cased_lower/sentiment_dev.json
01/13/2023 05:15:52 Task mctaco
01/13/2023 05:15:52 mctaco_dataset/roberta_cased_lower/mctaco_train.json
01/13/2023 05:15:54 mctaco_dataset/roberta_cased_lower/mctaco_dev.json
02/13/2023 04:52:47 Task genjitsukasou
02/13/2023 04:54:36 Task dvdppf
02/13/2023 04:54:36 dvd_hanashi/dvd_ppf_new/0/bert_cased_lower/dvdppf_train.json
02/13/2023 04:56:38 Task dvdppf
02/13/2023 04:56:38 dvd_hanashi/dvd_ppf_new/0/bert_cased_lower/dvdppf_train.json
02/13/2023 04:56:39 dvd_hanashi/dvd_ppf_new/0/bert_cased_lower/dvdppf_dev.json
02/13/2023 07:42:30 Task dvdppf
02/13/2023 07:42:30 dvd_hanashi/dvd_ppf_new/1/bert_cased_lower/dvdppf_train.json
02/13/2023 07:42:31 dvd_hanashi/dvd_ppf_new/1/bert_cased_lower/dvdppf_dev.json
02/13/2023 07:42:43 Task dvdppf
02/13/2023 07:42:43 dvd_hanashi/dvd_ppf_new/2/bert_cased_lower/dvdppf_train.json
02/13/2023 07:42:44 dvd_hanashi/dvd_ppf_new/2/bert_cased_lower/dvdppf_dev.json
02/13/2023 07:42:56 Task dvdppf
02/13/2023 07:42:56 dvd_hanashi/dvd_ppf_new/3/bert_cased_lower/dvdppf_train.json
02/13/2023 07:42:57 dvd_hanashi/dvd_ppf_new/3/bert_cased_lower/dvdppf_dev.json
02/13/2023 07:43:09 Task dvdppf
02/13/2023 07:43:10 dvd_hanashi/dvd_ppf_new/4/bert_cased_lower/dvdppf_train.json
02/13/2023 07:43:10 dvd_hanashi/dvd_ppf_new/4/bert_cased_lower/dvdppf_dev.json
02/13/2023 08:12:44 Task dvdduration
02/13/2023 08:12:44 dvd_hanashi/dvd_duration_new/0/bert_cased_lower/dvdduration_train.json
02/13/2023 08:12:44 dvd_hanashi/dvd_duration_new/0/bert_cased_lower/dvdduration_dev.json
02/13/2023 08:15:07 Task dvdduration
02/13/2023 08:15:07 dvd_hanashi/dvd_duration_new/1/bert_cased_lower/dvdduration_train.json
02/13/2023 08:15:07 dvd_hanashi/dvd_duration_new/1/bert_cased_lower/dvdduration_dev.json
02/13/2023 08:15:20 Task dvdduration
02/13/2023 08:15:20 dvd_hanashi/dvd_duration_new/2/bert_cased_lower/dvdduration_train.json
02/13/2023 08:15:21 dvd_hanashi/dvd_duration_new/2/bert_cased_lower/dvdduration_dev.json
02/13/2023 08:15:34 Task dvdduration
02/13/2023 08:15:34 dvd_hanashi/dvd_duration_new/3/bert_cased_lower/dvdduration_train.json
02/13/2023 08:15:35 dvd_hanashi/dvd_duration_new/3/bert_cased_lower/dvdduration_dev.json
02/13/2023 08:15:47 Task dvdduration
02/13/2023 08:15:47 dvd_hanashi/dvd_duration_new/4/bert_cased_lower/dvdduration_train.json
02/13/2023 08:15:48 dvd_hanashi/dvd_duration_new/4/bert_cased_lower/dvdduration_dev.json
02/14/2023 02:07:29 Task dvdorder
02/14/2023 02:07:30 dvd_hanashi/dvd_order_new/0/bert_cased_lower/dvdorder_train.json
02/14/2023 02:07:30 dvd_hanashi/dvd_order_new/0/bert_cased_lower/dvdorder_dev.json
02/14/2023 02:08:30 Task dvdorder
02/14/2023 02:08:30 dvd_hanashi/dvd_order_new/1/bert_cased_lower/dvdorder_train.json
02/14/2023 02:08:31 dvd_hanashi/dvd_order_new/1/bert_cased_lower/dvdorder_dev.json
02/14/2023 02:08:44 Task dvdorder
02/14/2023 02:08:44 dvd_hanashi/dvd_order_new/2/bert_cased_lower/dvdorder_train.json
02/14/2023 02:08:45 dvd_hanashi/dvd_order_new/2/bert_cased_lower/dvdorder_dev.json
02/14/2023 02:08:58 Task dvdorder
02/14/2023 02:08:58 dvd_hanashi/dvd_order_new/3/bert_cased_lower/dvdorder_train.json
02/14/2023 02:08:58 dvd_hanashi/dvd_order_new/3/bert_cased_lower/dvdorder_dev.json
02/14/2023 02:09:12 Task dvdorder
02/14/2023 02:09:12 dvd_hanashi/dvd_order_new/4/bert_cased_lower/dvdorder_train.json
02/14/2023 02:09:12 dvd_hanashi/dvd_order_new/4/bert_cased_lower/dvdorder_dev.json
02/14/2023 02:34:19 Task ppf
02/14/2023 02:34:39 Task ppf
02/14/2023 02:34:39 dvd_hanashi/ppf_new/0/bert_cased_lower/ppf_train.json
02/14/2023 02:34:40 dvd_hanashi/ppf_new/0/bert_cased_lower/ppf_dev.json
02/14/2023 02:35:58 Task ppf
02/14/2023 02:35:58 dvd_hanashi/ppf_new/1/bert_cased_lower/ppf_train.json
02/14/2023 02:35:59 dvd_hanashi/ppf_new/1/bert_cased_lower/ppf_dev.json
02/14/2023 02:36:14 Task ppf
02/14/2023 02:36:14 dvd_hanashi/ppf_new/2/bert_cased_lower/ppf_train.json
02/14/2023 02:36:14 dvd_hanashi/ppf_new/2/bert_cased_lower/ppf_dev.json
02/14/2023 02:36:27 Task ppf
02/14/2023 02:36:27 dvd_hanashi/ppf_new/3/bert_cased_lower/ppf_train.json
02/14/2023 02:36:28 dvd_hanashi/ppf_new/3/bert_cased_lower/ppf_dev.json
02/14/2023 02:36:41 Task ppf
02/14/2023 02:36:41 dvd_hanashi/ppf_new/4/bert_cased_lower/ppf_train.json
02/14/2023 02:36:42 dvd_hanashi/ppf_new/4/bert_cased_lower/ppf_dev.json
02/14/2023 03:06:24 Task ppf
02/14/2023 03:06:24 dvd_hanashi/hanashi_corpus/cross_validation/0/bert_cased_lower/ppf_train.json
02/14/2023 03:06:27 dvd_hanashi/hanashi_corpus/cross_validation/0/bert_cased_lower/ppf_dev.json
02/14/2023 03:06:40 Task ppf
02/14/2023 03:06:40 dvd_hanashi/hanashi_corpus/cross_validation/1/bert_cased_lower/ppf_train.json
02/14/2023 03:06:43 dvd_hanashi/hanashi_corpus/cross_validation/1/bert_cased_lower/ppf_dev.json
02/14/2023 03:06:56 Task ppf
02/14/2023 03:06:56 dvd_hanashi/hanashi_corpus/cross_validation/2/bert_cased_lower/ppf_train.json
02/14/2023 03:06:58 dvd_hanashi/hanashi_corpus/cross_validation/2/bert_cased_lower/ppf_dev.json
02/14/2023 03:07:16 Task ppf
02/14/2023 03:07:16 dvd_hanashi/hanashi_corpus/cross_validation/3/bert_cased_lower/ppf_train.json
02/14/2023 03:07:18 dvd_hanashi/hanashi_corpus/cross_validation/3/bert_cased_lower/ppf_dev.json
02/14/2023 03:07:34 Task ppf
02/14/2023 03:07:34 dvd_hanashi/hanashi_corpus/cross_validation/4/bert_cased_lower/ppf_train.json
02/14/2023 03:07:36 dvd_hanashi/hanashi_corpus/cross_validation/4/bert_cased_lower/ppf_dev.json
02/14/2023 04:45:42 Task hanashiduration
02/14/2023 04:45:42 dvd_hanashi/hanashi_duration/cross_validation/0/bert_cased_lower/hanashiduration_train.json
02/14/2023 04:45:44 dvd_hanashi/hanashi_duration/cross_validation/0/bert_cased_lower/hanashiduration_dev.json
02/14/2023 04:46:40 Task hanashiduration
02/14/2023 04:46:40 dvd_hanashi/hanashi_duration/cross_validation/1/bert_cased_lower/hanashiduration_train.json
02/14/2023 04:46:42 dvd_hanashi/hanashi_duration/cross_validation/1/bert_cased_lower/hanashiduration_dev.json
02/14/2023 04:46:55 Task hanashiduration
02/14/2023 04:46:55 dvd_hanashi/hanashi_duration/cross_validation/2/bert_cased_lower/hanashiduration_train.json
02/14/2023 04:46:57 dvd_hanashi/hanashi_duration/cross_validation/2/bert_cased_lower/hanashiduration_dev.json
02/14/2023 04:47:11 Task hanashiduration
02/14/2023 04:47:11 dvd_hanashi/hanashi_duration/cross_validation/3/bert_cased_lower/hanashiduration_train.json
02/14/2023 04:47:14 dvd_hanashi/hanashi_duration/cross_validation/3/bert_cased_lower/hanashiduration_dev.json
02/14/2023 04:47:40 Task hanashiduration
02/14/2023 04:47:40 dvd_hanashi/hanashi_duration/cross_validation/4/bert_cased_lower/hanashiduration_train.json
02/14/2023 04:47:43 dvd_hanashi/hanashi_duration/cross_validation/4/bert_cased_lower/hanashiduration_dev.json
02/14/2023 05:52:36 Task genjitsukasou
02/14/2023 05:52:36 dvd_hanashi/genjitsu_kasou/cross_validation/0/bert_cased_lower/genjitsukasou_train.json
02/14/2023 05:52:38 dvd_hanashi/genjitsu_kasou/cross_validation/0/bert_cased_lower/genjitsukasou_dev.json
02/14/2023 05:53:07 Task genjitsukasou
02/14/2023 05:53:07 dvd_hanashi/genjitsu_kasou/cross_validation/1/bert_cased_lower/genjitsukasou_train.json
02/14/2023 05:53:09 dvd_hanashi/genjitsu_kasou/cross_validation/1/bert_cased_lower/genjitsukasou_dev.json
02/14/2023 05:53:23 Task genjitsukasou
02/14/2023 05:53:23 dvd_hanashi/genjitsu_kasou/cross_validation/2/bert_cased_lower/genjitsukasou_train.json
02/14/2023 05:53:25 dvd_hanashi/genjitsu_kasou/cross_validation/2/bert_cased_lower/genjitsukasou_dev.json
02/14/2023 05:53:38 Task genjitsukasou
02/14/2023 05:53:38 dvd_hanashi/genjitsu_kasou/cross_validation/3/bert_cased_lower/genjitsukasou_train.json
02/14/2023 05:53:41 dvd_hanashi/genjitsu_kasou/cross_validation/3/bert_cased_lower/genjitsukasou_dev.json
02/14/2023 05:53:55 Task genjitsukasou
02/14/2023 05:53:55 dvd_hanashi/genjitsu_kasou/cross_validation/4/bert_cased_lower/genjitsukasou_train.json
02/14/2023 05:53:58 dvd_hanashi/genjitsu_kasou/cross_validation/4/bert_cased_lower/genjitsukasou_dev.json
02/17/2023 03:27:35 Task dvdppf
02/17/2023 03:27:35 dvd_hanashi/aug/dvd_ppf_new/0/bert_cased_lower/dvdppf_train.json
02/17/2023 03:27:37 dvd_hanashi/aug/dvd_ppf_new/0/bert_cased_lower/dvdppf_dev.json
02/17/2023 03:27:52 Task dvdppf
02/17/2023 03:27:52 dvd_hanashi/aug/dvd_ppf_new/1/bert_cased_lower/dvdppf_train.json
02/17/2023 03:27:53 dvd_hanashi/aug/dvd_ppf_new/1/bert_cased_lower/dvdppf_dev.json
02/17/2023 03:28:33 Task dvdppf
02/17/2023 03:28:33 dvd_hanashi/aug/dvd_ppf_new/2/bert_cased_lower/dvdppf_train.json
02/17/2023 03:28:34 dvd_hanashi/aug/dvd_ppf_new/2/bert_cased_lower/dvdppf_dev.json
02/17/2023 03:28:47 Task dvdppf
02/17/2023 03:28:47 dvd_hanashi/aug/dvd_ppf_new/3/bert_cased_lower/dvdppf_train.json
02/17/2023 03:28:48 dvd_hanashi/aug/dvd_ppf_new/3/bert_cased_lower/dvdppf_dev.json
02/17/2023 03:29:01 Task dvdppf
02/17/2023 03:29:01 dvd_hanashi/aug/dvd_ppf_new/4/bert_cased_lower/dvdppf_train.json
02/17/2023 03:29:02 dvd_hanashi/aug/dvd_ppf_new/4/bert_cased_lower/dvdppf_dev.json
02/17/2023 05:08:41 Task dvdduration
02/17/2023 05:08:41 dvd_hanashi/aug/dvd_duration_new/0/bert_cased_lower/dvdduration_train.json
02/17/2023 05:08:42 dvd_hanashi/aug/dvd_duration_new/0/bert_cased_lower/dvdduration_dev.json
02/17/2023 05:08:56 Task dvdduration
02/17/2023 05:08:56 dvd_hanashi/aug/dvd_duration_new/1/bert_cased_lower/dvdduration_train.json
02/17/2023 05:08:57 dvd_hanashi/aug/dvd_duration_new/1/bert_cased_lower/dvdduration_dev.json
02/17/2023 05:09:11 Task dvdduration
02/17/2023 05:09:11 dvd_hanashi/aug/dvd_duration_new/2/bert_cased_lower/dvdduration_train.json
02/17/2023 05:09:12 dvd_hanashi/aug/dvd_duration_new/2/bert_cased_lower/dvdduration_dev.json
02/17/2023 05:09:26 Task dvdduration
02/17/2023 05:09:26 dvd_hanashi/aug/dvd_duration_new/3/bert_cased_lower/dvdduration_train.json
02/17/2023 05:09:27 dvd_hanashi/aug/dvd_duration_new/3/bert_cased_lower/dvdduration_dev.json
02/17/2023 05:09:59 Task dvdduration
02/17/2023 05:09:59 dvd_hanashi/aug/dvd_duration_new/4/bert_cased_lower/dvdduration_train.json
02/17/2023 05:10:00 dvd_hanashi/aug/dvd_duration_new/4/bert_cased_lower/dvdduration_dev.json
02/20/2023 05:32:52 Task disc
02/20/2023 05:32:52 dvd_hanashi/disc_task/0/bert_cased_lower/disc_train.json
02/20/2023 05:32:56 dvd_hanashi/disc_task/0/bert_cased_lower/disc_dev.json
02/20/2023 05:32:57 Task genjitsukasou
02/20/2023 05:33:14 Task disc
02/20/2023 05:33:14 dvd_hanashi/disc_task/1/bert_cased_lower/disc_train.json
02/20/2023 05:33:18 dvd_hanashi/disc_task/1/bert_cased_lower/disc_dev.json
02/20/2023 05:33:18 Task genjitsukasou
02/20/2023 05:34:27 Task disc
02/20/2023 05:34:27 dvd_hanashi/disc_task/2/bert_cased_lower/disc_train.json
02/20/2023 05:34:31 dvd_hanashi/disc_task/2/bert_cased_lower/disc_dev.json
02/20/2023 05:34:31 Task genjitsukasou
02/20/2023 05:34:45 Task disc
02/20/2023 05:34:45 dvd_hanashi/disc_task/3/bert_cased_lower/disc_train.json
02/20/2023 05:34:49 dvd_hanashi/disc_task/3/bert_cased_lower/disc_dev.json
02/20/2023 05:34:50 Task genjitsukasou
02/20/2023 05:35:10 Task disc
02/20/2023 05:35:10 dvd_hanashi/disc_task/4/bert_cased_lower/disc_train.json
02/20/2023 05:35:13 dvd_hanashi/disc_task/4/bert_cased_lower/disc_dev.json
02/20/2023 05:35:14 Task genjitsukasou
