02/16/2023 06:14:14 0
02/16/2023 06:14:15 Launching the MT-DNN training
02/16/2023 06:14:15 Loading ../../../dvd_hanashi/dvd_hanashi_all/1/ppf_train.json as task 0
02/16/2023 06:14:15 Loading ../../../dvd_hanashi/dvd_hanashi_all/1/hanashiduration_train.json as task 1
02/16/2023 06:14:15 Loading ../../../dvd_hanashi/dvd_hanashi_all/1/genjitsukasou_train.json as task 2
02/16/2023 06:14:15 4,8,2
02/16/2023 06:14:15 ####################
02/16/2023 06:14:15 {'log_file': 'checkpoints/hanashi_all_1_adam_answer_opt0_gc0_ggc1_2023-02-16T0614/log.log', 'tensorboard': False, 'tensorboard_logdir': 'tensorboard_logdir', 'init_checkpoint': '../../../japanese_bert_new_/jap_bert.pt', 'data_dir': '../../../dvd_hanashi/dvd_hanashi_all/1/', 'data_sort_on': False, 'name': 'farmer', 'task_def': '../../../experiments/dvd_hanashi/dvd_hanashi_task_def.yml', 'train_datasets': ['ppf', 'hanashiduration', 'genjitsukasou'], 'test_datasets': ['ppf', 'hanashiduration', 'genjitsukasou'], 'update_bert_opt': 0, 'multi_gpu_on': True, 'mem_cum_type': 'simple', 'answer_num_turn': 5, 'answer_mem_drop_p': 0.1, 'answer_att_hidden_size': 128, 'answer_att_type': 'bilinear', 'answer_rnn_type': 'gru', 'answer_sum_att_type': 'bilinear', 'answer_merge_opt': 1, 'answer_mem_type': 1, 'answer_dropout_p': 0.1, 'answer_weight_norm_on': False, 'dump_state_on': False, 'answer_opt': [0, 0, 0], 'label_size': '4,8,2', 'mtl_opt': 0, 'ratio': 0, 'mix_opt': 0, 'max_seq_len': 512, 'init_ratio': 1, 'encoder_type': <EncoderModelType.BERT: 1>, 'cuda': True, 'log_per_updates': 500, 'save_per_updates': 10000, 'save_per_updates_on': False, 'epochs': 10, 'batch_size': 16, 'batch_size_eval': 8, 'optimizer': 'adam', 'grad_clipping': 0.0, 'global_grad_clipping': 1.0, 'weight_decay': 0, 'learning_rate': 1e-05, 'momentum': 0, 'warmup': 0.1, 'warmup_schedule': 'warmup_linear', 'adam_eps': 1e-06, 'vb_dropout': True, 'dropout_p': 0.1, 'dropout_w': 0.0, 'bert_dropout_p': 0.1, 'model_ckpt': 'checkpoints/model_0.pt', 'resume': False, 'ema_opt': 0, 'ema_gamma': 0.995, 'lookahead': False, 'lookahead_k': 5, 'lookahead_alpha': 0.5, 'have_lr_scheduler': True, 'multi_step_lr': '10,20,30', 'freeze_layers': -1, 'embedding_opt': 0, 'lr_gamma': 0.5, 'bert_l2norm': 0.0, 'scheduler_type': 'ms', 'output_dir': 'checkpoints/hanashi_all_1_adam_answer_opt0_gc0_ggc1_2023-02-16T0614', 'seed': 2018, 'grad_accumulation_step': 1, 'fp16': False, 'fp16_opt_level': 'O1', 'mean_teacher': False, 'mean_teacher_avg': 'exponential', 'mean_teacher_lambda': 1, 'mean_teacher_rampup': 4000, 'mean_teacher_alpha1': 0.99, 'mean_teacher_alpha2': 0.999, 'mt_kd_tau': 1, 'virtual_teacher': False, 'vat_eps': 0.001, 'vat_max_layer': -1, 'vat_opt': 0, 'vat_lambda': 1, 'vat_alpha': 1, 'vat_nosiy': 1e-05, 'use_noisycopy': False, 'noisycopy_eps': 0.01, 'use_advcopy': False, 'advcopy_eps': 0.01, 'vat_stable_eps': 1e-06, 'tasks_dropout_p': [0.1, 0.1, 0.1]}
02/16/2023 06:14:15 ####################
02/16/2023 06:14:15 ############# Gradient Accumulation Info #############
02/16/2023 06:14:15 number of step: 6450
02/16/2023 06:14:15 number of grad grad_accumulation step: 1
02/16/2023 06:14:15 adjusted number of step: 6450
02/16/2023 06:14:15 ############# Gradient Accumulation Info #############
02/16/2023 06:14:23 
############# Model Arch of MT-DNN #############
SANBertNetwork(
  (dropout_list): ModuleList(
    (0): DropoutWrapper()
    (1): DropoutWrapper()
    (2): DropoutWrapper()
  )
  (bert): BertModel(
    (embeddings): BertEmbeddings(
      (word_embeddings): Embedding(32006, 768)
      (position_embeddings): Embedding(512, 768)
      (token_type_embeddings): Embedding(2, 768)
      (LayerNorm): FusedLayerNorm(torch.Size([768]), eps=1e-12, elementwise_affine=True)
      (dropout): Dropout(p=0.1)
    )
    (encoder): BertEncoder(
      (layer): ModuleList(
        (0): BertLayer(
          (attention): BertAttention(
            (self): BertSelfAttention(
              (query): Linear(in_features=768, out_features=768, bias=True)
              (key): Linear(in_features=768, out_features=768, bias=True)
              (value): Linear(in_features=768, out_features=768, bias=True)
              (dropout): Dropout(p=0.1)
            )
            (output): BertSelfOutput(
              (dense): Linear(in_features=768, out_features=768, bias=True)
              (LayerNorm): FusedLayerNorm(torch.Size([768]), eps=1e-12, elementwise_affine=True)
              (dropout): Dropout(p=0.1)
            )
          )
          (intermediate): BertIntermediate(
            (dense): Linear(in_features=768, out_features=3072, bias=True)
          )
          (output): BertOutput(
            (dense): Linear(in_features=3072, out_features=768, bias=True)
            (LayerNorm): FusedLayerNorm(torch.Size([768]), eps=1e-12, elementwise_affine=True)
            (dropout): Dropout(p=0.1)
          )
        )
        (1): BertLayer(
          (attention): BertAttention(
            (self): BertSelfAttention(
              (query): Linear(in_features=768, out_features=768, bias=True)
              (key): Linear(in_features=768, out_features=768, bias=True)
              (value): Linear(in_features=768, out_features=768, bias=True)
              (dropout): Dropout(p=0.1)
            )
            (output): BertSelfOutput(
              (dense): Linear(in_features=768, out_features=768, bias=True)
              (LayerNorm): FusedLayerNorm(torch.Size([768]), eps=1e-12, elementwise_affine=True)
              (dropout): Dropout(p=0.1)
            )
          )
          (intermediate): BertIntermediate(
            (dense): Linear(in_features=768, out_features=3072, bias=True)
          )
          (output): BertOutput(
            (dense): Linear(in_features=3072, out_features=768, bias=True)
            (LayerNorm): FusedLayerNorm(torch.Size([768]), eps=1e-12, elementwise_affine=True)
            (dropout): Dropout(p=0.1)
          )
        )
        (2): BertLayer(
          (attention): BertAttention(
            (self): BertSelfAttention(
              (query): Linear(in_features=768, out_features=768, bias=True)
              (key): Linear(in_features=768, out_features=768, bias=True)
              (value): Linear(in_features=768, out_features=768, bias=True)
              (dropout): Dropout(p=0.1)
            )
            (output): BertSelfOutput(
              (dense): Linear(in_features=768, out_features=768, bias=True)
              (LayerNorm): FusedLayerNorm(torch.Size([768]), eps=1e-12, elementwise_affine=True)
              (dropout): Dropout(p=0.1)
            )
          )
          (intermediate): BertIntermediate(
            (dense): Linear(in_features=768, out_features=3072, bias=True)
          )
          (output): BertOutput(
            (dense): Linear(in_features=3072, out_features=768, bias=True)
            (LayerNorm): FusedLayerNorm(torch.Size([768]), eps=1e-12, elementwise_affine=True)
            (dropout): Dropout(p=0.1)
          )
        )
        (3): BertLayer(
          (attention): BertAttention(
            (self): BertSelfAttention(
              (query): Linear(in_features=768, out_features=768, bias=True)
              (key): Linear(in_features=768, out_features=768, bias=True)
              (value): Linear(in_features=768, out_features=768, bias=True)
              (dropout): Dropout(p=0.1)
            )
            (output): BertSelfOutput(
              (dense): Linear(in_features=768, out_features=768, bias=True)
              (LayerNorm): FusedLayerNorm(torch.Size([768]), eps=1e-12, elementwise_affine=True)
              (dropout): Dropout(p=0.1)
            )
          )
          (intermediate): BertIntermediate(
            (dense): Linear(in_features=768, out_features=3072, bias=True)
          )
          (output): BertOutput(
            (dense): Linear(in_features=3072, out_features=768, bias=True)
            (LayerNorm): FusedLayerNorm(torch.Size([768]), eps=1e-12, elementwise_affine=True)
            (dropout): Dropout(p=0.1)
          )
        )
        (4): BertLayer(
          (attention): BertAttention(
            (self): BertSelfAttention(
              (query): Linear(in_features=768, out_features=768, bias=True)
              (key): Linear(in_features=768, out_features=768, bias=True)
              (value): Linear(in_features=768, out_features=768, bias=True)
              (dropout): Dropout(p=0.1)
            )
            (output): BertSelfOutput(
              (dense): Linear(in_features=768, out_features=768, bias=True)
              (LayerNorm): FusedLayerNorm(torch.Size([768]), eps=1e-12, elementwise_affine=True)
              (dropout): Dropout(p=0.1)
            )
          )
          (intermediate): BertIntermediate(
            (dense): Linear(in_features=768, out_features=3072, bias=True)
          )
          (output): BertOutput(
            (dense): Linear(in_features=3072, out_features=768, bias=True)
            (LayerNorm): FusedLayerNorm(torch.Size([768]), eps=1e-12, elementwise_affine=True)
            (dropout): Dropout(p=0.1)
          )
        )
        (5): BertLayer(
          (attention): BertAttention(
            (self): BertSelfAttention(
              (query): Linear(in_features=768, out_features=768, bias=True)
              (key): Linear(in_features=768, out_features=768, bias=True)
              (value): Linear(in_features=768, out_features=768, bias=True)
              (dropout): Dropout(p=0.1)
            )
            (output): BertSelfOutput(
              (dense): Linear(in_features=768, out_features=768, bias=True)
              (LayerNorm): FusedLayerNorm(torch.Size([768]), eps=1e-12, elementwise_affine=True)
              (dropout): Dropout(p=0.1)
            )
          )
          (intermediate): BertIntermediate(
            (dense): Linear(in_features=768, out_features=3072, bias=True)
          )
          (output): BertOutput(
            (dense): Linear(in_features=3072, out_features=768, bias=True)
            (LayerNorm): FusedLayerNorm(torch.Size([768]), eps=1e-12, elementwise_affine=True)
            (dropout): Dropout(p=0.1)
          )
        )
        (6): BertLayer(
          (attention): BertAttention(
            (self): BertSelfAttention(
              (query): Linear(in_features=768, out_features=768, bias=True)
              (key): Linear(in_features=768, out_features=768, bias=True)
              (value): Linear(in_features=768, out_features=768, bias=True)
              (dropout): Dropout(p=0.1)
            )
            (output): BertSelfOutput(
              (dense): Linear(in_features=768, out_features=768, bias=True)
              (LayerNorm): FusedLayerNorm(torch.Size([768]), eps=1e-12, elementwise_affine=True)
              (dropout): Dropout(p=0.1)
            )
          )
          (intermediate): BertIntermediate(
            (dense): Linear(in_features=768, out_features=3072, bias=True)
          )
          (output): BertOutput(
            (dense): Linear(in_features=3072, out_features=768, bias=True)
            (LayerNorm): FusedLayerNorm(torch.Size([768]), eps=1e-12, elementwise_affine=True)
            (dropout): Dropout(p=0.1)
          )
        )
        (7): BertLayer(
          (attention): BertAttention(
            (self): BertSelfAttention(
              (query): Linear(in_features=768, out_features=768, bias=True)
              (key): Linear(in_features=768, out_features=768, bias=True)
              (value): Linear(in_features=768, out_features=768, bias=True)
              (dropout): Dropout(p=0.1)
            )
            (output): BertSelfOutput(
              (dense): Linear(in_features=768, out_features=768, bias=True)
              (LayerNorm): FusedLayerNorm(torch.Size([768]), eps=1e-12, elementwise_affine=True)
              (dropout): Dropout(p=0.1)
            )
          )
          (intermediate): BertIntermediate(
            (dense): Linear(in_features=768, out_features=3072, bias=True)
          )
          (output): BertOutput(
            (dense): Linear(in_features=3072, out_features=768, bias=True)
            (LayerNorm): FusedLayerNorm(torch.Size([768]), eps=1e-12, elementwise_affine=True)
            (dropout): Dropout(p=0.1)
          )
        )
        (8): BertLayer(
          (attention): BertAttention(
            (self): BertSelfAttention(
              (query): Linear(in_features=768, out_features=768, bias=True)
              (key): Linear(in_features=768, out_features=768, bias=True)
              (value): Linear(in_features=768, out_features=768, bias=True)
              (dropout): Dropout(p=0.1)
            )
            (output): BertSelfOutput(
              (dense): Linear(in_features=768, out_features=768, bias=True)
              (LayerNorm): FusedLayerNorm(torch.Size([768]), eps=1e-12, elementwise_affine=True)
              (dropout): Dropout(p=0.1)
            )
          )
          (intermediate): BertIntermediate(
            (dense): Linear(in_features=768, out_features=3072, bias=True)
          )
          (output): BertOutput(
            (dense): Linear(in_features=3072, out_features=768, bias=True)
            (LayerNorm): FusedLayerNorm(torch.Size([768]), eps=1e-12, elementwise_affine=True)
            (dropout): Dropout(p=0.1)
          )
        )
        (9): BertLayer(
          (attention): BertAttention(
            (self): BertSelfAttention(
              (query): Linear(in_features=768, out_features=768, bias=True)
              (key): Linear(in_features=768, out_features=768, bias=True)
              (value): Linear(in_features=768, out_features=768, bias=True)
              (dropout): Dropout(p=0.1)
            )
            (output): BertSelfOutput(
              (dense): Linear(in_features=768, out_features=768, bias=True)
              (LayerNorm): FusedLayerNorm(torch.Size([768]), eps=1e-12, elementwise_affine=True)
              (dropout): Dropout(p=0.1)
            )
          )
          (intermediate): BertIntermediate(
            (dense): Linear(in_features=768, out_features=3072, bias=True)
          )
          (output): BertOutput(
            (dense): Linear(in_features=3072, out_features=768, bias=True)
            (LayerNorm): FusedLayerNorm(torch.Size([768]), eps=1e-12, elementwise_affine=True)
            (dropout): Dropout(p=0.1)
          )
        )
        (10): BertLayer(
          (attention): BertAttention(
            (self): BertSelfAttention(
              (query): Linear(in_features=768, out_features=768, bias=True)
              (key): Linear(in_features=768, out_features=768, bias=True)
              (value): Linear(in_features=768, out_features=768, bias=True)
              (dropout): Dropout(p=0.1)
            )
            (output): BertSelfOutput(
              (dense): Linear(in_features=768, out_features=768, bias=True)
              (LayerNorm): FusedLayerNorm(torch.Size([768]), eps=1e-12, elementwise_affine=True)
              (dropout): Dropout(p=0.1)
            )
          )
          (intermediate): BertIntermediate(
            (dense): Linear(in_features=768, out_features=3072, bias=True)
          )
          (output): BertOutput(
            (dense): Linear(in_features=3072, out_features=768, bias=True)
            (LayerNorm): FusedLayerNorm(torch.Size([768]), eps=1e-12, elementwise_affine=True)
            (dropout): Dropout(p=0.1)
          )
        )
        (11): BertLayer(
          (attention): BertAttention(
            (self): BertSelfAttention(
              (query): Linear(in_features=768, out_features=768, bias=True)
              (key): Linear(in_features=768, out_features=768, bias=True)
              (value): Linear(in_features=768, out_features=768, bias=True)
              (dropout): Dropout(p=0.1)
            )
            (output): BertSelfOutput(
              (dense): Linear(in_features=768, out_features=768, bias=True)
              (LayerNorm): FusedLayerNorm(torch.Size([768]), eps=1e-12, elementwise_affine=True)
              (dropout): Dropout(p=0.1)
            )
          )
          (intermediate): BertIntermediate(
            (dense): Linear(in_features=768, out_features=3072, bias=True)
          )
          (output): BertOutput(
            (dense): Linear(in_features=3072, out_features=768, bias=True)
            (LayerNorm): FusedLayerNorm(torch.Size([768]), eps=1e-12, elementwise_affine=True)
            (dropout): Dropout(p=0.1)
          )
        )
      )
    )
    (pooler): BertPooler(
      (dense): Linear(in_features=768, out_features=768, bias=True)
      (activation): Tanh()
    )
  )
  (scoring_list): ModuleList(
    (0): Linear(in_features=768, out_features=4, bias=True)
    (1): Linear(in_features=768, out_features=8, bias=True)
    (2): Linear(in_features=768, out_features=2, bias=True)
  )
)

02/16/2023 06:14:23 Total number of params: 110632718
02/16/2023 06:14:23 At epoch 0
02/16/2023 06:14:23 Task [ 1] updates[     1] train loss[2.15210] remaining[0:06:11]
02/16/2023 06:16:39 Task [ 2] updates[   500] train loss[1.08293] remaining[0:00:39]
02/16/2023 06:17:20 Task ppf -- epoch 0 -- Dev ACC: 57.721
02/16/2023 06:17:20 Task ppf -- epoch 0 -- Dev F1: 45.079
02/16/2023 06:17:23 Task hanashiduration -- epoch 0 -- Dev ACC: 47.672
02/16/2023 06:17:23 Task hanashiduration -- epoch 0 -- Dev F1: 13.059
02/16/2023 06:17:25 Task genjitsukasou -- epoch 0 -- Dev ACC: 90.330
02/16/2023 06:17:25 Task genjitsukasou -- epoch 0 -- Dev F1: 47.460
02/16/2023 06:17:25 At epoch 1
02/16/2023 06:19:01 Task [ 0] updates[  1000] train loss[1.00231] remaining[0:01:18]
02/16/2023 06:20:22 Task ppf -- epoch 1 -- Dev ACC: 51.471
02/16/2023 06:20:22 Task ppf -- epoch 1 -- Dev F1: 37.240
02/16/2023 06:20:24 Task hanashiduration -- epoch 1 -- Dev ACC: 43.382
02/16/2023 06:20:24 Task hanashiduration -- epoch 1 -- Dev F1: 11.897
02/16/2023 06:20:27 Task genjitsukasou -- epoch 1 -- Dev ACC: 90.575
02/16/2023 06:20:27 Task genjitsukasou -- epoch 1 -- Dev F1: 53.258
02/16/2023 06:20:27 At epoch 2
02/16/2023 06:21:24 Task [ 0] updates[  1500] train loss[0.94102] remaining[0:01:58]
02/16/2023 06:23:22 Task ppf -- epoch 2 -- Dev ACC: 56.740
02/16/2023 06:23:22 Task ppf -- epoch 2 -- Dev F1: 42.655
02/16/2023 06:23:25 Task hanashiduration -- epoch 2 -- Dev ACC: 47.181
02/16/2023 06:23:25 Task hanashiduration -- epoch 2 -- Dev F1: 14.766
02/16/2023 06:23:27 Task genjitsukasou -- epoch 2 -- Dev ACC: 89.474
02/16/2023 06:23:27 Task genjitsukasou -- epoch 2 -- Dev F1: 55.036
02/16/2023 06:23:27 At epoch 3
02/16/2023 06:23:45 Task [ 2] updates[  2000] train loss[0.87606] remaining[0:02:34]
02/16/2023 06:26:00 Task [ 0] updates[  2500] train loss[0.82122] remaining[0:00:21]
02/16/2023 06:26:24 Task ppf -- epoch 3 -- Dev ACC: 54.657
02/16/2023 06:26:24 Task ppf -- epoch 3 -- Dev F1: 38.957
02/16/2023 06:26:26 Task hanashiduration -- epoch 3 -- Dev ACC: 41.789
02/16/2023 06:26:26 Task hanashiduration -- epoch 3 -- Dev F1: 12.834
02/16/2023 06:26:29 Task genjitsukasou -- epoch 3 -- Dev ACC: 90.086
02/16/2023 06:26:29 Task genjitsukasou -- epoch 3 -- Dev F1: 52.870
02/16/2023 06:26:29 At epoch 4
02/16/2023 06:28:22 Task [ 2] updates[  3000] train loss[0.77157] remaining[0:01:00]
02/16/2023 06:29:25 Task ppf -- epoch 4 -- Dev ACC: 55.882
02/16/2023 06:29:25 Task ppf -- epoch 4 -- Dev F1: 41.032
02/16/2023 06:29:28 Task hanashiduration -- epoch 4 -- Dev ACC: 41.544
02/16/2023 06:29:28 Task hanashiduration -- epoch 4 -- Dev F1: 15.178
02/16/2023 06:29:30 Task genjitsukasou -- epoch 4 -- Dev ACC: 89.841
02/16/2023 06:29:30 Task genjitsukasou -- epoch 4 -- Dev F1: 49.616
02/16/2023 06:29:30 At epoch 5
02/16/2023 06:30:43 Task [ 1] updates[  3500] train loss[0.72888] remaining[0:01:38]
02/16/2023 06:32:26 Task ppf -- epoch 5 -- Dev ACC: 55.882
02/16/2023 06:32:26 Task ppf -- epoch 5 -- Dev F1: 44.376
02/16/2023 06:32:29 Task hanashiduration -- epoch 5 -- Dev ACC: 38.603
02/16/2023 06:32:29 Task hanashiduration -- epoch 5 -- Dev F1: 15.323
02/16/2023 06:32:31 Task genjitsukasou -- epoch 5 -- Dev ACC: 87.638
02/16/2023 06:32:31 Task genjitsukasou -- epoch 5 -- Dev F1: 55.601
02/16/2023 06:32:31 At epoch 6
02/16/2023 06:33:06 Task [ 1] updates[  4000] train loss[0.69339] remaining[0:02:18]
02/16/2023 06:35:21 Task [ 1] updates[  4500] train loss[0.65973] remaining[0:00:04]
02/16/2023 06:35:27 Task ppf -- epoch 6 -- Dev ACC: 54.902
02/16/2023 06:35:27 Task ppf -- epoch 6 -- Dev F1: 41.453
02/16/2023 06:35:30 Task hanashiduration -- epoch 6 -- Dev ACC: 40.931
02/16/2023 06:35:30 Task hanashiduration -- epoch 6 -- Dev F1: 13.895
02/16/2023 06:35:32 Task genjitsukasou -- epoch 6 -- Dev ACC: 89.596
02/16/2023 06:35:32 Task genjitsukasou -- epoch 6 -- Dev F1: 51.543
02/16/2023 06:35:32 At epoch 7
02/16/2023 06:37:44 Task [ 1] updates[  5000] train loss[0.62833] remaining[0:00:43]
02/16/2023 06:38:29 Task ppf -- epoch 7 -- Dev ACC: 55.025
02/16/2023 06:38:29 Task ppf -- epoch 7 -- Dev F1: 41.815
02/16/2023 06:38:31 Task hanashiduration -- epoch 7 -- Dev ACC: 36.887
02/16/2023 06:38:31 Task hanashiduration -- epoch 7 -- Dev F1: 15.446
02/16/2023 06:38:34 Task genjitsukasou -- epoch 7 -- Dev ACC: 89.229
02/16/2023 06:38:34 Task genjitsukasou -- epoch 7 -- Dev F1: 52.237
02/16/2023 06:38:34 At epoch 8
02/16/2023 06:40:06 Task [ 2] updates[  5500] train loss[0.60244] remaining[0:01:23]
02/16/2023 06:41:30 Task ppf -- epoch 8 -- Dev ACC: 54.779
02/16/2023 06:41:30 Task ppf -- epoch 8 -- Dev F1: 41.725
02/16/2023 06:41:33 Task hanashiduration -- epoch 8 -- Dev ACC: 38.603
02/16/2023 06:41:33 Task hanashiduration -- epoch 8 -- Dev F1: 15.526
02/16/2023 06:41:35 Task genjitsukasou -- epoch 8 -- Dev ACC: 89.106
02/16/2023 06:41:35 Task genjitsukasou -- epoch 8 -- Dev F1: 52.151
02/16/2023 06:41:35 At epoch 9
02/16/2023 06:42:27 Task [ 1] updates[  6000] train loss[0.57892] remaining[0:02:00]
02/16/2023 06:44:31 Task ppf -- epoch 9 -- Dev ACC: 54.902
02/16/2023 06:44:31 Task ppf -- epoch 9 -- Dev F1: 43.265
02/16/2023 06:44:34 Task hanashiduration -- epoch 9 -- Dev ACC: 39.093
02/16/2023 06:44:34 Task hanashiduration -- epoch 9 -- Dev F1: 16.209
02/16/2023 06:44:36 Task genjitsukasou -- epoch 9 -- Dev ACC: 88.862
02/16/2023 06:44:36 Task genjitsukasou -- epoch 9 -- Dev F1: 53.691
