02/14/2023 06:58:09 0
02/14/2023 06:58:56 0
02/14/2023 06:58:56 Launching the MT-DNN training
02/14/2023 06:58:56 Loading ../../../dvd_hanashi/dvd_hanashi_all/0/dvdppf_train.json as task 0
02/14/2023 06:58:56 Loading ../../../dvd_hanashi/dvd_hanashi_all/0/dvdduration_train.json as task 1
02/14/2023 06:58:56 Loading ../../../dvd_hanashi/dvd_hanashi_all/0/dvdorder_train.json as task 2
02/14/2023 06:58:56 4,5,6
02/14/2023 06:58:56 ####################
02/14/2023 06:58:56 {'log_file': 'checkpoints/dvd_all_0_adam_answer_opt0_gc0_ggc1_2023-02-14T0658/log.log', 'tensorboard': False, 'tensorboard_logdir': 'tensorboard_logdir', 'init_checkpoint': '../../../japanese_bert_new_/jap_bert.pt', 'data_dir': '../../../dvd_hanashi/dvd_hanashi_all/0/', 'data_sort_on': False, 'name': 'farmer', 'task_def': '../../../experiments/dvd_hanashi/dvd_hanashi_task_def.yml', 'train_datasets': ['dvdppf', 'dvdduration', 'dvdorder'], 'test_datasets': ['dvdppf', 'dvdduration', 'dvdorder'], 'update_bert_opt': 0, 'multi_gpu_on': True, 'mem_cum_type': 'simple', 'answer_num_turn': 5, 'answer_mem_drop_p': 0.1, 'answer_att_hidden_size': 128, 'answer_att_type': 'bilinear', 'answer_rnn_type': 'gru', 'answer_sum_att_type': 'bilinear', 'answer_merge_opt': 1, 'answer_mem_type': 1, 'answer_dropout_p': 0.1, 'answer_weight_norm_on': False, 'dump_state_on': False, 'answer_opt': [0, 0, 0], 'label_size': '4,5,6', 'mtl_opt': 0, 'ratio': 0, 'mix_opt': 0, 'max_seq_len': 512, 'init_ratio': 1, 'encoder_type': <EncoderModelType.BERT: 1>, 'cuda': True, 'log_per_updates': 500, 'save_per_updates': 10000, 'save_per_updates_on': False, 'epochs': 10, 'batch_size': 16, 'batch_size_eval': 8, 'optimizer': 'adam', 'grad_clipping': 0.0, 'global_grad_clipping': 1.0, 'weight_decay': 0, 'learning_rate': 1e-05, 'momentum': 0, 'warmup': 0.1, 'warmup_schedule': 'warmup_linear', 'adam_eps': 1e-06, 'vb_dropout': True, 'dropout_p': 0.1, 'dropout_w': 0.0, 'bert_dropout_p': 0.1, 'model_ckpt': 'checkpoints/model_0.pt', 'resume': False, 'ema_opt': 0, 'ema_gamma': 0.995, 'lookahead': False, 'lookahead_k': 5, 'lookahead_alpha': 0.5, 'have_lr_scheduler': True, 'multi_step_lr': '10,20,30', 'freeze_layers': -1, 'embedding_opt': 0, 'lr_gamma': 0.5, 'bert_l2norm': 0.0, 'scheduler_type': 'ms', 'output_dir': 'checkpoints/dvd_all_0_adam_answer_opt0_gc0_ggc1_2023-02-14T0658', 'seed': 2018, 'grad_accumulation_step': 1, 'fp16': False, 'fp16_opt_level': 'O1', 'mean_teacher': False, 'mean_teacher_avg': 'exponential', 'mean_teacher_lambda': 1, 'mean_teacher_rampup': 4000, 'mean_teacher_alpha1': 0.99, 'mean_teacher_alpha2': 0.999, 'mt_kd_tau': 1, 'virtual_teacher': False, 'vat_eps': 0.001, 'vat_max_layer': -1, 'vat_opt': 0, 'vat_lambda': 1, 'vat_alpha': 1, 'vat_nosiy': 1e-05, 'use_noisycopy': False, 'noisycopy_eps': 0.01, 'use_advcopy': False, 'advcopy_eps': 0.01, 'vat_stable_eps': 1e-06, 'tasks_dropout_p': [0.1, 0.1, 0.1]}
02/14/2023 06:58:56 ####################
02/14/2023 06:58:56 ############# Gradient Accumulation Info #############
02/14/2023 06:58:56 number of step: 2060
02/14/2023 06:58:56 number of grad grad_accumulation step: 1
02/14/2023 06:58:56 adjusted number of step: 2060
02/14/2023 06:58:56 ############# Gradient Accumulation Info #############
02/14/2023 06:59:03 
############# Model Arch of MT-DNN #############
SANBertNetwork(
  (dropout_list): ModuleList(
    (0): DropoutWrapper()
    (1): DropoutWrapper()
    (2): DropoutWrapper()
  )
  (bert): BertModel(
    (embeddings): BertEmbeddings(
      (word_embeddings): Embedding(32006, 768)
      (position_embeddings): Embedding(512, 768)
      (token_type_embeddings): Embedding(2, 768)
      (LayerNorm): FusedLayerNorm(torch.Size([768]), eps=1e-12, elementwise_affine=True)
      (dropout): Dropout(p=0.1)
    )
    (encoder): BertEncoder(
      (layer): ModuleList(
        (0): BertLayer(
          (attention): BertAttention(
            (self): BertSelfAttention(
              (query): Linear(in_features=768, out_features=768, bias=True)
              (key): Linear(in_features=768, out_features=768, bias=True)
              (value): Linear(in_features=768, out_features=768, bias=True)
              (dropout): Dropout(p=0.1)
            )
            (output): BertSelfOutput(
              (dense): Linear(in_features=768, out_features=768, bias=True)
              (LayerNorm): FusedLayerNorm(torch.Size([768]), eps=1e-12, elementwise_affine=True)
              (dropout): Dropout(p=0.1)
            )
          )
          (intermediate): BertIntermediate(
            (dense): Linear(in_features=768, out_features=3072, bias=True)
          )
          (output): BertOutput(
            (dense): Linear(in_features=3072, out_features=768, bias=True)
            (LayerNorm): FusedLayerNorm(torch.Size([768]), eps=1e-12, elementwise_affine=True)
            (dropout): Dropout(p=0.1)
          )
        )
        (1): BertLayer(
          (attention): BertAttention(
            (self): BertSelfAttention(
              (query): Linear(in_features=768, out_features=768, bias=True)
              (key): Linear(in_features=768, out_features=768, bias=True)
              (value): Linear(in_features=768, out_features=768, bias=True)
              (dropout): Dropout(p=0.1)
            )
            (output): BertSelfOutput(
              (dense): Linear(in_features=768, out_features=768, bias=True)
              (LayerNorm): FusedLayerNorm(torch.Size([768]), eps=1e-12, elementwise_affine=True)
              (dropout): Dropout(p=0.1)
            )
          )
          (intermediate): BertIntermediate(
            (dense): Linear(in_features=768, out_features=3072, bias=True)
          )
          (output): BertOutput(
            (dense): Linear(in_features=3072, out_features=768, bias=True)
            (LayerNorm): FusedLayerNorm(torch.Size([768]), eps=1e-12, elementwise_affine=True)
            (dropout): Dropout(p=0.1)
          )
        )
        (2): BertLayer(
          (attention): BertAttention(
            (self): BertSelfAttention(
              (query): Linear(in_features=768, out_features=768, bias=True)
              (key): Linear(in_features=768, out_features=768, bias=True)
              (value): Linear(in_features=768, out_features=768, bias=True)
              (dropout): Dropout(p=0.1)
            )
            (output): BertSelfOutput(
              (dense): Linear(in_features=768, out_features=768, bias=True)
              (LayerNorm): FusedLayerNorm(torch.Size([768]), eps=1e-12, elementwise_affine=True)
              (dropout): Dropout(p=0.1)
            )
          )
          (intermediate): BertIntermediate(
            (dense): Linear(in_features=768, out_features=3072, bias=True)
          )
          (output): BertOutput(
            (dense): Linear(in_features=3072, out_features=768, bias=True)
            (LayerNorm): FusedLayerNorm(torch.Size([768]), eps=1e-12, elementwise_affine=True)
            (dropout): Dropout(p=0.1)
          )
        )
        (3): BertLayer(
          (attention): BertAttention(
            (self): BertSelfAttention(
              (query): Linear(in_features=768, out_features=768, bias=True)
              (key): Linear(in_features=768, out_features=768, bias=True)
              (value): Linear(in_features=768, out_features=768, bias=True)
              (dropout): Dropout(p=0.1)
            )
            (output): BertSelfOutput(
              (dense): Linear(in_features=768, out_features=768, bias=True)
              (LayerNorm): FusedLayerNorm(torch.Size([768]), eps=1e-12, elementwise_affine=True)
              (dropout): Dropout(p=0.1)
            )
          )
          (intermediate): BertIntermediate(
            (dense): Linear(in_features=768, out_features=3072, bias=True)
          )
          (output): BertOutput(
            (dense): Linear(in_features=3072, out_features=768, bias=True)
            (LayerNorm): FusedLayerNorm(torch.Size([768]), eps=1e-12, elementwise_affine=True)
            (dropout): Dropout(p=0.1)
          )
        )
        (4): BertLayer(
          (attention): BertAttention(
            (self): BertSelfAttention(
              (query): Linear(in_features=768, out_features=768, bias=True)
              (key): Linear(in_features=768, out_features=768, bias=True)
              (value): Linear(in_features=768, out_features=768, bias=True)
              (dropout): Dropout(p=0.1)
            )
            (output): BertSelfOutput(
              (dense): Linear(in_features=768, out_features=768, bias=True)
              (LayerNorm): FusedLayerNorm(torch.Size([768]), eps=1e-12, elementwise_affine=True)
              (dropout): Dropout(p=0.1)
            )
          )
          (intermediate): BertIntermediate(
            (dense): Linear(in_features=768, out_features=3072, bias=True)
          )
          (output): BertOutput(
            (dense): Linear(in_features=3072, out_features=768, bias=True)
            (LayerNorm): FusedLayerNorm(torch.Size([768]), eps=1e-12, elementwise_affine=True)
            (dropout): Dropout(p=0.1)
          )
        )
        (5): BertLayer(
          (attention): BertAttention(
            (self): BertSelfAttention(
              (query): Linear(in_features=768, out_features=768, bias=True)
              (key): Linear(in_features=768, out_features=768, bias=True)
              (value): Linear(in_features=768, out_features=768, bias=True)
              (dropout): Dropout(p=0.1)
            )
            (output): BertSelfOutput(
              (dense): Linear(in_features=768, out_features=768, bias=True)
              (LayerNorm): FusedLayerNorm(torch.Size([768]), eps=1e-12, elementwise_affine=True)
              (dropout): Dropout(p=0.1)
            )
          )
          (intermediate): BertIntermediate(
            (dense): Linear(in_features=768, out_features=3072, bias=True)
          )
          (output): BertOutput(
            (dense): Linear(in_features=3072, out_features=768, bias=True)
            (LayerNorm): FusedLayerNorm(torch.Size([768]), eps=1e-12, elementwise_affine=True)
            (dropout): Dropout(p=0.1)
          )
        )
        (6): BertLayer(
          (attention): BertAttention(
            (self): BertSelfAttention(
              (query): Linear(in_features=768, out_features=768, bias=True)
              (key): Linear(in_features=768, out_features=768, bias=True)
              (value): Linear(in_features=768, out_features=768, bias=True)
              (dropout): Dropout(p=0.1)
            )
            (output): BertSelfOutput(
              (dense): Linear(in_features=768, out_features=768, bias=True)
              (LayerNorm): FusedLayerNorm(torch.Size([768]), eps=1e-12, elementwise_affine=True)
              (dropout): Dropout(p=0.1)
            )
          )
          (intermediate): BertIntermediate(
            (dense): Linear(in_features=768, out_features=3072, bias=True)
          )
          (output): BertOutput(
            (dense): Linear(in_features=3072, out_features=768, bias=True)
            (LayerNorm): FusedLayerNorm(torch.Size([768]), eps=1e-12, elementwise_affine=True)
            (dropout): Dropout(p=0.1)
          )
        )
        (7): BertLayer(
          (attention): BertAttention(
            (self): BertSelfAttention(
              (query): Linear(in_features=768, out_features=768, bias=True)
              (key): Linear(in_features=768, out_features=768, bias=True)
              (value): Linear(in_features=768, out_features=768, bias=True)
              (dropout): Dropout(p=0.1)
            )
            (output): BertSelfOutput(
              (dense): Linear(in_features=768, out_features=768, bias=True)
              (LayerNorm): FusedLayerNorm(torch.Size([768]), eps=1e-12, elementwise_affine=True)
              (dropout): Dropout(p=0.1)
            )
          )
          (intermediate): BertIntermediate(
            (dense): Linear(in_features=768, out_features=3072, bias=True)
          )
          (output): BertOutput(
            (dense): Linear(in_features=3072, out_features=768, bias=True)
            (LayerNorm): FusedLayerNorm(torch.Size([768]), eps=1e-12, elementwise_affine=True)
            (dropout): Dropout(p=0.1)
          )
        )
        (8): BertLayer(
          (attention): BertAttention(
            (self): BertSelfAttention(
              (query): Linear(in_features=768, out_features=768, bias=True)
              (key): Linear(in_features=768, out_features=768, bias=True)
              (value): Linear(in_features=768, out_features=768, bias=True)
              (dropout): Dropout(p=0.1)
            )
            (output): BertSelfOutput(
              (dense): Linear(in_features=768, out_features=768, bias=True)
              (LayerNorm): FusedLayerNorm(torch.Size([768]), eps=1e-12, elementwise_affine=True)
              (dropout): Dropout(p=0.1)
            )
          )
          (intermediate): BertIntermediate(
            (dense): Linear(in_features=768, out_features=3072, bias=True)
          )
          (output): BertOutput(
            (dense): Linear(in_features=3072, out_features=768, bias=True)
            (LayerNorm): FusedLayerNorm(torch.Size([768]), eps=1e-12, elementwise_affine=True)
            (dropout): Dropout(p=0.1)
          )
        )
        (9): BertLayer(
          (attention): BertAttention(
            (self): BertSelfAttention(
              (query): Linear(in_features=768, out_features=768, bias=True)
              (key): Linear(in_features=768, out_features=768, bias=True)
              (value): Linear(in_features=768, out_features=768, bias=True)
              (dropout): Dropout(p=0.1)
            )
            (output): BertSelfOutput(
              (dense): Linear(in_features=768, out_features=768, bias=True)
              (LayerNorm): FusedLayerNorm(torch.Size([768]), eps=1e-12, elementwise_affine=True)
              (dropout): Dropout(p=0.1)
            )
          )
          (intermediate): BertIntermediate(
            (dense): Linear(in_features=768, out_features=3072, bias=True)
          )
          (output): BertOutput(
            (dense): Linear(in_features=3072, out_features=768, bias=True)
            (LayerNorm): FusedLayerNorm(torch.Size([768]), eps=1e-12, elementwise_affine=True)
            (dropout): Dropout(p=0.1)
          )
        )
        (10): BertLayer(
          (attention): BertAttention(
            (self): BertSelfAttention(
              (query): Linear(in_features=768, out_features=768, bias=True)
              (key): Linear(in_features=768, out_features=768, bias=True)
              (value): Linear(in_features=768, out_features=768, bias=True)
              (dropout): Dropout(p=0.1)
            )
            (output): BertSelfOutput(
              (dense): Linear(in_features=768, out_features=768, bias=True)
              (LayerNorm): FusedLayerNorm(torch.Size([768]), eps=1e-12, elementwise_affine=True)
              (dropout): Dropout(p=0.1)
            )
          )
          (intermediate): BertIntermediate(
            (dense): Linear(in_features=768, out_features=3072, bias=True)
          )
          (output): BertOutput(
            (dense): Linear(in_features=3072, out_features=768, bias=True)
            (LayerNorm): FusedLayerNorm(torch.Size([768]), eps=1e-12, elementwise_affine=True)
            (dropout): Dropout(p=0.1)
          )
        )
        (11): BertLayer(
          (attention): BertAttention(
            (self): BertSelfAttention(
              (query): Linear(in_features=768, out_features=768, bias=True)
              (key): Linear(in_features=768, out_features=768, bias=True)
              (value): Linear(in_features=768, out_features=768, bias=True)
              (dropout): Dropout(p=0.1)
            )
            (output): BertSelfOutput(
              (dense): Linear(in_features=768, out_features=768, bias=True)
              (LayerNorm): FusedLayerNorm(torch.Size([768]), eps=1e-12, elementwise_affine=True)
              (dropout): Dropout(p=0.1)
            )
          )
          (intermediate): BertIntermediate(
            (dense): Linear(in_features=768, out_features=3072, bias=True)
          )
          (output): BertOutput(
            (dense): Linear(in_features=3072, out_features=768, bias=True)
            (LayerNorm): FusedLayerNorm(torch.Size([768]), eps=1e-12, elementwise_affine=True)
            (dropout): Dropout(p=0.1)
          )
        )
      )
    )
    (pooler): BertPooler(
      (dense): Linear(in_features=768, out_features=768, bias=True)
      (activation): Tanh()
    )
  )
  (scoring_list): ModuleList(
    (0): Linear(in_features=768, out_features=4, bias=True)
    (1): Linear(in_features=768, out_features=5, bias=True)
    (2): Linear(in_features=768, out_features=6, bias=True)
  )
)

02/14/2023 06:59:03 Total number of params: 110633487
02/14/2023 06:59:03 At epoch 0
02/14/2023 06:59:03 Task [ 1] updates[     1] train loss[1.73207] remaining[0:01:34]
02/14/2023 06:59:33 Task dvdppf -- epoch 0 -- Dev ACC: 38.170
02/14/2023 06:59:33 Task dvdppf -- epoch 0 -- Dev F1: 23.335
02/14/2023 06:59:35 Task dvdduration -- epoch 0 -- Dev ACC: 49.150
02/14/2023 06:59:35 Task dvdduration -- epoch 0 -- Dev F1: 13.181
02/14/2023 06:59:37 Task dvdorder -- epoch 0 -- Dev ACC: 49.580
02/14/2023 06:59:37 Task dvdorder -- epoch 0 -- Dev F1: 11.049
02/14/2023 06:59:37 At epoch 1
02/14/2023 07:00:07 Task dvdppf -- epoch 1 -- Dev ACC: 39.346
02/14/2023 07:00:07 Task dvdppf -- epoch 1 -- Dev F1: 25.312
02/14/2023 07:00:09 Task dvdduration -- epoch 1 -- Dev ACC: 50.588
02/14/2023 07:00:09 Task dvdduration -- epoch 1 -- Dev F1: 24.451
02/14/2023 07:00:10 Task dvdorder -- epoch 1 -- Dev ACC: 49.580
02/14/2023 07:00:10 Task dvdorder -- epoch 1 -- Dev F1: 11.831
02/14/2023 07:00:10 At epoch 2
02/14/2023 07:00:22 Task [ 1] updates[   500] train loss[1.31266] remaining[0:00:15]
02/14/2023 07:00:40 Task dvdppf -- epoch 2 -- Dev ACC: 40.392
02/14/2023 07:00:40 Task dvdppf -- epoch 2 -- Dev F1: 27.965
02/14/2023 07:00:42 Task dvdduration -- epoch 2 -- Dev ACC: 46.144
02/14/2023 07:00:42 Task dvdduration -- epoch 2 -- Dev F1: 26.615
02/14/2023 07:00:43 Task dvdorder -- epoch 2 -- Dev ACC: 48.403
02/14/2023 07:00:43 Task dvdorder -- epoch 2 -- Dev F1: 11.501
02/14/2023 07:00:43 At epoch 3
02/14/2023 07:01:13 Task dvdppf -- epoch 3 -- Dev ACC: 42.222
02/14/2023 07:01:13 Task dvdppf -- epoch 3 -- Dev F1: 31.227
02/14/2023 07:01:15 Task dvdduration -- epoch 3 -- Dev ACC: 47.451
02/14/2023 07:01:15 Task dvdduration -- epoch 3 -- Dev F1: 28.446
02/14/2023 07:01:17 Task dvdorder -- epoch 3 -- Dev ACC: 43.866
02/14/2023 07:01:17 Task dvdorder -- epoch 3 -- Dev F1: 14.270
02/14/2023 07:01:17 At epoch 4
02/14/2023 07:01:41 Task [ 0] updates[  1000] train loss[1.16566] remaining[0:00:04]
02/14/2023 07:01:47 Task dvdppf -- epoch 4 -- Dev ACC: 43.007
02/14/2023 07:01:47 Task dvdppf -- epoch 4 -- Dev F1: 31.971
02/14/2023 07:01:49 Task dvdduration -- epoch 4 -- Dev ACC: 46.667
02/14/2023 07:01:49 Task dvdduration -- epoch 4 -- Dev F1: 29.315
02/14/2023 07:01:50 Task dvdorder -- epoch 4 -- Dev ACC: 39.160
02/14/2023 07:01:50 Task dvdorder -- epoch 4 -- Dev F1: 17.570
02/14/2023 07:01:50 At epoch 5
02/14/2023 07:02:21 Task dvdppf -- epoch 5 -- Dev ACC: 43.529
02/14/2023 07:02:21 Task dvdppf -- epoch 5 -- Dev F1: 32.419
02/14/2023 07:02:23 Task dvdduration -- epoch 5 -- Dev ACC: 46.144
02/14/2023 07:02:23 Task dvdduration -- epoch 5 -- Dev F1: 29.189
02/14/2023 07:02:24 Task dvdorder -- epoch 5 -- Dev ACC: 42.185
02/14/2023 07:02:24 Task dvdorder -- epoch 5 -- Dev F1: 16.613
02/14/2023 07:02:24 At epoch 6
02/14/2023 07:02:54 Task dvdppf -- epoch 6 -- Dev ACC: 43.791
02/14/2023 07:02:54 Task dvdppf -- epoch 6 -- Dev F1: 33.024
02/14/2023 07:02:56 Task dvdduration -- epoch 6 -- Dev ACC: 45.752
02/14/2023 07:02:56 Task dvdduration -- epoch 6 -- Dev F1: 29.654
02/14/2023 07:02:57 Task dvdorder -- epoch 6 -- Dev ACC: 41.008
02/14/2023 07:02:57 Task dvdorder -- epoch 6 -- Dev F1: 19.660
02/14/2023 07:02:57 At epoch 7
02/14/2023 07:03:05 Task [ 2] updates[  1500] train loss[1.03059] remaining[0:00:20]
02/14/2023 07:03:27 Task dvdppf -- epoch 7 -- Dev ACC: 43.791
02/14/2023 07:03:27 Task dvdppf -- epoch 7 -- Dev F1: 33.130
02/14/2023 07:03:29 Task dvdduration -- epoch 7 -- Dev ACC: 44.967
02/14/2023 07:03:29 Task dvdduration -- epoch 7 -- Dev F1: 29.144
02/14/2023 07:03:31 Task dvdorder -- epoch 7 -- Dev ACC: 40.672
02/14/2023 07:03:31 Task dvdorder -- epoch 7 -- Dev F1: 22.193
02/14/2023 07:03:31 At epoch 8
02/14/2023 07:04:00 Task dvdppf -- epoch 8 -- Dev ACC: 44.575
02/14/2023 07:04:00 Task dvdppf -- epoch 8 -- Dev F1: 33.519
02/14/2023 07:04:02 Task dvdduration -- epoch 8 -- Dev ACC: 44.314
02/14/2023 07:04:02 Task dvdduration -- epoch 8 -- Dev F1: 29.098
02/14/2023 07:04:04 Task dvdorder -- epoch 8 -- Dev ACC: 42.185
02/14/2023 07:04:04 Task dvdorder -- epoch 8 -- Dev F1: 21.368
02/14/2023 07:04:04 At epoch 9
02/14/2023 07:04:23 Task [ 1] updates[  2000] train loss[0.92500] remaining[0:00:07]
02/14/2023 07:04:34 Task dvdppf -- epoch 9 -- Dev ACC: 44.052
02/14/2023 07:04:34 Task dvdppf -- epoch 9 -- Dev F1: 33.156
02/14/2023 07:04:35 Task dvdduration -- epoch 9 -- Dev ACC: 42.876
02/14/2023 07:04:35 Task dvdduration -- epoch 9 -- Dev F1: 28.516
02/14/2023 07:04:38 Task dvdorder -- epoch 9 -- Dev ACC: 42.017
02/14/2023 07:04:38 Task dvdorder -- epoch 9 -- Dev F1: 20.857
