02/15/2023 02:38:57 0
02/15/2023 02:38:57 Launching the MT-DNN training
02/15/2023 02:38:57 Loading ../../../dvd_hanashi/dvd_hanashi_all/1/dvdppf_train.json as task 0
02/15/2023 02:38:57 Loading ../../../dvd_hanashi/dvd_hanashi_all/1/dvdduration_train.json as task 1
02/15/2023 02:38:57 Loading ../../../dvd_hanashi/dvd_hanashi_all/1/dvdorder_train.json as task 2
02/15/2023 02:38:57 Loading ../../../dvd_hanashi/dvd_hanashi_all/1/ppf_train.json as task 3
02/15/2023 02:38:57 4,5,6,4
02/15/2023 02:38:57 ####################
02/15/2023 02:38:57 {'log_file': 'checkpoints/dvd_all_hanashi_ppf_1_adam_answer_opt0_gc0_ggc1_2023-02-15T0238/log.log', 'tensorboard': False, 'tensorboard_logdir': 'tensorboard_logdir', 'init_checkpoint': '../../../japanese_bert_new_/jap_bert.pt', 'data_dir': '../../../dvd_hanashi/dvd_hanashi_all/1/', 'data_sort_on': False, 'name': 'farmer', 'task_def': '../../../experiments/dvd_hanashi/dvd_hanashi_task_def.yml', 'train_datasets': ['dvdppf', 'dvdduration', 'dvdorder', 'ppf'], 'test_datasets': ['dvdppf', 'dvdduration', 'dvdorder', 'ppf'], 'update_bert_opt': 0, 'multi_gpu_on': True, 'mem_cum_type': 'simple', 'answer_num_turn': 5, 'answer_mem_drop_p': 0.1, 'answer_att_hidden_size': 128, 'answer_att_type': 'bilinear', 'answer_rnn_type': 'gru', 'answer_sum_att_type': 'bilinear', 'answer_merge_opt': 1, 'answer_mem_type': 1, 'answer_dropout_p': 0.1, 'answer_weight_norm_on': False, 'dump_state_on': False, 'answer_opt': [0, 0, 0, 0], 'label_size': '4,5,6,4', 'mtl_opt': 0, 'ratio': 0, 'mix_opt': 0, 'max_seq_len': 512, 'init_ratio': 1, 'encoder_type': <EncoderModelType.BERT: 1>, 'cuda': True, 'log_per_updates': 500, 'save_per_updates': 10000, 'save_per_updates_on': False, 'epochs': 10, 'batch_size': 16, 'batch_size_eval': 8, 'optimizer': 'adam', 'grad_clipping': 0.0, 'global_grad_clipping': 1.0, 'weight_decay': 0, 'learning_rate': 1e-05, 'momentum': 0, 'warmup': 0.1, 'warmup_schedule': 'warmup_linear', 'adam_eps': 1e-06, 'vb_dropout': True, 'dropout_p': 0.1, 'dropout_w': 0.0, 'bert_dropout_p': 0.1, 'model_ckpt': 'checkpoints/model_0.pt', 'resume': False, 'ema_opt': 0, 'ema_gamma': 0.995, 'lookahead': False, 'lookahead_k': 5, 'lookahead_alpha': 0.5, 'have_lr_scheduler': True, 'multi_step_lr': '10,20,30', 'freeze_layers': -1, 'embedding_opt': 0, 'lr_gamma': 0.5, 'bert_l2norm': 0.0, 'scheduler_type': 'ms', 'output_dir': 'checkpoints/dvd_all_hanashi_ppf_1_adam_answer_opt0_gc0_ggc1_2023-02-15T0238', 'seed': 2018, 'grad_accumulation_step': 1, 'fp16': False, 'fp16_opt_level': 'O1', 'mean_teacher': False, 'mean_teacher_avg': 'exponential', 'mean_teacher_lambda': 1, 'mean_teacher_rampup': 4000, 'mean_teacher_alpha1': 0.99, 'mean_teacher_alpha2': 0.999, 'mt_kd_tau': 1, 'virtual_teacher': False, 'vat_eps': 0.001, 'vat_max_layer': -1, 'vat_opt': 0, 'vat_lambda': 1, 'vat_alpha': 1, 'vat_nosiy': 1e-05, 'use_noisycopy': False, 'noisycopy_eps': 0.01, 'use_advcopy': False, 'advcopy_eps': 0.01, 'vat_stable_eps': 1e-06, 'tasks_dropout_p': [0.1, 0.1, 0.1, 0.1]}
02/15/2023 02:38:57 ####################
02/15/2023 02:38:57 ############# Gradient Accumulation Info #############
02/15/2023 02:38:57 number of step: 5110
02/15/2023 02:38:57 number of grad grad_accumulation step: 1
02/15/2023 02:38:57 adjusted number of step: 5110
02/15/2023 02:38:57 ############# Gradient Accumulation Info #############
02/15/2023 02:39:04 
############# Model Arch of MT-DNN #############
SANBertNetwork(
  (dropout_list): ModuleList(
    (0): DropoutWrapper()
    (1): DropoutWrapper()
    (2): DropoutWrapper()
    (3): DropoutWrapper()
  )
  (bert): BertModel(
    (embeddings): BertEmbeddings(
      (word_embeddings): Embedding(32006, 768)
      (position_embeddings): Embedding(512, 768)
      (token_type_embeddings): Embedding(2, 768)
      (LayerNorm): FusedLayerNorm(torch.Size([768]), eps=1e-12, elementwise_affine=True)
      (dropout): Dropout(p=0.1)
    )
    (encoder): BertEncoder(
      (layer): ModuleList(
        (0): BertLayer(
          (attention): BertAttention(
            (self): BertSelfAttention(
              (query): Linear(in_features=768, out_features=768, bias=True)
              (key): Linear(in_features=768, out_features=768, bias=True)
              (value): Linear(in_features=768, out_features=768, bias=True)
              (dropout): Dropout(p=0.1)
            )
            (output): BertSelfOutput(
              (dense): Linear(in_features=768, out_features=768, bias=True)
              (LayerNorm): FusedLayerNorm(torch.Size([768]), eps=1e-12, elementwise_affine=True)
              (dropout): Dropout(p=0.1)
            )
          )
          (intermediate): BertIntermediate(
            (dense): Linear(in_features=768, out_features=3072, bias=True)
          )
          (output): BertOutput(
            (dense): Linear(in_features=3072, out_features=768, bias=True)
            (LayerNorm): FusedLayerNorm(torch.Size([768]), eps=1e-12, elementwise_affine=True)
            (dropout): Dropout(p=0.1)
          )
        )
        (1): BertLayer(
          (attention): BertAttention(
            (self): BertSelfAttention(
              (query): Linear(in_features=768, out_features=768, bias=True)
              (key): Linear(in_features=768, out_features=768, bias=True)
              (value): Linear(in_features=768, out_features=768, bias=True)
              (dropout): Dropout(p=0.1)
            )
            (output): BertSelfOutput(
              (dense): Linear(in_features=768, out_features=768, bias=True)
              (LayerNorm): FusedLayerNorm(torch.Size([768]), eps=1e-12, elementwise_affine=True)
              (dropout): Dropout(p=0.1)
            )
          )
          (intermediate): BertIntermediate(
            (dense): Linear(in_features=768, out_features=3072, bias=True)
          )
          (output): BertOutput(
            (dense): Linear(in_features=3072, out_features=768, bias=True)
            (LayerNorm): FusedLayerNorm(torch.Size([768]), eps=1e-12, elementwise_affine=True)
            (dropout): Dropout(p=0.1)
          )
        )
        (2): BertLayer(
          (attention): BertAttention(
            (self): BertSelfAttention(
              (query): Linear(in_features=768, out_features=768, bias=True)
              (key): Linear(in_features=768, out_features=768, bias=True)
              (value): Linear(in_features=768, out_features=768, bias=True)
              (dropout): Dropout(p=0.1)
            )
            (output): BertSelfOutput(
              (dense): Linear(in_features=768, out_features=768, bias=True)
              (LayerNorm): FusedLayerNorm(torch.Size([768]), eps=1e-12, elementwise_affine=True)
              (dropout): Dropout(p=0.1)
            )
          )
          (intermediate): BertIntermediate(
            (dense): Linear(in_features=768, out_features=3072, bias=True)
          )
          (output): BertOutput(
            (dense): Linear(in_features=3072, out_features=768, bias=True)
            (LayerNorm): FusedLayerNorm(torch.Size([768]), eps=1e-12, elementwise_affine=True)
            (dropout): Dropout(p=0.1)
          )
        )
        (3): BertLayer(
          (attention): BertAttention(
            (self): BertSelfAttention(
              (query): Linear(in_features=768, out_features=768, bias=True)
              (key): Linear(in_features=768, out_features=768, bias=True)
              (value): Linear(in_features=768, out_features=768, bias=True)
              (dropout): Dropout(p=0.1)
            )
            (output): BertSelfOutput(
              (dense): Linear(in_features=768, out_features=768, bias=True)
              (LayerNorm): FusedLayerNorm(torch.Size([768]), eps=1e-12, elementwise_affine=True)
              (dropout): Dropout(p=0.1)
            )
          )
          (intermediate): BertIntermediate(
            (dense): Linear(in_features=768, out_features=3072, bias=True)
          )
          (output): BertOutput(
            (dense): Linear(in_features=3072, out_features=768, bias=True)
            (LayerNorm): FusedLayerNorm(torch.Size([768]), eps=1e-12, elementwise_affine=True)
            (dropout): Dropout(p=0.1)
          )
        )
        (4): BertLayer(
          (attention): BertAttention(
            (self): BertSelfAttention(
              (query): Linear(in_features=768, out_features=768, bias=True)
              (key): Linear(in_features=768, out_features=768, bias=True)
              (value): Linear(in_features=768, out_features=768, bias=True)
              (dropout): Dropout(p=0.1)
            )
            (output): BertSelfOutput(
              (dense): Linear(in_features=768, out_features=768, bias=True)
              (LayerNorm): FusedLayerNorm(torch.Size([768]), eps=1e-12, elementwise_affine=True)
              (dropout): Dropout(p=0.1)
            )
          )
          (intermediate): BertIntermediate(
            (dense): Linear(in_features=768, out_features=3072, bias=True)
          )
          (output): BertOutput(
            (dense): Linear(in_features=3072, out_features=768, bias=True)
            (LayerNorm): FusedLayerNorm(torch.Size([768]), eps=1e-12, elementwise_affine=True)
            (dropout): Dropout(p=0.1)
          )
        )
        (5): BertLayer(
          (attention): BertAttention(
            (self): BertSelfAttention(
              (query): Linear(in_features=768, out_features=768, bias=True)
              (key): Linear(in_features=768, out_features=768, bias=True)
              (value): Linear(in_features=768, out_features=768, bias=True)
              (dropout): Dropout(p=0.1)
            )
            (output): BertSelfOutput(
              (dense): Linear(in_features=768, out_features=768, bias=True)
              (LayerNorm): FusedLayerNorm(torch.Size([768]), eps=1e-12, elementwise_affine=True)
              (dropout): Dropout(p=0.1)
            )
          )
          (intermediate): BertIntermediate(
            (dense): Linear(in_features=768, out_features=3072, bias=True)
          )
          (output): BertOutput(
            (dense): Linear(in_features=3072, out_features=768, bias=True)
            (LayerNorm): FusedLayerNorm(torch.Size([768]), eps=1e-12, elementwise_affine=True)
            (dropout): Dropout(p=0.1)
          )
        )
        (6): BertLayer(
          (attention): BertAttention(
            (self): BertSelfAttention(
              (query): Linear(in_features=768, out_features=768, bias=True)
              (key): Linear(in_features=768, out_features=768, bias=True)
              (value): Linear(in_features=768, out_features=768, bias=True)
              (dropout): Dropout(p=0.1)
            )
            (output): BertSelfOutput(
              (dense): Linear(in_features=768, out_features=768, bias=True)
              (LayerNorm): FusedLayerNorm(torch.Size([768]), eps=1e-12, elementwise_affine=True)
              (dropout): Dropout(p=0.1)
            )
          )
          (intermediate): BertIntermediate(
            (dense): Linear(in_features=768, out_features=3072, bias=True)
          )
          (output): BertOutput(
            (dense): Linear(in_features=3072, out_features=768, bias=True)
            (LayerNorm): FusedLayerNorm(torch.Size([768]), eps=1e-12, elementwise_affine=True)
            (dropout): Dropout(p=0.1)
          )
        )
        (7): BertLayer(
          (attention): BertAttention(
            (self): BertSelfAttention(
              (query): Linear(in_features=768, out_features=768, bias=True)
              (key): Linear(in_features=768, out_features=768, bias=True)
              (value): Linear(in_features=768, out_features=768, bias=True)
              (dropout): Dropout(p=0.1)
            )
            (output): BertSelfOutput(
              (dense): Linear(in_features=768, out_features=768, bias=True)
              (LayerNorm): FusedLayerNorm(torch.Size([768]), eps=1e-12, elementwise_affine=True)
              (dropout): Dropout(p=0.1)
            )
          )
          (intermediate): BertIntermediate(
            (dense): Linear(in_features=768, out_features=3072, bias=True)
          )
          (output): BertOutput(
            (dense): Linear(in_features=3072, out_features=768, bias=True)
            (LayerNorm): FusedLayerNorm(torch.Size([768]), eps=1e-12, elementwise_affine=True)
            (dropout): Dropout(p=0.1)
          )
        )
        (8): BertLayer(
          (attention): BertAttention(
            (self): BertSelfAttention(
              (query): Linear(in_features=768, out_features=768, bias=True)
              (key): Linear(in_features=768, out_features=768, bias=True)
              (value): Linear(in_features=768, out_features=768, bias=True)
              (dropout): Dropout(p=0.1)
            )
            (output): BertSelfOutput(
              (dense): Linear(in_features=768, out_features=768, bias=True)
              (LayerNorm): FusedLayerNorm(torch.Size([768]), eps=1e-12, elementwise_affine=True)
              (dropout): Dropout(p=0.1)
            )
          )
          (intermediate): BertIntermediate(
            (dense): Linear(in_features=768, out_features=3072, bias=True)
          )
          (output): BertOutput(
            (dense): Linear(in_features=3072, out_features=768, bias=True)
            (LayerNorm): FusedLayerNorm(torch.Size([768]), eps=1e-12, elementwise_affine=True)
            (dropout): Dropout(p=0.1)
          )
        )
        (9): BertLayer(
          (attention): BertAttention(
            (self): BertSelfAttention(
              (query): Linear(in_features=768, out_features=768, bias=True)
              (key): Linear(in_features=768, out_features=768, bias=True)
              (value): Linear(in_features=768, out_features=768, bias=True)
              (dropout): Dropout(p=0.1)
            )
            (output): BertSelfOutput(
              (dense): Linear(in_features=768, out_features=768, bias=True)
              (LayerNorm): FusedLayerNorm(torch.Size([768]), eps=1e-12, elementwise_affine=True)
              (dropout): Dropout(p=0.1)
            )
          )
          (intermediate): BertIntermediate(
            (dense): Linear(in_features=768, out_features=3072, bias=True)
          )
          (output): BertOutput(
            (dense): Linear(in_features=3072, out_features=768, bias=True)
            (LayerNorm): FusedLayerNorm(torch.Size([768]), eps=1e-12, elementwise_affine=True)
            (dropout): Dropout(p=0.1)
          )
        )
        (10): BertLayer(
          (attention): BertAttention(
            (self): BertSelfAttention(
              (query): Linear(in_features=768, out_features=768, bias=True)
              (key): Linear(in_features=768, out_features=768, bias=True)
              (value): Linear(in_features=768, out_features=768, bias=True)
              (dropout): Dropout(p=0.1)
            )
            (output): BertSelfOutput(
              (dense): Linear(in_features=768, out_features=768, bias=True)
              (LayerNorm): FusedLayerNorm(torch.Size([768]), eps=1e-12, elementwise_affine=True)
              (dropout): Dropout(p=0.1)
            )
          )
          (intermediate): BertIntermediate(
            (dense): Linear(in_features=768, out_features=3072, bias=True)
          )
          (output): BertOutput(
            (dense): Linear(in_features=3072, out_features=768, bias=True)
            (LayerNorm): FusedLayerNorm(torch.Size([768]), eps=1e-12, elementwise_affine=True)
            (dropout): Dropout(p=0.1)
          )
        )
        (11): BertLayer(
          (attention): BertAttention(
            (self): BertSelfAttention(
              (query): Linear(in_features=768, out_features=768, bias=True)
              (key): Linear(in_features=768, out_features=768, bias=True)
              (value): Linear(in_features=768, out_features=768, bias=True)
              (dropout): Dropout(p=0.1)
            )
            (output): BertSelfOutput(
              (dense): Linear(in_features=768, out_features=768, bias=True)
              (LayerNorm): FusedLayerNorm(torch.Size([768]), eps=1e-12, elementwise_affine=True)
              (dropout): Dropout(p=0.1)
            )
          )
          (intermediate): BertIntermediate(
            (dense): Linear(in_features=768, out_features=3072, bias=True)
          )
          (output): BertOutput(
            (dense): Linear(in_features=3072, out_features=768, bias=True)
            (LayerNorm): FusedLayerNorm(torch.Size([768]), eps=1e-12, elementwise_affine=True)
            (dropout): Dropout(p=0.1)
          )
        )
      )
    )
    (pooler): BertPooler(
      (dense): Linear(in_features=768, out_features=768, bias=True)
      (activation): Tanh()
    )
  )
  (scoring_list): ModuleList(
    (0): Linear(in_features=768, out_features=4, bias=True)
    (1): Linear(in_features=768, out_features=5, bias=True)
    (2): Linear(in_features=768, out_features=6, bias=True)
    (3): Linear(in_features=768, out_features=4, bias=True)
  )
)

02/15/2023 02:39:04 Total number of params: 110636563
02/15/2023 02:39:04 At epoch 0
02/15/2023 02:39:04 Task [ 2] updates[     1] train loss[1.63375] remaining[0:03:59]
02/15/2023 02:40:20 Task [ 3] updates[   500] train loss[1.19514] remaining[0:00:01]
02/15/2023 02:40:22 Task dvdppf -- epoch 0 -- Dev ACC: 45.643
02/15/2023 02:40:22 Task dvdppf -- epoch 0 -- Dev F1: 24.687
02/15/2023 02:40:23 Task dvdduration -- epoch 0 -- Dev ACC: 48.963
02/15/2023 02:40:23 Task dvdduration -- epoch 0 -- Dev F1: 20.672
02/15/2023 02:40:23 Task dvdorder -- epoch 0 -- Dev ACC: 41.117
02/15/2023 02:40:23 Task dvdorder -- epoch 0 -- Dev F1: 9.712
02/15/2023 02:40:26 Task ppf -- epoch 0 -- Dev ACC: 57.230
02/15/2023 02:40:26 Task ppf -- epoch 0 -- Dev F1: 37.371
02/15/2023 02:40:26 At epoch 1
02/15/2023 02:41:39 Task [ 2] updates[  1000] train loss[1.12370] remaining[0:00:03]
02/15/2023 02:41:43 Task dvdppf -- epoch 1 -- Dev ACC: 48.133
02/15/2023 02:41:43 Task dvdppf -- epoch 1 -- Dev F1: 32.218
02/15/2023 02:41:44 Task dvdduration -- epoch 1 -- Dev ACC: 51.452
02/15/2023 02:41:44 Task dvdduration -- epoch 1 -- Dev F1: 25.663
02/15/2023 02:41:44 Task dvdorder -- epoch 1 -- Dev ACC: 41.117
02/15/2023 02:41:44 Task dvdorder -- epoch 1 -- Dev F1: 10.574
02/15/2023 02:41:47 Task ppf -- epoch 1 -- Dev ACC: 60.784
02/15/2023 02:41:47 Task ppf -- epoch 1 -- Dev F1: 42.211
02/15/2023 02:41:47 At epoch 2
02/15/2023 02:42:58 Task [ 3] updates[  1500] train loss[1.05539] remaining[0:00:04]
02/15/2023 02:43:04 Task dvdppf -- epoch 2 -- Dev ACC: 46.888
02/15/2023 02:43:04 Task dvdppf -- epoch 2 -- Dev F1: 33.902
02/15/2023 02:43:05 Task dvdduration -- epoch 2 -- Dev ACC: 46.058
02/15/2023 02:43:05 Task dvdduration -- epoch 2 -- Dev F1: 29.129
02/15/2023 02:43:06 Task dvdorder -- epoch 2 -- Dev ACC: 40.102
02/15/2023 02:43:06 Task dvdorder -- epoch 2 -- Dev F1: 12.565
02/15/2023 02:43:08 Task ppf -- epoch 2 -- Dev ACC: 62.255
02/15/2023 02:43:08 Task ppf -- epoch 2 -- Dev F1: 44.413
02/15/2023 02:43:08 At epoch 3
02/15/2023 02:44:18 Task [ 0] updates[  2000] train loss[0.99742] remaining[0:00:06]
02/15/2023 02:44:26 Task dvdppf -- epoch 3 -- Dev ACC: 49.793
02/15/2023 02:44:26 Task dvdppf -- epoch 3 -- Dev F1: 36.195
02/15/2023 02:44:26 Task dvdduration -- epoch 3 -- Dev ACC: 46.888
02/15/2023 02:44:26 Task dvdduration -- epoch 3 -- Dev F1: 28.424
02/15/2023 02:44:27 Task dvdorder -- epoch 3 -- Dev ACC: 41.624
02/15/2023 02:44:27 Task dvdorder -- epoch 3 -- Dev F1: 14.902
02/15/2023 02:44:29 Task ppf -- epoch 3 -- Dev ACC: 60.539
02/15/2023 02:44:29 Task ppf -- epoch 3 -- Dev F1: 41.975
02/15/2023 02:44:29 At epoch 4
02/15/2023 02:45:37 Task [ 3] updates[  2500] train loss[0.94214] remaining[0:00:08]
02/15/2023 02:45:46 Task dvdppf -- epoch 4 -- Dev ACC: 50.622
02/15/2023 02:45:46 Task dvdppf -- epoch 4 -- Dev F1: 36.654
02/15/2023 02:45:47 Task dvdduration -- epoch 4 -- Dev ACC: 46.473
02/15/2023 02:45:47 Task dvdduration -- epoch 4 -- Dev F1: 29.683
02/15/2023 02:45:47 Task dvdorder -- epoch 4 -- Dev ACC: 38.071
02/15/2023 02:45:47 Task dvdorder -- epoch 4 -- Dev F1: 15.000
02/15/2023 02:45:50 Task ppf -- epoch 4 -- Dev ACC: 60.294
02/15/2023 02:45:50 Task ppf -- epoch 4 -- Dev F1: 49.335
02/15/2023 02:45:50 At epoch 5
02/15/2023 02:46:57 Task [ 0] updates[  3000] train loss[0.89400] remaining[0:00:10]
02/15/2023 02:47:08 Task dvdppf -- epoch 5 -- Dev ACC: 50.207
02/15/2023 02:47:08 Task dvdppf -- epoch 5 -- Dev F1: 34.369
02/15/2023 02:47:09 Task dvdduration -- epoch 5 -- Dev ACC: 41.079
02/15/2023 02:47:09 Task dvdduration -- epoch 5 -- Dev F1: 27.587
02/15/2023 02:47:09 Task dvdorder -- epoch 5 -- Dev ACC: 35.025
02/15/2023 02:47:09 Task dvdorder -- epoch 5 -- Dev F1: 16.424
02/15/2023 02:47:12 Task ppf -- epoch 5 -- Dev ACC: 59.436
02/15/2023 02:47:12 Task ppf -- epoch 5 -- Dev F1: 47.984
02/15/2023 02:47:12 At epoch 6
02/15/2023 02:48:18 Task [ 3] updates[  3500] train loss[0.84941] remaining[0:00:11]
02/15/2023 02:48:29 Task dvdppf -- epoch 6 -- Dev ACC: 48.963
02/15/2023 02:48:29 Task dvdppf -- epoch 6 -- Dev F1: 34.537
02/15/2023 02:48:30 Task dvdduration -- epoch 6 -- Dev ACC: 41.909
02/15/2023 02:48:30 Task dvdduration -- epoch 6 -- Dev F1: 28.173
02/15/2023 02:48:31 Task dvdorder -- epoch 6 -- Dev ACC: 38.579
02/15/2023 02:48:31 Task dvdorder -- epoch 6 -- Dev F1: 18.017
02/15/2023 02:48:33 Task ppf -- epoch 6 -- Dev ACC: 58.088
02/15/2023 02:48:33 Task ppf -- epoch 6 -- Dev F1: 44.993
02/15/2023 02:48:33 At epoch 7
02/15/2023 02:49:38 Task [ 3] updates[  4000] train loss[0.80864] remaining[0:00:13]
02/15/2023 02:49:51 Task dvdppf -- epoch 7 -- Dev ACC: 49.378
02/15/2023 02:49:51 Task dvdppf -- epoch 7 -- Dev F1: 35.221
02/15/2023 02:49:52 Task dvdduration -- epoch 7 -- Dev ACC: 40.664
02/15/2023 02:49:52 Task dvdduration -- epoch 7 -- Dev F1: 29.596
02/15/2023 02:49:52 Task dvdorder -- epoch 7 -- Dev ACC: 38.579
02/15/2023 02:49:52 Task dvdorder -- epoch 7 -- Dev F1: 20.318
02/15/2023 02:49:55 Task ppf -- epoch 7 -- Dev ACC: 56.373
02/15/2023 02:49:55 Task ppf -- epoch 7 -- Dev F1: 42.455
02/15/2023 02:49:55 At epoch 8
02/15/2023 02:50:57 Task [ 3] updates[  4500] train loss[0.77308] remaining[0:00:14]
02/15/2023 02:51:12 Task dvdppf -- epoch 8 -- Dev ACC: 50.207
02/15/2023 02:51:12 Task dvdppf -- epoch 8 -- Dev F1: 36.133
02/15/2023 02:51:13 Task dvdduration -- epoch 8 -- Dev ACC: 41.494
02/15/2023 02:51:13 Task dvdduration -- epoch 8 -- Dev F1: 29.077
02/15/2023 02:51:13 Task dvdorder -- epoch 8 -- Dev ACC: 34.518
02/15/2023 02:51:13 Task dvdorder -- epoch 8 -- Dev F1: 17.358
02/15/2023 02:51:15 Task ppf -- epoch 8 -- Dev ACC: 57.721
02/15/2023 02:51:15 Task ppf -- epoch 8 -- Dev F1: 45.668
02/15/2023 02:51:15 At epoch 9
02/15/2023 02:52:16 Task [ 1] updates[  5000] train loss[0.74236] remaining[0:00:16]
02/15/2023 02:52:33 Task dvdppf -- epoch 9 -- Dev ACC: 50.622
02/15/2023 02:52:33 Task dvdppf -- epoch 9 -- Dev F1: 36.707
02/15/2023 02:52:34 Task dvdduration -- epoch 9 -- Dev ACC: 41.494
02/15/2023 02:52:34 Task dvdduration -- epoch 9 -- Dev F1: 28.618
02/15/2023 02:52:34 Task dvdorder -- epoch 9 -- Dev ACC: 35.025
02/15/2023 02:52:34 Task dvdorder -- epoch 9 -- Dev F1: 17.709
02/15/2023 02:52:37 Task ppf -- epoch 9 -- Dev ACC: 56.740
02/15/2023 02:52:37 Task ppf -- epoch 9 -- Dev F1: 44.370
