02/21/2023 03:28:46 0
02/21/2023 03:28:46 Launching the MT-DNN training
02/21/2023 03:28:46 Loading ../../../dvd_hanashi/dvd_hanashi_all/2/dvdppf_train.json as task 0
02/21/2023 03:28:47 Loading ../../../dvd_hanashi/dvd_hanashi_all/2/dvdduration_train.json as task 1
02/21/2023 03:28:47 Loading ../../../dvd_hanashi/dvd_hanashi_all/2/dvdorder_train.json as task 2
02/21/2023 03:28:47 Loading ../../../dvd_hanashi/dvd_hanashi_all/2/hanashiduration_train.json as task 3
02/21/2023 03:28:47 Loading ../../../dvd_hanashi/dvd_hanashi_all/2/disc_train.json as task 4
02/21/2023 03:28:47 4,5,6,8,2
02/21/2023 03:28:47 ####################
02/21/2023 03:28:47 {'log_file': 'checkpoints/dvdall_disc_2_adam_answer_opt0_gc0_ggc1_2023-02-21T0328/log.log', 'tensorboard': False, 'tensorboard_logdir': 'tensorboard_logdir', 'init_checkpoint': '../../../japanese_bert_new_/jap_bert.pt', 'data_dir': '../../../dvd_hanashi/dvd_hanashi_all/2/', 'data_sort_on': False, 'name': 'farmer', 'task_def': '../../../experiments/dvd_hanashi/dvd_hanashi_task_def.yml', 'train_datasets': ['dvdppf', 'dvdduration', 'dvdorder', 'hanashiduration', 'disc'], 'test_datasets': ['dvdppf', 'dvdduration', 'dvdorder', 'hanashiduration', 'disc'], 'update_bert_opt': 0, 'multi_gpu_on': True, 'mem_cum_type': 'simple', 'answer_num_turn': 5, 'answer_mem_drop_p': 0.1, 'answer_att_hidden_size': 128, 'answer_att_type': 'bilinear', 'answer_rnn_type': 'gru', 'answer_sum_att_type': 'bilinear', 'answer_merge_opt': 1, 'answer_mem_type': 1, 'answer_dropout_p': 0.1, 'answer_weight_norm_on': False, 'dump_state_on': False, 'answer_opt': [0, 0, 0, 0, 0], 'label_size': '4,5,6,8,2', 'mtl_opt': 0, 'ratio': 0, 'mix_opt': 0, 'max_seq_len': 512, 'init_ratio': 1, 'encoder_type': <EncoderModelType.BERT: 1>, 'cuda': True, 'log_per_updates': 500, 'save_per_updates': 10000, 'save_per_updates_on': False, 'epochs': 10, 'batch_size': 16, 'batch_size_eval': 8, 'optimizer': 'adam', 'grad_clipping': 0.0, 'global_grad_clipping': 1.0, 'weight_decay': 0, 'learning_rate': 1e-05, 'momentum': 0, 'warmup': 0.1, 'warmup_schedule': 'warmup_linear', 'adam_eps': 1e-06, 'vb_dropout': True, 'dropout_p': 0.1, 'dropout_w': 0.0, 'bert_dropout_p': 0.1, 'model_ckpt': 'checkpoints/model_0.pt', 'resume': False, 'ema_opt': 0, 'ema_gamma': 0.995, 'lookahead': False, 'lookahead_k': 5, 'lookahead_alpha': 0.5, 'have_lr_scheduler': True, 'multi_step_lr': '10,20,30', 'freeze_layers': -1, 'embedding_opt': 0, 'lr_gamma': 0.5, 'bert_l2norm': 0.0, 'scheduler_type': 'ms', 'output_dir': 'checkpoints/dvdall_disc_2_adam_answer_opt0_gc0_ggc1_2023-02-21T0328', 'seed': 2018, 'grad_accumulation_step': 1, 'fp16': False, 'fp16_opt_level': 'O1', 'mean_teacher': False, 'mean_teacher_avg': 'exponential', 'mean_teacher_lambda': 1, 'mean_teacher_rampup': 4000, 'mean_teacher_alpha1': 0.99, 'mean_teacher_alpha2': 0.999, 'mt_kd_tau': 1, 'virtual_teacher': False, 'vat_eps': 0.001, 'vat_max_layer': -1, 'vat_opt': 0, 'vat_lambda': 1, 'vat_alpha': 1, 'vat_nosiy': 1e-05, 'use_noisycopy': False, 'noisycopy_eps': 0.01, 'use_advcopy': False, 'advcopy_eps': 0.01, 'vat_stable_eps': 1e-06, 'tasks_dropout_p': [0.1, 0.1, 0.1, 0.1, 0.1]}
02/21/2023 03:28:47 ####################
02/21/2023 03:28:47 ############# Gradient Accumulation Info #############
02/21/2023 03:28:47 number of step: 7920
02/21/2023 03:28:47 number of grad grad_accumulation step: 1
02/21/2023 03:28:47 adjusted number of step: 7920
02/21/2023 03:28:47 ############# Gradient Accumulation Info #############
02/21/2023 03:28:55 
############# Model Arch of MT-DNN #############
SANBertNetwork(
  (dropout_list): ModuleList(
    (0): DropoutWrapper()
    (1): DropoutWrapper()
    (2): DropoutWrapper()
    (3): DropoutWrapper()
    (4): DropoutWrapper()
  )
  (bert): BertModel(
    (embeddings): BertEmbeddings(
      (word_embeddings): Embedding(32006, 768)
      (position_embeddings): Embedding(512, 768)
      (token_type_embeddings): Embedding(2, 768)
      (LayerNorm): FusedLayerNorm(torch.Size([768]), eps=1e-12, elementwise_affine=True)
      (dropout): Dropout(p=0.1)
    )
    (encoder): BertEncoder(
      (layer): ModuleList(
        (0): BertLayer(
          (attention): BertAttention(
            (self): BertSelfAttention(
              (query): Linear(in_features=768, out_features=768, bias=True)
              (key): Linear(in_features=768, out_features=768, bias=True)
              (value): Linear(in_features=768, out_features=768, bias=True)
              (dropout): Dropout(p=0.1)
            )
            (output): BertSelfOutput(
              (dense): Linear(in_features=768, out_features=768, bias=True)
              (LayerNorm): FusedLayerNorm(torch.Size([768]), eps=1e-12, elementwise_affine=True)
              (dropout): Dropout(p=0.1)
            )
          )
          (intermediate): BertIntermediate(
            (dense): Linear(in_features=768, out_features=3072, bias=True)
          )
          (output): BertOutput(
            (dense): Linear(in_features=3072, out_features=768, bias=True)
            (LayerNorm): FusedLayerNorm(torch.Size([768]), eps=1e-12, elementwise_affine=True)
            (dropout): Dropout(p=0.1)
          )
        )
        (1): BertLayer(
          (attention): BertAttention(
            (self): BertSelfAttention(
              (query): Linear(in_features=768, out_features=768, bias=True)
              (key): Linear(in_features=768, out_features=768, bias=True)
              (value): Linear(in_features=768, out_features=768, bias=True)
              (dropout): Dropout(p=0.1)
            )
            (output): BertSelfOutput(
              (dense): Linear(in_features=768, out_features=768, bias=True)
              (LayerNorm): FusedLayerNorm(torch.Size([768]), eps=1e-12, elementwise_affine=True)
              (dropout): Dropout(p=0.1)
            )
          )
          (intermediate): BertIntermediate(
            (dense): Linear(in_features=768, out_features=3072, bias=True)
          )
          (output): BertOutput(
            (dense): Linear(in_features=3072, out_features=768, bias=True)
            (LayerNorm): FusedLayerNorm(torch.Size([768]), eps=1e-12, elementwise_affine=True)
            (dropout): Dropout(p=0.1)
          )
        )
        (2): BertLayer(
          (attention): BertAttention(
            (self): BertSelfAttention(
              (query): Linear(in_features=768, out_features=768, bias=True)
              (key): Linear(in_features=768, out_features=768, bias=True)
              (value): Linear(in_features=768, out_features=768, bias=True)
              (dropout): Dropout(p=0.1)
            )
            (output): BertSelfOutput(
              (dense): Linear(in_features=768, out_features=768, bias=True)
              (LayerNorm): FusedLayerNorm(torch.Size([768]), eps=1e-12, elementwise_affine=True)
              (dropout): Dropout(p=0.1)
            )
          )
          (intermediate): BertIntermediate(
            (dense): Linear(in_features=768, out_features=3072, bias=True)
          )
          (output): BertOutput(
            (dense): Linear(in_features=3072, out_features=768, bias=True)
            (LayerNorm): FusedLayerNorm(torch.Size([768]), eps=1e-12, elementwise_affine=True)
            (dropout): Dropout(p=0.1)
          )
        )
        (3): BertLayer(
          (attention): BertAttention(
            (self): BertSelfAttention(
              (query): Linear(in_features=768, out_features=768, bias=True)
              (key): Linear(in_features=768, out_features=768, bias=True)
              (value): Linear(in_features=768, out_features=768, bias=True)
              (dropout): Dropout(p=0.1)
            )
            (output): BertSelfOutput(
              (dense): Linear(in_features=768, out_features=768, bias=True)
              (LayerNorm): FusedLayerNorm(torch.Size([768]), eps=1e-12, elementwise_affine=True)
              (dropout): Dropout(p=0.1)
            )
          )
          (intermediate): BertIntermediate(
            (dense): Linear(in_features=768, out_features=3072, bias=True)
          )
          (output): BertOutput(
            (dense): Linear(in_features=3072, out_features=768, bias=True)
            (LayerNorm): FusedLayerNorm(torch.Size([768]), eps=1e-12, elementwise_affine=True)
            (dropout): Dropout(p=0.1)
          )
        )
        (4): BertLayer(
          (attention): BertAttention(
            (self): BertSelfAttention(
              (query): Linear(in_features=768, out_features=768, bias=True)
              (key): Linear(in_features=768, out_features=768, bias=True)
              (value): Linear(in_features=768, out_features=768, bias=True)
              (dropout): Dropout(p=0.1)
            )
            (output): BertSelfOutput(
              (dense): Linear(in_features=768, out_features=768, bias=True)
              (LayerNorm): FusedLayerNorm(torch.Size([768]), eps=1e-12, elementwise_affine=True)
              (dropout): Dropout(p=0.1)
            )
          )
          (intermediate): BertIntermediate(
            (dense): Linear(in_features=768, out_features=3072, bias=True)
          )
          (output): BertOutput(
            (dense): Linear(in_features=3072, out_features=768, bias=True)
            (LayerNorm): FusedLayerNorm(torch.Size([768]), eps=1e-12, elementwise_affine=True)
            (dropout): Dropout(p=0.1)
          )
        )
        (5): BertLayer(
          (attention): BertAttention(
            (self): BertSelfAttention(
              (query): Linear(in_features=768, out_features=768, bias=True)
              (key): Linear(in_features=768, out_features=768, bias=True)
              (value): Linear(in_features=768, out_features=768, bias=True)
              (dropout): Dropout(p=0.1)
            )
            (output): BertSelfOutput(
              (dense): Linear(in_features=768, out_features=768, bias=True)
              (LayerNorm): FusedLayerNorm(torch.Size([768]), eps=1e-12, elementwise_affine=True)
              (dropout): Dropout(p=0.1)
            )
          )
          (intermediate): BertIntermediate(
            (dense): Linear(in_features=768, out_features=3072, bias=True)
          )
          (output): BertOutput(
            (dense): Linear(in_features=3072, out_features=768, bias=True)
            (LayerNorm): FusedLayerNorm(torch.Size([768]), eps=1e-12, elementwise_affine=True)
            (dropout): Dropout(p=0.1)
          )
        )
        (6): BertLayer(
          (attention): BertAttention(
            (self): BertSelfAttention(
              (query): Linear(in_features=768, out_features=768, bias=True)
              (key): Linear(in_features=768, out_features=768, bias=True)
              (value): Linear(in_features=768, out_features=768, bias=True)
              (dropout): Dropout(p=0.1)
            )
            (output): BertSelfOutput(
              (dense): Linear(in_features=768, out_features=768, bias=True)
              (LayerNorm): FusedLayerNorm(torch.Size([768]), eps=1e-12, elementwise_affine=True)
              (dropout): Dropout(p=0.1)
            )
          )
          (intermediate): BertIntermediate(
            (dense): Linear(in_features=768, out_features=3072, bias=True)
          )
          (output): BertOutput(
            (dense): Linear(in_features=3072, out_features=768, bias=True)
            (LayerNorm): FusedLayerNorm(torch.Size([768]), eps=1e-12, elementwise_affine=True)
            (dropout): Dropout(p=0.1)
          )
        )
        (7): BertLayer(
          (attention): BertAttention(
            (self): BertSelfAttention(
              (query): Linear(in_features=768, out_features=768, bias=True)
              (key): Linear(in_features=768, out_features=768, bias=True)
              (value): Linear(in_features=768, out_features=768, bias=True)
              (dropout): Dropout(p=0.1)
            )
            (output): BertSelfOutput(
              (dense): Linear(in_features=768, out_features=768, bias=True)
              (LayerNorm): FusedLayerNorm(torch.Size([768]), eps=1e-12, elementwise_affine=True)
              (dropout): Dropout(p=0.1)
            )
          )
          (intermediate): BertIntermediate(
            (dense): Linear(in_features=768, out_features=3072, bias=True)
          )
          (output): BertOutput(
            (dense): Linear(in_features=3072, out_features=768, bias=True)
            (LayerNorm): FusedLayerNorm(torch.Size([768]), eps=1e-12, elementwise_affine=True)
            (dropout): Dropout(p=0.1)
          )
        )
        (8): BertLayer(
          (attention): BertAttention(
            (self): BertSelfAttention(
              (query): Linear(in_features=768, out_features=768, bias=True)
              (key): Linear(in_features=768, out_features=768, bias=True)
              (value): Linear(in_features=768, out_features=768, bias=True)
              (dropout): Dropout(p=0.1)
            )
            (output): BertSelfOutput(
              (dense): Linear(in_features=768, out_features=768, bias=True)
              (LayerNorm): FusedLayerNorm(torch.Size([768]), eps=1e-12, elementwise_affine=True)
              (dropout): Dropout(p=0.1)
            )
          )
          (intermediate): BertIntermediate(
            (dense): Linear(in_features=768, out_features=3072, bias=True)
          )
          (output): BertOutput(
            (dense): Linear(in_features=3072, out_features=768, bias=True)
            (LayerNorm): FusedLayerNorm(torch.Size([768]), eps=1e-12, elementwise_affine=True)
            (dropout): Dropout(p=0.1)
          )
        )
        (9): BertLayer(
          (attention): BertAttention(
            (self): BertSelfAttention(
              (query): Linear(in_features=768, out_features=768, bias=True)
              (key): Linear(in_features=768, out_features=768, bias=True)
              (value): Linear(in_features=768, out_features=768, bias=True)
              (dropout): Dropout(p=0.1)
            )
            (output): BertSelfOutput(
              (dense): Linear(in_features=768, out_features=768, bias=True)
              (LayerNorm): FusedLayerNorm(torch.Size([768]), eps=1e-12, elementwise_affine=True)
              (dropout): Dropout(p=0.1)
            )
          )
          (intermediate): BertIntermediate(
            (dense): Linear(in_features=768, out_features=3072, bias=True)
          )
          (output): BertOutput(
            (dense): Linear(in_features=3072, out_features=768, bias=True)
            (LayerNorm): FusedLayerNorm(torch.Size([768]), eps=1e-12, elementwise_affine=True)
            (dropout): Dropout(p=0.1)
          )
        )
        (10): BertLayer(
          (attention): BertAttention(
            (self): BertSelfAttention(
              (query): Linear(in_features=768, out_features=768, bias=True)
              (key): Linear(in_features=768, out_features=768, bias=True)
              (value): Linear(in_features=768, out_features=768, bias=True)
              (dropout): Dropout(p=0.1)
            )
            (output): BertSelfOutput(
              (dense): Linear(in_features=768, out_features=768, bias=True)
              (LayerNorm): FusedLayerNorm(torch.Size([768]), eps=1e-12, elementwise_affine=True)
              (dropout): Dropout(p=0.1)
            )
          )
          (intermediate): BertIntermediate(
            (dense): Linear(in_features=768, out_features=3072, bias=True)
          )
          (output): BertOutput(
            (dense): Linear(in_features=3072, out_features=768, bias=True)
            (LayerNorm): FusedLayerNorm(torch.Size([768]), eps=1e-12, elementwise_affine=True)
            (dropout): Dropout(p=0.1)
          )
        )
        (11): BertLayer(
          (attention): BertAttention(
            (self): BertSelfAttention(
              (query): Linear(in_features=768, out_features=768, bias=True)
              (key): Linear(in_features=768, out_features=768, bias=True)
              (value): Linear(in_features=768, out_features=768, bias=True)
              (dropout): Dropout(p=0.1)
            )
            (output): BertSelfOutput(
              (dense): Linear(in_features=768, out_features=768, bias=True)
              (LayerNorm): FusedLayerNorm(torch.Size([768]), eps=1e-12, elementwise_affine=True)
              (dropout): Dropout(p=0.1)
            )
          )
          (intermediate): BertIntermediate(
            (dense): Linear(in_features=768, out_features=3072, bias=True)
          )
          (output): BertOutput(
            (dense): Linear(in_features=3072, out_features=768, bias=True)
            (LayerNorm): FusedLayerNorm(torch.Size([768]), eps=1e-12, elementwise_affine=True)
            (dropout): Dropout(p=0.1)
          )
        )
      )
    )
    (pooler): BertPooler(
      (dense): Linear(in_features=768, out_features=768, bias=True)
      (activation): Tanh()
    )
  )
  (scoring_list): ModuleList(
    (0): Linear(in_features=768, out_features=4, bias=True)
    (1): Linear(in_features=768, out_features=5, bias=True)
    (2): Linear(in_features=768, out_features=6, bias=True)
    (3): Linear(in_features=768, out_features=8, bias=True)
    (4): Linear(in_features=768, out_features=2, bias=True)
  )
)

02/21/2023 03:28:55 Total number of params: 110641177
02/21/2023 03:28:55 At epoch 0
02/21/2023 03:29:00 Task [ 3] updates[     1] train loss[2.19185] remaining[1:04:13]
02/21/2023 03:30:59 Task [ 4] updates[   500] train loss[1.11046] remaining[0:01:12]
02/21/2023 03:32:10 Task dvdppf -- epoch 0 -- Dev ACC: 47.040
02/21/2023 03:32:10 Task dvdppf -- epoch 0 -- Dev F1: 25.510
02/21/2023 03:32:13 Task dvdduration -- epoch 0 -- Dev ACC: 27.726
02/21/2023 03:32:13 Task dvdduration -- epoch 0 -- Dev F1: 8.683
02/21/2023 03:32:14 Task dvdorder -- epoch 0 -- Dev ACC: 52.191
02/21/2023 03:32:14 Task dvdorder -- epoch 0 -- Dev F1: 11.431
02/21/2023 03:32:21 Task hanashiduration -- epoch 0 -- Dev ACC: 22.741
02/21/2023 03:32:21 Task hanashiduration -- epoch 0 -- Dev F1: 6.882
02/21/2023 03:32:29 Task disc -- epoch 0 -- Dev ACC: 98.239
02/21/2023 03:32:29 Task disc -- epoch 0 -- Dev F1: 97.576
02/21/2023 03:32:29 At epoch 1
02/21/2023 03:33:18 Task [ 4] updates[  1000] train loss[1.03033] remaining[0:02:18]
02/21/2023 03:35:17 Task [ 4] updates[  1500] train loss[1.00066] remaining[0:00:19]
02/21/2023 03:35:39 Task dvdppf -- epoch 1 -- Dev ACC: 47.664
02/21/2023 03:35:39 Task dvdppf -- epoch 1 -- Dev F1: 39.068
02/21/2023 03:35:42 Task dvdduration -- epoch 1 -- Dev ACC: 27.726
02/21/2023 03:35:42 Task dvdduration -- epoch 1 -- Dev F1: 12.717
02/21/2023 03:35:43 Task dvdorder -- epoch 1 -- Dev ACC: 49.004
02/21/2023 03:35:43 Task dvdorder -- epoch 1 -- Dev F1: 12.150
02/21/2023 03:35:50 Task hanashiduration -- epoch 1 -- Dev ACC: 45.279
02/21/2023 03:35:50 Task hanashiduration -- epoch 1 -- Dev F1: 12.013
02/21/2023 03:35:58 Task disc -- epoch 1 -- Dev ACC: 95.406
02/21/2023 03:35:58 Task disc -- epoch 1 -- Dev F1: 94.069
02/21/2023 03:35:58 At epoch 2
02/21/2023 03:37:37 Task [ 1] updates[  2000] train loss[0.96424] remaining[0:01:29]
02/21/2023 03:39:09 Task dvdppf -- epoch 2 -- Dev ACC: 47.975
02/21/2023 03:39:09 Task dvdppf -- epoch 2 -- Dev F1: 43.274
02/21/2023 03:39:12 Task dvdduration -- epoch 2 -- Dev ACC: 31.153
02/21/2023 03:39:12 Task dvdduration -- epoch 2 -- Dev F1: 16.746
02/21/2023 03:39:13 Task dvdorder -- epoch 2 -- Dev ACC: 52.590
02/21/2023 03:39:13 Task dvdorder -- epoch 2 -- Dev F1: 12.997
02/21/2023 03:39:19 Task hanashiduration -- epoch 2 -- Dev ACC: 37.563
02/21/2023 03:39:19 Task hanashiduration -- epoch 2 -- Dev F1: 18.271
02/21/2023 03:39:28 Task disc -- epoch 2 -- Dev ACC: 96.248
02/21/2023 03:39:28 Task disc -- epoch 2 -- Dev F1: 95.057
02/21/2023 03:39:28 At epoch 3
02/21/2023 03:39:57 Task [ 0] updates[  2500] train loss[0.94131] remaining[0:02:38]
02/21/2023 03:41:56 Task [ 3] updates[  3000] train loss[0.91173] remaining[0:00:39]
02/21/2023 03:42:38 Task dvdppf -- epoch 3 -- Dev ACC: 50.779
02/21/2023 03:42:38 Task dvdppf -- epoch 3 -- Dev F1: 32.560
02/21/2023 03:42:40 Task dvdduration -- epoch 3 -- Dev ACC: 41.745
02/21/2023 03:42:40 Task dvdduration -- epoch 3 -- Dev F1: 25.464
02/21/2023 03:42:42 Task dvdorder -- epoch 3 -- Dev ACC: 47.809
02/21/2023 03:42:42 Task dvdorder -- epoch 3 -- Dev F1: 15.070
02/21/2023 03:42:48 Task hanashiduration -- epoch 3 -- Dev ACC: 34.924
02/21/2023 03:42:48 Task hanashiduration -- epoch 3 -- Dev F1: 16.391
02/21/2023 03:42:56 Task disc -- epoch 3 -- Dev ACC: 96.784
02/21/2023 03:42:56 Task disc -- epoch 3 -- Dev F1: 95.734
02/21/2023 03:42:56 At epoch 4
02/21/2023 03:44:14 Task [ 1] updates[  3500] train loss[0.88372] remaining[0:01:48]
02/21/2023 03:46:05 Task dvdppf -- epoch 4 -- Dev ACC: 51.402
02/21/2023 03:46:05 Task dvdppf -- epoch 4 -- Dev F1: 33.087
02/21/2023 03:46:08 Task dvdduration -- epoch 4 -- Dev ACC: 38.629
02/21/2023 03:46:08 Task dvdduration -- epoch 4 -- Dev F1: 23.338
02/21/2023 03:46:09 Task dvdorder -- epoch 4 -- Dev ACC: 49.004
02/21/2023 03:46:09 Task dvdorder -- epoch 4 -- Dev F1: 13.483
02/21/2023 03:46:16 Task hanashiduration -- epoch 4 -- Dev ACC: 45.990
02/21/2023 03:46:16 Task hanashiduration -- epoch 4 -- Dev F1: 16.784
02/21/2023 03:46:25 Task disc -- epoch 4 -- Dev ACC: 97.167
02/21/2023 03:46:25 Task disc -- epoch 4 -- Dev F1: 96.245
02/21/2023 03:46:25 At epoch 5
02/21/2023 03:46:34 Task [ 3] updates[  4000] train loss[0.85438] remaining[0:02:58]
02/21/2023 03:48:33 Task [ 4] updates[  4500] train loss[0.82654] remaining[0:00:59]
02/21/2023 03:49:35 Task dvdppf -- epoch 5 -- Dev ACC: 47.664
02/21/2023 03:49:35 Task dvdppf -- epoch 5 -- Dev F1: 33.227
02/21/2023 03:49:37 Task dvdduration -- epoch 5 -- Dev ACC: 41.745
02/21/2023 03:49:37 Task dvdduration -- epoch 5 -- Dev F1: 27.664
02/21/2023 03:49:39 Task dvdorder -- epoch 5 -- Dev ACC: 45.817
02/21/2023 03:49:39 Task dvdorder -- epoch 5 -- Dev F1: 14.002
02/21/2023 03:49:45 Task hanashiduration -- epoch 5 -- Dev ACC: 37.868
02/21/2023 03:49:45 Task hanashiduration -- epoch 5 -- Dev F1: 16.518
02/21/2023 03:49:54 Task disc -- epoch 5 -- Dev ACC: 96.937
02/21/2023 03:49:54 Task disc -- epoch 5 -- Dev F1: 95.937
02/21/2023 03:49:54 At epoch 6
02/21/2023 03:50:52 Task [ 3] updates[  5000] train loss[0.80478] remaining[0:02:08]
02/21/2023 03:52:51 Task [ 0] updates[  5500] train loss[0.78195] remaining[0:00:10]
02/21/2023 03:53:04 Task dvdppf -- epoch 6 -- Dev ACC: 49.844
02/21/2023 03:53:04 Task dvdppf -- epoch 6 -- Dev F1: 35.651
02/21/2023 03:53:06 Task dvdduration -- epoch 6 -- Dev ACC: 37.383
02/21/2023 03:53:06 Task dvdduration -- epoch 6 -- Dev F1: 22.654
02/21/2023 03:53:07 Task dvdorder -- epoch 6 -- Dev ACC: 45.817
02/21/2023 03:53:07 Task dvdorder -- epoch 6 -- Dev F1: 15.268
02/21/2023 03:53:14 Task hanashiduration -- epoch 6 -- Dev ACC: 30.457
02/21/2023 03:53:14 Task hanashiduration -- epoch 6 -- Dev F1: 16.604
02/21/2023 03:53:22 Task disc -- epoch 6 -- Dev ACC: 96.937
02/21/2023 03:53:22 Task disc -- epoch 6 -- Dev F1: 95.945
02/21/2023 03:53:22 At epoch 7
02/21/2023 03:55:10 Task [ 4] updates[  6000] train loss[0.75954] remaining[0:01:19]
02/21/2023 03:56:31 Task dvdppf -- epoch 7 -- Dev ACC: 50.156
02/21/2023 03:56:31 Task dvdppf -- epoch 7 -- Dev F1: 35.489
02/21/2023 03:56:33 Task dvdduration -- epoch 7 -- Dev ACC: 40.187
02/21/2023 03:56:33 Task dvdduration -- epoch 7 -- Dev F1: 25.139
02/21/2023 03:56:35 Task dvdorder -- epoch 7 -- Dev ACC: 46.215
02/21/2023 03:56:35 Task dvdorder -- epoch 7 -- Dev F1: 16.410
02/21/2023 03:56:42 Task hanashiduration -- epoch 7 -- Dev ACC: 32.995
02/21/2023 03:56:42 Task hanashiduration -- epoch 7 -- Dev F1: 16.138
02/21/2023 03:56:50 Task disc -- epoch 7 -- Dev ACC: 97.243
02/21/2023 03:56:50 Task disc -- epoch 7 -- Dev F1: 96.336
02/21/2023 03:56:50 At epoch 8
02/21/2023 03:57:29 Task [ 4] updates[  6500] train loss[0.73823] remaining[0:02:28]
02/21/2023 03:59:34 Task [ 2] updates[  7000] train loss[0.71921] remaining[0:00:31]
02/21/2023 04:00:09 Task dvdppf -- epoch 8 -- Dev ACC: 48.910
02/21/2023 04:00:09 Task dvdppf -- epoch 8 -- Dev F1: 34.157
02/21/2023 04:00:11 Task dvdduration -- epoch 8 -- Dev ACC: 38.006
02/21/2023 04:00:11 Task dvdduration -- epoch 8 -- Dev F1: 23.438
02/21/2023 04:00:14 Task dvdorder -- epoch 8 -- Dev ACC: 45.418
02/21/2023 04:00:14 Task dvdorder -- epoch 8 -- Dev F1: 16.752
02/21/2023 04:00:21 Task hanashiduration -- epoch 8 -- Dev ACC: 33.909
02/21/2023 04:00:21 Task hanashiduration -- epoch 8 -- Dev F1: 16.655
02/21/2023 04:00:31 Task disc -- epoch 8 -- Dev ACC: 96.784
02/21/2023 04:00:31 Task disc -- epoch 8 -- Dev F1: 95.751
02/21/2023 04:00:31 At epoch 9
02/21/2023 04:02:05 Task [ 1] updates[  7500] train loss[0.70035] remaining[0:01:47]
02/21/2023 04:03:54 Task dvdppf -- epoch 9 -- Dev ACC: 49.221
02/21/2023 04:03:54 Task dvdppf -- epoch 9 -- Dev F1: 34.288
02/21/2023 04:03:56 Task dvdduration -- epoch 9 -- Dev ACC: 38.006
02/21/2023 04:03:56 Task dvdduration -- epoch 9 -- Dev F1: 23.773
02/21/2023 04:03:58 Task dvdorder -- epoch 9 -- Dev ACC: 46.614
02/21/2023 04:03:58 Task dvdorder -- epoch 9 -- Dev F1: 16.312
02/21/2023 04:04:05 Task hanashiduration -- epoch 9 -- Dev ACC: 32.995
02/21/2023 04:04:05 Task hanashiduration -- epoch 9 -- Dev F1: 16.743
02/21/2023 04:04:14 Task disc -- epoch 9 -- Dev ACC: 96.861
02/21/2023 04:04:14 Task disc -- epoch 9 -- Dev F1: 95.848
