02/16/2023 03:15:47 0
02/16/2023 03:15:47 Launching the MT-DNN training
02/16/2023 03:15:47 Loading ../../../dvd_hanashi/dvd_hanashi_all/2/ppf_train.json as task 0
02/16/2023 03:15:47 Loading ../../../dvd_hanashi/dvd_hanashi_all/2/dvdduration_train.json as task 1
02/16/2023 03:15:47 Loading ../../../dvd_hanashi/dvd_hanashi_all/2/genjitsukasou_train.json as task 2
02/16/2023 03:15:47 4,5,2
02/16/2023 03:15:48 ####################
02/16/2023 03:15:48 {'log_file': 'checkpoints/hanashi_all_2_adam_answer_opt0_gc0_ggc1_2023-02-16T0315/log.log', 'tensorboard': False, 'tensorboard_logdir': 'tensorboard_logdir', 'init_checkpoint': '../../../japanese_bert_new_/jap_bert.pt', 'data_dir': '../../../dvd_hanashi/dvd_hanashi_all/2/', 'data_sort_on': False, 'name': 'farmer', 'task_def': '../../../experiments/dvd_hanashi/dvd_hanashi_task_def.yml', 'train_datasets': ['ppf', 'dvdduration', 'genjitsukasou'], 'test_datasets': ['ppf', 'dvdduration', 'genjitsukasou'], 'update_bert_opt': 0, 'multi_gpu_on': True, 'mem_cum_type': 'simple', 'answer_num_turn': 5, 'answer_mem_drop_p': 0.1, 'answer_att_hidden_size': 128, 'answer_att_type': 'bilinear', 'answer_rnn_type': 'gru', 'answer_sum_att_type': 'bilinear', 'answer_merge_opt': 1, 'answer_mem_type': 1, 'answer_dropout_p': 0.1, 'answer_weight_norm_on': False, 'dump_state_on': False, 'answer_opt': [0, 0, 0], 'label_size': '4,5,2', 'mtl_opt': 0, 'ratio': 0, 'mix_opt': 0, 'max_seq_len': 512, 'init_ratio': 1, 'encoder_type': <EncoderModelType.BERT: 1>, 'cuda': True, 'log_per_updates': 500, 'save_per_updates': 10000, 'save_per_updates_on': False, 'epochs': 10, 'batch_size': 16, 'batch_size_eval': 8, 'optimizer': 'adam', 'grad_clipping': 0.0, 'global_grad_clipping': 1.0, 'weight_decay': 0, 'learning_rate': 1e-05, 'momentum': 0, 'warmup': 0.1, 'warmup_schedule': 'warmup_linear', 'adam_eps': 1e-06, 'vb_dropout': True, 'dropout_p': 0.1, 'dropout_w': 0.0, 'bert_dropout_p': 0.1, 'model_ckpt': 'checkpoints/model_0.pt', 'resume': False, 'ema_opt': 0, 'ema_gamma': 0.995, 'lookahead': False, 'lookahead_k': 5, 'lookahead_alpha': 0.5, 'have_lr_scheduler': True, 'multi_step_lr': '10,20,30', 'freeze_layers': -1, 'embedding_opt': 0, 'lr_gamma': 0.5, 'bert_l2norm': 0.0, 'scheduler_type': 'ms', 'output_dir': 'checkpoints/hanashi_all_2_adam_answer_opt0_gc0_ggc1_2023-02-16T0315', 'seed': 2018, 'grad_accumulation_step': 1, 'fp16': False, 'fp16_opt_level': 'O1', 'mean_teacher': False, 'mean_teacher_avg': 'exponential', 'mean_teacher_lambda': 1, 'mean_teacher_rampup': 4000, 'mean_teacher_alpha1': 0.99, 'mean_teacher_alpha2': 0.999, 'mt_kd_tau': 1, 'virtual_teacher': False, 'vat_eps': 0.001, 'vat_max_layer': -1, 'vat_opt': 0, 'vat_lambda': 1, 'vat_alpha': 1, 'vat_nosiy': 1e-05, 'use_noisycopy': False, 'noisycopy_eps': 0.01, 'use_advcopy': False, 'advcopy_eps': 0.01, 'vat_stable_eps': 1e-06, 'tasks_dropout_p': [0.1, 0.1, 0.1]}
02/16/2023 03:15:48 ####################
02/16/2023 03:15:48 ############# Gradient Accumulation Info #############
02/16/2023 03:15:48 number of step: 5100
02/16/2023 03:15:48 number of grad grad_accumulation step: 1
02/16/2023 03:15:48 adjusted number of step: 5100
02/16/2023 03:15:48 ############# Gradient Accumulation Info #############
02/16/2023 03:15:55 
############# Model Arch of MT-DNN #############
SANBertNetwork(
  (dropout_list): ModuleList(
    (0): DropoutWrapper()
    (1): DropoutWrapper()
    (2): DropoutWrapper()
  )
  (bert): BertModel(
    (embeddings): BertEmbeddings(
      (word_embeddings): Embedding(32006, 768)
      (position_embeddings): Embedding(512, 768)
      (token_type_embeddings): Embedding(2, 768)
      (LayerNorm): FusedLayerNorm(torch.Size([768]), eps=1e-12, elementwise_affine=True)
      (dropout): Dropout(p=0.1)
    )
    (encoder): BertEncoder(
      (layer): ModuleList(
        (0): BertLayer(
          (attention): BertAttention(
            (self): BertSelfAttention(
              (query): Linear(in_features=768, out_features=768, bias=True)
              (key): Linear(in_features=768, out_features=768, bias=True)
              (value): Linear(in_features=768, out_features=768, bias=True)
              (dropout): Dropout(p=0.1)
            )
            (output): BertSelfOutput(
              (dense): Linear(in_features=768, out_features=768, bias=True)
              (LayerNorm): FusedLayerNorm(torch.Size([768]), eps=1e-12, elementwise_affine=True)
              (dropout): Dropout(p=0.1)
            )
          )
          (intermediate): BertIntermediate(
            (dense): Linear(in_features=768, out_features=3072, bias=True)
          )
          (output): BertOutput(
            (dense): Linear(in_features=3072, out_features=768, bias=True)
            (LayerNorm): FusedLayerNorm(torch.Size([768]), eps=1e-12, elementwise_affine=True)
            (dropout): Dropout(p=0.1)
          )
        )
        (1): BertLayer(
          (attention): BertAttention(
            (self): BertSelfAttention(
              (query): Linear(in_features=768, out_features=768, bias=True)
              (key): Linear(in_features=768, out_features=768, bias=True)
              (value): Linear(in_features=768, out_features=768, bias=True)
              (dropout): Dropout(p=0.1)
            )
            (output): BertSelfOutput(
              (dense): Linear(in_features=768, out_features=768, bias=True)
              (LayerNorm): FusedLayerNorm(torch.Size([768]), eps=1e-12, elementwise_affine=True)
              (dropout): Dropout(p=0.1)
            )
          )
          (intermediate): BertIntermediate(
            (dense): Linear(in_features=768, out_features=3072, bias=True)
          )
          (output): BertOutput(
            (dense): Linear(in_features=3072, out_features=768, bias=True)
            (LayerNorm): FusedLayerNorm(torch.Size([768]), eps=1e-12, elementwise_affine=True)
            (dropout): Dropout(p=0.1)
          )
        )
        (2): BertLayer(
          (attention): BertAttention(
            (self): BertSelfAttention(
              (query): Linear(in_features=768, out_features=768, bias=True)
              (key): Linear(in_features=768, out_features=768, bias=True)
              (value): Linear(in_features=768, out_features=768, bias=True)
              (dropout): Dropout(p=0.1)
            )
            (output): BertSelfOutput(
              (dense): Linear(in_features=768, out_features=768, bias=True)
              (LayerNorm): FusedLayerNorm(torch.Size([768]), eps=1e-12, elementwise_affine=True)
              (dropout): Dropout(p=0.1)
            )
          )
          (intermediate): BertIntermediate(
            (dense): Linear(in_features=768, out_features=3072, bias=True)
          )
          (output): BertOutput(
            (dense): Linear(in_features=3072, out_features=768, bias=True)
            (LayerNorm): FusedLayerNorm(torch.Size([768]), eps=1e-12, elementwise_affine=True)
            (dropout): Dropout(p=0.1)
          )
        )
        (3): BertLayer(
          (attention): BertAttention(
            (self): BertSelfAttention(
              (query): Linear(in_features=768, out_features=768, bias=True)
              (key): Linear(in_features=768, out_features=768, bias=True)
              (value): Linear(in_features=768, out_features=768, bias=True)
              (dropout): Dropout(p=0.1)
            )
            (output): BertSelfOutput(
              (dense): Linear(in_features=768, out_features=768, bias=True)
              (LayerNorm): FusedLayerNorm(torch.Size([768]), eps=1e-12, elementwise_affine=True)
              (dropout): Dropout(p=0.1)
            )
          )
          (intermediate): BertIntermediate(
            (dense): Linear(in_features=768, out_features=3072, bias=True)
          )
          (output): BertOutput(
            (dense): Linear(in_features=3072, out_features=768, bias=True)
            (LayerNorm): FusedLayerNorm(torch.Size([768]), eps=1e-12, elementwise_affine=True)
            (dropout): Dropout(p=0.1)
          )
        )
        (4): BertLayer(
          (attention): BertAttention(
            (self): BertSelfAttention(
              (query): Linear(in_features=768, out_features=768, bias=True)
              (key): Linear(in_features=768, out_features=768, bias=True)
              (value): Linear(in_features=768, out_features=768, bias=True)
              (dropout): Dropout(p=0.1)
            )
            (output): BertSelfOutput(
              (dense): Linear(in_features=768, out_features=768, bias=True)
              (LayerNorm): FusedLayerNorm(torch.Size([768]), eps=1e-12, elementwise_affine=True)
              (dropout): Dropout(p=0.1)
            )
          )
          (intermediate): BertIntermediate(
            (dense): Linear(in_features=768, out_features=3072, bias=True)
          )
          (output): BertOutput(
            (dense): Linear(in_features=3072, out_features=768, bias=True)
            (LayerNorm): FusedLayerNorm(torch.Size([768]), eps=1e-12, elementwise_affine=True)
            (dropout): Dropout(p=0.1)
          )
        )
        (5): BertLayer(
          (attention): BertAttention(
            (self): BertSelfAttention(
              (query): Linear(in_features=768, out_features=768, bias=True)
              (key): Linear(in_features=768, out_features=768, bias=True)
              (value): Linear(in_features=768, out_features=768, bias=True)
              (dropout): Dropout(p=0.1)
            )
            (output): BertSelfOutput(
              (dense): Linear(in_features=768, out_features=768, bias=True)
              (LayerNorm): FusedLayerNorm(torch.Size([768]), eps=1e-12, elementwise_affine=True)
              (dropout): Dropout(p=0.1)
            )
          )
          (intermediate): BertIntermediate(
            (dense): Linear(in_features=768, out_features=3072, bias=True)
          )
          (output): BertOutput(
            (dense): Linear(in_features=3072, out_features=768, bias=True)
            (LayerNorm): FusedLayerNorm(torch.Size([768]), eps=1e-12, elementwise_affine=True)
            (dropout): Dropout(p=0.1)
          )
        )
        (6): BertLayer(
          (attention): BertAttention(
            (self): BertSelfAttention(
              (query): Linear(in_features=768, out_features=768, bias=True)
              (key): Linear(in_features=768, out_features=768, bias=True)
              (value): Linear(in_features=768, out_features=768, bias=True)
              (dropout): Dropout(p=0.1)
            )
            (output): BertSelfOutput(
              (dense): Linear(in_features=768, out_features=768, bias=True)
              (LayerNorm): FusedLayerNorm(torch.Size([768]), eps=1e-12, elementwise_affine=True)
              (dropout): Dropout(p=0.1)
            )
          )
          (intermediate): BertIntermediate(
            (dense): Linear(in_features=768, out_features=3072, bias=True)
          )
          (output): BertOutput(
            (dense): Linear(in_features=3072, out_features=768, bias=True)
            (LayerNorm): FusedLayerNorm(torch.Size([768]), eps=1e-12, elementwise_affine=True)
            (dropout): Dropout(p=0.1)
          )
        )
        (7): BertLayer(
          (attention): BertAttention(
            (self): BertSelfAttention(
              (query): Linear(in_features=768, out_features=768, bias=True)
              (key): Linear(in_features=768, out_features=768, bias=True)
              (value): Linear(in_features=768, out_features=768, bias=True)
              (dropout): Dropout(p=0.1)
            )
            (output): BertSelfOutput(
              (dense): Linear(in_features=768, out_features=768, bias=True)
              (LayerNorm): FusedLayerNorm(torch.Size([768]), eps=1e-12, elementwise_affine=True)
              (dropout): Dropout(p=0.1)
            )
          )
          (intermediate): BertIntermediate(
            (dense): Linear(in_features=768, out_features=3072, bias=True)
          )
          (output): BertOutput(
            (dense): Linear(in_features=3072, out_features=768, bias=True)
            (LayerNorm): FusedLayerNorm(torch.Size([768]), eps=1e-12, elementwise_affine=True)
            (dropout): Dropout(p=0.1)
          )
        )
        (8): BertLayer(
          (attention): BertAttention(
            (self): BertSelfAttention(
              (query): Linear(in_features=768, out_features=768, bias=True)
              (key): Linear(in_features=768, out_features=768, bias=True)
              (value): Linear(in_features=768, out_features=768, bias=True)
              (dropout): Dropout(p=0.1)
            )
            (output): BertSelfOutput(
              (dense): Linear(in_features=768, out_features=768, bias=True)
              (LayerNorm): FusedLayerNorm(torch.Size([768]), eps=1e-12, elementwise_affine=True)
              (dropout): Dropout(p=0.1)
            )
          )
          (intermediate): BertIntermediate(
            (dense): Linear(in_features=768, out_features=3072, bias=True)
          )
          (output): BertOutput(
            (dense): Linear(in_features=3072, out_features=768, bias=True)
            (LayerNorm): FusedLayerNorm(torch.Size([768]), eps=1e-12, elementwise_affine=True)
            (dropout): Dropout(p=0.1)
          )
        )
        (9): BertLayer(
          (attention): BertAttention(
            (self): BertSelfAttention(
              (query): Linear(in_features=768, out_features=768, bias=True)
              (key): Linear(in_features=768, out_features=768, bias=True)
              (value): Linear(in_features=768, out_features=768, bias=True)
              (dropout): Dropout(p=0.1)
            )
            (output): BertSelfOutput(
              (dense): Linear(in_features=768, out_features=768, bias=True)
              (LayerNorm): FusedLayerNorm(torch.Size([768]), eps=1e-12, elementwise_affine=True)
              (dropout): Dropout(p=0.1)
            )
          )
          (intermediate): BertIntermediate(
            (dense): Linear(in_features=768, out_features=3072, bias=True)
          )
          (output): BertOutput(
            (dense): Linear(in_features=3072, out_features=768, bias=True)
            (LayerNorm): FusedLayerNorm(torch.Size([768]), eps=1e-12, elementwise_affine=True)
            (dropout): Dropout(p=0.1)
          )
        )
        (10): BertLayer(
          (attention): BertAttention(
            (self): BertSelfAttention(
              (query): Linear(in_features=768, out_features=768, bias=True)
              (key): Linear(in_features=768, out_features=768, bias=True)
              (value): Linear(in_features=768, out_features=768, bias=True)
              (dropout): Dropout(p=0.1)
            )
            (output): BertSelfOutput(
              (dense): Linear(in_features=768, out_features=768, bias=True)
              (LayerNorm): FusedLayerNorm(torch.Size([768]), eps=1e-12, elementwise_affine=True)
              (dropout): Dropout(p=0.1)
            )
          )
          (intermediate): BertIntermediate(
            (dense): Linear(in_features=768, out_features=3072, bias=True)
          )
          (output): BertOutput(
            (dense): Linear(in_features=3072, out_features=768, bias=True)
            (LayerNorm): FusedLayerNorm(torch.Size([768]), eps=1e-12, elementwise_affine=True)
            (dropout): Dropout(p=0.1)
          )
        )
        (11): BertLayer(
          (attention): BertAttention(
            (self): BertSelfAttention(
              (query): Linear(in_features=768, out_features=768, bias=True)
              (key): Linear(in_features=768, out_features=768, bias=True)
              (value): Linear(in_features=768, out_features=768, bias=True)
              (dropout): Dropout(p=0.1)
            )
            (output): BertSelfOutput(
              (dense): Linear(in_features=768, out_features=768, bias=True)
              (LayerNorm): FusedLayerNorm(torch.Size([768]), eps=1e-12, elementwise_affine=True)
              (dropout): Dropout(p=0.1)
            )
          )
          (intermediate): BertIntermediate(
            (dense): Linear(in_features=768, out_features=3072, bias=True)
          )
          (output): BertOutput(
            (dense): Linear(in_features=3072, out_features=768, bias=True)
            (LayerNorm): FusedLayerNorm(torch.Size([768]), eps=1e-12, elementwise_affine=True)
            (dropout): Dropout(p=0.1)
          )
        )
      )
    )
    (pooler): BertPooler(
      (dense): Linear(in_features=768, out_features=768, bias=True)
      (activation): Tanh()
    )
  )
  (scoring_list): ModuleList(
    (0): Linear(in_features=768, out_features=4, bias=True)
    (1): Linear(in_features=768, out_features=5, bias=True)
    (2): Linear(in_features=768, out_features=2, bias=True)
  )
)

02/16/2023 03:15:55 Total number of params: 110630411
02/16/2023 03:15:55 At epoch 0
02/16/2023 03:15:56 Task [ 1] updates[     1] train loss[1.60354] remaining[0:04:27]
02/16/2023 03:18:04 Task [ 0] updates[   500] train loss[0.85508] remaining[0:00:02]
02/16/2023 03:18:10 Task ppf -- epoch 0 -- Dev ACC: 76.650
02/16/2023 03:18:10 Task ppf -- epoch 0 -- Dev F1: 37.622
02/16/2023 03:18:11 Task dvdduration -- epoch 0 -- Dev ACC: 29.907
02/16/2023 03:18:11 Task dvdduration -- epoch 0 -- Dev F1: 15.940
02/16/2023 03:18:14 Task genjitsukasou -- epoch 0 -- Dev ACC: 91.168
02/16/2023 03:18:14 Task genjitsukasou -- epoch 0 -- Dev F1: 47.690
02/16/2023 03:18:14 At epoch 1
02/16/2023 03:20:20 Task [ 2] updates[  1000] train loss[0.78222] remaining[0:00:05]
02/16/2023 03:20:29 Task ppf -- epoch 1 -- Dev ACC: 73.807
02/16/2023 03:20:29 Task ppf -- epoch 1 -- Dev F1: 41.598
02/16/2023 03:20:29 Task dvdduration -- epoch 1 -- Dev ACC: 28.972
02/16/2023 03:20:29 Task dvdduration -- epoch 1 -- Dev F1: 13.641
02/16/2023 03:20:32 Task genjitsukasou -- epoch 1 -- Dev ACC: 91.472
02/16/2023 03:20:32 Task genjitsukasou -- epoch 1 -- Dev F1: 54.009
02/16/2023 03:20:32 At epoch 2
02/16/2023 03:22:36 Task [ 0] updates[  1500] train loss[0.70831] remaining[0:00:07]
02/16/2023 03:22:47 Task ppf -- epoch 2 -- Dev ACC: 60.305
02/16/2023 03:22:47 Task ppf -- epoch 2 -- Dev F1: 40.616
02/16/2023 03:22:48 Task dvdduration -- epoch 2 -- Dev ACC: 39.252
02/16/2023 03:22:48 Task dvdduration -- epoch 2 -- Dev F1: 26.651
02/16/2023 03:22:51 Task genjitsukasou -- epoch 2 -- Dev ACC: 90.355
02/16/2023 03:22:51 Task genjitsukasou -- epoch 2 -- Dev F1: 54.652
02/16/2023 03:22:51 At epoch 3
02/16/2023 03:24:51 Task [ 2] updates[  2000] train loss[0.65200] remaining[0:00:10]
02/16/2023 03:25:05 Task ppf -- epoch 3 -- Dev ACC: 70.964
02/16/2023 03:25:05 Task ppf -- epoch 3 -- Dev F1: 41.814
02/16/2023 03:25:06 Task dvdduration -- epoch 3 -- Dev ACC: 34.268
02/16/2023 03:25:06 Task dvdduration -- epoch 3 -- Dev F1: 19.699
02/16/2023 03:25:08 Task genjitsukasou -- epoch 3 -- Dev ACC: 90.051
02/16/2023 03:25:08 Task genjitsukasou -- epoch 3 -- Dev F1: 52.820
02/16/2023 03:25:08 At epoch 4
02/16/2023 03:27:07 Task [ 0] updates[  2500] train loss[0.59992] remaining[0:00:12]
02/16/2023 03:27:23 Task ppf -- epoch 4 -- Dev ACC: 64.162
02/16/2023 03:27:23 Task ppf -- epoch 4 -- Dev F1: 40.417
02/16/2023 03:27:24 Task dvdduration -- epoch 4 -- Dev ACC: 37.695
02/16/2023 03:27:24 Task dvdduration -- epoch 4 -- Dev F1: 24.419
02/16/2023 03:27:27 Task genjitsukasou -- epoch 4 -- Dev ACC: 88.934
02/16/2023 03:27:27 Task genjitsukasou -- epoch 4 -- Dev F1: 54.792
02/16/2023 03:27:27 At epoch 5
02/16/2023 03:29:23 Task [ 2] updates[  3000] train loss[0.55820] remaining[0:00:15]
02/16/2023 03:29:42 Task ppf -- epoch 5 -- Dev ACC: 67.310
02/16/2023 03:29:42 Task ppf -- epoch 5 -- Dev F1: 42.726
02/16/2023 03:29:43 Task dvdduration -- epoch 5 -- Dev ACC: 35.202
02/16/2023 03:29:43 Task dvdduration -- epoch 5 -- Dev F1: 23.608
02/16/2023 03:29:46 Task genjitsukasou -- epoch 5 -- Dev ACC: 90.457
02/16/2023 03:29:46 Task genjitsukasou -- epoch 5 -- Dev F1: 53.957
02/16/2023 03:29:46 At epoch 6
02/16/2023 03:31:40 Task [ 2] updates[  3500] train loss[0.51958] remaining[0:00:18]
02/16/2023 03:32:00 Task ppf -- epoch 6 -- Dev ACC: 60.406
02/16/2023 03:32:00 Task ppf -- epoch 6 -- Dev F1: 40.103
02/16/2023 03:32:01 Task dvdduration -- epoch 6 -- Dev ACC: 36.449
02/16/2023 03:32:01 Task dvdduration -- epoch 6 -- Dev F1: 24.192
02/16/2023 03:32:04 Task genjitsukasou -- epoch 6 -- Dev ACC: 88.934
02/16/2023 03:32:04 Task genjitsukasou -- epoch 6 -- Dev F1: 54.792
02/16/2023 03:32:04 At epoch 7
02/16/2023 03:33:55 Task [ 0] updates[  4000] train loss[0.48736] remaining[0:00:20]
02/16/2023 03:34:18 Task ppf -- epoch 7 -- Dev ACC: 60.609
02/16/2023 03:34:18 Task ppf -- epoch 7 -- Dev F1: 40.616
02/16/2023 03:34:19 Task dvdduration -- epoch 7 -- Dev ACC: 34.579
02/16/2023 03:34:19 Task dvdduration -- epoch 7 -- Dev F1: 23.507
02/16/2023 03:34:22 Task genjitsukasou -- epoch 7 -- Dev ACC: 86.497
02/16/2023 03:34:22 Task genjitsukasou -- epoch 7 -- Dev F1: 55.020
02/16/2023 03:34:22 At epoch 8
02/16/2023 03:36:10 Task [ 0] updates[  4500] train loss[0.46088] remaining[0:00:23]
02/16/2023 03:36:37 Task ppf -- epoch 8 -- Dev ACC: 63.553
02/16/2023 03:36:37 Task ppf -- epoch 8 -- Dev F1: 40.921
02/16/2023 03:36:38 Task dvdduration -- epoch 8 -- Dev ACC: 34.891
02/16/2023 03:36:38 Task dvdduration -- epoch 8 -- Dev F1: 23.522
02/16/2023 03:36:40 Task genjitsukasou -- epoch 8 -- Dev ACC: 88.325
02/16/2023 03:36:40 Task genjitsukasou -- epoch 8 -- Dev F1: 52.303
02/16/2023 03:36:41 At epoch 9
02/16/2023 03:38:25 Task [ 2] updates[  5000] train loss[0.43647] remaining[0:00:25]
02/16/2023 03:38:55 Task ppf -- epoch 9 -- Dev ACC: 62.234
02/16/2023 03:38:55 Task ppf -- epoch 9 -- Dev F1: 40.767
02/16/2023 03:38:56 Task dvdduration -- epoch 9 -- Dev ACC: 33.645
02/16/2023 03:38:56 Task dvdduration -- epoch 9 -- Dev F1: 23.152
02/16/2023 03:39:00 Task genjitsukasou -- epoch 9 -- Dev ACC: 88.629
02/16/2023 03:39:00 Task genjitsukasou -- epoch 9 -- Dev F1: 52.519
