02/16/2023 06:44:38 0
02/16/2023 06:44:38 Launching the MT-DNN training
02/16/2023 06:44:38 Loading ../../../dvd_hanashi/dvd_hanashi_all/2/ppf_train.json as task 0
02/16/2023 06:44:39 Loading ../../../dvd_hanashi/dvd_hanashi_all/2/hanashiduration_train.json as task 1
02/16/2023 06:44:39 Loading ../../../dvd_hanashi/dvd_hanashi_all/2/genjitsukasou_train.json as task 2
02/16/2023 06:44:39 4,8,2
02/16/2023 06:44:39 ####################
02/16/2023 06:44:39 {'log_file': 'checkpoints/hanashi_all_2_adam_answer_opt0_gc0_ggc1_2023-02-16T0644/log.log', 'tensorboard': False, 'tensorboard_logdir': 'tensorboard_logdir', 'init_checkpoint': '../../../japanese_bert_new_/jap_bert.pt', 'data_dir': '../../../dvd_hanashi/dvd_hanashi_all/2/', 'data_sort_on': False, 'name': 'farmer', 'task_def': '../../../experiments/dvd_hanashi/dvd_hanashi_task_def.yml', 'train_datasets': ['ppf', 'hanashiduration', 'genjitsukasou'], 'test_datasets': ['ppf', 'hanashiduration', 'genjitsukasou'], 'update_bert_opt': 0, 'multi_gpu_on': True, 'mem_cum_type': 'simple', 'answer_num_turn': 5, 'answer_mem_drop_p': 0.1, 'answer_att_hidden_size': 128, 'answer_att_type': 'bilinear', 'answer_rnn_type': 'gru', 'answer_sum_att_type': 'bilinear', 'answer_merge_opt': 1, 'answer_mem_type': 1, 'answer_dropout_p': 0.1, 'answer_weight_norm_on': False, 'dump_state_on': False, 'answer_opt': [0, 0, 0], 'label_size': '4,8,2', 'mtl_opt': 0, 'ratio': 0, 'mix_opt': 0, 'max_seq_len': 512, 'init_ratio': 1, 'encoder_type': <EncoderModelType.BERT: 1>, 'cuda': True, 'log_per_updates': 500, 'save_per_updates': 10000, 'save_per_updates_on': False, 'epochs': 10, 'batch_size': 16, 'batch_size_eval': 8, 'optimizer': 'adam', 'grad_clipping': 0.0, 'global_grad_clipping': 1.0, 'weight_decay': 0, 'learning_rate': 1e-05, 'momentum': 0, 'warmup': 0.1, 'warmup_schedule': 'warmup_linear', 'adam_eps': 1e-06, 'vb_dropout': True, 'dropout_p': 0.1, 'dropout_w': 0.0, 'bert_dropout_p': 0.1, 'model_ckpt': 'checkpoints/model_0.pt', 'resume': False, 'ema_opt': 0, 'ema_gamma': 0.995, 'lookahead': False, 'lookahead_k': 5, 'lookahead_alpha': 0.5, 'have_lr_scheduler': True, 'multi_step_lr': '10,20,30', 'freeze_layers': -1, 'embedding_opt': 0, 'lr_gamma': 0.5, 'bert_l2norm': 0.0, 'scheduler_type': 'ms', 'output_dir': 'checkpoints/hanashi_all_2_adam_answer_opt0_gc0_ggc1_2023-02-16T0644', 'seed': 2018, 'grad_accumulation_step': 1, 'fp16': False, 'fp16_opt_level': 'O1', 'mean_teacher': False, 'mean_teacher_avg': 'exponential', 'mean_teacher_lambda': 1, 'mean_teacher_rampup': 4000, 'mean_teacher_alpha1': 0.99, 'mean_teacher_alpha2': 0.999, 'mt_kd_tau': 1, 'virtual_teacher': False, 'vat_eps': 0.001, 'vat_max_layer': -1, 'vat_opt': 0, 'vat_lambda': 1, 'vat_alpha': 1, 'vat_nosiy': 1e-05, 'use_noisycopy': False, 'noisycopy_eps': 0.01, 'use_advcopy': False, 'advcopy_eps': 0.01, 'vat_stable_eps': 1e-06, 'tasks_dropout_p': [0.1, 0.1, 0.1]}
02/16/2023 06:44:39 ####################
02/16/2023 06:44:39 ############# Gradient Accumulation Info #############
02/16/2023 06:44:39 number of step: 6120
02/16/2023 06:44:39 number of grad grad_accumulation step: 1
02/16/2023 06:44:39 adjusted number of step: 6120
02/16/2023 06:44:39 ############# Gradient Accumulation Info #############
02/16/2023 06:44:47 
############# Model Arch of MT-DNN #############
SANBertNetwork(
  (dropout_list): ModuleList(
    (0): DropoutWrapper()
    (1): DropoutWrapper()
    (2): DropoutWrapper()
  )
  (bert): BertModel(
    (embeddings): BertEmbeddings(
      (word_embeddings): Embedding(32006, 768)
      (position_embeddings): Embedding(512, 768)
      (token_type_embeddings): Embedding(2, 768)
      (LayerNorm): FusedLayerNorm(torch.Size([768]), eps=1e-12, elementwise_affine=True)
      (dropout): Dropout(p=0.1)
    )
    (encoder): BertEncoder(
      (layer): ModuleList(
        (0): BertLayer(
          (attention): BertAttention(
            (self): BertSelfAttention(
              (query): Linear(in_features=768, out_features=768, bias=True)
              (key): Linear(in_features=768, out_features=768, bias=True)
              (value): Linear(in_features=768, out_features=768, bias=True)
              (dropout): Dropout(p=0.1)
            )
            (output): BertSelfOutput(
              (dense): Linear(in_features=768, out_features=768, bias=True)
              (LayerNorm): FusedLayerNorm(torch.Size([768]), eps=1e-12, elementwise_affine=True)
              (dropout): Dropout(p=0.1)
            )
          )
          (intermediate): BertIntermediate(
            (dense): Linear(in_features=768, out_features=3072, bias=True)
          )
          (output): BertOutput(
            (dense): Linear(in_features=3072, out_features=768, bias=True)
            (LayerNorm): FusedLayerNorm(torch.Size([768]), eps=1e-12, elementwise_affine=True)
            (dropout): Dropout(p=0.1)
          )
        )
        (1): BertLayer(
          (attention): BertAttention(
            (self): BertSelfAttention(
              (query): Linear(in_features=768, out_features=768, bias=True)
              (key): Linear(in_features=768, out_features=768, bias=True)
              (value): Linear(in_features=768, out_features=768, bias=True)
              (dropout): Dropout(p=0.1)
            )
            (output): BertSelfOutput(
              (dense): Linear(in_features=768, out_features=768, bias=True)
              (LayerNorm): FusedLayerNorm(torch.Size([768]), eps=1e-12, elementwise_affine=True)
              (dropout): Dropout(p=0.1)
            )
          )
          (intermediate): BertIntermediate(
            (dense): Linear(in_features=768, out_features=3072, bias=True)
          )
          (output): BertOutput(
            (dense): Linear(in_features=3072, out_features=768, bias=True)
            (LayerNorm): FusedLayerNorm(torch.Size([768]), eps=1e-12, elementwise_affine=True)
            (dropout): Dropout(p=0.1)
          )
        )
        (2): BertLayer(
          (attention): BertAttention(
            (self): BertSelfAttention(
              (query): Linear(in_features=768, out_features=768, bias=True)
              (key): Linear(in_features=768, out_features=768, bias=True)
              (value): Linear(in_features=768, out_features=768, bias=True)
              (dropout): Dropout(p=0.1)
            )
            (output): BertSelfOutput(
              (dense): Linear(in_features=768, out_features=768, bias=True)
              (LayerNorm): FusedLayerNorm(torch.Size([768]), eps=1e-12, elementwise_affine=True)
              (dropout): Dropout(p=0.1)
            )
          )
          (intermediate): BertIntermediate(
            (dense): Linear(in_features=768, out_features=3072, bias=True)
          )
          (output): BertOutput(
            (dense): Linear(in_features=3072, out_features=768, bias=True)
            (LayerNorm): FusedLayerNorm(torch.Size([768]), eps=1e-12, elementwise_affine=True)
            (dropout): Dropout(p=0.1)
          )
        )
        (3): BertLayer(
          (attention): BertAttention(
            (self): BertSelfAttention(
              (query): Linear(in_features=768, out_features=768, bias=True)
              (key): Linear(in_features=768, out_features=768, bias=True)
              (value): Linear(in_features=768, out_features=768, bias=True)
              (dropout): Dropout(p=0.1)
            )
            (output): BertSelfOutput(
              (dense): Linear(in_features=768, out_features=768, bias=True)
              (LayerNorm): FusedLayerNorm(torch.Size([768]), eps=1e-12, elementwise_affine=True)
              (dropout): Dropout(p=0.1)
            )
          )
          (intermediate): BertIntermediate(
            (dense): Linear(in_features=768, out_features=3072, bias=True)
          )
          (output): BertOutput(
            (dense): Linear(in_features=3072, out_features=768, bias=True)
            (LayerNorm): FusedLayerNorm(torch.Size([768]), eps=1e-12, elementwise_affine=True)
            (dropout): Dropout(p=0.1)
          )
        )
        (4): BertLayer(
          (attention): BertAttention(
            (self): BertSelfAttention(
              (query): Linear(in_features=768, out_features=768, bias=True)
              (key): Linear(in_features=768, out_features=768, bias=True)
              (value): Linear(in_features=768, out_features=768, bias=True)
              (dropout): Dropout(p=0.1)
            )
            (output): BertSelfOutput(
              (dense): Linear(in_features=768, out_features=768, bias=True)
              (LayerNorm): FusedLayerNorm(torch.Size([768]), eps=1e-12, elementwise_affine=True)
              (dropout): Dropout(p=0.1)
            )
          )
          (intermediate): BertIntermediate(
            (dense): Linear(in_features=768, out_features=3072, bias=True)
          )
          (output): BertOutput(
            (dense): Linear(in_features=3072, out_features=768, bias=True)
            (LayerNorm): FusedLayerNorm(torch.Size([768]), eps=1e-12, elementwise_affine=True)
            (dropout): Dropout(p=0.1)
          )
        )
        (5): BertLayer(
          (attention): BertAttention(
            (self): BertSelfAttention(
              (query): Linear(in_features=768, out_features=768, bias=True)
              (key): Linear(in_features=768, out_features=768, bias=True)
              (value): Linear(in_features=768, out_features=768, bias=True)
              (dropout): Dropout(p=0.1)
            )
            (output): BertSelfOutput(
              (dense): Linear(in_features=768, out_features=768, bias=True)
              (LayerNorm): FusedLayerNorm(torch.Size([768]), eps=1e-12, elementwise_affine=True)
              (dropout): Dropout(p=0.1)
            )
          )
          (intermediate): BertIntermediate(
            (dense): Linear(in_features=768, out_features=3072, bias=True)
          )
          (output): BertOutput(
            (dense): Linear(in_features=3072, out_features=768, bias=True)
            (LayerNorm): FusedLayerNorm(torch.Size([768]), eps=1e-12, elementwise_affine=True)
            (dropout): Dropout(p=0.1)
          )
        )
        (6): BertLayer(
          (attention): BertAttention(
            (self): BertSelfAttention(
              (query): Linear(in_features=768, out_features=768, bias=True)
              (key): Linear(in_features=768, out_features=768, bias=True)
              (value): Linear(in_features=768, out_features=768, bias=True)
              (dropout): Dropout(p=0.1)
            )
            (output): BertSelfOutput(
              (dense): Linear(in_features=768, out_features=768, bias=True)
              (LayerNorm): FusedLayerNorm(torch.Size([768]), eps=1e-12, elementwise_affine=True)
              (dropout): Dropout(p=0.1)
            )
          )
          (intermediate): BertIntermediate(
            (dense): Linear(in_features=768, out_features=3072, bias=True)
          )
          (output): BertOutput(
            (dense): Linear(in_features=3072, out_features=768, bias=True)
            (LayerNorm): FusedLayerNorm(torch.Size([768]), eps=1e-12, elementwise_affine=True)
            (dropout): Dropout(p=0.1)
          )
        )
        (7): BertLayer(
          (attention): BertAttention(
            (self): BertSelfAttention(
              (query): Linear(in_features=768, out_features=768, bias=True)
              (key): Linear(in_features=768, out_features=768, bias=True)
              (value): Linear(in_features=768, out_features=768, bias=True)
              (dropout): Dropout(p=0.1)
            )
            (output): BertSelfOutput(
              (dense): Linear(in_features=768, out_features=768, bias=True)
              (LayerNorm): FusedLayerNorm(torch.Size([768]), eps=1e-12, elementwise_affine=True)
              (dropout): Dropout(p=0.1)
            )
          )
          (intermediate): BertIntermediate(
            (dense): Linear(in_features=768, out_features=3072, bias=True)
          )
          (output): BertOutput(
            (dense): Linear(in_features=3072, out_features=768, bias=True)
            (LayerNorm): FusedLayerNorm(torch.Size([768]), eps=1e-12, elementwise_affine=True)
            (dropout): Dropout(p=0.1)
          )
        )
        (8): BertLayer(
          (attention): BertAttention(
            (self): BertSelfAttention(
              (query): Linear(in_features=768, out_features=768, bias=True)
              (key): Linear(in_features=768, out_features=768, bias=True)
              (value): Linear(in_features=768, out_features=768, bias=True)
              (dropout): Dropout(p=0.1)
            )
            (output): BertSelfOutput(
              (dense): Linear(in_features=768, out_features=768, bias=True)
              (LayerNorm): FusedLayerNorm(torch.Size([768]), eps=1e-12, elementwise_affine=True)
              (dropout): Dropout(p=0.1)
            )
          )
          (intermediate): BertIntermediate(
            (dense): Linear(in_features=768, out_features=3072, bias=True)
          )
          (output): BertOutput(
            (dense): Linear(in_features=3072, out_features=768, bias=True)
            (LayerNorm): FusedLayerNorm(torch.Size([768]), eps=1e-12, elementwise_affine=True)
            (dropout): Dropout(p=0.1)
          )
        )
        (9): BertLayer(
          (attention): BertAttention(
            (self): BertSelfAttention(
              (query): Linear(in_features=768, out_features=768, bias=True)
              (key): Linear(in_features=768, out_features=768, bias=True)
              (value): Linear(in_features=768, out_features=768, bias=True)
              (dropout): Dropout(p=0.1)
            )
            (output): BertSelfOutput(
              (dense): Linear(in_features=768, out_features=768, bias=True)
              (LayerNorm): FusedLayerNorm(torch.Size([768]), eps=1e-12, elementwise_affine=True)
              (dropout): Dropout(p=0.1)
            )
          )
          (intermediate): BertIntermediate(
            (dense): Linear(in_features=768, out_features=3072, bias=True)
          )
          (output): BertOutput(
            (dense): Linear(in_features=3072, out_features=768, bias=True)
            (LayerNorm): FusedLayerNorm(torch.Size([768]), eps=1e-12, elementwise_affine=True)
            (dropout): Dropout(p=0.1)
          )
        )
        (10): BertLayer(
          (attention): BertAttention(
            (self): BertSelfAttention(
              (query): Linear(in_features=768, out_features=768, bias=True)
              (key): Linear(in_features=768, out_features=768, bias=True)
              (value): Linear(in_features=768, out_features=768, bias=True)
              (dropout): Dropout(p=0.1)
            )
            (output): BertSelfOutput(
              (dense): Linear(in_features=768, out_features=768, bias=True)
              (LayerNorm): FusedLayerNorm(torch.Size([768]), eps=1e-12, elementwise_affine=True)
              (dropout): Dropout(p=0.1)
            )
          )
          (intermediate): BertIntermediate(
            (dense): Linear(in_features=768, out_features=3072, bias=True)
          )
          (output): BertOutput(
            (dense): Linear(in_features=3072, out_features=768, bias=True)
            (LayerNorm): FusedLayerNorm(torch.Size([768]), eps=1e-12, elementwise_affine=True)
            (dropout): Dropout(p=0.1)
          )
        )
        (11): BertLayer(
          (attention): BertAttention(
            (self): BertSelfAttention(
              (query): Linear(in_features=768, out_features=768, bias=True)
              (key): Linear(in_features=768, out_features=768, bias=True)
              (value): Linear(in_features=768, out_features=768, bias=True)
              (dropout): Dropout(p=0.1)
            )
            (output): BertSelfOutput(
              (dense): Linear(in_features=768, out_features=768, bias=True)
              (LayerNorm): FusedLayerNorm(torch.Size([768]), eps=1e-12, elementwise_affine=True)
              (dropout): Dropout(p=0.1)
            )
          )
          (intermediate): BertIntermediate(
            (dense): Linear(in_features=768, out_features=3072, bias=True)
          )
          (output): BertOutput(
            (dense): Linear(in_features=3072, out_features=768, bias=True)
            (LayerNorm): FusedLayerNorm(torch.Size([768]), eps=1e-12, elementwise_affine=True)
            (dropout): Dropout(p=0.1)
          )
        )
      )
    )
    (pooler): BertPooler(
      (dense): Linear(in_features=768, out_features=768, bias=True)
      (activation): Tanh()
    )
  )
  (scoring_list): ModuleList(
    (0): Linear(in_features=768, out_features=4, bias=True)
    (1): Linear(in_features=768, out_features=8, bias=True)
    (2): Linear(in_features=768, out_features=2, bias=True)
  )
)

02/16/2023 06:44:47 Total number of params: 110632718
02/16/2023 06:44:47 At epoch 0
02/16/2023 06:44:48 Task [ 0] updates[     1] train loss[1.43524] remaining[0:06:24]
02/16/2023 06:47:06 Task [ 1] updates[   500] train loss[1.07149] remaining[0:00:31]
02/16/2023 06:47:39 Task ppf -- epoch 0 -- Dev ACC: 64.061
02/16/2023 06:47:39 Task ppf -- epoch 0 -- Dev F1: 36.625
02/16/2023 06:47:42 Task hanashiduration -- epoch 0 -- Dev ACC: 43.452
02/16/2023 06:47:42 Task hanashiduration -- epoch 0 -- Dev F1: 10.834
02/16/2023 06:47:45 Task genjitsukasou -- epoch 0 -- Dev ACC: 91.168
02/16/2023 06:47:45 Task genjitsukasou -- epoch 0 -- Dev F1: 47.690
02/16/2023 06:47:45 At epoch 1
02/16/2023 06:49:32 Task [ 1] updates[  1000] train loss[0.99951] remaining[0:01:01]
02/16/2023 06:50:36 Task ppf -- epoch 1 -- Dev ACC: 56.751
02/16/2023 06:50:36 Task ppf -- epoch 1 -- Dev F1: 40.564
02/16/2023 06:50:40 Task hanashiduration -- epoch 1 -- Dev ACC: 38.782
02/16/2023 06:50:40 Task hanashiduration -- epoch 1 -- Dev F1: 11.725
02/16/2023 06:50:42 Task genjitsukasou -- epoch 1 -- Dev ACC: 90.051
02/16/2023 06:50:42 Task genjitsukasou -- epoch 1 -- Dev F1: 53.613
02/16/2023 06:50:42 At epoch 2
02/16/2023 06:51:59 Task [ 1] updates[  1500] train loss[0.91509] remaining[0:01:32]
02/16/2023 06:53:34 Task ppf -- epoch 2 -- Dev ACC: 58.883
02/16/2023 06:53:34 Task ppf -- epoch 2 -- Dev F1: 42.604
02/16/2023 06:53:36 Task hanashiduration -- epoch 2 -- Dev ACC: 40.305
02/16/2023 06:53:36 Task hanashiduration -- epoch 2 -- Dev F1: 17.093
02/16/2023 06:53:39 Task genjitsukasou -- epoch 2 -- Dev ACC: 89.442
02/16/2023 06:53:39 Task genjitsukasou -- epoch 2 -- Dev F1: 54.563
02/16/2023 06:53:40 At epoch 3
02/16/2023 06:54:25 Task [ 2] updates[  2000] train loss[0.84955] remaining[0:02:04]
02/16/2023 06:56:31 Task ppf -- epoch 3 -- Dev ACC: 61.624
02/16/2023 06:56:31 Task ppf -- epoch 3 -- Dev F1: 44.159
02/16/2023 06:56:33 Task hanashiduration -- epoch 3 -- Dev ACC: 42.335
02/16/2023 06:56:33 Task hanashiduration -- epoch 3 -- Dev F1: 17.773
02/16/2023 06:56:36 Task genjitsukasou -- epoch 3 -- Dev ACC: 90.051
02/16/2023 06:56:36 Task genjitsukasou -- epoch 3 -- Dev F1: 57.185
02/16/2023 06:56:36 At epoch 4
02/16/2023 06:56:50 Task [ 2] updates[  2500] train loss[0.79251] remaining[0:02:33]
02/16/2023 06:59:08 Task [ 1] updates[  3000] train loss[0.74622] remaining[0:00:16]
02/16/2023 06:59:28 Task ppf -- epoch 4 -- Dev ACC: 66.802
02/16/2023 06:59:28 Task ppf -- epoch 4 -- Dev F1: 44.617
02/16/2023 06:59:31 Task hanashiduration -- epoch 4 -- Dev ACC: 37.462
02/16/2023 06:59:31 Task hanashiduration -- epoch 4 -- Dev F1: 17.515
02/16/2023 06:59:34 Task genjitsukasou -- epoch 4 -- Dev ACC: 89.645
02/16/2023 06:59:34 Task genjitsukasou -- epoch 4 -- Dev F1: 55.437
02/16/2023 06:59:34 At epoch 5
02/16/2023 07:01:35 Task [ 2] updates[  3500] train loss[0.70273] remaining[0:00:47]
02/16/2023 07:02:24 Task ppf -- epoch 5 -- Dev ACC: 65.381
02/16/2023 07:02:24 Task ppf -- epoch 5 -- Dev F1: 44.240
02/16/2023 07:02:27 Task hanashiduration -- epoch 5 -- Dev ACC: 37.766
02/16/2023 07:02:27 Task hanashiduration -- epoch 5 -- Dev F1: 17.505
02/16/2023 07:02:30 Task genjitsukasou -- epoch 5 -- Dev ACC: 88.325
02/16/2023 07:02:30 Task genjitsukasou -- epoch 5 -- Dev F1: 55.493
02/16/2023 07:02:30 At epoch 6
02/16/2023 07:04:01 Task [ 1] updates[  4000] train loss[0.66522] remaining[0:01:18]
02/16/2023 07:05:22 Task ppf -- epoch 6 -- Dev ACC: 67.310
02/16/2023 07:05:22 Task ppf -- epoch 6 -- Dev F1: 44.557
02/16/2023 07:05:25 Task hanashiduration -- epoch 6 -- Dev ACC: 38.680
02/16/2023 07:05:25 Task hanashiduration -- epoch 6 -- Dev F1: 18.786
02/16/2023 07:05:28 Task genjitsukasou -- epoch 6 -- Dev ACC: 89.746
02/16/2023 07:05:28 Task genjitsukasou -- epoch 6 -- Dev F1: 54.112
02/16/2023 07:05:28 At epoch 7
02/16/2023 07:06:27 Task [ 2] updates[  4500] train loss[0.63282] remaining[0:01:47]
02/16/2023 07:08:18 Task ppf -- epoch 7 -- Dev ACC: 66.396
02/16/2023 07:08:18 Task ppf -- epoch 7 -- Dev F1: 44.081
02/16/2023 07:08:21 Task hanashiduration -- epoch 7 -- Dev ACC: 38.173
02/16/2023 07:08:21 Task hanashiduration -- epoch 7 -- Dev F1: 18.093
02/16/2023 07:08:23 Task genjitsukasou -- epoch 7 -- Dev ACC: 89.848
02/16/2023 07:08:23 Task genjitsukasou -- epoch 7 -- Dev F1: 55.631
02/16/2023 07:08:23 At epoch 8
02/16/2023 07:08:52 Task [ 1] updates[  5000] train loss[0.60444] remaining[0:02:19]
02/16/2023 07:11:09 Task [ 0] updates[  5500] train loss[0.57829] remaining[0:00:02]
02/16/2023 07:11:14 Task ppf -- epoch 8 -- Dev ACC: 63.756
02/16/2023 07:11:14 Task ppf -- epoch 8 -- Dev F1: 45.021
02/16/2023 07:11:18 Task hanashiduration -- epoch 8 -- Dev ACC: 35.635
02/16/2023 07:11:18 Task hanashiduration -- epoch 8 -- Dev F1: 18.662
02/16/2023 07:11:21 Task genjitsukasou -- epoch 8 -- Dev ACC: 89.340
02/16/2023 07:11:21 Task genjitsukasou -- epoch 8 -- Dev F1: 58.250
02/16/2023 07:11:21 At epoch 9
02/16/2023 07:13:36 Task [ 0] updates[  6000] train loss[0.55497] remaining[0:00:33]
02/16/2023 07:14:12 Task ppf -- epoch 9 -- Dev ACC: 66.193
02/16/2023 07:14:12 Task ppf -- epoch 9 -- Dev F1: 46.306
02/16/2023 07:14:15 Task hanashiduration -- epoch 9 -- Dev ACC: 36.244
02/16/2023 07:14:15 Task hanashiduration -- epoch 9 -- Dev F1: 18.318
02/16/2023 07:14:17 Task genjitsukasou -- epoch 9 -- Dev ACC: 89.543
02/16/2023 07:14:17 Task genjitsukasou -- epoch 9 -- Dev F1: 56.654
