02/21/2023 02:06:33 0
02/21/2023 02:06:33 Launching the MT-DNN training
02/21/2023 02:06:33 Loading ../../../dvd_hanashi/dvd_hanashi_all/0/dvdppf_train.json as task 0
02/21/2023 02:06:34 Loading ../../../dvd_hanashi/dvd_hanashi_all/0/dvdduration_train.json as task 1
02/21/2023 02:06:34 Loading ../../../dvd_hanashi/dvd_hanashi_all/0/dvdorder_train.json as task 2
02/21/2023 02:06:34 Loading ../../../dvd_hanashi/dvd_hanashi_all/0/hanashiduration_train.json as task 3
02/21/2023 02:06:34 Loading ../../../dvd_hanashi/dvd_hanashi_all/0/disc_train.json as task 4
02/21/2023 02:06:34 4,5,6,8,2
02/21/2023 02:06:34 ####################
02/21/2023 02:06:34 {'log_file': 'checkpoints/dvdall_hanashidur_disc_0_adam_answer_opt0_gc0_ggc1_2023-02-21T0206/log.log', 'tensorboard': False, 'tensorboard_logdir': 'tensorboard_logdir', 'init_checkpoint': '../../../japanese_bert_new_/jap_bert.pt', 'data_dir': '../../../dvd_hanashi/dvd_hanashi_all/0/', 'data_sort_on': False, 'name': 'farmer', 'task_def': '../../../experiments/dvd_hanashi/dvd_hanashi_task_def.yml', 'train_datasets': ['dvdppf', 'dvdduration', 'dvdorder', 'hanashiduration', 'disc'], 'test_datasets': ['dvdppf', 'dvdduration', 'dvdorder', 'hanashiduration', 'disc'], 'update_bert_opt': 0, 'multi_gpu_on': True, 'mem_cum_type': 'simple', 'answer_num_turn': 5, 'answer_mem_drop_p': 0.1, 'answer_att_hidden_size': 128, 'answer_att_type': 'bilinear', 'answer_rnn_type': 'gru', 'answer_sum_att_type': 'bilinear', 'answer_merge_opt': 1, 'answer_mem_type': 1, 'answer_dropout_p': 0.1, 'answer_weight_norm_on': False, 'dump_state_on': False, 'answer_opt': [0, 0, 0, 0, 0], 'label_size': '4,5,6,8,2', 'mtl_opt': 0, 'ratio': 0, 'mix_opt': 0, 'max_seq_len': 512, 'init_ratio': 1, 'encoder_type': <EncoderModelType.BERT: 1>, 'cuda': True, 'log_per_updates': 500, 'save_per_updates': 10000, 'save_per_updates_on': False, 'epochs': 10, 'batch_size': 16, 'batch_size_eval': 8, 'optimizer': 'adam', 'grad_clipping': 0.0, 'global_grad_clipping': 1.0, 'weight_decay': 0, 'learning_rate': 1e-05, 'momentum': 0, 'warmup': 0.1, 'warmup_schedule': 'warmup_linear', 'adam_eps': 1e-06, 'vb_dropout': True, 'dropout_p': 0.1, 'dropout_w': 0.0, 'bert_dropout_p': 0.1, 'model_ckpt': 'checkpoints/model_0.pt', 'resume': False, 'ema_opt': 0, 'ema_gamma': 0.995, 'lookahead': False, 'lookahead_k': 5, 'lookahead_alpha': 0.5, 'have_lr_scheduler': True, 'multi_step_lr': '10,20,30', 'freeze_layers': -1, 'embedding_opt': 0, 'lr_gamma': 0.5, 'bert_l2norm': 0.0, 'scheduler_type': 'ms', 'output_dir': 'checkpoints/dvdall_hanashidur_disc_0_adam_answer_opt0_gc0_ggc1_2023-02-21T0206', 'seed': 2018, 'grad_accumulation_step': 1, 'fp16': False, 'fp16_opt_level': 'O1', 'mean_teacher': False, 'mean_teacher_avg': 'exponential', 'mean_teacher_lambda': 1, 'mean_teacher_rampup': 4000, 'mean_teacher_alpha1': 0.99, 'mean_teacher_alpha2': 0.999, 'mt_kd_tau': 1, 'virtual_teacher': False, 'vat_eps': 0.001, 'vat_max_layer': -1, 'vat_opt': 0, 'vat_lambda': 1, 'vat_alpha': 1, 'vat_nosiy': 1e-05, 'use_noisycopy': False, 'noisycopy_eps': 0.01, 'use_advcopy': False, 'advcopy_eps': 0.01, 'vat_stable_eps': 1e-06, 'tasks_dropout_p': [0.1, 0.1, 0.1, 0.1, 0.1]}
02/21/2023 02:06:34 ####################
02/21/2023 02:06:34 ############# Gradient Accumulation Info #############
02/21/2023 02:06:34 number of step: 6920
02/21/2023 02:06:34 number of grad grad_accumulation step: 1
02/21/2023 02:06:34 adjusted number of step: 6920
02/21/2023 02:06:34 ############# Gradient Accumulation Info #############
02/21/2023 02:06:42 
############# Model Arch of MT-DNN #############
SANBertNetwork(
  (dropout_list): ModuleList(
    (0): DropoutWrapper()
    (1): DropoutWrapper()
    (2): DropoutWrapper()
    (3): DropoutWrapper()
    (4): DropoutWrapper()
  )
  (bert): BertModel(
    (embeddings): BertEmbeddings(
      (word_embeddings): Embedding(32006, 768)
      (position_embeddings): Embedding(512, 768)
      (token_type_embeddings): Embedding(2, 768)
      (LayerNorm): FusedLayerNorm(torch.Size([768]), eps=1e-12, elementwise_affine=True)
      (dropout): Dropout(p=0.1)
    )
    (encoder): BertEncoder(
      (layer): ModuleList(
        (0): BertLayer(
          (attention): BertAttention(
            (self): BertSelfAttention(
              (query): Linear(in_features=768, out_features=768, bias=True)
              (key): Linear(in_features=768, out_features=768, bias=True)
              (value): Linear(in_features=768, out_features=768, bias=True)
              (dropout): Dropout(p=0.1)
            )
            (output): BertSelfOutput(
              (dense): Linear(in_features=768, out_features=768, bias=True)
              (LayerNorm): FusedLayerNorm(torch.Size([768]), eps=1e-12, elementwise_affine=True)
              (dropout): Dropout(p=0.1)
            )
          )
          (intermediate): BertIntermediate(
            (dense): Linear(in_features=768, out_features=3072, bias=True)
          )
          (output): BertOutput(
            (dense): Linear(in_features=3072, out_features=768, bias=True)
            (LayerNorm): FusedLayerNorm(torch.Size([768]), eps=1e-12, elementwise_affine=True)
            (dropout): Dropout(p=0.1)
          )
        )
        (1): BertLayer(
          (attention): BertAttention(
            (self): BertSelfAttention(
              (query): Linear(in_features=768, out_features=768, bias=True)
              (key): Linear(in_features=768, out_features=768, bias=True)
              (value): Linear(in_features=768, out_features=768, bias=True)
              (dropout): Dropout(p=0.1)
            )
            (output): BertSelfOutput(
              (dense): Linear(in_features=768, out_features=768, bias=True)
              (LayerNorm): FusedLayerNorm(torch.Size([768]), eps=1e-12, elementwise_affine=True)
              (dropout): Dropout(p=0.1)
            )
          )
          (intermediate): BertIntermediate(
            (dense): Linear(in_features=768, out_features=3072, bias=True)
          )
          (output): BertOutput(
            (dense): Linear(in_features=3072, out_features=768, bias=True)
            (LayerNorm): FusedLayerNorm(torch.Size([768]), eps=1e-12, elementwise_affine=True)
            (dropout): Dropout(p=0.1)
          )
        )
        (2): BertLayer(
          (attention): BertAttention(
            (self): BertSelfAttention(
              (query): Linear(in_features=768, out_features=768, bias=True)
              (key): Linear(in_features=768, out_features=768, bias=True)
              (value): Linear(in_features=768, out_features=768, bias=True)
              (dropout): Dropout(p=0.1)
            )
            (output): BertSelfOutput(
              (dense): Linear(in_features=768, out_features=768, bias=True)
              (LayerNorm): FusedLayerNorm(torch.Size([768]), eps=1e-12, elementwise_affine=True)
              (dropout): Dropout(p=0.1)
            )
          )
          (intermediate): BertIntermediate(
            (dense): Linear(in_features=768, out_features=3072, bias=True)
          )
          (output): BertOutput(
            (dense): Linear(in_features=3072, out_features=768, bias=True)
            (LayerNorm): FusedLayerNorm(torch.Size([768]), eps=1e-12, elementwise_affine=True)
            (dropout): Dropout(p=0.1)
          )
        )
        (3): BertLayer(
          (attention): BertAttention(
            (self): BertSelfAttention(
              (query): Linear(in_features=768, out_features=768, bias=True)
              (key): Linear(in_features=768, out_features=768, bias=True)
              (value): Linear(in_features=768, out_features=768, bias=True)
              (dropout): Dropout(p=0.1)
            )
            (output): BertSelfOutput(
              (dense): Linear(in_features=768, out_features=768, bias=True)
              (LayerNorm): FusedLayerNorm(torch.Size([768]), eps=1e-12, elementwise_affine=True)
              (dropout): Dropout(p=0.1)
            )
          )
          (intermediate): BertIntermediate(
            (dense): Linear(in_features=768, out_features=3072, bias=True)
          )
          (output): BertOutput(
            (dense): Linear(in_features=3072, out_features=768, bias=True)
            (LayerNorm): FusedLayerNorm(torch.Size([768]), eps=1e-12, elementwise_affine=True)
            (dropout): Dropout(p=0.1)
          )
        )
        (4): BertLayer(
          (attention): BertAttention(
            (self): BertSelfAttention(
              (query): Linear(in_features=768, out_features=768, bias=True)
              (key): Linear(in_features=768, out_features=768, bias=True)
              (value): Linear(in_features=768, out_features=768, bias=True)
              (dropout): Dropout(p=0.1)
            )
            (output): BertSelfOutput(
              (dense): Linear(in_features=768, out_features=768, bias=True)
              (LayerNorm): FusedLayerNorm(torch.Size([768]), eps=1e-12, elementwise_affine=True)
              (dropout): Dropout(p=0.1)
            )
          )
          (intermediate): BertIntermediate(
            (dense): Linear(in_features=768, out_features=3072, bias=True)
          )
          (output): BertOutput(
            (dense): Linear(in_features=3072, out_features=768, bias=True)
            (LayerNorm): FusedLayerNorm(torch.Size([768]), eps=1e-12, elementwise_affine=True)
            (dropout): Dropout(p=0.1)
          )
        )
        (5): BertLayer(
          (attention): BertAttention(
            (self): BertSelfAttention(
              (query): Linear(in_features=768, out_features=768, bias=True)
              (key): Linear(in_features=768, out_features=768, bias=True)
              (value): Linear(in_features=768, out_features=768, bias=True)
              (dropout): Dropout(p=0.1)
            )
            (output): BertSelfOutput(
              (dense): Linear(in_features=768, out_features=768, bias=True)
              (LayerNorm): FusedLayerNorm(torch.Size([768]), eps=1e-12, elementwise_affine=True)
              (dropout): Dropout(p=0.1)
            )
          )
          (intermediate): BertIntermediate(
            (dense): Linear(in_features=768, out_features=3072, bias=True)
          )
          (output): BertOutput(
            (dense): Linear(in_features=3072, out_features=768, bias=True)
            (LayerNorm): FusedLayerNorm(torch.Size([768]), eps=1e-12, elementwise_affine=True)
            (dropout): Dropout(p=0.1)
          )
        )
        (6): BertLayer(
          (attention): BertAttention(
            (self): BertSelfAttention(
              (query): Linear(in_features=768, out_features=768, bias=True)
              (key): Linear(in_features=768, out_features=768, bias=True)
              (value): Linear(in_features=768, out_features=768, bias=True)
              (dropout): Dropout(p=0.1)
            )
            (output): BertSelfOutput(
              (dense): Linear(in_features=768, out_features=768, bias=True)
              (LayerNorm): FusedLayerNorm(torch.Size([768]), eps=1e-12, elementwise_affine=True)
              (dropout): Dropout(p=0.1)
            )
          )
          (intermediate): BertIntermediate(
            (dense): Linear(in_features=768, out_features=3072, bias=True)
          )
          (output): BertOutput(
            (dense): Linear(in_features=3072, out_features=768, bias=True)
            (LayerNorm): FusedLayerNorm(torch.Size([768]), eps=1e-12, elementwise_affine=True)
            (dropout): Dropout(p=0.1)
          )
        )
        (7): BertLayer(
          (attention): BertAttention(
            (self): BertSelfAttention(
              (query): Linear(in_features=768, out_features=768, bias=True)
              (key): Linear(in_features=768, out_features=768, bias=True)
              (value): Linear(in_features=768, out_features=768, bias=True)
              (dropout): Dropout(p=0.1)
            )
            (output): BertSelfOutput(
              (dense): Linear(in_features=768, out_features=768, bias=True)
              (LayerNorm): FusedLayerNorm(torch.Size([768]), eps=1e-12, elementwise_affine=True)
              (dropout): Dropout(p=0.1)
            )
          )
          (intermediate): BertIntermediate(
            (dense): Linear(in_features=768, out_features=3072, bias=True)
          )
          (output): BertOutput(
            (dense): Linear(in_features=3072, out_features=768, bias=True)
            (LayerNorm): FusedLayerNorm(torch.Size([768]), eps=1e-12, elementwise_affine=True)
            (dropout): Dropout(p=0.1)
          )
        )
        (8): BertLayer(
          (attention): BertAttention(
            (self): BertSelfAttention(
              (query): Linear(in_features=768, out_features=768, bias=True)
              (key): Linear(in_features=768, out_features=768, bias=True)
              (value): Linear(in_features=768, out_features=768, bias=True)
              (dropout): Dropout(p=0.1)
            )
            (output): BertSelfOutput(
              (dense): Linear(in_features=768, out_features=768, bias=True)
              (LayerNorm): FusedLayerNorm(torch.Size([768]), eps=1e-12, elementwise_affine=True)
              (dropout): Dropout(p=0.1)
            )
          )
          (intermediate): BertIntermediate(
            (dense): Linear(in_features=768, out_features=3072, bias=True)
          )
          (output): BertOutput(
            (dense): Linear(in_features=3072, out_features=768, bias=True)
            (LayerNorm): FusedLayerNorm(torch.Size([768]), eps=1e-12, elementwise_affine=True)
            (dropout): Dropout(p=0.1)
          )
        )
        (9): BertLayer(
          (attention): BertAttention(
            (self): BertSelfAttention(
              (query): Linear(in_features=768, out_features=768, bias=True)
              (key): Linear(in_features=768, out_features=768, bias=True)
              (value): Linear(in_features=768, out_features=768, bias=True)
              (dropout): Dropout(p=0.1)
            )
            (output): BertSelfOutput(
              (dense): Linear(in_features=768, out_features=768, bias=True)
              (LayerNorm): FusedLayerNorm(torch.Size([768]), eps=1e-12, elementwise_affine=True)
              (dropout): Dropout(p=0.1)
            )
          )
          (intermediate): BertIntermediate(
            (dense): Linear(in_features=768, out_features=3072, bias=True)
          )
          (output): BertOutput(
            (dense): Linear(in_features=3072, out_features=768, bias=True)
            (LayerNorm): FusedLayerNorm(torch.Size([768]), eps=1e-12, elementwise_affine=True)
            (dropout): Dropout(p=0.1)
          )
        )
        (10): BertLayer(
          (attention): BertAttention(
            (self): BertSelfAttention(
              (query): Linear(in_features=768, out_features=768, bias=True)
              (key): Linear(in_features=768, out_features=768, bias=True)
              (value): Linear(in_features=768, out_features=768, bias=True)
              (dropout): Dropout(p=0.1)
            )
            (output): BertSelfOutput(
              (dense): Linear(in_features=768, out_features=768, bias=True)
              (LayerNorm): FusedLayerNorm(torch.Size([768]), eps=1e-12, elementwise_affine=True)
              (dropout): Dropout(p=0.1)
            )
          )
          (intermediate): BertIntermediate(
            (dense): Linear(in_features=768, out_features=3072, bias=True)
          )
          (output): BertOutput(
            (dense): Linear(in_features=3072, out_features=768, bias=True)
            (LayerNorm): FusedLayerNorm(torch.Size([768]), eps=1e-12, elementwise_affine=True)
            (dropout): Dropout(p=0.1)
          )
        )
        (11): BertLayer(
          (attention): BertAttention(
            (self): BertSelfAttention(
              (query): Linear(in_features=768, out_features=768, bias=True)
              (key): Linear(in_features=768, out_features=768, bias=True)
              (value): Linear(in_features=768, out_features=768, bias=True)
              (dropout): Dropout(p=0.1)
            )
            (output): BertSelfOutput(
              (dense): Linear(in_features=768, out_features=768, bias=True)
              (LayerNorm): FusedLayerNorm(torch.Size([768]), eps=1e-12, elementwise_affine=True)
              (dropout): Dropout(p=0.1)
            )
          )
          (intermediate): BertIntermediate(
            (dense): Linear(in_features=768, out_features=3072, bias=True)
          )
          (output): BertOutput(
            (dense): Linear(in_features=3072, out_features=768, bias=True)
            (LayerNorm): FusedLayerNorm(torch.Size([768]), eps=1e-12, elementwise_affine=True)
            (dropout): Dropout(p=0.1)
          )
        )
      )
    )
    (pooler): BertPooler(
      (dense): Linear(in_features=768, out_features=768, bias=True)
      (activation): Tanh()
    )
  )
  (scoring_list): ModuleList(
    (0): Linear(in_features=768, out_features=4, bias=True)
    (1): Linear(in_features=768, out_features=5, bias=True)
    (2): Linear(in_features=768, out_features=6, bias=True)
    (3): Linear(in_features=768, out_features=8, bias=True)
    (4): Linear(in_features=768, out_features=2, bias=True)
  )
)

02/21/2023 02:06:42 Total number of params: 110641177
02/21/2023 02:06:42 At epoch 0
02/21/2023 02:06:46 Task [ 4] updates[     1] train loss[0.66814] remaining[0:53:53]
02/21/2023 02:08:48 Task [ 4] updates[   500] train loss[1.04980] remaining[0:00:48]
02/21/2023 02:09:40 Task dvdppf -- epoch 0 -- Dev ACC: 32.288
02/21/2023 02:09:40 Task dvdppf -- epoch 0 -- Dev F1: 15.907
02/21/2023 02:09:45 Task dvdduration -- epoch 0 -- Dev ACC: 46.797
02/21/2023 02:09:45 Task dvdduration -- epoch 0 -- Dev F1: 14.491
02/21/2023 02:09:49 Task dvdorder -- epoch 0 -- Dev ACC: 49.580
02/21/2023 02:09:49 Task dvdorder -- epoch 0 -- Dev F1: 11.049
02/21/2023 02:09:55 Task hanashiduration -- epoch 0 -- Dev ACC: 13.122
02/21/2023 02:09:55 Task hanashiduration -- epoch 0 -- Dev F1: 2.900
02/21/2023 02:10:06 Task disc -- epoch 0 -- Dev ACC: 96.140
02/21/2023 02:10:06 Task disc -- epoch 0 -- Dev F1: 96.059
02/21/2023 02:10:06 At epoch 1
02/21/2023 02:11:23 Task [ 3] updates[  1000] train loss[0.98437] remaining[0:01:35]
02/21/2023 02:13:00 Task dvdppf -- epoch 1 -- Dev ACC: 38.954
02/21/2023 02:13:00 Task dvdppf -- epoch 1 -- Dev F1: 25.981
02/21/2023 02:13:05 Task dvdduration -- epoch 1 -- Dev ACC: 45.752
02/21/2023 02:13:05 Task dvdduration -- epoch 1 -- Dev F1: 20.771
02/21/2023 02:13:09 Task dvdorder -- epoch 1 -- Dev ACC: 49.580
02/21/2023 02:13:09 Task dvdorder -- epoch 1 -- Dev F1: 11.049
02/21/2023 02:13:15 Task hanashiduration -- epoch 1 -- Dev ACC: 28.466
02/21/2023 02:13:15 Task hanashiduration -- epoch 1 -- Dev F1: 8.835
02/21/2023 02:13:26 Task disc -- epoch 1 -- Dev ACC: 96.374
02/21/2023 02:13:26 Task disc -- epoch 1 -- Dev F1: 96.304
02/21/2023 02:13:26 At epoch 2
02/21/2023 02:13:54 Task [ 4] updates[  1500] train loss[0.95535] remaining[0:02:18]
02/21/2023 02:15:53 Task [ 1] updates[  2000] train loss[0.92385] remaining[0:00:18]
02/21/2023 02:16:16 Task dvdppf -- epoch 2 -- Dev ACC: 42.876
02/21/2023 02:16:16 Task dvdppf -- epoch 2 -- Dev F1: 30.958
02/21/2023 02:16:21 Task dvdduration -- epoch 2 -- Dev ACC: 47.451
02/21/2023 02:16:21 Task dvdduration -- epoch 2 -- Dev F1: 24.892
02/21/2023 02:16:25 Task dvdorder -- epoch 2 -- Dev ACC: 49.412
02/21/2023 02:16:25 Task dvdorder -- epoch 2 -- Dev F1: 11.036
02/21/2023 02:16:31 Task hanashiduration -- epoch 2 -- Dev ACC: 25.185
02/21/2023 02:16:31 Task hanashiduration -- epoch 2 -- Dev F1: 10.099
02/21/2023 02:16:42 Task disc -- epoch 2 -- Dev ACC: 96.608
02/21/2023 02:16:42 Task disc -- epoch 2 -- Dev F1: 96.548
02/21/2023 02:16:42 At epoch 3
02/21/2023 02:18:22 Task [ 4] updates[  2500] train loss[0.89017] remaining[0:01:03]
02/21/2023 02:19:31 Task dvdppf -- epoch 3 -- Dev ACC: 41.569
02/21/2023 02:19:31 Task dvdppf -- epoch 3 -- Dev F1: 29.282
02/21/2023 02:19:36 Task dvdduration -- epoch 3 -- Dev ACC: 43.660
02/21/2023 02:19:36 Task dvdduration -- epoch 3 -- Dev F1: 25.573
02/21/2023 02:19:40 Task dvdorder -- epoch 3 -- Dev ACC: 49.412
02/21/2023 02:19:40 Task dvdorder -- epoch 3 -- Dev F1: 12.547
02/21/2023 02:19:46 Task hanashiduration -- epoch 3 -- Dev ACC: 26.772
02/21/2023 02:19:46 Task hanashiduration -- epoch 3 -- Dev F1: 12.541
02/21/2023 02:19:57 Task disc -- epoch 3 -- Dev ACC: 96.784
02/21/2023 02:19:57 Task disc -- epoch 3 -- Dev F1: 96.731
02/21/2023 02:19:57 At epoch 4
02/21/2023 02:20:52 Task [ 0] updates[  3000] train loss[0.85738] remaining[0:01:49]
02/21/2023 02:22:47 Task dvdppf -- epoch 4 -- Dev ACC: 43.137
02/21/2023 02:22:47 Task dvdppf -- epoch 4 -- Dev F1: 31.462
02/21/2023 02:22:51 Task dvdduration -- epoch 4 -- Dev ACC: 47.190
02/21/2023 02:22:51 Task dvdduration -- epoch 4 -- Dev F1: 26.765
02/21/2023 02:22:55 Task dvdorder -- epoch 4 -- Dev ACC: 42.185
02/21/2023 02:22:55 Task dvdorder -- epoch 4 -- Dev F1: 18.179
02/21/2023 02:23:01 Task hanashiduration -- epoch 4 -- Dev ACC: 28.783
02/21/2023 02:23:01 Task hanashiduration -- epoch 4 -- Dev F1: 14.701
02/21/2023 02:23:12 Task disc -- epoch 4 -- Dev ACC: 96.959
02/21/2023 02:23:12 Task disc -- epoch 4 -- Dev F1: 96.911
02/21/2023 02:23:12 At epoch 5
02/21/2023 02:23:22 Task [ 4] updates[  3500] train loss[0.83033] remaining[0:02:38]
02/21/2023 02:25:21 Task [ 4] updates[  4000] train loss[0.80043] remaining[0:00:36]
02/21/2023 02:26:02 Task dvdppf -- epoch 5 -- Dev ACC: 43.399
02/21/2023 02:26:02 Task dvdppf -- epoch 5 -- Dev F1: 32.230
02/21/2023 02:26:07 Task dvdduration -- epoch 5 -- Dev ACC: 46.928
02/21/2023 02:26:07 Task dvdduration -- epoch 5 -- Dev F1: 27.221
02/21/2023 02:26:11 Task dvdorder -- epoch 5 -- Dev ACC: 41.345
02/21/2023 02:26:11 Task dvdorder -- epoch 5 -- Dev F1: 16.380
02/21/2023 02:26:17 Task hanashiduration -- epoch 5 -- Dev ACC: 22.222
02/21/2023 02:26:17 Task hanashiduration -- epoch 5 -- Dev F1: 13.089
02/21/2023 02:26:28 Task disc -- epoch 5 -- Dev ACC: 97.018
02/21/2023 02:26:28 Task disc -- epoch 5 -- Dev F1: 96.971
02/21/2023 02:26:28 At epoch 6
02/21/2023 02:27:51 Task [ 3] updates[  4500] train loss[0.77626] remaining[0:01:22]
02/21/2023 02:29:19 Task dvdppf -- epoch 6 -- Dev ACC: 41.699
02/21/2023 02:29:19 Task dvdppf -- epoch 6 -- Dev F1: 29.977
02/21/2023 02:29:23 Task dvdduration -- epoch 6 -- Dev ACC: 45.490
02/21/2023 02:29:23 Task dvdduration -- epoch 6 -- Dev F1: 27.537
02/21/2023 02:29:27 Task dvdorder -- epoch 6 -- Dev ACC: 38.824
02/21/2023 02:29:27 Task dvdorder -- epoch 6 -- Dev F1: 20.462
02/21/2023 02:29:33 Task hanashiduration -- epoch 6 -- Dev ACC: 21.270
02/21/2023 02:29:33 Task hanashiduration -- epoch 6 -- Dev F1: 13.706
02/21/2023 02:29:44 Task disc -- epoch 6 -- Dev ACC: 96.959
02/21/2023 02:29:44 Task disc -- epoch 6 -- Dev F1: 96.912
02/21/2023 02:29:44 At epoch 7
02/21/2023 02:30:21 Task [ 3] updates[  5000] train loss[0.75089] remaining[0:02:06]
02/21/2023 02:32:19 Task [ 2] updates[  5500] train loss[0.72674] remaining[0:00:08]
02/21/2023 02:32:33 Task dvdppf -- epoch 7 -- Dev ACC: 43.007
02/21/2023 02:32:33 Task dvdppf -- epoch 7 -- Dev F1: 31.620
02/21/2023 02:32:38 Task dvdduration -- epoch 7 -- Dev ACC: 44.052
02/21/2023 02:32:38 Task dvdduration -- epoch 7 -- Dev F1: 27.110
02/21/2023 02:32:41 Task dvdorder -- epoch 7 -- Dev ACC: 42.017
02/21/2023 02:32:41 Task dvdorder -- epoch 7 -- Dev F1: 21.345
02/21/2023 02:32:47 Task hanashiduration -- epoch 7 -- Dev ACC: 23.175
02/21/2023 02:32:47 Task hanashiduration -- epoch 7 -- Dev F1: 15.370
02/21/2023 02:32:58 Task disc -- epoch 7 -- Dev ACC: 96.842
02/21/2023 02:32:58 Task disc -- epoch 7 -- Dev F1: 96.792
02/21/2023 02:32:58 At epoch 8
02/21/2023 02:34:48 Task [ 3] updates[  6000] train loss[0.70734] remaining[0:00:53]
02/21/2023 02:35:47 Task dvdppf -- epoch 8 -- Dev ACC: 43.529
02/21/2023 02:35:47 Task dvdppf -- epoch 8 -- Dev F1: 32.355
02/21/2023 02:35:52 Task dvdduration -- epoch 8 -- Dev ACC: 45.098
02/21/2023 02:35:52 Task dvdduration -- epoch 8 -- Dev F1: 27.723
02/21/2023 02:35:56 Task dvdorder -- epoch 8 -- Dev ACC: 39.496
02/21/2023 02:35:56 Task dvdorder -- epoch 8 -- Dev F1: 20.615
02/21/2023 02:36:02 Task hanashiduration -- epoch 8 -- Dev ACC: 23.069
02/21/2023 02:36:02 Task hanashiduration -- epoch 8 -- Dev F1: 14.584
02/21/2023 02:36:12 Task disc -- epoch 8 -- Dev ACC: 97.018
02/21/2023 02:36:12 Task disc -- epoch 8 -- Dev F1: 96.968
02/21/2023 02:36:12 At epoch 9
02/21/2023 02:37:18 Task [ 0] updates[  6500] train loss[0.68644] remaining[0:01:40]
02/21/2023 02:39:02 Task dvdppf -- epoch 9 -- Dev ACC: 44.183
02/21/2023 02:39:02 Task dvdppf -- epoch 9 -- Dev F1: 33.058
02/21/2023 02:39:07 Task dvdduration -- epoch 9 -- Dev ACC: 44.444
02/21/2023 02:39:07 Task dvdduration -- epoch 9 -- Dev F1: 28.194
02/21/2023 02:39:11 Task dvdorder -- epoch 9 -- Dev ACC: 36.134
02/21/2023 02:39:11 Task dvdorder -- epoch 9 -- Dev F1: 20.050
02/21/2023 02:39:17 Task hanashiduration -- epoch 9 -- Dev ACC: 23.598
02/21/2023 02:39:17 Task hanashiduration -- epoch 9 -- Dev F1: 15.022
02/21/2023 02:39:28 Task disc -- epoch 9 -- Dev ACC: 97.018
02/21/2023 02:39:28 Task disc -- epoch 9 -- Dev F1: 96.968
