02/16/2023 04:03:27 0
02/16/2023 04:03:27 Launching the MT-DNN training
02/16/2023 04:03:27 Loading ../../../dvd_hanashi/dvd_hanashi_all/4/ppf_train.json as task 0
02/16/2023 04:03:27 Loading ../../../dvd_hanashi/dvd_hanashi_all/4/dvdduration_train.json as task 1
02/16/2023 04:03:27 Loading ../../../dvd_hanashi/dvd_hanashi_all/4/genjitsukasou_train.json as task 2
02/16/2023 04:03:27 4,5,2
02/16/2023 04:03:27 ####################
02/16/2023 04:03:27 {'log_file': 'checkpoints/hanashi_all_4_adam_answer_opt0_gc0_ggc1_2023-02-16T0403/log.log', 'tensorboard': False, 'tensorboard_logdir': 'tensorboard_logdir', 'init_checkpoint': '../../../japanese_bert_new_/jap_bert.pt', 'data_dir': '../../../dvd_hanashi/dvd_hanashi_all/4/', 'data_sort_on': False, 'name': 'farmer', 'task_def': '../../../experiments/dvd_hanashi/dvd_hanashi_task_def.yml', 'train_datasets': ['ppf', 'dvdduration', 'genjitsukasou'], 'test_datasets': ['ppf', 'dvdduration', 'genjitsukasou'], 'update_bert_opt': 0, 'multi_gpu_on': True, 'mem_cum_type': 'simple', 'answer_num_turn': 5, 'answer_mem_drop_p': 0.1, 'answer_att_hidden_size': 128, 'answer_att_type': 'bilinear', 'answer_rnn_type': 'gru', 'answer_sum_att_type': 'bilinear', 'answer_merge_opt': 1, 'answer_mem_type': 1, 'answer_dropout_p': 0.1, 'answer_weight_norm_on': False, 'dump_state_on': False, 'answer_opt': [0, 0, 0], 'label_size': '4,5,2', 'mtl_opt': 0, 'ratio': 0, 'mix_opt': 0, 'max_seq_len': 512, 'init_ratio': 1, 'encoder_type': <EncoderModelType.BERT: 1>, 'cuda': True, 'log_per_updates': 500, 'save_per_updates': 10000, 'save_per_updates_on': False, 'epochs': 10, 'batch_size': 16, 'batch_size_eval': 8, 'optimizer': 'adam', 'grad_clipping': 0.0, 'global_grad_clipping': 1.0, 'weight_decay': 0, 'learning_rate': 1e-05, 'momentum': 0, 'warmup': 0.1, 'warmup_schedule': 'warmup_linear', 'adam_eps': 1e-06, 'vb_dropout': True, 'dropout_p': 0.1, 'dropout_w': 0.0, 'bert_dropout_p': 0.1, 'model_ckpt': 'checkpoints/model_0.pt', 'resume': False, 'ema_opt': 0, 'ema_gamma': 0.995, 'lookahead': False, 'lookahead_k': 5, 'lookahead_alpha': 0.5, 'have_lr_scheduler': True, 'multi_step_lr': '10,20,30', 'freeze_layers': -1, 'embedding_opt': 0, 'lr_gamma': 0.5, 'bert_l2norm': 0.0, 'scheduler_type': 'ms', 'output_dir': 'checkpoints/hanashi_all_4_adam_answer_opt0_gc0_ggc1_2023-02-16T0403', 'seed': 2018, 'grad_accumulation_step': 1, 'fp16': False, 'fp16_opt_level': 'O1', 'mean_teacher': False, 'mean_teacher_avg': 'exponential', 'mean_teacher_lambda': 1, 'mean_teacher_rampup': 4000, 'mean_teacher_alpha1': 0.99, 'mean_teacher_alpha2': 0.999, 'mt_kd_tau': 1, 'virtual_teacher': False, 'vat_eps': 0.001, 'vat_max_layer': -1, 'vat_opt': 0, 'vat_lambda': 1, 'vat_alpha': 1, 'vat_nosiy': 1e-05, 'use_noisycopy': False, 'noisycopy_eps': 0.01, 'use_advcopy': False, 'advcopy_eps': 0.01, 'vat_stable_eps': 1e-06, 'tasks_dropout_p': [0.1, 0.1, 0.1]}
02/16/2023 04:03:27 ####################
02/16/2023 04:03:27 ############# Gradient Accumulation Info #############
02/16/2023 04:03:27 number of step: 5360
02/16/2023 04:03:27 number of grad grad_accumulation step: 1
02/16/2023 04:03:27 adjusted number of step: 5360
02/16/2023 04:03:27 ############# Gradient Accumulation Info #############
02/16/2023 04:03:35 
############# Model Arch of MT-DNN #############
SANBertNetwork(
  (dropout_list): ModuleList(
    (0): DropoutWrapper()
    (1): DropoutWrapper()
    (2): DropoutWrapper()
  )
  (bert): BertModel(
    (embeddings): BertEmbeddings(
      (word_embeddings): Embedding(32006, 768)
      (position_embeddings): Embedding(512, 768)
      (token_type_embeddings): Embedding(2, 768)
      (LayerNorm): FusedLayerNorm(torch.Size([768]), eps=1e-12, elementwise_affine=True)
      (dropout): Dropout(p=0.1)
    )
    (encoder): BertEncoder(
      (layer): ModuleList(
        (0): BertLayer(
          (attention): BertAttention(
            (self): BertSelfAttention(
              (query): Linear(in_features=768, out_features=768, bias=True)
              (key): Linear(in_features=768, out_features=768, bias=True)
              (value): Linear(in_features=768, out_features=768, bias=True)
              (dropout): Dropout(p=0.1)
            )
            (output): BertSelfOutput(
              (dense): Linear(in_features=768, out_features=768, bias=True)
              (LayerNorm): FusedLayerNorm(torch.Size([768]), eps=1e-12, elementwise_affine=True)
              (dropout): Dropout(p=0.1)
            )
          )
          (intermediate): BertIntermediate(
            (dense): Linear(in_features=768, out_features=3072, bias=True)
          )
          (output): BertOutput(
            (dense): Linear(in_features=3072, out_features=768, bias=True)
            (LayerNorm): FusedLayerNorm(torch.Size([768]), eps=1e-12, elementwise_affine=True)
            (dropout): Dropout(p=0.1)
          )
        )
        (1): BertLayer(
          (attention): BertAttention(
            (self): BertSelfAttention(
              (query): Linear(in_features=768, out_features=768, bias=True)
              (key): Linear(in_features=768, out_features=768, bias=True)
              (value): Linear(in_features=768, out_features=768, bias=True)
              (dropout): Dropout(p=0.1)
            )
            (output): BertSelfOutput(
              (dense): Linear(in_features=768, out_features=768, bias=True)
              (LayerNorm): FusedLayerNorm(torch.Size([768]), eps=1e-12, elementwise_affine=True)
              (dropout): Dropout(p=0.1)
            )
          )
          (intermediate): BertIntermediate(
            (dense): Linear(in_features=768, out_features=3072, bias=True)
          )
          (output): BertOutput(
            (dense): Linear(in_features=3072, out_features=768, bias=True)
            (LayerNorm): FusedLayerNorm(torch.Size([768]), eps=1e-12, elementwise_affine=True)
            (dropout): Dropout(p=0.1)
          )
        )
        (2): BertLayer(
          (attention): BertAttention(
            (self): BertSelfAttention(
              (query): Linear(in_features=768, out_features=768, bias=True)
              (key): Linear(in_features=768, out_features=768, bias=True)
              (value): Linear(in_features=768, out_features=768, bias=True)
              (dropout): Dropout(p=0.1)
            )
            (output): BertSelfOutput(
              (dense): Linear(in_features=768, out_features=768, bias=True)
              (LayerNorm): FusedLayerNorm(torch.Size([768]), eps=1e-12, elementwise_affine=True)
              (dropout): Dropout(p=0.1)
            )
          )
          (intermediate): BertIntermediate(
            (dense): Linear(in_features=768, out_features=3072, bias=True)
          )
          (output): BertOutput(
            (dense): Linear(in_features=3072, out_features=768, bias=True)
            (LayerNorm): FusedLayerNorm(torch.Size([768]), eps=1e-12, elementwise_affine=True)
            (dropout): Dropout(p=0.1)
          )
        )
        (3): BertLayer(
          (attention): BertAttention(
            (self): BertSelfAttention(
              (query): Linear(in_features=768, out_features=768, bias=True)
              (key): Linear(in_features=768, out_features=768, bias=True)
              (value): Linear(in_features=768, out_features=768, bias=True)
              (dropout): Dropout(p=0.1)
            )
            (output): BertSelfOutput(
              (dense): Linear(in_features=768, out_features=768, bias=True)
              (LayerNorm): FusedLayerNorm(torch.Size([768]), eps=1e-12, elementwise_affine=True)
              (dropout): Dropout(p=0.1)
            )
          )
          (intermediate): BertIntermediate(
            (dense): Linear(in_features=768, out_features=3072, bias=True)
          )
          (output): BertOutput(
            (dense): Linear(in_features=3072, out_features=768, bias=True)
            (LayerNorm): FusedLayerNorm(torch.Size([768]), eps=1e-12, elementwise_affine=True)
            (dropout): Dropout(p=0.1)
          )
        )
        (4): BertLayer(
          (attention): BertAttention(
            (self): BertSelfAttention(
              (query): Linear(in_features=768, out_features=768, bias=True)
              (key): Linear(in_features=768, out_features=768, bias=True)
              (value): Linear(in_features=768, out_features=768, bias=True)
              (dropout): Dropout(p=0.1)
            )
            (output): BertSelfOutput(
              (dense): Linear(in_features=768, out_features=768, bias=True)
              (LayerNorm): FusedLayerNorm(torch.Size([768]), eps=1e-12, elementwise_affine=True)
              (dropout): Dropout(p=0.1)
            )
          )
          (intermediate): BertIntermediate(
            (dense): Linear(in_features=768, out_features=3072, bias=True)
          )
          (output): BertOutput(
            (dense): Linear(in_features=3072, out_features=768, bias=True)
            (LayerNorm): FusedLayerNorm(torch.Size([768]), eps=1e-12, elementwise_affine=True)
            (dropout): Dropout(p=0.1)
          )
        )
        (5): BertLayer(
          (attention): BertAttention(
            (self): BertSelfAttention(
              (query): Linear(in_features=768, out_features=768, bias=True)
              (key): Linear(in_features=768, out_features=768, bias=True)
              (value): Linear(in_features=768, out_features=768, bias=True)
              (dropout): Dropout(p=0.1)
            )
            (output): BertSelfOutput(
              (dense): Linear(in_features=768, out_features=768, bias=True)
              (LayerNorm): FusedLayerNorm(torch.Size([768]), eps=1e-12, elementwise_affine=True)
              (dropout): Dropout(p=0.1)
            )
          )
          (intermediate): BertIntermediate(
            (dense): Linear(in_features=768, out_features=3072, bias=True)
          )
          (output): BertOutput(
            (dense): Linear(in_features=3072, out_features=768, bias=True)
            (LayerNorm): FusedLayerNorm(torch.Size([768]), eps=1e-12, elementwise_affine=True)
            (dropout): Dropout(p=0.1)
          )
        )
        (6): BertLayer(
          (attention): BertAttention(
            (self): BertSelfAttention(
              (query): Linear(in_features=768, out_features=768, bias=True)
              (key): Linear(in_features=768, out_features=768, bias=True)
              (value): Linear(in_features=768, out_features=768, bias=True)
              (dropout): Dropout(p=0.1)
            )
            (output): BertSelfOutput(
              (dense): Linear(in_features=768, out_features=768, bias=True)
              (LayerNorm): FusedLayerNorm(torch.Size([768]), eps=1e-12, elementwise_affine=True)
              (dropout): Dropout(p=0.1)
            )
          )
          (intermediate): BertIntermediate(
            (dense): Linear(in_features=768, out_features=3072, bias=True)
          )
          (output): BertOutput(
            (dense): Linear(in_features=3072, out_features=768, bias=True)
            (LayerNorm): FusedLayerNorm(torch.Size([768]), eps=1e-12, elementwise_affine=True)
            (dropout): Dropout(p=0.1)
          )
        )
        (7): BertLayer(
          (attention): BertAttention(
            (self): BertSelfAttention(
              (query): Linear(in_features=768, out_features=768, bias=True)
              (key): Linear(in_features=768, out_features=768, bias=True)
              (value): Linear(in_features=768, out_features=768, bias=True)
              (dropout): Dropout(p=0.1)
            )
            (output): BertSelfOutput(
              (dense): Linear(in_features=768, out_features=768, bias=True)
              (LayerNorm): FusedLayerNorm(torch.Size([768]), eps=1e-12, elementwise_affine=True)
              (dropout): Dropout(p=0.1)
            )
          )
          (intermediate): BertIntermediate(
            (dense): Linear(in_features=768, out_features=3072, bias=True)
          )
          (output): BertOutput(
            (dense): Linear(in_features=3072, out_features=768, bias=True)
            (LayerNorm): FusedLayerNorm(torch.Size([768]), eps=1e-12, elementwise_affine=True)
            (dropout): Dropout(p=0.1)
          )
        )
        (8): BertLayer(
          (attention): BertAttention(
            (self): BertSelfAttention(
              (query): Linear(in_features=768, out_features=768, bias=True)
              (key): Linear(in_features=768, out_features=768, bias=True)
              (value): Linear(in_features=768, out_features=768, bias=True)
              (dropout): Dropout(p=0.1)
            )
            (output): BertSelfOutput(
              (dense): Linear(in_features=768, out_features=768, bias=True)
              (LayerNorm): FusedLayerNorm(torch.Size([768]), eps=1e-12, elementwise_affine=True)
              (dropout): Dropout(p=0.1)
            )
          )
          (intermediate): BertIntermediate(
            (dense): Linear(in_features=768, out_features=3072, bias=True)
          )
          (output): BertOutput(
            (dense): Linear(in_features=3072, out_features=768, bias=True)
            (LayerNorm): FusedLayerNorm(torch.Size([768]), eps=1e-12, elementwise_affine=True)
            (dropout): Dropout(p=0.1)
          )
        )
        (9): BertLayer(
          (attention): BertAttention(
            (self): BertSelfAttention(
              (query): Linear(in_features=768, out_features=768, bias=True)
              (key): Linear(in_features=768, out_features=768, bias=True)
              (value): Linear(in_features=768, out_features=768, bias=True)
              (dropout): Dropout(p=0.1)
            )
            (output): BertSelfOutput(
              (dense): Linear(in_features=768, out_features=768, bias=True)
              (LayerNorm): FusedLayerNorm(torch.Size([768]), eps=1e-12, elementwise_affine=True)
              (dropout): Dropout(p=0.1)
            )
          )
          (intermediate): BertIntermediate(
            (dense): Linear(in_features=768, out_features=3072, bias=True)
          )
          (output): BertOutput(
            (dense): Linear(in_features=3072, out_features=768, bias=True)
            (LayerNorm): FusedLayerNorm(torch.Size([768]), eps=1e-12, elementwise_affine=True)
            (dropout): Dropout(p=0.1)
          )
        )
        (10): BertLayer(
          (attention): BertAttention(
            (self): BertSelfAttention(
              (query): Linear(in_features=768, out_features=768, bias=True)
              (key): Linear(in_features=768, out_features=768, bias=True)
              (value): Linear(in_features=768, out_features=768, bias=True)
              (dropout): Dropout(p=0.1)
            )
            (output): BertSelfOutput(
              (dense): Linear(in_features=768, out_features=768, bias=True)
              (LayerNorm): FusedLayerNorm(torch.Size([768]), eps=1e-12, elementwise_affine=True)
              (dropout): Dropout(p=0.1)
            )
          )
          (intermediate): BertIntermediate(
            (dense): Linear(in_features=768, out_features=3072, bias=True)
          )
          (output): BertOutput(
            (dense): Linear(in_features=3072, out_features=768, bias=True)
            (LayerNorm): FusedLayerNorm(torch.Size([768]), eps=1e-12, elementwise_affine=True)
            (dropout): Dropout(p=0.1)
          )
        )
        (11): BertLayer(
          (attention): BertAttention(
            (self): BertSelfAttention(
              (query): Linear(in_features=768, out_features=768, bias=True)
              (key): Linear(in_features=768, out_features=768, bias=True)
              (value): Linear(in_features=768, out_features=768, bias=True)
              (dropout): Dropout(p=0.1)
            )
            (output): BertSelfOutput(
              (dense): Linear(in_features=768, out_features=768, bias=True)
              (LayerNorm): FusedLayerNorm(torch.Size([768]), eps=1e-12, elementwise_affine=True)
              (dropout): Dropout(p=0.1)
            )
          )
          (intermediate): BertIntermediate(
            (dense): Linear(in_features=768, out_features=3072, bias=True)
          )
          (output): BertOutput(
            (dense): Linear(in_features=3072, out_features=768, bias=True)
            (LayerNorm): FusedLayerNorm(torch.Size([768]), eps=1e-12, elementwise_affine=True)
            (dropout): Dropout(p=0.1)
          )
        )
      )
    )
    (pooler): BertPooler(
      (dense): Linear(in_features=768, out_features=768, bias=True)
      (activation): Tanh()
    )
  )
  (scoring_list): ModuleList(
    (0): Linear(in_features=768, out_features=4, bias=True)
    (1): Linear(in_features=768, out_features=5, bias=True)
    (2): Linear(in_features=768, out_features=2, bias=True)
  )
)

02/16/2023 04:03:35 Total number of params: 110630411
02/16/2023 04:03:35 At epoch 0
02/16/2023 04:03:36 Task [ 2] updates[     1] train loss[1.31545] remaining[0:05:33]
02/16/2023 04:05:42 Task [ 0] updates[   500] train loss[0.82391] remaining[0:00:09]
02/16/2023 04:05:53 Task ppf -- epoch 0 -- Dev ACC: 55.840
02/16/2023 04:05:53 Task ppf -- epoch 0 -- Dev F1: 33.139
02/16/2023 04:05:55 Task dvdduration -- epoch 0 -- Dev ACC: 39.195
02/16/2023 04:05:55 Task dvdduration -- epoch 0 -- Dev F1: 15.517
02/16/2023 04:05:57 Task genjitsukasou -- epoch 0 -- Dev ACC: 90.456
02/16/2023 04:05:57 Task genjitsukasou -- epoch 0 -- Dev F1: 47.494
02/16/2023 04:05:57 At epoch 1
02/16/2023 04:07:53 Task [ 1] updates[  1000] train loss[0.76616] remaining[0:00:18]
02/16/2023 04:08:14 Task ppf -- epoch 1 -- Dev ACC: 59.972
02/16/2023 04:08:14 Task ppf -- epoch 1 -- Dev F1: 47.334
02/16/2023 04:08:16 Task dvdduration -- epoch 1 -- Dev ACC: 43.432
02/16/2023 04:08:16 Task dvdduration -- epoch 1 -- Dev F1: 25.547
02/16/2023 04:08:18 Task genjitsukasou -- epoch 1 -- Dev ACC: 89.601
02/16/2023 04:08:18 Task genjitsukasou -- epoch 1 -- Dev F1: 54.292
02/16/2023 04:08:18 At epoch 2
02/16/2023 04:10:06 Task [ 0] updates[  1500] train loss[0.69929] remaining[0:00:27]
02/16/2023 04:10:36 Task ppf -- epoch 2 -- Dev ACC: 62.108
02/16/2023 04:10:36 Task ppf -- epoch 2 -- Dev F1: 48.044
02/16/2023 04:10:37 Task dvdduration -- epoch 2 -- Dev ACC: 44.703
02/16/2023 04:10:37 Task dvdduration -- epoch 2 -- Dev F1: 29.509
02/16/2023 04:10:40 Task genjitsukasou -- epoch 2 -- Dev ACC: 88.319
02/16/2023 04:10:40 Task genjitsukasou -- epoch 2 -- Dev F1: 54.157
02/16/2023 04:10:40 At epoch 3
02/16/2023 04:12:18 Task [ 1] updates[  2000] train loss[0.64258] remaining[0:00:36]
02/16/2023 04:12:56 Task ppf -- epoch 3 -- Dev ACC: 66.097
02/16/2023 04:12:56 Task ppf -- epoch 3 -- Dev F1: 47.734
02/16/2023 04:12:58 Task dvdduration -- epoch 3 -- Dev ACC: 45.339
02/16/2023 04:12:58 Task dvdduration -- epoch 3 -- Dev F1: 27.560
02/16/2023 04:13:00 Task genjitsukasou -- epoch 3 -- Dev ACC: 89.744
02/16/2023 04:13:00 Task genjitsukasou -- epoch 3 -- Dev F1: 54.416
02/16/2023 04:13:00 At epoch 4
02/16/2023 04:14:30 Task [ 1] updates[  2500] train loss[0.59894] remaining[0:00:45]
02/16/2023 04:15:17 Task ppf -- epoch 4 -- Dev ACC: 65.670
02/16/2023 04:15:17 Task ppf -- epoch 4 -- Dev F1: 46.726
02/16/2023 04:15:19 Task dvdduration -- epoch 4 -- Dev ACC: 44.492
02/16/2023 04:15:19 Task dvdduration -- epoch 4 -- Dev F1: 27.413
02/16/2023 04:15:21 Task genjitsukasou -- epoch 4 -- Dev ACC: 88.604
02/16/2023 04:15:21 Task genjitsukasou -- epoch 4 -- Dev F1: 52.511
02/16/2023 04:15:21 At epoch 5
02/16/2023 04:16:42 Task [ 0] updates[  3000] train loss[0.55885] remaining[0:00:54]
02/16/2023 04:17:39 Task ppf -- epoch 5 -- Dev ACC: 64.245
02/16/2023 04:17:39 Task ppf -- epoch 5 -- Dev F1: 46.546
02/16/2023 04:17:40 Task dvdduration -- epoch 5 -- Dev ACC: 43.432
02/16/2023 04:17:40 Task dvdduration -- epoch 5 -- Dev F1: 28.365
02/16/2023 04:17:42 Task genjitsukasou -- epoch 5 -- Dev ACC: 88.889
02/16/2023 04:17:42 Task genjitsukasou -- epoch 5 -- Dev F1: 52.718
02/16/2023 04:17:42 At epoch 6
02/16/2023 04:18:54 Task [ 0] updates[  3500] train loss[0.52586] remaining[0:01:03]
02/16/2023 04:19:59 Task ppf -- epoch 6 -- Dev ACC: 62.963
02/16/2023 04:19:59 Task ppf -- epoch 6 -- Dev F1: 45.590
02/16/2023 04:20:01 Task dvdduration -- epoch 6 -- Dev ACC: 40.678
02/16/2023 04:20:01 Task dvdduration -- epoch 6 -- Dev F1: 26.310
02/16/2023 04:20:03 Task genjitsukasou -- epoch 6 -- Dev ACC: 90.028
02/16/2023 04:20:03 Task genjitsukasou -- epoch 6 -- Dev F1: 52.489
02/16/2023 04:20:03 At epoch 7
02/16/2023 04:21:05 Task [ 2] updates[  4000] train loss[0.49664] remaining[0:01:12]
02/16/2023 04:22:21 Task ppf -- epoch 7 -- Dev ACC: 62.108
02/16/2023 04:22:21 Task ppf -- epoch 7 -- Dev F1: 44.921
02/16/2023 04:22:22 Task dvdduration -- epoch 7 -- Dev ACC: 40.678
02/16/2023 04:22:22 Task dvdduration -- epoch 7 -- Dev F1: 27.182
02/16/2023 04:22:24 Task genjitsukasou -- epoch 7 -- Dev ACC: 87.749
02/16/2023 04:22:24 Task genjitsukasou -- epoch 7 -- Dev F1: 50.973
02/16/2023 04:22:24 At epoch 8
02/16/2023 04:23:18 Task [ 2] updates[  4500] train loss[0.46981] remaining[0:01:21]
02/16/2023 04:24:42 Task ppf -- epoch 8 -- Dev ACC: 62.393
02/16/2023 04:24:42 Task ppf -- epoch 8 -- Dev F1: 45.630
02/16/2023 04:24:43 Task dvdduration -- epoch 8 -- Dev ACC: 42.373
02/16/2023 04:24:43 Task dvdduration -- epoch 8 -- Dev F1: 28.483
02/16/2023 04:24:45 Task genjitsukasou -- epoch 8 -- Dev ACC: 87.607
02/16/2023 04:24:45 Task genjitsukasou -- epoch 8 -- Dev F1: 50.887
02/16/2023 04:24:45 At epoch 9
02/16/2023 04:25:30 Task [ 2] updates[  5000] train loss[0.44636] remaining[0:01:30]
02/16/2023 04:27:02 Task ppf -- epoch 9 -- Dev ACC: 64.245
02/16/2023 04:27:02 Task ppf -- epoch 9 -- Dev F1: 46.132
02/16/2023 04:27:03 Task dvdduration -- epoch 9 -- Dev ACC: 41.949
02/16/2023 04:27:03 Task dvdduration -- epoch 9 -- Dev F1: 27.756
02/16/2023 04:27:06 Task genjitsukasou -- epoch 9 -- Dev ACC: 88.319
02/16/2023 04:27:06 Task genjitsukasou -- epoch 9 -- Dev F1: 51.324
