02/15/2023 02:08:39 0
02/15/2023 02:08:39 Launching the MT-DNN training
02/15/2023 02:08:39 Loading ../../../dvd_hanashi/dvd_hanashi_all/0/dvdppf_train.json as task 0
02/15/2023 02:08:39 Loading ../../../dvd_hanashi/dvd_hanashi_all/0/dvdduration_train.json as task 1
02/15/2023 02:08:39 Loading ../../../dvd_hanashi/dvd_hanashi_all/0/dvdorder_train.json as task 2
02/15/2023 02:08:39 Loading ../../../dvd_hanashi/dvd_hanashi_all/0/ppf_train.json as task 3
02/15/2023 02:08:39 4,5,6,4
02/15/2023 02:08:39 ####################
02/15/2023 02:08:39 {'log_file': 'checkpoints/dvd_all_hanashi_ppf_0_adam_answer_opt0_gc0_ggc1_2023-02-15T0208/log.log', 'tensorboard': False, 'tensorboard_logdir': 'tensorboard_logdir', 'init_checkpoint': '../../../japanese_bert_new_/jap_bert.pt', 'data_dir': '../../../dvd_hanashi/dvd_hanashi_all/0/', 'data_sort_on': False, 'name': 'farmer', 'task_def': '../../../experiments/dvd_hanashi/dvd_hanashi_task_def.yml', 'train_datasets': ['dvdppf', 'dvdduration', 'dvdorder', 'ppf'], 'test_datasets': ['dvdppf', 'dvdduration', 'dvdorder', 'ppf'], 'update_bert_opt': 0, 'multi_gpu_on': True, 'mem_cum_type': 'simple', 'answer_num_turn': 5, 'answer_mem_drop_p': 0.1, 'answer_att_hidden_size': 128, 'answer_att_type': 'bilinear', 'answer_rnn_type': 'gru', 'answer_sum_att_type': 'bilinear', 'answer_merge_opt': 1, 'answer_mem_type': 1, 'answer_dropout_p': 0.1, 'answer_weight_norm_on': False, 'dump_state_on': False, 'answer_opt': [0, 0, 0, 0], 'label_size': '4,5,6,4', 'mtl_opt': 0, 'ratio': 0, 'mix_opt': 0, 'max_seq_len': 512, 'init_ratio': 1, 'encoder_type': <EncoderModelType.BERT: 1>, 'cuda': True, 'log_per_updates': 500, 'save_per_updates': 10000, 'save_per_updates_on': False, 'epochs': 10, 'batch_size': 16, 'batch_size_eval': 8, 'optimizer': 'adam', 'grad_clipping': 0.0, 'global_grad_clipping': 1.0, 'weight_decay': 0, 'learning_rate': 1e-05, 'momentum': 0, 'warmup': 0.1, 'warmup_schedule': 'warmup_linear', 'adam_eps': 1e-06, 'vb_dropout': True, 'dropout_p': 0.1, 'dropout_w': 0.0, 'bert_dropout_p': 0.1, 'model_ckpt': 'checkpoints/model_0.pt', 'resume': False, 'ema_opt': 0, 'ema_gamma': 0.995, 'lookahead': False, 'lookahead_k': 5, 'lookahead_alpha': 0.5, 'have_lr_scheduler': True, 'multi_step_lr': '10,20,30', 'freeze_layers': -1, 'embedding_opt': 0, 'lr_gamma': 0.5, 'bert_l2norm': 0.0, 'scheduler_type': 'ms', 'output_dir': 'checkpoints/dvd_all_hanashi_ppf_0_adam_answer_opt0_gc0_ggc1_2023-02-15T0208', 'seed': 2018, 'grad_accumulation_step': 1, 'fp16': False, 'fp16_opt_level': 'O1', 'mean_teacher': False, 'mean_teacher_avg': 'exponential', 'mean_teacher_lambda': 1, 'mean_teacher_rampup': 4000, 'mean_teacher_alpha1': 0.99, 'mean_teacher_alpha2': 0.999, 'mt_kd_tau': 1, 'virtual_teacher': False, 'vat_eps': 0.001, 'vat_max_layer': -1, 'vat_opt': 0, 'vat_lambda': 1, 'vat_alpha': 1, 'vat_nosiy': 1e-05, 'use_noisycopy': False, 'noisycopy_eps': 0.01, 'use_advcopy': False, 'advcopy_eps': 0.01, 'vat_stable_eps': 1e-06, 'tasks_dropout_p': [0.1, 0.1, 0.1, 0.1]}
02/15/2023 02:08:39 ####################
02/15/2023 02:08:39 ############# Gradient Accumulation Info #############
02/15/2023 02:08:39 number of step: 3330
02/15/2023 02:08:39 number of grad grad_accumulation step: 1
02/15/2023 02:08:39 adjusted number of step: 3330
02/15/2023 02:08:39 ############# Gradient Accumulation Info #############
02/15/2023 02:08:47 
############# Model Arch of MT-DNN #############
SANBertNetwork(
  (dropout_list): ModuleList(
    (0): DropoutWrapper()
    (1): DropoutWrapper()
    (2): DropoutWrapper()
    (3): DropoutWrapper()
  )
  (bert): BertModel(
    (embeddings): BertEmbeddings(
      (word_embeddings): Embedding(32006, 768)
      (position_embeddings): Embedding(512, 768)
      (token_type_embeddings): Embedding(2, 768)
      (LayerNorm): FusedLayerNorm(torch.Size([768]), eps=1e-12, elementwise_affine=True)
      (dropout): Dropout(p=0.1)
    )
    (encoder): BertEncoder(
      (layer): ModuleList(
        (0): BertLayer(
          (attention): BertAttention(
            (self): BertSelfAttention(
              (query): Linear(in_features=768, out_features=768, bias=True)
              (key): Linear(in_features=768, out_features=768, bias=True)
              (value): Linear(in_features=768, out_features=768, bias=True)
              (dropout): Dropout(p=0.1)
            )
            (output): BertSelfOutput(
              (dense): Linear(in_features=768, out_features=768, bias=True)
              (LayerNorm): FusedLayerNorm(torch.Size([768]), eps=1e-12, elementwise_affine=True)
              (dropout): Dropout(p=0.1)
            )
          )
          (intermediate): BertIntermediate(
            (dense): Linear(in_features=768, out_features=3072, bias=True)
          )
          (output): BertOutput(
            (dense): Linear(in_features=3072, out_features=768, bias=True)
            (LayerNorm): FusedLayerNorm(torch.Size([768]), eps=1e-12, elementwise_affine=True)
            (dropout): Dropout(p=0.1)
          )
        )
        (1): BertLayer(
          (attention): BertAttention(
            (self): BertSelfAttention(
              (query): Linear(in_features=768, out_features=768, bias=True)
              (key): Linear(in_features=768, out_features=768, bias=True)
              (value): Linear(in_features=768, out_features=768, bias=True)
              (dropout): Dropout(p=0.1)
            )
            (output): BertSelfOutput(
              (dense): Linear(in_features=768, out_features=768, bias=True)
              (LayerNorm): FusedLayerNorm(torch.Size([768]), eps=1e-12, elementwise_affine=True)
              (dropout): Dropout(p=0.1)
            )
          )
          (intermediate): BertIntermediate(
            (dense): Linear(in_features=768, out_features=3072, bias=True)
          )
          (output): BertOutput(
            (dense): Linear(in_features=3072, out_features=768, bias=True)
            (LayerNorm): FusedLayerNorm(torch.Size([768]), eps=1e-12, elementwise_affine=True)
            (dropout): Dropout(p=0.1)
          )
        )
        (2): BertLayer(
          (attention): BertAttention(
            (self): BertSelfAttention(
              (query): Linear(in_features=768, out_features=768, bias=True)
              (key): Linear(in_features=768, out_features=768, bias=True)
              (value): Linear(in_features=768, out_features=768, bias=True)
              (dropout): Dropout(p=0.1)
            )
            (output): BertSelfOutput(
              (dense): Linear(in_features=768, out_features=768, bias=True)
              (LayerNorm): FusedLayerNorm(torch.Size([768]), eps=1e-12, elementwise_affine=True)
              (dropout): Dropout(p=0.1)
            )
          )
          (intermediate): BertIntermediate(
            (dense): Linear(in_features=768, out_features=3072, bias=True)
          )
          (output): BertOutput(
            (dense): Linear(in_features=3072, out_features=768, bias=True)
            (LayerNorm): FusedLayerNorm(torch.Size([768]), eps=1e-12, elementwise_affine=True)
            (dropout): Dropout(p=0.1)
          )
        )
        (3): BertLayer(
          (attention): BertAttention(
            (self): BertSelfAttention(
              (query): Linear(in_features=768, out_features=768, bias=True)
              (key): Linear(in_features=768, out_features=768, bias=True)
              (value): Linear(in_features=768, out_features=768, bias=True)
              (dropout): Dropout(p=0.1)
            )
            (output): BertSelfOutput(
              (dense): Linear(in_features=768, out_features=768, bias=True)
              (LayerNorm): FusedLayerNorm(torch.Size([768]), eps=1e-12, elementwise_affine=True)
              (dropout): Dropout(p=0.1)
            )
          )
          (intermediate): BertIntermediate(
            (dense): Linear(in_features=768, out_features=3072, bias=True)
          )
          (output): BertOutput(
            (dense): Linear(in_features=3072, out_features=768, bias=True)
            (LayerNorm): FusedLayerNorm(torch.Size([768]), eps=1e-12, elementwise_affine=True)
            (dropout): Dropout(p=0.1)
          )
        )
        (4): BertLayer(
          (attention): BertAttention(
            (self): BertSelfAttention(
              (query): Linear(in_features=768, out_features=768, bias=True)
              (key): Linear(in_features=768, out_features=768, bias=True)
              (value): Linear(in_features=768, out_features=768, bias=True)
              (dropout): Dropout(p=0.1)
            )
            (output): BertSelfOutput(
              (dense): Linear(in_features=768, out_features=768, bias=True)
              (LayerNorm): FusedLayerNorm(torch.Size([768]), eps=1e-12, elementwise_affine=True)
              (dropout): Dropout(p=0.1)
            )
          )
          (intermediate): BertIntermediate(
            (dense): Linear(in_features=768, out_features=3072, bias=True)
          )
          (output): BertOutput(
            (dense): Linear(in_features=3072, out_features=768, bias=True)
            (LayerNorm): FusedLayerNorm(torch.Size([768]), eps=1e-12, elementwise_affine=True)
            (dropout): Dropout(p=0.1)
          )
        )
        (5): BertLayer(
          (attention): BertAttention(
            (self): BertSelfAttention(
              (query): Linear(in_features=768, out_features=768, bias=True)
              (key): Linear(in_features=768, out_features=768, bias=True)
              (value): Linear(in_features=768, out_features=768, bias=True)
              (dropout): Dropout(p=0.1)
            )
            (output): BertSelfOutput(
              (dense): Linear(in_features=768, out_features=768, bias=True)
              (LayerNorm): FusedLayerNorm(torch.Size([768]), eps=1e-12, elementwise_affine=True)
              (dropout): Dropout(p=0.1)
            )
          )
          (intermediate): BertIntermediate(
            (dense): Linear(in_features=768, out_features=3072, bias=True)
          )
          (output): BertOutput(
            (dense): Linear(in_features=3072, out_features=768, bias=True)
            (LayerNorm): FusedLayerNorm(torch.Size([768]), eps=1e-12, elementwise_affine=True)
            (dropout): Dropout(p=0.1)
          )
        )
        (6): BertLayer(
          (attention): BertAttention(
            (self): BertSelfAttention(
              (query): Linear(in_features=768, out_features=768, bias=True)
              (key): Linear(in_features=768, out_features=768, bias=True)
              (value): Linear(in_features=768, out_features=768, bias=True)
              (dropout): Dropout(p=0.1)
            )
            (output): BertSelfOutput(
              (dense): Linear(in_features=768, out_features=768, bias=True)
              (LayerNorm): FusedLayerNorm(torch.Size([768]), eps=1e-12, elementwise_affine=True)
              (dropout): Dropout(p=0.1)
            )
          )
          (intermediate): BertIntermediate(
            (dense): Linear(in_features=768, out_features=3072, bias=True)
          )
          (output): BertOutput(
            (dense): Linear(in_features=3072, out_features=768, bias=True)
            (LayerNorm): FusedLayerNorm(torch.Size([768]), eps=1e-12, elementwise_affine=True)
            (dropout): Dropout(p=0.1)
          )
        )
        (7): BertLayer(
          (attention): BertAttention(
            (self): BertSelfAttention(
              (query): Linear(in_features=768, out_features=768, bias=True)
              (key): Linear(in_features=768, out_features=768, bias=True)
              (value): Linear(in_features=768, out_features=768, bias=True)
              (dropout): Dropout(p=0.1)
            )
            (output): BertSelfOutput(
              (dense): Linear(in_features=768, out_features=768, bias=True)
              (LayerNorm): FusedLayerNorm(torch.Size([768]), eps=1e-12, elementwise_affine=True)
              (dropout): Dropout(p=0.1)
            )
          )
          (intermediate): BertIntermediate(
            (dense): Linear(in_features=768, out_features=3072, bias=True)
          )
          (output): BertOutput(
            (dense): Linear(in_features=3072, out_features=768, bias=True)
            (LayerNorm): FusedLayerNorm(torch.Size([768]), eps=1e-12, elementwise_affine=True)
            (dropout): Dropout(p=0.1)
          )
        )
        (8): BertLayer(
          (attention): BertAttention(
            (self): BertSelfAttention(
              (query): Linear(in_features=768, out_features=768, bias=True)
              (key): Linear(in_features=768, out_features=768, bias=True)
              (value): Linear(in_features=768, out_features=768, bias=True)
              (dropout): Dropout(p=0.1)
            )
            (output): BertSelfOutput(
              (dense): Linear(in_features=768, out_features=768, bias=True)
              (LayerNorm): FusedLayerNorm(torch.Size([768]), eps=1e-12, elementwise_affine=True)
              (dropout): Dropout(p=0.1)
            )
          )
          (intermediate): BertIntermediate(
            (dense): Linear(in_features=768, out_features=3072, bias=True)
          )
          (output): BertOutput(
            (dense): Linear(in_features=3072, out_features=768, bias=True)
            (LayerNorm): FusedLayerNorm(torch.Size([768]), eps=1e-12, elementwise_affine=True)
            (dropout): Dropout(p=0.1)
          )
        )
        (9): BertLayer(
          (attention): BertAttention(
            (self): BertSelfAttention(
              (query): Linear(in_features=768, out_features=768, bias=True)
              (key): Linear(in_features=768, out_features=768, bias=True)
              (value): Linear(in_features=768, out_features=768, bias=True)
              (dropout): Dropout(p=0.1)
            )
            (output): BertSelfOutput(
              (dense): Linear(in_features=768, out_features=768, bias=True)
              (LayerNorm): FusedLayerNorm(torch.Size([768]), eps=1e-12, elementwise_affine=True)
              (dropout): Dropout(p=0.1)
            )
          )
          (intermediate): BertIntermediate(
            (dense): Linear(in_features=768, out_features=3072, bias=True)
          )
          (output): BertOutput(
            (dense): Linear(in_features=3072, out_features=768, bias=True)
            (LayerNorm): FusedLayerNorm(torch.Size([768]), eps=1e-12, elementwise_affine=True)
            (dropout): Dropout(p=0.1)
          )
        )
        (10): BertLayer(
          (attention): BertAttention(
            (self): BertSelfAttention(
              (query): Linear(in_features=768, out_features=768, bias=True)
              (key): Linear(in_features=768, out_features=768, bias=True)
              (value): Linear(in_features=768, out_features=768, bias=True)
              (dropout): Dropout(p=0.1)
            )
            (output): BertSelfOutput(
              (dense): Linear(in_features=768, out_features=768, bias=True)
              (LayerNorm): FusedLayerNorm(torch.Size([768]), eps=1e-12, elementwise_affine=True)
              (dropout): Dropout(p=0.1)
            )
          )
          (intermediate): BertIntermediate(
            (dense): Linear(in_features=768, out_features=3072, bias=True)
          )
          (output): BertOutput(
            (dense): Linear(in_features=3072, out_features=768, bias=True)
            (LayerNorm): FusedLayerNorm(torch.Size([768]), eps=1e-12, elementwise_affine=True)
            (dropout): Dropout(p=0.1)
          )
        )
        (11): BertLayer(
          (attention): BertAttention(
            (self): BertSelfAttention(
              (query): Linear(in_features=768, out_features=768, bias=True)
              (key): Linear(in_features=768, out_features=768, bias=True)
              (value): Linear(in_features=768, out_features=768, bias=True)
              (dropout): Dropout(p=0.1)
            )
            (output): BertSelfOutput(
              (dense): Linear(in_features=768, out_features=768, bias=True)
              (LayerNorm): FusedLayerNorm(torch.Size([768]), eps=1e-12, elementwise_affine=True)
              (dropout): Dropout(p=0.1)
            )
          )
          (intermediate): BertIntermediate(
            (dense): Linear(in_features=768, out_features=3072, bias=True)
          )
          (output): BertOutput(
            (dense): Linear(in_features=3072, out_features=768, bias=True)
            (LayerNorm): FusedLayerNorm(torch.Size([768]), eps=1e-12, elementwise_affine=True)
            (dropout): Dropout(p=0.1)
          )
        )
      )
    )
    (pooler): BertPooler(
      (dense): Linear(in_features=768, out_features=768, bias=True)
      (activation): Tanh()
    )
  )
  (scoring_list): ModuleList(
    (0): Linear(in_features=768, out_features=4, bias=True)
    (1): Linear(in_features=768, out_features=5, bias=True)
    (2): Linear(in_features=768, out_features=6, bias=True)
    (3): Linear(in_features=768, out_features=4, bias=True)
  )
)

02/15/2023 02:08:47 Total number of params: 110636563
02/15/2023 02:08:47 At epoch 0
02/15/2023 02:08:47 Task [ 3] updates[     1] train loss[1.35551] remaining[0:03:25]
02/15/2023 02:09:34 Task dvdppf -- epoch 0 -- Dev ACC: 39.869
02/15/2023 02:09:34 Task dvdppf -- epoch 0 -- Dev F1: 24.622
02/15/2023 02:09:36 Task dvdduration -- epoch 0 -- Dev ACC: 39.739
02/15/2023 02:09:36 Task dvdduration -- epoch 0 -- Dev F1: 22.716
02/15/2023 02:09:37 Task dvdorder -- epoch 0 -- Dev ACC: 49.580
02/15/2023 02:09:37 Task dvdorder -- epoch 0 -- Dev F1: 11.049
02/15/2023 02:09:38 Task ppf -- epoch 0 -- Dev ACC: 41.270
02/15/2023 02:09:38 Task ppf -- epoch 0 -- Dev F1: 21.802
02/15/2023 02:09:38 At epoch 1
02/15/2023 02:10:00 Task [ 3] updates[   500] train loss[1.27443] remaining[0:00:22]
02/15/2023 02:10:24 Task dvdppf -- epoch 1 -- Dev ACC: 53.725
02/15/2023 02:10:24 Task dvdppf -- epoch 1 -- Dev F1: 39.566
02/15/2023 02:10:26 Task dvdduration -- epoch 1 -- Dev ACC: 42.614
02/15/2023 02:10:26 Task dvdduration -- epoch 1 -- Dev F1: 24.992
02/15/2023 02:10:28 Task dvdorder -- epoch 1 -- Dev ACC: 49.580
02/15/2023 02:10:28 Task dvdorder -- epoch 1 -- Dev F1: 11.049
02/15/2023 02:10:28 Task ppf -- epoch 1 -- Dev ACC: 52.381
02/15/2023 02:10:28 Task ppf -- epoch 1 -- Dev F1: 36.726
02/15/2023 02:10:28 At epoch 2
02/15/2023 02:11:14 Task dvdppf -- epoch 2 -- Dev ACC: 66.667
02/15/2023 02:11:14 Task dvdppf -- epoch 2 -- Dev F1: 50.706
02/15/2023 02:11:16 Task dvdduration -- epoch 2 -- Dev ACC: 45.359
02/15/2023 02:11:16 Task dvdduration -- epoch 2 -- Dev F1: 30.090
02/15/2023 02:11:18 Task dvdorder -- epoch 2 -- Dev ACC: 47.059
02/15/2023 02:11:18 Task dvdorder -- epoch 2 -- Dev F1: 12.623
02/15/2023 02:11:18 Task ppf -- epoch 2 -- Dev ACC: 69.841
02/15/2023 02:11:18 Task ppf -- epoch 2 -- Dev F1: 48.593
02/15/2023 02:11:18 At epoch 3
02/15/2023 02:11:18 Task [ 1] updates[  1000] train loss[1.17018] remaining[0:00:40]
02/15/2023 02:12:04 Task dvdppf -- epoch 3 -- Dev ACC: 75.163
02/15/2023 02:12:04 Task dvdppf -- epoch 3 -- Dev F1: 57.659
02/15/2023 02:12:06 Task dvdduration -- epoch 3 -- Dev ACC: 49.542
02/15/2023 02:12:06 Task dvdduration -- epoch 3 -- Dev F1: 31.487
02/15/2023 02:12:08 Task dvdorder -- epoch 3 -- Dev ACC: 42.353
02/15/2023 02:12:08 Task dvdorder -- epoch 3 -- Dev F1: 20.710
02/15/2023 02:12:08 Task ppf -- epoch 3 -- Dev ACC: 76.190
02/15/2023 02:12:08 Task ppf -- epoch 3 -- Dev F1: 53.713
02/15/2023 02:12:08 At epoch 4
02/15/2023 02:12:30 Task [ 3] updates[  1500] train loss[1.04799] remaining[0:00:21]
02/15/2023 02:12:54 Task dvdppf -- epoch 4 -- Dev ACC: 79.739
02/15/2023 02:12:54 Task dvdppf -- epoch 4 -- Dev F1: 61.322
02/15/2023 02:12:56 Task dvdduration -- epoch 4 -- Dev ACC: 50.588
02/15/2023 02:12:56 Task dvdduration -- epoch 4 -- Dev F1: 33.741
02/15/2023 02:12:58 Task dvdorder -- epoch 4 -- Dev ACC: 40.504
02/15/2023 02:12:58 Task dvdorder -- epoch 4 -- Dev F1: 21.001
02/15/2023 02:12:58 Task ppf -- epoch 4 -- Dev ACC: 77.778
02/15/2023 02:12:58 Task ppf -- epoch 4 -- Dev F1: 55.288
02/15/2023 02:12:58 At epoch 5
02/15/2023 02:13:45 Task dvdppf -- epoch 5 -- Dev ACC: 82.745
02/15/2023 02:13:45 Task dvdppf -- epoch 5 -- Dev F1: 63.499
02/15/2023 02:13:47 Task dvdduration -- epoch 5 -- Dev ACC: 47.582
02/15/2023 02:13:47 Task dvdduration -- epoch 5 -- Dev F1: 31.491
02/15/2023 02:13:48 Task dvdorder -- epoch 5 -- Dev ACC: 43.361
02/15/2023 02:13:48 Task dvdorder -- epoch 5 -- Dev F1: 21.285
02/15/2023 02:13:48 Task ppf -- epoch 5 -- Dev ACC: 85.714
02/15/2023 02:13:48 Task ppf -- epoch 5 -- Dev F1: 62.313
02/15/2023 02:13:48 At epoch 6
02/15/2023 02:13:49 Task [ 0] updates[  2000] train loss[0.95186] remaining[0:00:40]
02/15/2023 02:14:35 Task dvdppf -- epoch 6 -- Dev ACC: 86.667
02/15/2023 02:14:35 Task dvdppf -- epoch 6 -- Dev F1: 66.538
02/15/2023 02:14:37 Task dvdduration -- epoch 6 -- Dev ACC: 51.242
02/15/2023 02:14:37 Task dvdduration -- epoch 6 -- Dev F1: 34.011
02/15/2023 02:14:39 Task dvdorder -- epoch 6 -- Dev ACC: 40.336
02/15/2023 02:14:39 Task dvdorder -- epoch 6 -- Dev F1: 20.707
02/15/2023 02:14:39 Task ppf -- epoch 6 -- Dev ACC: 92.063
02/15/2023 02:14:39 Task ppf -- epoch 6 -- Dev F1: 68.115
02/15/2023 02:14:39 At epoch 7
02/15/2023 02:15:02 Task [ 3] updates[  2500] train loss[0.86820] remaining[0:00:21]
02/15/2023 02:15:25 Task dvdppf -- epoch 7 -- Dev ACC: 87.059
02/15/2023 02:15:25 Task dvdppf -- epoch 7 -- Dev F1: 66.836
02/15/2023 02:15:27 Task dvdduration -- epoch 7 -- Dev ACC: 49.935
02/15/2023 02:15:27 Task dvdduration -- epoch 7 -- Dev F1: 32.351
02/15/2023 02:15:29 Task dvdorder -- epoch 7 -- Dev ACC: 40.672
02/15/2023 02:15:29 Task dvdorder -- epoch 7 -- Dev F1: 20.319
02/15/2023 02:15:29 Task ppf -- epoch 7 -- Dev ACC: 92.063
02/15/2023 02:15:29 Task ppf -- epoch 7 -- Dev F1: 66.857
02/15/2023 02:15:29 At epoch 8
02/15/2023 02:16:15 Task dvdppf -- epoch 8 -- Dev ACC: 87.974
02/15/2023 02:16:15 Task dvdppf -- epoch 8 -- Dev F1: 67.549
02/15/2023 02:16:17 Task dvdduration -- epoch 8 -- Dev ACC: 49.804
02/15/2023 02:16:17 Task dvdduration -- epoch 8 -- Dev F1: 33.342
02/15/2023 02:16:19 Task dvdorder -- epoch 8 -- Dev ACC: 39.664
02/15/2023 02:16:19 Task dvdorder -- epoch 8 -- Dev F1: 20.513
02/15/2023 02:16:19 Task ppf -- epoch 8 -- Dev ACC: 90.476
02/15/2023 02:16:19 Task ppf -- epoch 8 -- Dev F1: 65.893
02/15/2023 02:16:19 At epoch 9
02/15/2023 02:16:19 Task [ 3] updates[  3000] train loss[0.80185] remaining[0:00:43]
02/15/2023 02:17:06 Task dvdppf -- epoch 9 -- Dev ACC: 88.627
02/15/2023 02:17:06 Task dvdppf -- epoch 9 -- Dev F1: 68.086
02/15/2023 02:17:08 Task dvdduration -- epoch 9 -- Dev ACC: 48.497
02/15/2023 02:17:08 Task dvdduration -- epoch 9 -- Dev F1: 32.140
02/15/2023 02:17:10 Task dvdorder -- epoch 9 -- Dev ACC: 40.336
02/15/2023 02:17:10 Task dvdorder -- epoch 9 -- Dev F1: 21.993
02/15/2023 02:17:10 Task ppf -- epoch 9 -- Dev ACC: 93.651
02/15/2023 02:17:10 Task ppf -- epoch 9 -- Dev F1: 69.091
