02/15/2023 07:04:12 0
02/15/2023 07:04:12 Launching the MT-DNN training
02/15/2023 07:04:12 Loading ../../../dvd_hanashi/dvd_hanashi_all/4/dvdppf_train.json as task 0
02/15/2023 07:04:12 Loading ../../../dvd_hanashi/dvd_hanashi_all/4/dvdduration_train.json as task 1
02/15/2023 07:04:12 Loading ../../../dvd_hanashi/dvd_hanashi_all/4/dvdorder_train.json as task 2
02/15/2023 07:04:12 Loading ../../../dvd_hanashi/dvd_hanashi_all/4/hanashiduration_train.json as task 3
02/15/2023 07:04:12 4,5,6,8
02/15/2023 07:04:12 ####################
02/15/2023 07:04:12 {'log_file': 'checkpoints/dvd_all_hanashi_dur_4_adam_answer_opt0_gc0_ggc1_2023-02-15T0704/log.log', 'tensorboard': False, 'tensorboard_logdir': 'tensorboard_logdir', 'init_checkpoint': '../../../japanese_bert_new_/jap_bert.pt', 'data_dir': '../../../dvd_hanashi/dvd_hanashi_all/4/', 'data_sort_on': False, 'name': 'farmer', 'task_def': '../../../experiments/dvd_hanashi/dvd_hanashi_task_def.yml', 'train_datasets': ['dvdppf', 'dvdduration', 'dvdorder', 'hanashiduration'], 'test_datasets': ['dvdppf', 'dvdduration', 'dvdorder', 'hanashiduration'], 'update_bert_opt': 0, 'multi_gpu_on': True, 'mem_cum_type': 'simple', 'answer_num_turn': 5, 'answer_mem_drop_p': 0.1, 'answer_att_hidden_size': 128, 'answer_att_type': 'bilinear', 'answer_rnn_type': 'gru', 'answer_sum_att_type': 'bilinear', 'answer_merge_opt': 1, 'answer_mem_type': 1, 'answer_dropout_p': 0.1, 'answer_weight_norm_on': False, 'dump_state_on': False, 'answer_opt': [0, 0, 0, 0], 'label_size': '4,5,6,8', 'mtl_opt': 0, 'ratio': 0, 'mix_opt': 0, 'max_seq_len': 512, 'init_ratio': 1, 'encoder_type': <EncoderModelType.BERT: 1>, 'cuda': True, 'log_per_updates': 500, 'save_per_updates': 10000, 'save_per_updates_on': False, 'epochs': 10, 'batch_size': 16, 'batch_size_eval': 8, 'optimizer': 'adam', 'grad_clipping': 0.0, 'global_grad_clipping': 1.0, 'weight_decay': 0, 'learning_rate': 1e-05, 'momentum': 0, 'warmup': 0.1, 'warmup_schedule': 'warmup_linear', 'adam_eps': 1e-06, 'vb_dropout': True, 'dropout_p': 0.1, 'dropout_w': 0.0, 'bert_dropout_p': 0.1, 'model_ckpt': 'checkpoints/model_0.pt', 'resume': False, 'ema_opt': 0, 'ema_gamma': 0.995, 'lookahead': False, 'lookahead_k': 5, 'lookahead_alpha': 0.5, 'have_lr_scheduler': True, 'multi_step_lr': '10,20,30', 'freeze_layers': -1, 'embedding_opt': 0, 'lr_gamma': 0.5, 'bert_l2norm': 0.0, 'scheduler_type': 'ms', 'output_dir': 'checkpoints/dvd_all_hanashi_dur_4_adam_answer_opt0_gc0_ggc1_2023-02-15T0704', 'seed': 2018, 'grad_accumulation_step': 1, 'fp16': False, 'fp16_opt_level': 'O1', 'mean_teacher': False, 'mean_teacher_avg': 'exponential', 'mean_teacher_lambda': 1, 'mean_teacher_rampup': 4000, 'mean_teacher_alpha1': 0.99, 'mean_teacher_alpha2': 0.999, 'mt_kd_tau': 1, 'virtual_teacher': False, 'vat_eps': 0.001, 'vat_max_layer': -1, 'vat_opt': 0, 'vat_lambda': 1, 'vat_alpha': 1, 'vat_nosiy': 1e-05, 'use_noisycopy': False, 'noisycopy_eps': 0.01, 'use_advcopy': False, 'advcopy_eps': 0.01, 'vat_stable_eps': 1e-06, 'tasks_dropout_p': [0.1, 0.1, 0.1, 0.1]}
02/15/2023 07:04:12 ####################
02/15/2023 07:04:12 ############# Gradient Accumulation Info #############
02/15/2023 07:04:12 number of step: 4790
02/15/2023 07:04:12 number of grad grad_accumulation step: 1
02/15/2023 07:04:12 adjusted number of step: 4790
02/15/2023 07:04:12 ############# Gradient Accumulation Info #############
02/15/2023 07:04:19 
############# Model Arch of MT-DNN #############
SANBertNetwork(
  (dropout_list): ModuleList(
    (0): DropoutWrapper()
    (1): DropoutWrapper()
    (2): DropoutWrapper()
    (3): DropoutWrapper()
  )
  (bert): BertModel(
    (embeddings): BertEmbeddings(
      (word_embeddings): Embedding(32006, 768)
      (position_embeddings): Embedding(512, 768)
      (token_type_embeddings): Embedding(2, 768)
      (LayerNorm): FusedLayerNorm(torch.Size([768]), eps=1e-12, elementwise_affine=True)
      (dropout): Dropout(p=0.1)
    )
    (encoder): BertEncoder(
      (layer): ModuleList(
        (0): BertLayer(
          (attention): BertAttention(
            (self): BertSelfAttention(
              (query): Linear(in_features=768, out_features=768, bias=True)
              (key): Linear(in_features=768, out_features=768, bias=True)
              (value): Linear(in_features=768, out_features=768, bias=True)
              (dropout): Dropout(p=0.1)
            )
            (output): BertSelfOutput(
              (dense): Linear(in_features=768, out_features=768, bias=True)
              (LayerNorm): FusedLayerNorm(torch.Size([768]), eps=1e-12, elementwise_affine=True)
              (dropout): Dropout(p=0.1)
            )
          )
          (intermediate): BertIntermediate(
            (dense): Linear(in_features=768, out_features=3072, bias=True)
          )
          (output): BertOutput(
            (dense): Linear(in_features=3072, out_features=768, bias=True)
            (LayerNorm): FusedLayerNorm(torch.Size([768]), eps=1e-12, elementwise_affine=True)
            (dropout): Dropout(p=0.1)
          )
        )
        (1): BertLayer(
          (attention): BertAttention(
            (self): BertSelfAttention(
              (query): Linear(in_features=768, out_features=768, bias=True)
              (key): Linear(in_features=768, out_features=768, bias=True)
              (value): Linear(in_features=768, out_features=768, bias=True)
              (dropout): Dropout(p=0.1)
            )
            (output): BertSelfOutput(
              (dense): Linear(in_features=768, out_features=768, bias=True)
              (LayerNorm): FusedLayerNorm(torch.Size([768]), eps=1e-12, elementwise_affine=True)
              (dropout): Dropout(p=0.1)
            )
          )
          (intermediate): BertIntermediate(
            (dense): Linear(in_features=768, out_features=3072, bias=True)
          )
          (output): BertOutput(
            (dense): Linear(in_features=3072, out_features=768, bias=True)
            (LayerNorm): FusedLayerNorm(torch.Size([768]), eps=1e-12, elementwise_affine=True)
            (dropout): Dropout(p=0.1)
          )
        )
        (2): BertLayer(
          (attention): BertAttention(
            (self): BertSelfAttention(
              (query): Linear(in_features=768, out_features=768, bias=True)
              (key): Linear(in_features=768, out_features=768, bias=True)
              (value): Linear(in_features=768, out_features=768, bias=True)
              (dropout): Dropout(p=0.1)
            )
            (output): BertSelfOutput(
              (dense): Linear(in_features=768, out_features=768, bias=True)
              (LayerNorm): FusedLayerNorm(torch.Size([768]), eps=1e-12, elementwise_affine=True)
              (dropout): Dropout(p=0.1)
            )
          )
          (intermediate): BertIntermediate(
            (dense): Linear(in_features=768, out_features=3072, bias=True)
          )
          (output): BertOutput(
            (dense): Linear(in_features=3072, out_features=768, bias=True)
            (LayerNorm): FusedLayerNorm(torch.Size([768]), eps=1e-12, elementwise_affine=True)
            (dropout): Dropout(p=0.1)
          )
        )
        (3): BertLayer(
          (attention): BertAttention(
            (self): BertSelfAttention(
              (query): Linear(in_features=768, out_features=768, bias=True)
              (key): Linear(in_features=768, out_features=768, bias=True)
              (value): Linear(in_features=768, out_features=768, bias=True)
              (dropout): Dropout(p=0.1)
            )
            (output): BertSelfOutput(
              (dense): Linear(in_features=768, out_features=768, bias=True)
              (LayerNorm): FusedLayerNorm(torch.Size([768]), eps=1e-12, elementwise_affine=True)
              (dropout): Dropout(p=0.1)
            )
          )
          (intermediate): BertIntermediate(
            (dense): Linear(in_features=768, out_features=3072, bias=True)
          )
          (output): BertOutput(
            (dense): Linear(in_features=3072, out_features=768, bias=True)
            (LayerNorm): FusedLayerNorm(torch.Size([768]), eps=1e-12, elementwise_affine=True)
            (dropout): Dropout(p=0.1)
          )
        )
        (4): BertLayer(
          (attention): BertAttention(
            (self): BertSelfAttention(
              (query): Linear(in_features=768, out_features=768, bias=True)
              (key): Linear(in_features=768, out_features=768, bias=True)
              (value): Linear(in_features=768, out_features=768, bias=True)
              (dropout): Dropout(p=0.1)
            )
            (output): BertSelfOutput(
              (dense): Linear(in_features=768, out_features=768, bias=True)
              (LayerNorm): FusedLayerNorm(torch.Size([768]), eps=1e-12, elementwise_affine=True)
              (dropout): Dropout(p=0.1)
            )
          )
          (intermediate): BertIntermediate(
            (dense): Linear(in_features=768, out_features=3072, bias=True)
          )
          (output): BertOutput(
            (dense): Linear(in_features=3072, out_features=768, bias=True)
            (LayerNorm): FusedLayerNorm(torch.Size([768]), eps=1e-12, elementwise_affine=True)
            (dropout): Dropout(p=0.1)
          )
        )
        (5): BertLayer(
          (attention): BertAttention(
            (self): BertSelfAttention(
              (query): Linear(in_features=768, out_features=768, bias=True)
              (key): Linear(in_features=768, out_features=768, bias=True)
              (value): Linear(in_features=768, out_features=768, bias=True)
              (dropout): Dropout(p=0.1)
            )
            (output): BertSelfOutput(
              (dense): Linear(in_features=768, out_features=768, bias=True)
              (LayerNorm): FusedLayerNorm(torch.Size([768]), eps=1e-12, elementwise_affine=True)
              (dropout): Dropout(p=0.1)
            )
          )
          (intermediate): BertIntermediate(
            (dense): Linear(in_features=768, out_features=3072, bias=True)
          )
          (output): BertOutput(
            (dense): Linear(in_features=3072, out_features=768, bias=True)
            (LayerNorm): FusedLayerNorm(torch.Size([768]), eps=1e-12, elementwise_affine=True)
            (dropout): Dropout(p=0.1)
          )
        )
        (6): BertLayer(
          (attention): BertAttention(
            (self): BertSelfAttention(
              (query): Linear(in_features=768, out_features=768, bias=True)
              (key): Linear(in_features=768, out_features=768, bias=True)
              (value): Linear(in_features=768, out_features=768, bias=True)
              (dropout): Dropout(p=0.1)
            )
            (output): BertSelfOutput(
              (dense): Linear(in_features=768, out_features=768, bias=True)
              (LayerNorm): FusedLayerNorm(torch.Size([768]), eps=1e-12, elementwise_affine=True)
              (dropout): Dropout(p=0.1)
            )
          )
          (intermediate): BertIntermediate(
            (dense): Linear(in_features=768, out_features=3072, bias=True)
          )
          (output): BertOutput(
            (dense): Linear(in_features=3072, out_features=768, bias=True)
            (LayerNorm): FusedLayerNorm(torch.Size([768]), eps=1e-12, elementwise_affine=True)
            (dropout): Dropout(p=0.1)
          )
        )
        (7): BertLayer(
          (attention): BertAttention(
            (self): BertSelfAttention(
              (query): Linear(in_features=768, out_features=768, bias=True)
              (key): Linear(in_features=768, out_features=768, bias=True)
              (value): Linear(in_features=768, out_features=768, bias=True)
              (dropout): Dropout(p=0.1)
            )
            (output): BertSelfOutput(
              (dense): Linear(in_features=768, out_features=768, bias=True)
              (LayerNorm): FusedLayerNorm(torch.Size([768]), eps=1e-12, elementwise_affine=True)
              (dropout): Dropout(p=0.1)
            )
          )
          (intermediate): BertIntermediate(
            (dense): Linear(in_features=768, out_features=3072, bias=True)
          )
          (output): BertOutput(
            (dense): Linear(in_features=3072, out_features=768, bias=True)
            (LayerNorm): FusedLayerNorm(torch.Size([768]), eps=1e-12, elementwise_affine=True)
            (dropout): Dropout(p=0.1)
          )
        )
        (8): BertLayer(
          (attention): BertAttention(
            (self): BertSelfAttention(
              (query): Linear(in_features=768, out_features=768, bias=True)
              (key): Linear(in_features=768, out_features=768, bias=True)
              (value): Linear(in_features=768, out_features=768, bias=True)
              (dropout): Dropout(p=0.1)
            )
            (output): BertSelfOutput(
              (dense): Linear(in_features=768, out_features=768, bias=True)
              (LayerNorm): FusedLayerNorm(torch.Size([768]), eps=1e-12, elementwise_affine=True)
              (dropout): Dropout(p=0.1)
            )
          )
          (intermediate): BertIntermediate(
            (dense): Linear(in_features=768, out_features=3072, bias=True)
          )
          (output): BertOutput(
            (dense): Linear(in_features=3072, out_features=768, bias=True)
            (LayerNorm): FusedLayerNorm(torch.Size([768]), eps=1e-12, elementwise_affine=True)
            (dropout): Dropout(p=0.1)
          )
        )
        (9): BertLayer(
          (attention): BertAttention(
            (self): BertSelfAttention(
              (query): Linear(in_features=768, out_features=768, bias=True)
              (key): Linear(in_features=768, out_features=768, bias=True)
              (value): Linear(in_features=768, out_features=768, bias=True)
              (dropout): Dropout(p=0.1)
            )
            (output): BertSelfOutput(
              (dense): Linear(in_features=768, out_features=768, bias=True)
              (LayerNorm): FusedLayerNorm(torch.Size([768]), eps=1e-12, elementwise_affine=True)
              (dropout): Dropout(p=0.1)
            )
          )
          (intermediate): BertIntermediate(
            (dense): Linear(in_features=768, out_features=3072, bias=True)
          )
          (output): BertOutput(
            (dense): Linear(in_features=3072, out_features=768, bias=True)
            (LayerNorm): FusedLayerNorm(torch.Size([768]), eps=1e-12, elementwise_affine=True)
            (dropout): Dropout(p=0.1)
          )
        )
        (10): BertLayer(
          (attention): BertAttention(
            (self): BertSelfAttention(
              (query): Linear(in_features=768, out_features=768, bias=True)
              (key): Linear(in_features=768, out_features=768, bias=True)
              (value): Linear(in_features=768, out_features=768, bias=True)
              (dropout): Dropout(p=0.1)
            )
            (output): BertSelfOutput(
              (dense): Linear(in_features=768, out_features=768, bias=True)
              (LayerNorm): FusedLayerNorm(torch.Size([768]), eps=1e-12, elementwise_affine=True)
              (dropout): Dropout(p=0.1)
            )
          )
          (intermediate): BertIntermediate(
            (dense): Linear(in_features=768, out_features=3072, bias=True)
          )
          (output): BertOutput(
            (dense): Linear(in_features=3072, out_features=768, bias=True)
            (LayerNorm): FusedLayerNorm(torch.Size([768]), eps=1e-12, elementwise_affine=True)
            (dropout): Dropout(p=0.1)
          )
        )
        (11): BertLayer(
          (attention): BertAttention(
            (self): BertSelfAttention(
              (query): Linear(in_features=768, out_features=768, bias=True)
              (key): Linear(in_features=768, out_features=768, bias=True)
              (value): Linear(in_features=768, out_features=768, bias=True)
              (dropout): Dropout(p=0.1)
            )
            (output): BertSelfOutput(
              (dense): Linear(in_features=768, out_features=768, bias=True)
              (LayerNorm): FusedLayerNorm(torch.Size([768]), eps=1e-12, elementwise_affine=True)
              (dropout): Dropout(p=0.1)
            )
          )
          (intermediate): BertIntermediate(
            (dense): Linear(in_features=768, out_features=3072, bias=True)
          )
          (output): BertOutput(
            (dense): Linear(in_features=3072, out_features=768, bias=True)
            (LayerNorm): FusedLayerNorm(torch.Size([768]), eps=1e-12, elementwise_affine=True)
            (dropout): Dropout(p=0.1)
          )
        )
      )
    )
    (pooler): BertPooler(
      (dense): Linear(in_features=768, out_features=768, bias=True)
      (activation): Tanh()
    )
  )
  (scoring_list): ModuleList(
    (0): Linear(in_features=768, out_features=4, bias=True)
    (1): Linear(in_features=768, out_features=5, bias=True)
    (2): Linear(in_features=768, out_features=6, bias=True)
    (3): Linear(in_features=768, out_features=8, bias=True)
  )
)

02/15/2023 07:04:19 Total number of params: 110639639
02/15/2023 07:04:19 At epoch 0
02/15/2023 07:04:20 Task [ 3] updates[     1] train loss[1.94951] remaining[0:04:44]
02/15/2023 07:05:40 Task dvdppf -- epoch 0 -- Dev ACC: 48.517
02/15/2023 07:05:40 Task dvdppf -- epoch 0 -- Dev F1: 30.950
02/15/2023 07:05:41 Task dvdduration -- epoch 0 -- Dev ACC: 35.805
02/15/2023 07:05:41 Task dvdduration -- epoch 0 -- Dev F1: 16.100
02/15/2023 07:05:42 Task dvdorder -- epoch 0 -- Dev ACC: 48.305
02/15/2023 07:05:42 Task dvdorder -- epoch 0 -- Dev F1: 10.857
02/15/2023 07:05:44 Task hanashiduration -- epoch 0 -- Dev ACC: 24.217
02/15/2023 07:05:44 Task hanashiduration -- epoch 0 -- Dev F1: 7.913
02/15/2023 07:05:44 At epoch 1
02/15/2023 07:05:48 Task [ 3] updates[   500] train loss[1.57520] remaining[0:01:20]
02/15/2023 07:07:04 Task dvdppf -- epoch 1 -- Dev ACC: 46.398
02/15/2023 07:07:04 Task dvdppf -- epoch 1 -- Dev F1: 31.603
02/15/2023 07:07:05 Task dvdduration -- epoch 1 -- Dev ACC: 49.153
02/15/2023 07:07:05 Task dvdduration -- epoch 1 -- Dev F1: 29.257
02/15/2023 07:07:07 Task dvdorder -- epoch 1 -- Dev ACC: 48.305
02/15/2023 07:07:07 Task dvdorder -- epoch 1 -- Dev F1: 10.878
02/15/2023 07:07:09 Task hanashiduration -- epoch 1 -- Dev ACC: 33.333
02/15/2023 07:07:09 Task hanashiduration -- epoch 1 -- Dev F1: 11.063
02/15/2023 07:07:09 At epoch 2
02/15/2023 07:07:17 Task [ 0] updates[  1000] train loss[1.49788] remaining[0:01:20]
02/15/2023 07:08:29 Task dvdppf -- epoch 2 -- Dev ACC: 51.059
02/15/2023 07:08:29 Task dvdppf -- epoch 2 -- Dev F1: 34.140
02/15/2023 07:08:31 Task dvdduration -- epoch 2 -- Dev ACC: 45.763
02/15/2023 07:08:31 Task dvdduration -- epoch 2 -- Dev F1: 27.407
02/15/2023 07:08:32 Task dvdorder -- epoch 2 -- Dev ACC: 47.740
02/15/2023 07:08:32 Task dvdorder -- epoch 2 -- Dev F1: 10.854
02/15/2023 07:08:34 Task hanashiduration -- epoch 2 -- Dev ACC: 29.487
02/15/2023 07:08:34 Task hanashiduration -- epoch 2 -- Dev F1: 11.649
02/15/2023 07:08:34 At epoch 3
02/15/2023 07:08:45 Task [ 0] updates[  1500] train loss[1.41172] remaining[0:01:08]
02/15/2023 07:09:54 Task dvdppf -- epoch 3 -- Dev ACC: 49.788
02/15/2023 07:09:54 Task dvdppf -- epoch 3 -- Dev F1: 34.326
02/15/2023 07:09:55 Task dvdduration -- epoch 3 -- Dev ACC: 46.822
02/15/2023 07:09:55 Task dvdduration -- epoch 3 -- Dev F1: 30.264
02/15/2023 07:09:56 Task dvdorder -- epoch 3 -- Dev ACC: 44.068
02/15/2023 07:09:56 Task dvdorder -- epoch 3 -- Dev F1: 12.853
02/15/2023 07:09:59 Task hanashiduration -- epoch 3 -- Dev ACC: 30.912
02/15/2023 07:09:59 Task hanashiduration -- epoch 3 -- Dev F1: 15.182
02/15/2023 07:09:59 At epoch 4
02/15/2023 07:10:14 Task [ 1] updates[  2000] train loss[1.32560] remaining[0:01:11]
02/15/2023 07:11:18 Task dvdppf -- epoch 4 -- Dev ACC: 49.153
02/15/2023 07:11:18 Task dvdppf -- epoch 4 -- Dev F1: 34.282
02/15/2023 07:11:19 Task dvdduration -- epoch 4 -- Dev ACC: 46.822
02/15/2023 07:11:19 Task dvdduration -- epoch 4 -- Dev F1: 30.112
02/15/2023 07:11:20 Task dvdorder -- epoch 4 -- Dev ACC: 45.198
02/15/2023 07:11:20 Task dvdorder -- epoch 4 -- Dev F1: 16.252
02/15/2023 07:11:22 Task hanashiduration -- epoch 4 -- Dev ACC: 29.060
02/15/2023 07:11:22 Task hanashiduration -- epoch 4 -- Dev F1: 13.367
02/15/2023 07:11:22 At epoch 5
02/15/2023 07:11:38 Task [ 0] updates[  2500] train loss[1.24642] remaining[0:00:58]
02/15/2023 07:12:40 Task dvdppf -- epoch 5 -- Dev ACC: 47.458
02/15/2023 07:12:40 Task dvdppf -- epoch 5 -- Dev F1: 32.450
02/15/2023 07:12:42 Task dvdduration -- epoch 5 -- Dev ACC: 46.822
02/15/2023 07:12:42 Task dvdduration -- epoch 5 -- Dev F1: 30.564
02/15/2023 07:12:43 Task dvdorder -- epoch 5 -- Dev ACC: 43.785
02/15/2023 07:12:43 Task dvdorder -- epoch 5 -- Dev F1: 16.396
02/15/2023 07:12:45 Task hanashiduration -- epoch 5 -- Dev ACC: 30.057
02/15/2023 07:12:45 Task hanashiduration -- epoch 5 -- Dev F1: 15.822
02/15/2023 07:12:45 At epoch 6
02/15/2023 07:13:05 Task [ 0] updates[  3000] train loss[1.17791] remaining[0:00:56]
02/15/2023 07:14:03 Task dvdppf -- epoch 6 -- Dev ACC: 47.458
02/15/2023 07:14:03 Task dvdppf -- epoch 6 -- Dev F1: 32.967
02/15/2023 07:14:05 Task dvdduration -- epoch 6 -- Dev ACC: 45.975
02/15/2023 07:14:05 Task dvdduration -- epoch 6 -- Dev F1: 29.719
02/15/2023 07:14:06 Task dvdorder -- epoch 6 -- Dev ACC: 44.915
02/15/2023 07:14:06 Task dvdorder -- epoch 6 -- Dev F1: 18.358
02/15/2023 07:14:08 Task hanashiduration -- epoch 6 -- Dev ACC: 29.060
02/15/2023 07:14:08 Task hanashiduration -- epoch 6 -- Dev F1: 15.255
02/15/2023 07:14:08 At epoch 7
02/15/2023 07:14:31 Task [ 1] updates[  3500] train loss[1.11603] remaining[0:00:53]
02/15/2023 07:15:26 Task dvdppf -- epoch 7 -- Dev ACC: 46.610
02/15/2023 07:15:26 Task dvdppf -- epoch 7 -- Dev F1: 32.640
02/15/2023 07:15:27 Task dvdduration -- epoch 7 -- Dev ACC: 45.127
02/15/2023 07:15:27 Task dvdduration -- epoch 7 -- Dev F1: 29.982
02/15/2023 07:15:28 Task dvdorder -- epoch 7 -- Dev ACC: 43.220
02/15/2023 07:15:28 Task dvdorder -- epoch 7 -- Dev F1: 18.745
02/15/2023 07:15:30 Task hanashiduration -- epoch 7 -- Dev ACC: 29.202
02/15/2023 07:15:30 Task hanashiduration -- epoch 7 -- Dev F1: 16.362
02/15/2023 07:15:30 At epoch 8
02/15/2023 07:15:57 Task [ 3] updates[  4000] train loss[1.06018] remaining[0:00:50]
02/15/2023 07:16:49 Task dvdppf -- epoch 8 -- Dev ACC: 47.458
02/15/2023 07:16:49 Task dvdppf -- epoch 8 -- Dev F1: 32.564
02/15/2023 07:16:51 Task dvdduration -- epoch 8 -- Dev ACC: 44.492
02/15/2023 07:16:51 Task dvdduration -- epoch 8 -- Dev F1: 31.127
02/15/2023 07:16:52 Task dvdorder -- epoch 8 -- Dev ACC: 43.503
02/15/2023 07:16:52 Task dvdorder -- epoch 8 -- Dev F1: 18.378
02/15/2023 07:16:54 Task hanashiduration -- epoch 8 -- Dev ACC: 29.915
02/15/2023 07:16:54 Task hanashiduration -- epoch 8 -- Dev F1: 16.811
02/15/2023 07:16:54 At epoch 9
02/15/2023 07:17:25 Task [ 1] updates[  4500] train loss[1.01198] remaining[0:00:47]
02/15/2023 07:18:13 Task dvdppf -- epoch 9 -- Dev ACC: 47.034
02/15/2023 07:18:13 Task dvdppf -- epoch 9 -- Dev F1: 32.282
02/15/2023 07:18:14 Task dvdduration -- epoch 9 -- Dev ACC: 45.339
02/15/2023 07:18:14 Task dvdduration -- epoch 9 -- Dev F1: 31.204
02/15/2023 07:18:16 Task dvdorder -- epoch 9 -- Dev ACC: 44.915
02/15/2023 07:18:16 Task dvdorder -- epoch 9 -- Dev F1: 19.176
02/15/2023 07:18:18 Task hanashiduration -- epoch 9 -- Dev ACC: 30.057
02/15/2023 07:18:18 Task hanashiduration -- epoch 9 -- Dev F1: 16.999
