02/20/2023 08:25:32 0
02/20/2023 08:25:32 Launching the MT-DNN training
02/20/2023 08:25:32 Loading ../../../dvd_hanashi/dvd_hanashi_all/0/dvdppf_train.json as task 0
02/20/2023 08:25:32 Loading ../../../dvd_hanashi/dvd_hanashi_all/0/dvdduration_train.json as task 1
02/20/2023 08:25:32 Loading ../../../dvd_hanashi/dvd_hanashi_all/0/dvdorder_train.json as task 2
02/20/2023 08:25:32 Loading ../../../dvd_hanashi/dvd_hanashi_all/0/disc_train.json as task 3
02/20/2023 08:25:32 4,5,6,2
02/20/2023 08:25:32 ####################
02/20/2023 08:25:32 {'log_file': 'checkpoints/dvdall_disc_0_adam_answer_opt0_gc0_ggc1_2023-02-20T0825/log.log', 'tensorboard': False, 'tensorboard_logdir': 'tensorboard_logdir', 'init_checkpoint': '../../../japanese_bert_new_/jap_bert.pt', 'data_dir': '../../../dvd_hanashi/dvd_hanashi_all/0/', 'data_sort_on': False, 'name': 'farmer', 'task_def': '../../../experiments/dvd_hanashi/dvd_hanashi_task_def.yml', 'train_datasets': ['dvdppf', 'dvdduration', 'dvdorder', 'disc'], 'test_datasets': ['dvdppf', 'dvdduration', 'dvdorder', 'disc'], 'update_bert_opt': 0, 'multi_gpu_on': True, 'mem_cum_type': 'simple', 'answer_num_turn': 5, 'answer_mem_drop_p': 0.1, 'answer_att_hidden_size': 128, 'answer_att_type': 'bilinear', 'answer_rnn_type': 'gru', 'answer_sum_att_type': 'bilinear', 'answer_merge_opt': 1, 'answer_mem_type': 1, 'answer_dropout_p': 0.1, 'answer_weight_norm_on': False, 'dump_state_on': False, 'answer_opt': [0, 0, 0, 0], 'label_size': '4,5,6,2', 'mtl_opt': 0, 'ratio': 0, 'mix_opt': 0, 'max_seq_len': 512, 'init_ratio': 1, 'encoder_type': <EncoderModelType.BERT: 1>, 'cuda': True, 'log_per_updates': 500, 'save_per_updates': 10000, 'save_per_updates_on': False, 'epochs': 10, 'batch_size': 16, 'batch_size_eval': 8, 'optimizer': 'adam', 'grad_clipping': 0.0, 'global_grad_clipping': 1.0, 'weight_decay': 0, 'learning_rate': 1e-05, 'momentum': 0, 'warmup': 0.1, 'warmup_schedule': 'warmup_linear', 'adam_eps': 1e-06, 'vb_dropout': True, 'dropout_p': 0.1, 'dropout_w': 0.0, 'bert_dropout_p': 0.1, 'model_ckpt': 'checkpoints/model_0.pt', 'resume': False, 'ema_opt': 0, 'ema_gamma': 0.995, 'lookahead': False, 'lookahead_k': 5, 'lookahead_alpha': 0.5, 'have_lr_scheduler': True, 'multi_step_lr': '10,20,30', 'freeze_layers': -1, 'embedding_opt': 0, 'lr_gamma': 0.5, 'bert_l2norm': 0.0, 'scheduler_type': 'ms', 'output_dir': 'checkpoints/dvdall_disc_0_adam_answer_opt0_gc0_ggc1_2023-02-20T0825', 'seed': 2018, 'grad_accumulation_step': 1, 'fp16': False, 'fp16_opt_level': 'O1', 'mean_teacher': False, 'mean_teacher_avg': 'exponential', 'mean_teacher_lambda': 1, 'mean_teacher_rampup': 4000, 'mean_teacher_alpha1': 0.99, 'mean_teacher_alpha2': 0.999, 'mt_kd_tau': 1, 'virtual_teacher': False, 'vat_eps': 0.001, 'vat_max_layer': -1, 'vat_opt': 0, 'vat_lambda': 1, 'vat_alpha': 1, 'vat_nosiy': 1e-05, 'use_noisycopy': False, 'noisycopy_eps': 0.01, 'use_advcopy': False, 'advcopy_eps': 0.01, 'vat_stable_eps': 1e-06, 'tasks_dropout_p': [0.1, 0.1, 0.1, 0.1]}
02/20/2023 08:25:32 ####################
02/20/2023 08:25:32 ############# Gradient Accumulation Info #############
02/20/2023 08:25:32 number of step: 4860
02/20/2023 08:25:32 number of grad grad_accumulation step: 1
02/20/2023 08:25:32 adjusted number of step: 4860
02/20/2023 08:25:32 ############# Gradient Accumulation Info #############
02/20/2023 08:25:40 
############# Model Arch of MT-DNN #############
SANBertNetwork(
  (dropout_list): ModuleList(
    (0): DropoutWrapper()
    (1): DropoutWrapper()
    (2): DropoutWrapper()
    (3): DropoutWrapper()
  )
  (bert): BertModel(
    (embeddings): BertEmbeddings(
      (word_embeddings): Embedding(32006, 768)
      (position_embeddings): Embedding(512, 768)
      (token_type_embeddings): Embedding(2, 768)
      (LayerNorm): FusedLayerNorm(torch.Size([768]), eps=1e-12, elementwise_affine=True)
      (dropout): Dropout(p=0.1)
    )
    (encoder): BertEncoder(
      (layer): ModuleList(
        (0): BertLayer(
          (attention): BertAttention(
            (self): BertSelfAttention(
              (query): Linear(in_features=768, out_features=768, bias=True)
              (key): Linear(in_features=768, out_features=768, bias=True)
              (value): Linear(in_features=768, out_features=768, bias=True)
              (dropout): Dropout(p=0.1)
            )
            (output): BertSelfOutput(
              (dense): Linear(in_features=768, out_features=768, bias=True)
              (LayerNorm): FusedLayerNorm(torch.Size([768]), eps=1e-12, elementwise_affine=True)
              (dropout): Dropout(p=0.1)
            )
          )
          (intermediate): BertIntermediate(
            (dense): Linear(in_features=768, out_features=3072, bias=True)
          )
          (output): BertOutput(
            (dense): Linear(in_features=3072, out_features=768, bias=True)
            (LayerNorm): FusedLayerNorm(torch.Size([768]), eps=1e-12, elementwise_affine=True)
            (dropout): Dropout(p=0.1)
          )
        )
        (1): BertLayer(
          (attention): BertAttention(
            (self): BertSelfAttention(
              (query): Linear(in_features=768, out_features=768, bias=True)
              (key): Linear(in_features=768, out_features=768, bias=True)
              (value): Linear(in_features=768, out_features=768, bias=True)
              (dropout): Dropout(p=0.1)
            )
            (output): BertSelfOutput(
              (dense): Linear(in_features=768, out_features=768, bias=True)
              (LayerNorm): FusedLayerNorm(torch.Size([768]), eps=1e-12, elementwise_affine=True)
              (dropout): Dropout(p=0.1)
            )
          )
          (intermediate): BertIntermediate(
            (dense): Linear(in_features=768, out_features=3072, bias=True)
          )
          (output): BertOutput(
            (dense): Linear(in_features=3072, out_features=768, bias=True)
            (LayerNorm): FusedLayerNorm(torch.Size([768]), eps=1e-12, elementwise_affine=True)
            (dropout): Dropout(p=0.1)
          )
        )
        (2): BertLayer(
          (attention): BertAttention(
            (self): BertSelfAttention(
              (query): Linear(in_features=768, out_features=768, bias=True)
              (key): Linear(in_features=768, out_features=768, bias=True)
              (value): Linear(in_features=768, out_features=768, bias=True)
              (dropout): Dropout(p=0.1)
            )
            (output): BertSelfOutput(
              (dense): Linear(in_features=768, out_features=768, bias=True)
              (LayerNorm): FusedLayerNorm(torch.Size([768]), eps=1e-12, elementwise_affine=True)
              (dropout): Dropout(p=0.1)
            )
          )
          (intermediate): BertIntermediate(
            (dense): Linear(in_features=768, out_features=3072, bias=True)
          )
          (output): BertOutput(
            (dense): Linear(in_features=3072, out_features=768, bias=True)
            (LayerNorm): FusedLayerNorm(torch.Size([768]), eps=1e-12, elementwise_affine=True)
            (dropout): Dropout(p=0.1)
          )
        )
        (3): BertLayer(
          (attention): BertAttention(
            (self): BertSelfAttention(
              (query): Linear(in_features=768, out_features=768, bias=True)
              (key): Linear(in_features=768, out_features=768, bias=True)
              (value): Linear(in_features=768, out_features=768, bias=True)
              (dropout): Dropout(p=0.1)
            )
            (output): BertSelfOutput(
              (dense): Linear(in_features=768, out_features=768, bias=True)
              (LayerNorm): FusedLayerNorm(torch.Size([768]), eps=1e-12, elementwise_affine=True)
              (dropout): Dropout(p=0.1)
            )
          )
          (intermediate): BertIntermediate(
            (dense): Linear(in_features=768, out_features=3072, bias=True)
          )
          (output): BertOutput(
            (dense): Linear(in_features=3072, out_features=768, bias=True)
            (LayerNorm): FusedLayerNorm(torch.Size([768]), eps=1e-12, elementwise_affine=True)
            (dropout): Dropout(p=0.1)
          )
        )
        (4): BertLayer(
          (attention): BertAttention(
            (self): BertSelfAttention(
              (query): Linear(in_features=768, out_features=768, bias=True)
              (key): Linear(in_features=768, out_features=768, bias=True)
              (value): Linear(in_features=768, out_features=768, bias=True)
              (dropout): Dropout(p=0.1)
            )
            (output): BertSelfOutput(
              (dense): Linear(in_features=768, out_features=768, bias=True)
              (LayerNorm): FusedLayerNorm(torch.Size([768]), eps=1e-12, elementwise_affine=True)
              (dropout): Dropout(p=0.1)
            )
          )
          (intermediate): BertIntermediate(
            (dense): Linear(in_features=768, out_features=3072, bias=True)
          )
          (output): BertOutput(
            (dense): Linear(in_features=3072, out_features=768, bias=True)
            (LayerNorm): FusedLayerNorm(torch.Size([768]), eps=1e-12, elementwise_affine=True)
            (dropout): Dropout(p=0.1)
          )
        )
        (5): BertLayer(
          (attention): BertAttention(
            (self): BertSelfAttention(
              (query): Linear(in_features=768, out_features=768, bias=True)
              (key): Linear(in_features=768, out_features=768, bias=True)
              (value): Linear(in_features=768, out_features=768, bias=True)
              (dropout): Dropout(p=0.1)
            )
            (output): BertSelfOutput(
              (dense): Linear(in_features=768, out_features=768, bias=True)
              (LayerNorm): FusedLayerNorm(torch.Size([768]), eps=1e-12, elementwise_affine=True)
              (dropout): Dropout(p=0.1)
            )
          )
          (intermediate): BertIntermediate(
            (dense): Linear(in_features=768, out_features=3072, bias=True)
          )
          (output): BertOutput(
            (dense): Linear(in_features=3072, out_features=768, bias=True)
            (LayerNorm): FusedLayerNorm(torch.Size([768]), eps=1e-12, elementwise_affine=True)
            (dropout): Dropout(p=0.1)
          )
        )
        (6): BertLayer(
          (attention): BertAttention(
            (self): BertSelfAttention(
              (query): Linear(in_features=768, out_features=768, bias=True)
              (key): Linear(in_features=768, out_features=768, bias=True)
              (value): Linear(in_features=768, out_features=768, bias=True)
              (dropout): Dropout(p=0.1)
            )
            (output): BertSelfOutput(
              (dense): Linear(in_features=768, out_features=768, bias=True)
              (LayerNorm): FusedLayerNorm(torch.Size([768]), eps=1e-12, elementwise_affine=True)
              (dropout): Dropout(p=0.1)
            )
          )
          (intermediate): BertIntermediate(
            (dense): Linear(in_features=768, out_features=3072, bias=True)
          )
          (output): BertOutput(
            (dense): Linear(in_features=3072, out_features=768, bias=True)
            (LayerNorm): FusedLayerNorm(torch.Size([768]), eps=1e-12, elementwise_affine=True)
            (dropout): Dropout(p=0.1)
          )
        )
        (7): BertLayer(
          (attention): BertAttention(
            (self): BertSelfAttention(
              (query): Linear(in_features=768, out_features=768, bias=True)
              (key): Linear(in_features=768, out_features=768, bias=True)
              (value): Linear(in_features=768, out_features=768, bias=True)
              (dropout): Dropout(p=0.1)
            )
            (output): BertSelfOutput(
              (dense): Linear(in_features=768, out_features=768, bias=True)
              (LayerNorm): FusedLayerNorm(torch.Size([768]), eps=1e-12, elementwise_affine=True)
              (dropout): Dropout(p=0.1)
            )
          )
          (intermediate): BertIntermediate(
            (dense): Linear(in_features=768, out_features=3072, bias=True)
          )
          (output): BertOutput(
            (dense): Linear(in_features=3072, out_features=768, bias=True)
            (LayerNorm): FusedLayerNorm(torch.Size([768]), eps=1e-12, elementwise_affine=True)
            (dropout): Dropout(p=0.1)
          )
        )
        (8): BertLayer(
          (attention): BertAttention(
            (self): BertSelfAttention(
              (query): Linear(in_features=768, out_features=768, bias=True)
              (key): Linear(in_features=768, out_features=768, bias=True)
              (value): Linear(in_features=768, out_features=768, bias=True)
              (dropout): Dropout(p=0.1)
            )
            (output): BertSelfOutput(
              (dense): Linear(in_features=768, out_features=768, bias=True)
              (LayerNorm): FusedLayerNorm(torch.Size([768]), eps=1e-12, elementwise_affine=True)
              (dropout): Dropout(p=0.1)
            )
          )
          (intermediate): BertIntermediate(
            (dense): Linear(in_features=768, out_features=3072, bias=True)
          )
          (output): BertOutput(
            (dense): Linear(in_features=3072, out_features=768, bias=True)
            (LayerNorm): FusedLayerNorm(torch.Size([768]), eps=1e-12, elementwise_affine=True)
            (dropout): Dropout(p=0.1)
          )
        )
        (9): BertLayer(
          (attention): BertAttention(
            (self): BertSelfAttention(
              (query): Linear(in_features=768, out_features=768, bias=True)
              (key): Linear(in_features=768, out_features=768, bias=True)
              (value): Linear(in_features=768, out_features=768, bias=True)
              (dropout): Dropout(p=0.1)
            )
            (output): BertSelfOutput(
              (dense): Linear(in_features=768, out_features=768, bias=True)
              (LayerNorm): FusedLayerNorm(torch.Size([768]), eps=1e-12, elementwise_affine=True)
              (dropout): Dropout(p=0.1)
            )
          )
          (intermediate): BertIntermediate(
            (dense): Linear(in_features=768, out_features=3072, bias=True)
          )
          (output): BertOutput(
            (dense): Linear(in_features=3072, out_features=768, bias=True)
            (LayerNorm): FusedLayerNorm(torch.Size([768]), eps=1e-12, elementwise_affine=True)
            (dropout): Dropout(p=0.1)
          )
        )
        (10): BertLayer(
          (attention): BertAttention(
            (self): BertSelfAttention(
              (query): Linear(in_features=768, out_features=768, bias=True)
              (key): Linear(in_features=768, out_features=768, bias=True)
              (value): Linear(in_features=768, out_features=768, bias=True)
              (dropout): Dropout(p=0.1)
            )
            (output): BertSelfOutput(
              (dense): Linear(in_features=768, out_features=768, bias=True)
              (LayerNorm): FusedLayerNorm(torch.Size([768]), eps=1e-12, elementwise_affine=True)
              (dropout): Dropout(p=0.1)
            )
          )
          (intermediate): BertIntermediate(
            (dense): Linear(in_features=768, out_features=3072, bias=True)
          )
          (output): BertOutput(
            (dense): Linear(in_features=3072, out_features=768, bias=True)
            (LayerNorm): FusedLayerNorm(torch.Size([768]), eps=1e-12, elementwise_affine=True)
            (dropout): Dropout(p=0.1)
          )
        )
        (11): BertLayer(
          (attention): BertAttention(
            (self): BertSelfAttention(
              (query): Linear(in_features=768, out_features=768, bias=True)
              (key): Linear(in_features=768, out_features=768, bias=True)
              (value): Linear(in_features=768, out_features=768, bias=True)
              (dropout): Dropout(p=0.1)
            )
            (output): BertSelfOutput(
              (dense): Linear(in_features=768, out_features=768, bias=True)
              (LayerNorm): FusedLayerNorm(torch.Size([768]), eps=1e-12, elementwise_affine=True)
              (dropout): Dropout(p=0.1)
            )
          )
          (intermediate): BertIntermediate(
            (dense): Linear(in_features=768, out_features=3072, bias=True)
          )
          (output): BertOutput(
            (dense): Linear(in_features=3072, out_features=768, bias=True)
            (LayerNorm): FusedLayerNorm(torch.Size([768]), eps=1e-12, elementwise_affine=True)
            (dropout): Dropout(p=0.1)
          )
        )
      )
    )
    (pooler): BertPooler(
      (dense): Linear(in_features=768, out_features=768, bias=True)
      (activation): Tanh()
    )
  )
  (scoring_list): ModuleList(
    (0): Linear(in_features=768, out_features=4, bias=True)
    (1): Linear(in_features=768, out_features=5, bias=True)
    (2): Linear(in_features=768, out_features=6, bias=True)
    (3): Linear(in_features=768, out_features=2, bias=True)
  )
)

02/20/2023 08:25:40 Total number of params: 110635025
02/20/2023 08:25:40 At epoch 0
02/20/2023 08:25:41 Task [ 3] updates[     1] train loss[0.66067] remaining[0:05:12]
02/20/2023 08:27:42 Task dvdppf -- epoch 0 -- Dev ACC: 31.765
02/20/2023 08:27:42 Task dvdppf -- epoch 0 -- Dev F1: 15.039
02/20/2023 08:27:45 Task dvdduration -- epoch 0 -- Dev ACC: 46.928
02/20/2023 08:27:45 Task dvdduration -- epoch 0 -- Dev F1: 19.274
02/20/2023 08:27:47 Task dvdorder -- epoch 0 -- Dev ACC: 49.580
02/20/2023 08:27:47 Task dvdorder -- epoch 0 -- Dev F1: 11.049
02/20/2023 08:27:53 Task disc -- epoch 0 -- Dev ACC: 96.842
02/20/2023 08:27:53 Task disc -- epoch 0 -- Dev F1: 96.803
02/20/2023 08:27:53 At epoch 1
02/20/2023 08:27:56 Task [ 3] updates[   500] train loss[0.68790] remaining[0:01:52]
02/20/2023 08:29:53 Task dvdppf -- epoch 1 -- Dev ACC: 40.523
02/20/2023 08:29:53 Task dvdppf -- epoch 1 -- Dev F1: 27.922
02/20/2023 08:29:55 Task dvdduration -- epoch 1 -- Dev ACC: 42.745
02/20/2023 08:29:55 Task dvdduration -- epoch 1 -- Dev F1: 25.570
02/20/2023 08:29:57 Task dvdorder -- epoch 1 -- Dev ACC: 49.580
02/20/2023 08:29:57 Task dvdorder -- epoch 1 -- Dev F1: 11.049
02/20/2023 08:30:02 Task disc -- epoch 1 -- Dev ACC: 96.959
02/20/2023 08:30:02 Task disc -- epoch 1 -- Dev F1: 96.910
02/20/2023 08:30:02 At epoch 2
02/20/2023 08:30:09 Task [ 3] updates[  1000] train loss[0.64043] remaining[0:01:47]
02/20/2023 08:32:03 Task dvdppf -- epoch 2 -- Dev ACC: 40.784
02/20/2023 08:32:03 Task dvdppf -- epoch 2 -- Dev F1: 28.830
02/20/2023 08:32:05 Task dvdduration -- epoch 2 -- Dev ACC: 46.667
02/20/2023 08:32:05 Task dvdduration -- epoch 2 -- Dev F1: 26.619
02/20/2023 08:32:07 Task dvdorder -- epoch 2 -- Dev ACC: 49.076
02/20/2023 08:32:07 Task dvdorder -- epoch 2 -- Dev F1: 11.341
02/20/2023 08:32:12 Task disc -- epoch 2 -- Dev ACC: 97.427
02/20/2023 08:32:12 Task disc -- epoch 2 -- Dev F1: 97.390
02/20/2023 08:32:13 At epoch 3
02/20/2023 08:32:23 Task [ 1] updates[  1500] train loss[0.60247] remaining[0:01:46]
02/20/2023 08:34:13 Task dvdppf -- epoch 3 -- Dev ACC: 42.092
02/20/2023 08:34:13 Task dvdppf -- epoch 3 -- Dev F1: 30.897
02/20/2023 08:34:15 Task dvdduration -- epoch 3 -- Dev ACC: 44.706
02/20/2023 08:34:15 Task dvdduration -- epoch 3 -- Dev F1: 25.543
02/20/2023 08:34:17 Task dvdorder -- epoch 3 -- Dev ACC: 45.714
02/20/2023 08:34:17 Task dvdorder -- epoch 3 -- Dev F1: 13.482
02/20/2023 08:34:23 Task disc -- epoch 3 -- Dev ACC: 97.310
02/20/2023 08:34:23 Task disc -- epoch 3 -- Dev F1: 97.273
02/20/2023 08:34:23 At epoch 4
02/20/2023 08:34:36 Task [ 3] updates[  2000] train loss[0.57106] remaining[0:01:44]
02/20/2023 08:36:24 Task dvdppf -- epoch 4 -- Dev ACC: 42.876
02/20/2023 08:36:24 Task dvdppf -- epoch 4 -- Dev F1: 31.748
02/20/2023 08:36:26 Task dvdduration -- epoch 4 -- Dev ACC: 43.791
02/20/2023 08:36:26 Task dvdduration -- epoch 4 -- Dev F1: 27.657
02/20/2023 08:36:28 Task dvdorder -- epoch 4 -- Dev ACC: 43.529
02/20/2023 08:36:28 Task dvdorder -- epoch 4 -- Dev F1: 15.605
02/20/2023 08:36:34 Task disc -- epoch 4 -- Dev ACC: 96.842
02/20/2023 08:36:34 Task disc -- epoch 4 -- Dev F1: 96.793
02/20/2023 08:36:34 At epoch 5
02/20/2023 08:36:51 Task [ 0] updates[  2500] train loss[0.54456] remaining[0:01:42]
02/20/2023 08:38:35 Task dvdppf -- epoch 5 -- Dev ACC: 42.092
02/20/2023 08:38:35 Task dvdppf -- epoch 5 -- Dev F1: 31.987
02/20/2023 08:38:37 Task dvdduration -- epoch 5 -- Dev ACC: 44.575
02/20/2023 08:38:37 Task dvdduration -- epoch 5 -- Dev F1: 27.682
02/20/2023 08:38:39 Task dvdorder -- epoch 5 -- Dev ACC: 38.655
02/20/2023 08:38:39 Task dvdorder -- epoch 5 -- Dev F1: 16.952
02/20/2023 08:38:45 Task disc -- epoch 5 -- Dev ACC: 96.784
02/20/2023 08:38:45 Task disc -- epoch 5 -- Dev F1: 96.731
02/20/2023 08:38:45 At epoch 6
02/20/2023 08:39:07 Task [ 3] updates[  3000] train loss[0.51787] remaining[0:01:44]
02/20/2023 08:40:47 Task dvdppf -- epoch 6 -- Dev ACC: 43.007
02/20/2023 08:40:48 Task dvdppf -- epoch 6 -- Dev F1: 33.412
02/20/2023 08:40:50 Task dvdduration -- epoch 6 -- Dev ACC: 43.137
02/20/2023 08:40:50 Task dvdduration -- epoch 6 -- Dev F1: 26.989
02/20/2023 08:40:52 Task dvdorder -- epoch 6 -- Dev ACC: 39.160
02/20/2023 08:40:52 Task dvdorder -- epoch 6 -- Dev F1: 17.944
02/20/2023 08:40:58 Task disc -- epoch 6 -- Dev ACC: 97.251
02/20/2023 08:40:58 Task disc -- epoch 6 -- Dev F1: 97.212
02/20/2023 08:40:58 At epoch 7
02/20/2023 08:41:21 Task [ 3] updates[  3500] train loss[0.49625] remaining[0:01:32]
02/20/2023 08:43:00 Task dvdppf -- epoch 7 -- Dev ACC: 44.183
02/20/2023 08:43:00 Task dvdppf -- epoch 7 -- Dev F1: 34.801
02/20/2023 08:43:02 Task dvdduration -- epoch 7 -- Dev ACC: 43.922
02/20/2023 08:43:02 Task dvdduration -- epoch 7 -- Dev F1: 28.318
02/20/2023 08:43:04 Task dvdorder -- epoch 7 -- Dev ACC: 39.160
02/20/2023 08:43:04 Task dvdorder -- epoch 7 -- Dev F1: 18.201
02/20/2023 08:43:10 Task disc -- epoch 7 -- Dev ACC: 97.018
02/20/2023 08:43:10 Task disc -- epoch 7 -- Dev F1: 96.971
02/20/2023 08:43:10 At epoch 8
02/20/2023 08:43:37 Task [ 3] updates[  4000] train loss[0.47199] remaining[0:01:31]
02/20/2023 08:45:12 Task dvdppf -- epoch 8 -- Dev ACC: 42.614
02/20/2023 08:45:12 Task dvdppf -- epoch 8 -- Dev F1: 32.732
02/20/2023 08:45:14 Task dvdduration -- epoch 8 -- Dev ACC: 43.268
02/20/2023 08:45:14 Task dvdduration -- epoch 8 -- Dev F1: 28.490
02/20/2023 08:45:16 Task dvdorder -- epoch 8 -- Dev ACC: 38.487
02/20/2023 08:45:16 Task dvdorder -- epoch 8 -- Dev F1: 17.993
02/20/2023 08:45:23 Task disc -- epoch 8 -- Dev ACC: 97.135
02/20/2023 08:45:23 Task disc -- epoch 8 -- Dev F1: 97.091
02/20/2023 08:45:24 At epoch 9
02/20/2023 08:45:55 Task [ 0] updates[  4500] train loss[0.45300] remaining[0:01:29]
02/20/2023 08:47:25 Task dvdppf -- epoch 9 -- Dev ACC: 43.137
02/20/2023 08:47:25 Task dvdppf -- epoch 9 -- Dev F1: 33.463
02/20/2023 08:47:27 Task dvdduration -- epoch 9 -- Dev ACC: 44.183
02/20/2023 08:47:27 Task dvdduration -- epoch 9 -- Dev F1: 29.110
02/20/2023 08:47:28 Task dvdorder -- epoch 9 -- Dev ACC: 37.311
02/20/2023 08:47:28 Task dvdorder -- epoch 9 -- Dev F1: 18.217
02/20/2023 08:47:34 Task disc -- epoch 9 -- Dev ACC: 97.018
02/20/2023 08:47:34 Task disc -- epoch 9 -- Dev F1: 96.971
