02/14/2023 07:04:40 0
02/14/2023 07:04:40 Launching the MT-DNN training
02/14/2023 07:04:40 Loading ../../../dvd_hanashi/dvd_hanashi_all/1/dvdppf_train.json as task 0
02/14/2023 07:04:40 Loading ../../../dvd_hanashi/dvd_hanashi_all/1/dvdduration_train.json as task 1
02/14/2023 07:04:40 Loading ../../../dvd_hanashi/dvd_hanashi_all/1/dvdorder_train.json as task 2
02/14/2023 07:04:40 4,5,6
02/14/2023 07:04:40 ####################
02/14/2023 07:04:40 {'log_file': 'checkpoints/dvd_all_1_adam_answer_opt0_gc0_ggc1_2023-02-14T0704/log.log', 'tensorboard': False, 'tensorboard_logdir': 'tensorboard_logdir', 'init_checkpoint': '../../../japanese_bert_new_/jap_bert.pt', 'data_dir': '../../../dvd_hanashi/dvd_hanashi_all/1/', 'data_sort_on': False, 'name': 'farmer', 'task_def': '../../../experiments/dvd_hanashi/dvd_hanashi_task_def.yml', 'train_datasets': ['dvdppf', 'dvdduration', 'dvdorder'], 'test_datasets': ['dvdppf', 'dvdduration', 'dvdorder'], 'update_bert_opt': 0, 'multi_gpu_on': True, 'mem_cum_type': 'simple', 'answer_num_turn': 5, 'answer_mem_drop_p': 0.1, 'answer_att_hidden_size': 128, 'answer_att_type': 'bilinear', 'answer_rnn_type': 'gru', 'answer_sum_att_type': 'bilinear', 'answer_merge_opt': 1, 'answer_mem_type': 1, 'answer_dropout_p': 0.1, 'answer_weight_norm_on': False, 'dump_state_on': False, 'answer_opt': [0, 0, 0], 'label_size': '4,5,6', 'mtl_opt': 0, 'ratio': 0, 'mix_opt': 0, 'max_seq_len': 512, 'init_ratio': 1, 'encoder_type': <EncoderModelType.BERT: 1>, 'cuda': True, 'log_per_updates': 500, 'save_per_updates': 10000, 'save_per_updates_on': False, 'epochs': 10, 'batch_size': 16, 'batch_size_eval': 8, 'optimizer': 'adam', 'grad_clipping': 0.0, 'global_grad_clipping': 1.0, 'weight_decay': 0, 'learning_rate': 1e-05, 'momentum': 0, 'warmup': 0.1, 'warmup_schedule': 'warmup_linear', 'adam_eps': 1e-06, 'vb_dropout': True, 'dropout_p': 0.1, 'dropout_w': 0.0, 'bert_dropout_p': 0.1, 'model_ckpt': 'checkpoints/model_0.pt', 'resume': False, 'ema_opt': 0, 'ema_gamma': 0.995, 'lookahead': False, 'lookahead_k': 5, 'lookahead_alpha': 0.5, 'have_lr_scheduler': True, 'multi_step_lr': '10,20,30', 'freeze_layers': -1, 'embedding_opt': 0, 'lr_gamma': 0.5, 'bert_l2norm': 0.0, 'scheduler_type': 'ms', 'output_dir': 'checkpoints/dvd_all_1_adam_answer_opt0_gc0_ggc1_2023-02-14T0704', 'seed': 2018, 'grad_accumulation_step': 1, 'fp16': False, 'fp16_opt_level': 'O1', 'mean_teacher': False, 'mean_teacher_avg': 'exponential', 'mean_teacher_lambda': 1, 'mean_teacher_rampup': 4000, 'mean_teacher_alpha1': 0.99, 'mean_teacher_alpha2': 0.999, 'mt_kd_tau': 1, 'virtual_teacher': False, 'vat_eps': 0.001, 'vat_max_layer': -1, 'vat_opt': 0, 'vat_lambda': 1, 'vat_alpha': 1, 'vat_nosiy': 1e-05, 'use_noisycopy': False, 'noisycopy_eps': 0.01, 'use_advcopy': False, 'advcopy_eps': 0.01, 'vat_stable_eps': 1e-06, 'tasks_dropout_p': [0.1, 0.1, 0.1]}
02/14/2023 07:04:40 ####################
02/14/2023 07:04:40 ############# Gradient Accumulation Info #############
02/14/2023 07:04:40 number of step: 2960
02/14/2023 07:04:40 number of grad grad_accumulation step: 1
02/14/2023 07:04:40 adjusted number of step: 2960
02/14/2023 07:04:40 ############# Gradient Accumulation Info #############
02/14/2023 07:04:47 
############# Model Arch of MT-DNN #############
SANBertNetwork(
  (dropout_list): ModuleList(
    (0): DropoutWrapper()
    (1): DropoutWrapper()
    (2): DropoutWrapper()
  )
  (bert): BertModel(
    (embeddings): BertEmbeddings(
      (word_embeddings): Embedding(32006, 768)
      (position_embeddings): Embedding(512, 768)
      (token_type_embeddings): Embedding(2, 768)
      (LayerNorm): FusedLayerNorm(torch.Size([768]), eps=1e-12, elementwise_affine=True)
      (dropout): Dropout(p=0.1)
    )
    (encoder): BertEncoder(
      (layer): ModuleList(
        (0): BertLayer(
          (attention): BertAttention(
            (self): BertSelfAttention(
              (query): Linear(in_features=768, out_features=768, bias=True)
              (key): Linear(in_features=768, out_features=768, bias=True)
              (value): Linear(in_features=768, out_features=768, bias=True)
              (dropout): Dropout(p=0.1)
            )
            (output): BertSelfOutput(
              (dense): Linear(in_features=768, out_features=768, bias=True)
              (LayerNorm): FusedLayerNorm(torch.Size([768]), eps=1e-12, elementwise_affine=True)
              (dropout): Dropout(p=0.1)
            )
          )
          (intermediate): BertIntermediate(
            (dense): Linear(in_features=768, out_features=3072, bias=True)
          )
          (output): BertOutput(
            (dense): Linear(in_features=3072, out_features=768, bias=True)
            (LayerNorm): FusedLayerNorm(torch.Size([768]), eps=1e-12, elementwise_affine=True)
            (dropout): Dropout(p=0.1)
          )
        )
        (1): BertLayer(
          (attention): BertAttention(
            (self): BertSelfAttention(
              (query): Linear(in_features=768, out_features=768, bias=True)
              (key): Linear(in_features=768, out_features=768, bias=True)
              (value): Linear(in_features=768, out_features=768, bias=True)
              (dropout): Dropout(p=0.1)
            )
            (output): BertSelfOutput(
              (dense): Linear(in_features=768, out_features=768, bias=True)
              (LayerNorm): FusedLayerNorm(torch.Size([768]), eps=1e-12, elementwise_affine=True)
              (dropout): Dropout(p=0.1)
            )
          )
          (intermediate): BertIntermediate(
            (dense): Linear(in_features=768, out_features=3072, bias=True)
          )
          (output): BertOutput(
            (dense): Linear(in_features=3072, out_features=768, bias=True)
            (LayerNorm): FusedLayerNorm(torch.Size([768]), eps=1e-12, elementwise_affine=True)
            (dropout): Dropout(p=0.1)
          )
        )
        (2): BertLayer(
          (attention): BertAttention(
            (self): BertSelfAttention(
              (query): Linear(in_features=768, out_features=768, bias=True)
              (key): Linear(in_features=768, out_features=768, bias=True)
              (value): Linear(in_features=768, out_features=768, bias=True)
              (dropout): Dropout(p=0.1)
            )
            (output): BertSelfOutput(
              (dense): Linear(in_features=768, out_features=768, bias=True)
              (LayerNorm): FusedLayerNorm(torch.Size([768]), eps=1e-12, elementwise_affine=True)
              (dropout): Dropout(p=0.1)
            )
          )
          (intermediate): BertIntermediate(
            (dense): Linear(in_features=768, out_features=3072, bias=True)
          )
          (output): BertOutput(
            (dense): Linear(in_features=3072, out_features=768, bias=True)
            (LayerNorm): FusedLayerNorm(torch.Size([768]), eps=1e-12, elementwise_affine=True)
            (dropout): Dropout(p=0.1)
          )
        )
        (3): BertLayer(
          (attention): BertAttention(
            (self): BertSelfAttention(
              (query): Linear(in_features=768, out_features=768, bias=True)
              (key): Linear(in_features=768, out_features=768, bias=True)
              (value): Linear(in_features=768, out_features=768, bias=True)
              (dropout): Dropout(p=0.1)
            )
            (output): BertSelfOutput(
              (dense): Linear(in_features=768, out_features=768, bias=True)
              (LayerNorm): FusedLayerNorm(torch.Size([768]), eps=1e-12, elementwise_affine=True)
              (dropout): Dropout(p=0.1)
            )
          )
          (intermediate): BertIntermediate(
            (dense): Linear(in_features=768, out_features=3072, bias=True)
          )
          (output): BertOutput(
            (dense): Linear(in_features=3072, out_features=768, bias=True)
            (LayerNorm): FusedLayerNorm(torch.Size([768]), eps=1e-12, elementwise_affine=True)
            (dropout): Dropout(p=0.1)
          )
        )
        (4): BertLayer(
          (attention): BertAttention(
            (self): BertSelfAttention(
              (query): Linear(in_features=768, out_features=768, bias=True)
              (key): Linear(in_features=768, out_features=768, bias=True)
              (value): Linear(in_features=768, out_features=768, bias=True)
              (dropout): Dropout(p=0.1)
            )
            (output): BertSelfOutput(
              (dense): Linear(in_features=768, out_features=768, bias=True)
              (LayerNorm): FusedLayerNorm(torch.Size([768]), eps=1e-12, elementwise_affine=True)
              (dropout): Dropout(p=0.1)
            )
          )
          (intermediate): BertIntermediate(
            (dense): Linear(in_features=768, out_features=3072, bias=True)
          )
          (output): BertOutput(
            (dense): Linear(in_features=3072, out_features=768, bias=True)
            (LayerNorm): FusedLayerNorm(torch.Size([768]), eps=1e-12, elementwise_affine=True)
            (dropout): Dropout(p=0.1)
          )
        )
        (5): BertLayer(
          (attention): BertAttention(
            (self): BertSelfAttention(
              (query): Linear(in_features=768, out_features=768, bias=True)
              (key): Linear(in_features=768, out_features=768, bias=True)
              (value): Linear(in_features=768, out_features=768, bias=True)
              (dropout): Dropout(p=0.1)
            )
            (output): BertSelfOutput(
              (dense): Linear(in_features=768, out_features=768, bias=True)
              (LayerNorm): FusedLayerNorm(torch.Size([768]), eps=1e-12, elementwise_affine=True)
              (dropout): Dropout(p=0.1)
            )
          )
          (intermediate): BertIntermediate(
            (dense): Linear(in_features=768, out_features=3072, bias=True)
          )
          (output): BertOutput(
            (dense): Linear(in_features=3072, out_features=768, bias=True)
            (LayerNorm): FusedLayerNorm(torch.Size([768]), eps=1e-12, elementwise_affine=True)
            (dropout): Dropout(p=0.1)
          )
        )
        (6): BertLayer(
          (attention): BertAttention(
            (self): BertSelfAttention(
              (query): Linear(in_features=768, out_features=768, bias=True)
              (key): Linear(in_features=768, out_features=768, bias=True)
              (value): Linear(in_features=768, out_features=768, bias=True)
              (dropout): Dropout(p=0.1)
            )
            (output): BertSelfOutput(
              (dense): Linear(in_features=768, out_features=768, bias=True)
              (LayerNorm): FusedLayerNorm(torch.Size([768]), eps=1e-12, elementwise_affine=True)
              (dropout): Dropout(p=0.1)
            )
          )
          (intermediate): BertIntermediate(
            (dense): Linear(in_features=768, out_features=3072, bias=True)
          )
          (output): BertOutput(
            (dense): Linear(in_features=3072, out_features=768, bias=True)
            (LayerNorm): FusedLayerNorm(torch.Size([768]), eps=1e-12, elementwise_affine=True)
            (dropout): Dropout(p=0.1)
          )
        )
        (7): BertLayer(
          (attention): BertAttention(
            (self): BertSelfAttention(
              (query): Linear(in_features=768, out_features=768, bias=True)
              (key): Linear(in_features=768, out_features=768, bias=True)
              (value): Linear(in_features=768, out_features=768, bias=True)
              (dropout): Dropout(p=0.1)
            )
            (output): BertSelfOutput(
              (dense): Linear(in_features=768, out_features=768, bias=True)
              (LayerNorm): FusedLayerNorm(torch.Size([768]), eps=1e-12, elementwise_affine=True)
              (dropout): Dropout(p=0.1)
            )
          )
          (intermediate): BertIntermediate(
            (dense): Linear(in_features=768, out_features=3072, bias=True)
          )
          (output): BertOutput(
            (dense): Linear(in_features=3072, out_features=768, bias=True)
            (LayerNorm): FusedLayerNorm(torch.Size([768]), eps=1e-12, elementwise_affine=True)
            (dropout): Dropout(p=0.1)
          )
        )
        (8): BertLayer(
          (attention): BertAttention(
            (self): BertSelfAttention(
              (query): Linear(in_features=768, out_features=768, bias=True)
              (key): Linear(in_features=768, out_features=768, bias=True)
              (value): Linear(in_features=768, out_features=768, bias=True)
              (dropout): Dropout(p=0.1)
            )
            (output): BertSelfOutput(
              (dense): Linear(in_features=768, out_features=768, bias=True)
              (LayerNorm): FusedLayerNorm(torch.Size([768]), eps=1e-12, elementwise_affine=True)
              (dropout): Dropout(p=0.1)
            )
          )
          (intermediate): BertIntermediate(
            (dense): Linear(in_features=768, out_features=3072, bias=True)
          )
          (output): BertOutput(
            (dense): Linear(in_features=3072, out_features=768, bias=True)
            (LayerNorm): FusedLayerNorm(torch.Size([768]), eps=1e-12, elementwise_affine=True)
            (dropout): Dropout(p=0.1)
          )
        )
        (9): BertLayer(
          (attention): BertAttention(
            (self): BertSelfAttention(
              (query): Linear(in_features=768, out_features=768, bias=True)
              (key): Linear(in_features=768, out_features=768, bias=True)
              (value): Linear(in_features=768, out_features=768, bias=True)
              (dropout): Dropout(p=0.1)
            )
            (output): BertSelfOutput(
              (dense): Linear(in_features=768, out_features=768, bias=True)
              (LayerNorm): FusedLayerNorm(torch.Size([768]), eps=1e-12, elementwise_affine=True)
              (dropout): Dropout(p=0.1)
            )
          )
          (intermediate): BertIntermediate(
            (dense): Linear(in_features=768, out_features=3072, bias=True)
          )
          (output): BertOutput(
            (dense): Linear(in_features=3072, out_features=768, bias=True)
            (LayerNorm): FusedLayerNorm(torch.Size([768]), eps=1e-12, elementwise_affine=True)
            (dropout): Dropout(p=0.1)
          )
        )
        (10): BertLayer(
          (attention): BertAttention(
            (self): BertSelfAttention(
              (query): Linear(in_features=768, out_features=768, bias=True)
              (key): Linear(in_features=768, out_features=768, bias=True)
              (value): Linear(in_features=768, out_features=768, bias=True)
              (dropout): Dropout(p=0.1)
            )
            (output): BertSelfOutput(
              (dense): Linear(in_features=768, out_features=768, bias=True)
              (LayerNorm): FusedLayerNorm(torch.Size([768]), eps=1e-12, elementwise_affine=True)
              (dropout): Dropout(p=0.1)
            )
          )
          (intermediate): BertIntermediate(
            (dense): Linear(in_features=768, out_features=3072, bias=True)
          )
          (output): BertOutput(
            (dense): Linear(in_features=3072, out_features=768, bias=True)
            (LayerNorm): FusedLayerNorm(torch.Size([768]), eps=1e-12, elementwise_affine=True)
            (dropout): Dropout(p=0.1)
          )
        )
        (11): BertLayer(
          (attention): BertAttention(
            (self): BertSelfAttention(
              (query): Linear(in_features=768, out_features=768, bias=True)
              (key): Linear(in_features=768, out_features=768, bias=True)
              (value): Linear(in_features=768, out_features=768, bias=True)
              (dropout): Dropout(p=0.1)
            )
            (output): BertSelfOutput(
              (dense): Linear(in_features=768, out_features=768, bias=True)
              (LayerNorm): FusedLayerNorm(torch.Size([768]), eps=1e-12, elementwise_affine=True)
              (dropout): Dropout(p=0.1)
            )
          )
          (intermediate): BertIntermediate(
            (dense): Linear(in_features=768, out_features=3072, bias=True)
          )
          (output): BertOutput(
            (dense): Linear(in_features=3072, out_features=768, bias=True)
            (LayerNorm): FusedLayerNorm(torch.Size([768]), eps=1e-12, elementwise_affine=True)
            (dropout): Dropout(p=0.1)
          )
        )
      )
    )
    (pooler): BertPooler(
      (dense): Linear(in_features=768, out_features=768, bias=True)
      (activation): Tanh()
    )
  )
  (scoring_list): ModuleList(
    (0): Linear(in_features=768, out_features=4, bias=True)
    (1): Linear(in_features=768, out_features=5, bias=True)
    (2): Linear(in_features=768, out_features=6, bias=True)
  )
)

02/14/2023 07:04:47 Total number of params: 110633487
02/14/2023 07:04:47 At epoch 0
02/14/2023 07:04:47 Task [ 1] updates[     1] train loss[1.64105] remaining[0:02:24]
02/14/2023 07:05:26 Task dvdppf -- epoch 0 -- Dev ACC: 37.759
02/14/2023 07:05:26 Task dvdppf -- epoch 0 -- Dev F1: 23.626
02/14/2023 07:05:27 Task dvdduration -- epoch 0 -- Dev ACC: 46.888
02/14/2023 07:05:27 Task dvdduration -- epoch 0 -- Dev F1: 16.850
02/14/2023 07:05:27 Task dvdorder -- epoch 0 -- Dev ACC: 41.117
02/14/2023 07:05:27 Task dvdorder -- epoch 0 -- Dev F1: 9.712
02/14/2023 07:05:27 At epoch 1
02/14/2023 07:05:54 Task [ 1] updates[   500] train loss[1.34231] remaining[0:00:11]
02/14/2023 07:06:06 Task dvdppf -- epoch 1 -- Dev ACC: 53.112
02/14/2023 07:06:06 Task dvdppf -- epoch 1 -- Dev F1: 36.721
02/14/2023 07:06:07 Task dvdduration -- epoch 1 -- Dev ACC: 45.228
02/14/2023 07:06:07 Task dvdduration -- epoch 1 -- Dev F1: 22.830
02/14/2023 07:06:08 Task dvdorder -- epoch 1 -- Dev ACC: 40.609
02/14/2023 07:06:08 Task dvdorder -- epoch 1 -- Dev F1: 11.856
02/14/2023 07:06:08 At epoch 2
02/14/2023 07:06:47 Task dvdppf -- epoch 2 -- Dev ACC: 46.058
02/14/2023 07:06:47 Task dvdppf -- epoch 2 -- Dev F1: 33.371
02/14/2023 07:06:47 Task dvdduration -- epoch 2 -- Dev ACC: 44.813
02/14/2023 07:06:47 Task dvdduration -- epoch 2 -- Dev F1: 25.169
02/14/2023 07:06:48 Task dvdorder -- epoch 2 -- Dev ACC: 38.071
02/14/2023 07:06:48 Task dvdorder -- epoch 2 -- Dev F1: 17.756
02/14/2023 07:06:48 At epoch 3
02/14/2023 07:07:02 Task [ 0] updates[  1000] train loss[1.24465] remaining[0:00:23]
02/14/2023 07:07:27 Task dvdppf -- epoch 3 -- Dev ACC: 47.303
02/14/2023 07:07:27 Task dvdppf -- epoch 3 -- Dev F1: 35.021
02/14/2023 07:07:28 Task dvdduration -- epoch 3 -- Dev ACC: 40.664
02/14/2023 07:07:28 Task dvdduration -- epoch 3 -- Dev F1: 26.782
02/14/2023 07:07:28 Task dvdorder -- epoch 3 -- Dev ACC: 36.041
02/14/2023 07:07:28 Task dvdorder -- epoch 3 -- Dev F1: 19.289
02/14/2023 07:07:28 At epoch 4
02/14/2023 07:08:07 Task dvdppf -- epoch 4 -- Dev ACC: 51.452
02/14/2023 07:08:07 Task dvdppf -- epoch 4 -- Dev F1: 37.050
02/14/2023 07:08:08 Task dvdduration -- epoch 4 -- Dev ACC: 40.664
02/14/2023 07:08:08 Task dvdduration -- epoch 4 -- Dev F1: 27.146
02/14/2023 07:08:08 Task dvdorder -- epoch 4 -- Dev ACC: 35.533
02/14/2023 07:08:08 Task dvdorder -- epoch 4 -- Dev F1: 16.303
02/14/2023 07:08:08 At epoch 5
02/14/2023 07:08:11 Task [ 0] updates[  1500] train loss[1.15139] remaining[0:00:35]
02/14/2023 07:08:47 Task dvdppf -- epoch 5 -- Dev ACC: 45.228
02/14/2023 07:08:47 Task dvdppf -- epoch 5 -- Dev F1: 33.819
02/14/2023 07:08:48 Task dvdduration -- epoch 5 -- Dev ACC: 43.983
02/14/2023 07:08:48 Task dvdduration -- epoch 5 -- Dev F1: 29.375
02/14/2023 07:08:49 Task dvdorder -- epoch 5 -- Dev ACC: 37.056
02/14/2023 07:08:49 Task dvdorder -- epoch 5 -- Dev F1: 18.410
02/14/2023 07:08:49 At epoch 6
02/14/2023 07:09:18 Task [ 2] updates[  2000] train loss[1.06104] remaining[0:00:09]
02/14/2023 07:09:27 Task dvdppf -- epoch 6 -- Dev ACC: 48.548
02/14/2023 07:09:27 Task dvdppf -- epoch 6 -- Dev F1: 35.584
02/14/2023 07:09:28 Task dvdduration -- epoch 6 -- Dev ACC: 39.004
02/14/2023 07:09:28 Task dvdduration -- epoch 6 -- Dev F1: 28.206
02/14/2023 07:09:29 Task dvdorder -- epoch 6 -- Dev ACC: 36.041
02/14/2023 07:09:29 Task dvdorder -- epoch 6 -- Dev F1: 17.803
02/14/2023 07:09:29 At epoch 7
02/14/2023 07:10:07 Task dvdppf -- epoch 7 -- Dev ACC: 46.888
02/14/2023 07:10:07 Task dvdppf -- epoch 7 -- Dev F1: 34.410
02/14/2023 07:10:08 Task dvdduration -- epoch 7 -- Dev ACC: 36.100
02/14/2023 07:10:08 Task dvdduration -- epoch 7 -- Dev F1: 25.876
02/14/2023 07:10:09 Task dvdorder -- epoch 7 -- Dev ACC: 36.041
02/14/2023 07:10:09 Task dvdorder -- epoch 7 -- Dev F1: 17.905
02/14/2023 07:10:09 At epoch 8
02/14/2023 07:10:26 Task [ 2] updates[  2500] train loss[0.98612] remaining[0:00:21]
02/14/2023 07:10:47 Task dvdppf -- epoch 8 -- Dev ACC: 47.718
02/14/2023 07:10:47 Task dvdppf -- epoch 8 -- Dev F1: 34.953
02/14/2023 07:10:48 Task dvdduration -- epoch 8 -- Dev ACC: 36.929
02/14/2023 07:10:48 Task dvdduration -- epoch 8 -- Dev F1: 26.930
02/14/2023 07:10:49 Task dvdorder -- epoch 8 -- Dev ACC: 37.056
02/14/2023 07:10:49 Task dvdorder -- epoch 8 -- Dev F1: 20.601
02/14/2023 07:10:49 At epoch 9
02/14/2023 07:11:27 Task dvdppf -- epoch 9 -- Dev ACC: 46.888
02/14/2023 07:11:27 Task dvdppf -- epoch 9 -- Dev F1: 34.704
02/14/2023 07:11:28 Task dvdduration -- epoch 9 -- Dev ACC: 36.100
02/14/2023 07:11:28 Task dvdduration -- epoch 9 -- Dev F1: 26.095
02/14/2023 07:11:29 Task dvdorder -- epoch 9 -- Dev ACC: 37.563
02/14/2023 07:11:29 Task dvdorder -- epoch 9 -- Dev F1: 21.997
