02/20/2023 10:03:20 0
02/20/2023 10:03:20 Launching the MT-DNN training
02/20/2023 10:03:20 Loading ../../../dvd_hanashi/dvd_hanashi_all/4/dvdppf_train.json as task 0
02/20/2023 10:03:20 Loading ../../../dvd_hanashi/dvd_hanashi_all/4/dvdduration_train.json as task 1
02/20/2023 10:03:20 Loading ../../../dvd_hanashi/dvd_hanashi_all/4/dvdorder_train.json as task 2
02/20/2023 10:03:20 Loading ../../../dvd_hanashi/dvd_hanashi_all/4/disc_train.json as task 3
02/20/2023 10:03:20 4,5,6,2
02/20/2023 10:03:20 ####################
02/20/2023 10:03:20 {'log_file': 'checkpoints/dvdall_disc_4_adam_answer_opt0_gc0_ggc1_2023-02-20T1003/log.log', 'tensorboard': False, 'tensorboard_logdir': 'tensorboard_logdir', 'init_checkpoint': '../../../japanese_bert_new_/jap_bert.pt', 'data_dir': '../../../dvd_hanashi/dvd_hanashi_all/4/', 'data_sort_on': False, 'name': 'farmer', 'task_def': '../../../experiments/dvd_hanashi/dvd_hanashi_task_def.yml', 'train_datasets': ['dvdppf', 'dvdduration', 'dvdorder', 'disc'], 'test_datasets': ['dvdppf', 'dvdduration', 'dvdorder', 'disc'], 'update_bert_opt': 0, 'multi_gpu_on': True, 'mem_cum_type': 'simple', 'answer_num_turn': 5, 'answer_mem_drop_p': 0.1, 'answer_att_hidden_size': 128, 'answer_att_type': 'bilinear', 'answer_rnn_type': 'gru', 'answer_sum_att_type': 'bilinear', 'answer_merge_opt': 1, 'answer_mem_type': 1, 'answer_dropout_p': 0.1, 'answer_weight_norm_on': False, 'dump_state_on': False, 'answer_opt': [0, 0, 0, 0], 'label_size': '4,5,6,2', 'mtl_opt': 0, 'ratio': 0, 'mix_opt': 0, 'max_seq_len': 512, 'init_ratio': 1, 'encoder_type': <EncoderModelType.BERT: 1>, 'cuda': True, 'log_per_updates': 500, 'save_per_updates': 10000, 'save_per_updates_on': False, 'epochs': 10, 'batch_size': 16, 'batch_size_eval': 8, 'optimizer': 'adam', 'grad_clipping': 0.0, 'global_grad_clipping': 1.0, 'weight_decay': 0, 'learning_rate': 1e-05, 'momentum': 0, 'warmup': 0.1, 'warmup_schedule': 'warmup_linear', 'adam_eps': 1e-06, 'vb_dropout': True, 'dropout_p': 0.1, 'dropout_w': 0.0, 'bert_dropout_p': 0.1, 'model_ckpt': 'checkpoints/model_0.pt', 'resume': False, 'ema_opt': 0, 'ema_gamma': 0.995, 'lookahead': False, 'lookahead_k': 5, 'lookahead_alpha': 0.5, 'have_lr_scheduler': True, 'multi_step_lr': '10,20,30', 'freeze_layers': -1, 'embedding_opt': 0, 'lr_gamma': 0.5, 'bert_l2norm': 0.0, 'scheduler_type': 'ms', 'output_dir': 'checkpoints/dvdall_disc_4_adam_answer_opt0_gc0_ggc1_2023-02-20T1003', 'seed': 2018, 'grad_accumulation_step': 1, 'fp16': False, 'fp16_opt_level': 'O1', 'mean_teacher': False, 'mean_teacher_avg': 'exponential', 'mean_teacher_lambda': 1, 'mean_teacher_rampup': 4000, 'mean_teacher_alpha1': 0.99, 'mean_teacher_alpha2': 0.999, 'mt_kd_tau': 1, 'virtual_teacher': False, 'vat_eps': 0.001, 'vat_max_layer': -1, 'vat_opt': 0, 'vat_lambda': 1, 'vat_alpha': 1, 'vat_nosiy': 1e-05, 'use_noisycopy': False, 'noisycopy_eps': 0.01, 'use_advcopy': False, 'advcopy_eps': 0.01, 'vat_stable_eps': 1e-06, 'tasks_dropout_p': [0.1, 0.1, 0.1, 0.1]}
02/20/2023 10:03:20 ####################
02/20/2023 10:03:20 ############# Gradient Accumulation Info #############
02/20/2023 10:03:20 number of step: 5710
02/20/2023 10:03:20 number of grad grad_accumulation step: 1
02/20/2023 10:03:20 adjusted number of step: 5710
02/20/2023 10:03:20 ############# Gradient Accumulation Info #############
02/20/2023 10:03:28 
############# Model Arch of MT-DNN #############
SANBertNetwork(
  (dropout_list): ModuleList(
    (0): DropoutWrapper()
    (1): DropoutWrapper()
    (2): DropoutWrapper()
    (3): DropoutWrapper()
  )
  (bert): BertModel(
    (embeddings): BertEmbeddings(
      (word_embeddings): Embedding(32006, 768)
      (position_embeddings): Embedding(512, 768)
      (token_type_embeddings): Embedding(2, 768)
      (LayerNorm): FusedLayerNorm(torch.Size([768]), eps=1e-12, elementwise_affine=True)
      (dropout): Dropout(p=0.1)
    )
    (encoder): BertEncoder(
      (layer): ModuleList(
        (0): BertLayer(
          (attention): BertAttention(
            (self): BertSelfAttention(
              (query): Linear(in_features=768, out_features=768, bias=True)
              (key): Linear(in_features=768, out_features=768, bias=True)
              (value): Linear(in_features=768, out_features=768, bias=True)
              (dropout): Dropout(p=0.1)
            )
            (output): BertSelfOutput(
              (dense): Linear(in_features=768, out_features=768, bias=True)
              (LayerNorm): FusedLayerNorm(torch.Size([768]), eps=1e-12, elementwise_affine=True)
              (dropout): Dropout(p=0.1)
            )
          )
          (intermediate): BertIntermediate(
            (dense): Linear(in_features=768, out_features=3072, bias=True)
          )
          (output): BertOutput(
            (dense): Linear(in_features=3072, out_features=768, bias=True)
            (LayerNorm): FusedLayerNorm(torch.Size([768]), eps=1e-12, elementwise_affine=True)
            (dropout): Dropout(p=0.1)
          )
        )
        (1): BertLayer(
          (attention): BertAttention(
            (self): BertSelfAttention(
              (query): Linear(in_features=768, out_features=768, bias=True)
              (key): Linear(in_features=768, out_features=768, bias=True)
              (value): Linear(in_features=768, out_features=768, bias=True)
              (dropout): Dropout(p=0.1)
            )
            (output): BertSelfOutput(
              (dense): Linear(in_features=768, out_features=768, bias=True)
              (LayerNorm): FusedLayerNorm(torch.Size([768]), eps=1e-12, elementwise_affine=True)
              (dropout): Dropout(p=0.1)
            )
          )
          (intermediate): BertIntermediate(
            (dense): Linear(in_features=768, out_features=3072, bias=True)
          )
          (output): BertOutput(
            (dense): Linear(in_features=3072, out_features=768, bias=True)
            (LayerNorm): FusedLayerNorm(torch.Size([768]), eps=1e-12, elementwise_affine=True)
            (dropout): Dropout(p=0.1)
          )
        )
        (2): BertLayer(
          (attention): BertAttention(
            (self): BertSelfAttention(
              (query): Linear(in_features=768, out_features=768, bias=True)
              (key): Linear(in_features=768, out_features=768, bias=True)
              (value): Linear(in_features=768, out_features=768, bias=True)
              (dropout): Dropout(p=0.1)
            )
            (output): BertSelfOutput(
              (dense): Linear(in_features=768, out_features=768, bias=True)
              (LayerNorm): FusedLayerNorm(torch.Size([768]), eps=1e-12, elementwise_affine=True)
              (dropout): Dropout(p=0.1)
            )
          )
          (intermediate): BertIntermediate(
            (dense): Linear(in_features=768, out_features=3072, bias=True)
          )
          (output): BertOutput(
            (dense): Linear(in_features=3072, out_features=768, bias=True)
            (LayerNorm): FusedLayerNorm(torch.Size([768]), eps=1e-12, elementwise_affine=True)
            (dropout): Dropout(p=0.1)
          )
        )
        (3): BertLayer(
          (attention): BertAttention(
            (self): BertSelfAttention(
              (query): Linear(in_features=768, out_features=768, bias=True)
              (key): Linear(in_features=768, out_features=768, bias=True)
              (value): Linear(in_features=768, out_features=768, bias=True)
              (dropout): Dropout(p=0.1)
            )
            (output): BertSelfOutput(
              (dense): Linear(in_features=768, out_features=768, bias=True)
              (LayerNorm): FusedLayerNorm(torch.Size([768]), eps=1e-12, elementwise_affine=True)
              (dropout): Dropout(p=0.1)
            )
          )
          (intermediate): BertIntermediate(
            (dense): Linear(in_features=768, out_features=3072, bias=True)
          )
          (output): BertOutput(
            (dense): Linear(in_features=3072, out_features=768, bias=True)
            (LayerNorm): FusedLayerNorm(torch.Size([768]), eps=1e-12, elementwise_affine=True)
            (dropout): Dropout(p=0.1)
          )
        )
        (4): BertLayer(
          (attention): BertAttention(
            (self): BertSelfAttention(
              (query): Linear(in_features=768, out_features=768, bias=True)
              (key): Linear(in_features=768, out_features=768, bias=True)
              (value): Linear(in_features=768, out_features=768, bias=True)
              (dropout): Dropout(p=0.1)
            )
            (output): BertSelfOutput(
              (dense): Linear(in_features=768, out_features=768, bias=True)
              (LayerNorm): FusedLayerNorm(torch.Size([768]), eps=1e-12, elementwise_affine=True)
              (dropout): Dropout(p=0.1)
            )
          )
          (intermediate): BertIntermediate(
            (dense): Linear(in_features=768, out_features=3072, bias=True)
          )
          (output): BertOutput(
            (dense): Linear(in_features=3072, out_features=768, bias=True)
            (LayerNorm): FusedLayerNorm(torch.Size([768]), eps=1e-12, elementwise_affine=True)
            (dropout): Dropout(p=0.1)
          )
        )
        (5): BertLayer(
          (attention): BertAttention(
            (self): BertSelfAttention(
              (query): Linear(in_features=768, out_features=768, bias=True)
              (key): Linear(in_features=768, out_features=768, bias=True)
              (value): Linear(in_features=768, out_features=768, bias=True)
              (dropout): Dropout(p=0.1)
            )
            (output): BertSelfOutput(
              (dense): Linear(in_features=768, out_features=768, bias=True)
              (LayerNorm): FusedLayerNorm(torch.Size([768]), eps=1e-12, elementwise_affine=True)
              (dropout): Dropout(p=0.1)
            )
          )
          (intermediate): BertIntermediate(
            (dense): Linear(in_features=768, out_features=3072, bias=True)
          )
          (output): BertOutput(
            (dense): Linear(in_features=3072, out_features=768, bias=True)
            (LayerNorm): FusedLayerNorm(torch.Size([768]), eps=1e-12, elementwise_affine=True)
            (dropout): Dropout(p=0.1)
          )
        )
        (6): BertLayer(
          (attention): BertAttention(
            (self): BertSelfAttention(
              (query): Linear(in_features=768, out_features=768, bias=True)
              (key): Linear(in_features=768, out_features=768, bias=True)
              (value): Linear(in_features=768, out_features=768, bias=True)
              (dropout): Dropout(p=0.1)
            )
            (output): BertSelfOutput(
              (dense): Linear(in_features=768, out_features=768, bias=True)
              (LayerNorm): FusedLayerNorm(torch.Size([768]), eps=1e-12, elementwise_affine=True)
              (dropout): Dropout(p=0.1)
            )
          )
          (intermediate): BertIntermediate(
            (dense): Linear(in_features=768, out_features=3072, bias=True)
          )
          (output): BertOutput(
            (dense): Linear(in_features=3072, out_features=768, bias=True)
            (LayerNorm): FusedLayerNorm(torch.Size([768]), eps=1e-12, elementwise_affine=True)
            (dropout): Dropout(p=0.1)
          )
        )
        (7): BertLayer(
          (attention): BertAttention(
            (self): BertSelfAttention(
              (query): Linear(in_features=768, out_features=768, bias=True)
              (key): Linear(in_features=768, out_features=768, bias=True)
              (value): Linear(in_features=768, out_features=768, bias=True)
              (dropout): Dropout(p=0.1)
            )
            (output): BertSelfOutput(
              (dense): Linear(in_features=768, out_features=768, bias=True)
              (LayerNorm): FusedLayerNorm(torch.Size([768]), eps=1e-12, elementwise_affine=True)
              (dropout): Dropout(p=0.1)
            )
          )
          (intermediate): BertIntermediate(
            (dense): Linear(in_features=768, out_features=3072, bias=True)
          )
          (output): BertOutput(
            (dense): Linear(in_features=3072, out_features=768, bias=True)
            (LayerNorm): FusedLayerNorm(torch.Size([768]), eps=1e-12, elementwise_affine=True)
            (dropout): Dropout(p=0.1)
          )
        )
        (8): BertLayer(
          (attention): BertAttention(
            (self): BertSelfAttention(
              (query): Linear(in_features=768, out_features=768, bias=True)
              (key): Linear(in_features=768, out_features=768, bias=True)
              (value): Linear(in_features=768, out_features=768, bias=True)
              (dropout): Dropout(p=0.1)
            )
            (output): BertSelfOutput(
              (dense): Linear(in_features=768, out_features=768, bias=True)
              (LayerNorm): FusedLayerNorm(torch.Size([768]), eps=1e-12, elementwise_affine=True)
              (dropout): Dropout(p=0.1)
            )
          )
          (intermediate): BertIntermediate(
            (dense): Linear(in_features=768, out_features=3072, bias=True)
          )
          (output): BertOutput(
            (dense): Linear(in_features=3072, out_features=768, bias=True)
            (LayerNorm): FusedLayerNorm(torch.Size([768]), eps=1e-12, elementwise_affine=True)
            (dropout): Dropout(p=0.1)
          )
        )
        (9): BertLayer(
          (attention): BertAttention(
            (self): BertSelfAttention(
              (query): Linear(in_features=768, out_features=768, bias=True)
              (key): Linear(in_features=768, out_features=768, bias=True)
              (value): Linear(in_features=768, out_features=768, bias=True)
              (dropout): Dropout(p=0.1)
            )
            (output): BertSelfOutput(
              (dense): Linear(in_features=768, out_features=768, bias=True)
              (LayerNorm): FusedLayerNorm(torch.Size([768]), eps=1e-12, elementwise_affine=True)
              (dropout): Dropout(p=0.1)
            )
          )
          (intermediate): BertIntermediate(
            (dense): Linear(in_features=768, out_features=3072, bias=True)
          )
          (output): BertOutput(
            (dense): Linear(in_features=3072, out_features=768, bias=True)
            (LayerNorm): FusedLayerNorm(torch.Size([768]), eps=1e-12, elementwise_affine=True)
            (dropout): Dropout(p=0.1)
          )
        )
        (10): BertLayer(
          (attention): BertAttention(
            (self): BertSelfAttention(
              (query): Linear(in_features=768, out_features=768, bias=True)
              (key): Linear(in_features=768, out_features=768, bias=True)
              (value): Linear(in_features=768, out_features=768, bias=True)
              (dropout): Dropout(p=0.1)
            )
            (output): BertSelfOutput(
              (dense): Linear(in_features=768, out_features=768, bias=True)
              (LayerNorm): FusedLayerNorm(torch.Size([768]), eps=1e-12, elementwise_affine=True)
              (dropout): Dropout(p=0.1)
            )
          )
          (intermediate): BertIntermediate(
            (dense): Linear(in_features=768, out_features=3072, bias=True)
          )
          (output): BertOutput(
            (dense): Linear(in_features=3072, out_features=768, bias=True)
            (LayerNorm): FusedLayerNorm(torch.Size([768]), eps=1e-12, elementwise_affine=True)
            (dropout): Dropout(p=0.1)
          )
        )
        (11): BertLayer(
          (attention): BertAttention(
            (self): BertSelfAttention(
              (query): Linear(in_features=768, out_features=768, bias=True)
              (key): Linear(in_features=768, out_features=768, bias=True)
              (value): Linear(in_features=768, out_features=768, bias=True)
              (dropout): Dropout(p=0.1)
            )
            (output): BertSelfOutput(
              (dense): Linear(in_features=768, out_features=768, bias=True)
              (LayerNorm): FusedLayerNorm(torch.Size([768]), eps=1e-12, elementwise_affine=True)
              (dropout): Dropout(p=0.1)
            )
          )
          (intermediate): BertIntermediate(
            (dense): Linear(in_features=768, out_features=3072, bias=True)
          )
          (output): BertOutput(
            (dense): Linear(in_features=3072, out_features=768, bias=True)
            (LayerNorm): FusedLayerNorm(torch.Size([768]), eps=1e-12, elementwise_affine=True)
            (dropout): Dropout(p=0.1)
          )
        )
      )
    )
    (pooler): BertPooler(
      (dense): Linear(in_features=768, out_features=768, bias=True)
      (activation): Tanh()
    )
  )
  (scoring_list): ModuleList(
    (0): Linear(in_features=768, out_features=4, bias=True)
    (1): Linear(in_features=768, out_features=5, bias=True)
    (2): Linear(in_features=768, out_features=6, bias=True)
    (3): Linear(in_features=768, out_features=2, bias=True)
  )
)

02/20/2023 10:03:28 Total number of params: 110635025
02/20/2023 10:03:28 At epoch 0
02/20/2023 10:03:28 Task [ 3] updates[     1] train loss[0.58265] remaining[0:05:31]
02/20/2023 10:05:27 Task [ 0] updates[   500] train loss[0.72477] remaining[0:00:16]
02/20/2023 10:05:45 Task dvdppf -- epoch 0 -- Dev ACC: 37.288
02/20/2023 10:05:45 Task dvdppf -- epoch 0 -- Dev F1: 17.225
02/20/2023 10:05:46 Task dvdduration -- epoch 0 -- Dev ACC: 38.771
02/20/2023 10:05:46 Task dvdduration -- epoch 0 -- Dev F1: 11.176
02/20/2023 10:05:47 Task dvdorder -- epoch 0 -- Dev ACC: 48.588
02/20/2023 10:05:47 Task dvdorder -- epoch 0 -- Dev F1: 11.433
02/20/2023 10:05:52 Task disc -- epoch 0 -- Dev ACC: 94.037
02/20/2023 10:05:52 Task disc -- epoch 0 -- Dev F1: 93.621
02/20/2023 10:05:52 At epoch 1
02/20/2023 10:07:32 Task [ 1] updates[  1000] train loss[0.68789] remaining[0:00:33]
02/20/2023 10:08:07 Task dvdppf -- epoch 1 -- Dev ACC: 47.458
02/20/2023 10:08:07 Task dvdppf -- epoch 1 -- Dev F1: 30.192
02/20/2023 10:08:09 Task dvdduration -- epoch 1 -- Dev ACC: 40.890
02/20/2023 10:08:09 Task dvdduration -- epoch 1 -- Dev F1: 17.403
02/20/2023 10:08:10 Task dvdorder -- epoch 1 -- Dev ACC: 48.305
02/20/2023 10:08:10 Task dvdorder -- epoch 1 -- Dev F1: 10.857
02/20/2023 10:08:14 Task disc -- epoch 1 -- Dev ACC: 95.400
02/20/2023 10:08:14 Task disc -- epoch 1 -- Dev F1: 95.131
02/20/2023 10:08:14 At epoch 2
02/20/2023 10:09:38 Task [ 3] updates[  1500] train loss[0.66241] remaining[0:00:50]
02/20/2023 10:10:29 Task dvdppf -- epoch 2 -- Dev ACC: 44.703
02/20/2023 10:10:29 Task dvdppf -- epoch 2 -- Dev F1: 31.937
02/20/2023 10:10:31 Task dvdduration -- epoch 2 -- Dev ACC: 42.373
02/20/2023 10:10:31 Task dvdduration -- epoch 2 -- Dev F1: 24.805
02/20/2023 10:10:32 Task dvdorder -- epoch 2 -- Dev ACC: 48.023
02/20/2023 10:10:32 Task dvdorder -- epoch 2 -- Dev F1: 10.856
02/20/2023 10:10:36 Task disc -- epoch 2 -- Dev ACC: 95.741
02/20/2023 10:10:36 Task disc -- epoch 2 -- Dev F1: 95.511
02/20/2023 10:10:36 At epoch 3
02/20/2023 10:11:45 Task [ 3] updates[  2000] train loss[0.63116] remaining[0:01:07]
02/20/2023 10:12:51 Task dvdppf -- epoch 3 -- Dev ACC: 48.093
02/20/2023 10:12:51 Task dvdppf -- epoch 3 -- Dev F1: 32.339
02/20/2023 10:12:53 Task dvdduration -- epoch 3 -- Dev ACC: 46.398
02/20/2023 10:12:53 Task dvdduration -- epoch 3 -- Dev F1: 29.888
02/20/2023 10:12:54 Task dvdorder -- epoch 3 -- Dev ACC: 47.175
02/20/2023 10:12:54 Task dvdorder -- epoch 3 -- Dev F1: 13.101
02/20/2023 10:12:58 Task disc -- epoch 3 -- Dev ACC: 95.656
02/20/2023 10:12:58 Task disc -- epoch 3 -- Dev F1: 95.426
02/20/2023 10:12:58 At epoch 4
02/20/2023 10:13:49 Task [ 2] updates[  2500] train loss[0.60600] remaining[0:01:24]
02/20/2023 10:15:13 Task dvdppf -- epoch 4 -- Dev ACC: 47.246
02/20/2023 10:15:13 Task dvdppf -- epoch 4 -- Dev F1: 32.936
02/20/2023 10:15:14 Task dvdduration -- epoch 4 -- Dev ACC: 45.551
02/20/2023 10:15:14 Task dvdduration -- epoch 4 -- Dev F1: 27.966
02/20/2023 10:15:16 Task dvdorder -- epoch 4 -- Dev ACC: 44.068
02/20/2023 10:15:16 Task dvdorder -- epoch 4 -- Dev F1: 15.414
02/20/2023 10:15:20 Task disc -- epoch 4 -- Dev ACC: 95.997
02/20/2023 10:15:20 Task disc -- epoch 4 -- Dev F1: 95.808
02/20/2023 10:15:20 At epoch 5
02/20/2023 10:15:53 Task [ 3] updates[  3000] train loss[0.58346] remaining[0:01:38]
02/20/2023 10:17:34 Task dvdppf -- epoch 5 -- Dev ACC: 42.797
02/20/2023 10:17:34 Task dvdppf -- epoch 5 -- Dev F1: 31.393
02/20/2023 10:17:35 Task dvdduration -- epoch 5 -- Dev ACC: 42.373
02/20/2023 10:17:35 Task dvdduration -- epoch 5 -- Dev F1: 27.949
02/20/2023 10:17:37 Task dvdorder -- epoch 5 -- Dev ACC: 37.006
02/20/2023 10:17:37 Task dvdorder -- epoch 5 -- Dev F1: 13.735
02/20/2023 10:17:41 Task disc -- epoch 5 -- Dev ACC: 95.486
02/20/2023 10:17:41 Task disc -- epoch 5 -- Dev F1: 95.247
02/20/2023 10:17:42 At epoch 6
02/20/2023 10:17:59 Task [ 2] updates[  3500] train loss[0.56183] remaining[0:01:55]
02/20/2023 10:19:57 Task dvdppf -- epoch 6 -- Dev ACC: 44.915
02/20/2023 10:19:57 Task dvdppf -- epoch 6 -- Dev F1: 31.160
02/20/2023 10:19:58 Task dvdduration -- epoch 6 -- Dev ACC: 41.525
02/20/2023 10:19:58 Task dvdduration -- epoch 6 -- Dev F1: 27.840
02/20/2023 10:19:59 Task dvdorder -- epoch 6 -- Dev ACC: 36.158
02/20/2023 10:19:59 Task dvdorder -- epoch 6 -- Dev F1: 14.360
02/20/2023 10:20:04 Task disc -- epoch 6 -- Dev ACC: 95.656
02/20/2023 10:20:04 Task disc -- epoch 6 -- Dev F1: 95.423
02/20/2023 10:20:04 At epoch 7
02/20/2023 10:20:04 Task [ 3] updates[  4000] train loss[0.53970] remaining[0:02:17]
02/20/2023 10:22:01 Task [ 3] updates[  4500] train loss[0.51867] remaining[0:00:15]
02/20/2023 10:22:18 Task dvdppf -- epoch 7 -- Dev ACC: 44.068
02/20/2023 10:22:18 Task dvdppf -- epoch 7 -- Dev F1: 31.859
02/20/2023 10:22:19 Task dvdduration -- epoch 7 -- Dev ACC: 41.949
02/20/2023 10:22:19 Task dvdduration -- epoch 7 -- Dev F1: 27.077
02/20/2023 10:22:20 Task dvdorder -- epoch 7 -- Dev ACC: 36.723
02/20/2023 10:22:20 Task dvdorder -- epoch 7 -- Dev F1: 16.147
02/20/2023 10:22:25 Task disc -- epoch 7 -- Dev ACC: 96.337
02/20/2023 10:22:25 Task disc -- epoch 7 -- Dev F1: 96.162
02/20/2023 10:22:25 At epoch 8
02/20/2023 10:24:06 Task [ 3] updates[  5000] train loss[0.50090] remaining[0:00:32]
02/20/2023 10:24:40 Task dvdppf -- epoch 8 -- Dev ACC: 42.373
02/20/2023 10:24:40 Task dvdppf -- epoch 8 -- Dev F1: 31.232
02/20/2023 10:24:41 Task dvdduration -- epoch 8 -- Dev ACC: 42.797
02/20/2023 10:24:41 Task dvdduration -- epoch 8 -- Dev F1: 29.312
02/20/2023 10:24:42 Task dvdorder -- epoch 8 -- Dev ACC: 36.723
02/20/2023 10:24:42 Task dvdorder -- epoch 8 -- Dev F1: 16.530
02/20/2023 10:24:46 Task disc -- epoch 8 -- Dev ACC: 95.741
02/20/2023 10:24:46 Task disc -- epoch 8 -- Dev F1: 95.518
02/20/2023 10:24:47 At epoch 9
02/20/2023 10:26:10 Task [ 3] updates[  5500] train loss[0.48302] remaining[0:00:48]
02/20/2023 10:27:01 Task dvdppf -- epoch 9 -- Dev ACC: 43.856
02/20/2023 10:27:01 Task dvdppf -- epoch 9 -- Dev F1: 31.648
02/20/2023 10:27:02 Task dvdduration -- epoch 9 -- Dev ACC: 43.644
02/20/2023 10:27:02 Task dvdduration -- epoch 9 -- Dev F1: 29.841
02/20/2023 10:27:03 Task dvdorder -- epoch 9 -- Dev ACC: 37.853
02/20/2023 10:27:03 Task dvdorder -- epoch 9 -- Dev F1: 16.832
02/20/2023 10:27:08 Task disc -- epoch 9 -- Dev ACC: 95.911
02/20/2023 10:27:08 Task disc -- epoch 9 -- Dev F1: 95.701
