02/15/2023 03:21:12 0
02/15/2023 03:21:12 Launching the MT-DNN training
02/15/2023 03:21:12 Loading ../../../dvd_hanashi/dvd_hanashi_all/4/dvdppf_train.json as task 0
02/15/2023 03:21:12 Loading ../../../dvd_hanashi/dvd_hanashi_all/4/dvdduration_train.json as task 1
02/15/2023 03:21:12 Loading ../../../dvd_hanashi/dvd_hanashi_all/4/dvdorder_train.json as task 2
02/15/2023 03:21:12 Loading ../../../dvd_hanashi/dvd_hanashi_all/4/ppf_train.json as task 3
02/15/2023 03:21:12 4,5,6,4
02/15/2023 03:21:12 ####################
02/15/2023 03:21:12 {'log_file': 'checkpoints/dvd_all_hanashi_ppf_4_adam_answer_opt0_gc0_ggc1_2023-02-15T0321/log.log', 'tensorboard': False, 'tensorboard_logdir': 'tensorboard_logdir', 'init_checkpoint': '../../../japanese_bert_new_/jap_bert.pt', 'data_dir': '../../../dvd_hanashi/dvd_hanashi_all/4/', 'data_sort_on': False, 'name': 'farmer', 'task_def': '../../../experiments/dvd_hanashi/dvd_hanashi_task_def.yml', 'train_datasets': ['dvdppf', 'dvdduration', 'dvdorder', 'ppf'], 'test_datasets': ['dvdppf', 'dvdduration', 'dvdorder', 'ppf'], 'update_bert_opt': 0, 'multi_gpu_on': True, 'mem_cum_type': 'simple', 'answer_num_turn': 5, 'answer_mem_drop_p': 0.1, 'answer_att_hidden_size': 128, 'answer_att_type': 'bilinear', 'answer_rnn_type': 'gru', 'answer_sum_att_type': 'bilinear', 'answer_merge_opt': 1, 'answer_mem_type': 1, 'answer_dropout_p': 0.1, 'answer_weight_norm_on': False, 'dump_state_on': False, 'answer_opt': [0, 0, 0, 0], 'label_size': '4,5,6,4', 'mtl_opt': 0, 'ratio': 0, 'mix_opt': 0, 'max_seq_len': 512, 'init_ratio': 1, 'encoder_type': <EncoderModelType.BERT: 1>, 'cuda': True, 'log_per_updates': 500, 'save_per_updates': 10000, 'save_per_updates_on': False, 'epochs': 10, 'batch_size': 16, 'batch_size_eval': 8, 'optimizer': 'adam', 'grad_clipping': 0.0, 'global_grad_clipping': 1.0, 'weight_decay': 0, 'learning_rate': 1e-05, 'momentum': 0, 'warmup': 0.1, 'warmup_schedule': 'warmup_linear', 'adam_eps': 1e-06, 'vb_dropout': True, 'dropout_p': 0.1, 'dropout_w': 0.0, 'bert_dropout_p': 0.1, 'model_ckpt': 'checkpoints/model_0.pt', 'resume': False, 'ema_opt': 0, 'ema_gamma': 0.995, 'lookahead': False, 'lookahead_k': 5, 'lookahead_alpha': 0.5, 'have_lr_scheduler': True, 'multi_step_lr': '10,20,30', 'freeze_layers': -1, 'embedding_opt': 0, 'lr_gamma': 0.5, 'bert_l2norm': 0.0, 'scheduler_type': 'ms', 'output_dir': 'checkpoints/dvd_all_hanashi_ppf_4_adam_answer_opt0_gc0_ggc1_2023-02-15T0321', 'seed': 2018, 'grad_accumulation_step': 1, 'fp16': False, 'fp16_opt_level': 'O1', 'mean_teacher': False, 'mean_teacher_avg': 'exponential', 'mean_teacher_lambda': 1, 'mean_teacher_rampup': 4000, 'mean_teacher_alpha1': 0.99, 'mean_teacher_alpha2': 0.999, 'mt_kd_tau': 1, 'virtual_teacher': False, 'vat_eps': 0.001, 'vat_max_layer': -1, 'vat_opt': 0, 'vat_lambda': 1, 'vat_alpha': 1, 'vat_nosiy': 1e-05, 'use_noisycopy': False, 'noisycopy_eps': 0.01, 'use_advcopy': False, 'advcopy_eps': 0.01, 'vat_stable_eps': 1e-06, 'tasks_dropout_p': [0.1, 0.1, 0.1, 0.1]}
02/15/2023 03:21:12 ####################
02/15/2023 03:21:12 ############# Gradient Accumulation Info #############
02/15/2023 03:21:12 number of step: 4790
02/15/2023 03:21:12 number of grad grad_accumulation step: 1
02/15/2023 03:21:12 adjusted number of step: 4790
02/15/2023 03:21:12 ############# Gradient Accumulation Info #############
02/15/2023 03:21:19 
############# Model Arch of MT-DNN #############
SANBertNetwork(
  (dropout_list): ModuleList(
    (0): DropoutWrapper()
    (1): DropoutWrapper()
    (2): DropoutWrapper()
    (3): DropoutWrapper()
  )
  (bert): BertModel(
    (embeddings): BertEmbeddings(
      (word_embeddings): Embedding(32006, 768)
      (position_embeddings): Embedding(512, 768)
      (token_type_embeddings): Embedding(2, 768)
      (LayerNorm): FusedLayerNorm(torch.Size([768]), eps=1e-12, elementwise_affine=True)
      (dropout): Dropout(p=0.1)
    )
    (encoder): BertEncoder(
      (layer): ModuleList(
        (0): BertLayer(
          (attention): BertAttention(
            (self): BertSelfAttention(
              (query): Linear(in_features=768, out_features=768, bias=True)
              (key): Linear(in_features=768, out_features=768, bias=True)
              (value): Linear(in_features=768, out_features=768, bias=True)
              (dropout): Dropout(p=0.1)
            )
            (output): BertSelfOutput(
              (dense): Linear(in_features=768, out_features=768, bias=True)
              (LayerNorm): FusedLayerNorm(torch.Size([768]), eps=1e-12, elementwise_affine=True)
              (dropout): Dropout(p=0.1)
            )
          )
          (intermediate): BertIntermediate(
            (dense): Linear(in_features=768, out_features=3072, bias=True)
          )
          (output): BertOutput(
            (dense): Linear(in_features=3072, out_features=768, bias=True)
            (LayerNorm): FusedLayerNorm(torch.Size([768]), eps=1e-12, elementwise_affine=True)
            (dropout): Dropout(p=0.1)
          )
        )
        (1): BertLayer(
          (attention): BertAttention(
            (self): BertSelfAttention(
              (query): Linear(in_features=768, out_features=768, bias=True)
              (key): Linear(in_features=768, out_features=768, bias=True)
              (value): Linear(in_features=768, out_features=768, bias=True)
              (dropout): Dropout(p=0.1)
            )
            (output): BertSelfOutput(
              (dense): Linear(in_features=768, out_features=768, bias=True)
              (LayerNorm): FusedLayerNorm(torch.Size([768]), eps=1e-12, elementwise_affine=True)
              (dropout): Dropout(p=0.1)
            )
          )
          (intermediate): BertIntermediate(
            (dense): Linear(in_features=768, out_features=3072, bias=True)
          )
          (output): BertOutput(
            (dense): Linear(in_features=3072, out_features=768, bias=True)
            (LayerNorm): FusedLayerNorm(torch.Size([768]), eps=1e-12, elementwise_affine=True)
            (dropout): Dropout(p=0.1)
          )
        )
        (2): BertLayer(
          (attention): BertAttention(
            (self): BertSelfAttention(
              (query): Linear(in_features=768, out_features=768, bias=True)
              (key): Linear(in_features=768, out_features=768, bias=True)
              (value): Linear(in_features=768, out_features=768, bias=True)
              (dropout): Dropout(p=0.1)
            )
            (output): BertSelfOutput(
              (dense): Linear(in_features=768, out_features=768, bias=True)
              (LayerNorm): FusedLayerNorm(torch.Size([768]), eps=1e-12, elementwise_affine=True)
              (dropout): Dropout(p=0.1)
            )
          )
          (intermediate): BertIntermediate(
            (dense): Linear(in_features=768, out_features=3072, bias=True)
          )
          (output): BertOutput(
            (dense): Linear(in_features=3072, out_features=768, bias=True)
            (LayerNorm): FusedLayerNorm(torch.Size([768]), eps=1e-12, elementwise_affine=True)
            (dropout): Dropout(p=0.1)
          )
        )
        (3): BertLayer(
          (attention): BertAttention(
            (self): BertSelfAttention(
              (query): Linear(in_features=768, out_features=768, bias=True)
              (key): Linear(in_features=768, out_features=768, bias=True)
              (value): Linear(in_features=768, out_features=768, bias=True)
              (dropout): Dropout(p=0.1)
            )
            (output): BertSelfOutput(
              (dense): Linear(in_features=768, out_features=768, bias=True)
              (LayerNorm): FusedLayerNorm(torch.Size([768]), eps=1e-12, elementwise_affine=True)
              (dropout): Dropout(p=0.1)
            )
          )
          (intermediate): BertIntermediate(
            (dense): Linear(in_features=768, out_features=3072, bias=True)
          )
          (output): BertOutput(
            (dense): Linear(in_features=3072, out_features=768, bias=True)
            (LayerNorm): FusedLayerNorm(torch.Size([768]), eps=1e-12, elementwise_affine=True)
            (dropout): Dropout(p=0.1)
          )
        )
        (4): BertLayer(
          (attention): BertAttention(
            (self): BertSelfAttention(
              (query): Linear(in_features=768, out_features=768, bias=True)
              (key): Linear(in_features=768, out_features=768, bias=True)
              (value): Linear(in_features=768, out_features=768, bias=True)
              (dropout): Dropout(p=0.1)
            )
            (output): BertSelfOutput(
              (dense): Linear(in_features=768, out_features=768, bias=True)
              (LayerNorm): FusedLayerNorm(torch.Size([768]), eps=1e-12, elementwise_affine=True)
              (dropout): Dropout(p=0.1)
            )
          )
          (intermediate): BertIntermediate(
            (dense): Linear(in_features=768, out_features=3072, bias=True)
          )
          (output): BertOutput(
            (dense): Linear(in_features=3072, out_features=768, bias=True)
            (LayerNorm): FusedLayerNorm(torch.Size([768]), eps=1e-12, elementwise_affine=True)
            (dropout): Dropout(p=0.1)
          )
        )
        (5): BertLayer(
          (attention): BertAttention(
            (self): BertSelfAttention(
              (query): Linear(in_features=768, out_features=768, bias=True)
              (key): Linear(in_features=768, out_features=768, bias=True)
              (value): Linear(in_features=768, out_features=768, bias=True)
              (dropout): Dropout(p=0.1)
            )
            (output): BertSelfOutput(
              (dense): Linear(in_features=768, out_features=768, bias=True)
              (LayerNorm): FusedLayerNorm(torch.Size([768]), eps=1e-12, elementwise_affine=True)
              (dropout): Dropout(p=0.1)
            )
          )
          (intermediate): BertIntermediate(
            (dense): Linear(in_features=768, out_features=3072, bias=True)
          )
          (output): BertOutput(
            (dense): Linear(in_features=3072, out_features=768, bias=True)
            (LayerNorm): FusedLayerNorm(torch.Size([768]), eps=1e-12, elementwise_affine=True)
            (dropout): Dropout(p=0.1)
          )
        )
        (6): BertLayer(
          (attention): BertAttention(
            (self): BertSelfAttention(
              (query): Linear(in_features=768, out_features=768, bias=True)
              (key): Linear(in_features=768, out_features=768, bias=True)
              (value): Linear(in_features=768, out_features=768, bias=True)
              (dropout): Dropout(p=0.1)
            )
            (output): BertSelfOutput(
              (dense): Linear(in_features=768, out_features=768, bias=True)
              (LayerNorm): FusedLayerNorm(torch.Size([768]), eps=1e-12, elementwise_affine=True)
              (dropout): Dropout(p=0.1)
            )
          )
          (intermediate): BertIntermediate(
            (dense): Linear(in_features=768, out_features=3072, bias=True)
          )
          (output): BertOutput(
            (dense): Linear(in_features=3072, out_features=768, bias=True)
            (LayerNorm): FusedLayerNorm(torch.Size([768]), eps=1e-12, elementwise_affine=True)
            (dropout): Dropout(p=0.1)
          )
        )
        (7): BertLayer(
          (attention): BertAttention(
            (self): BertSelfAttention(
              (query): Linear(in_features=768, out_features=768, bias=True)
              (key): Linear(in_features=768, out_features=768, bias=True)
              (value): Linear(in_features=768, out_features=768, bias=True)
              (dropout): Dropout(p=0.1)
            )
            (output): BertSelfOutput(
              (dense): Linear(in_features=768, out_features=768, bias=True)
              (LayerNorm): FusedLayerNorm(torch.Size([768]), eps=1e-12, elementwise_affine=True)
              (dropout): Dropout(p=0.1)
            )
          )
          (intermediate): BertIntermediate(
            (dense): Linear(in_features=768, out_features=3072, bias=True)
          )
          (output): BertOutput(
            (dense): Linear(in_features=3072, out_features=768, bias=True)
            (LayerNorm): FusedLayerNorm(torch.Size([768]), eps=1e-12, elementwise_affine=True)
            (dropout): Dropout(p=0.1)
          )
        )
        (8): BertLayer(
          (attention): BertAttention(
            (self): BertSelfAttention(
              (query): Linear(in_features=768, out_features=768, bias=True)
              (key): Linear(in_features=768, out_features=768, bias=True)
              (value): Linear(in_features=768, out_features=768, bias=True)
              (dropout): Dropout(p=0.1)
            )
            (output): BertSelfOutput(
              (dense): Linear(in_features=768, out_features=768, bias=True)
              (LayerNorm): FusedLayerNorm(torch.Size([768]), eps=1e-12, elementwise_affine=True)
              (dropout): Dropout(p=0.1)
            )
          )
          (intermediate): BertIntermediate(
            (dense): Linear(in_features=768, out_features=3072, bias=True)
          )
          (output): BertOutput(
            (dense): Linear(in_features=3072, out_features=768, bias=True)
            (LayerNorm): FusedLayerNorm(torch.Size([768]), eps=1e-12, elementwise_affine=True)
            (dropout): Dropout(p=0.1)
          )
        )
        (9): BertLayer(
          (attention): BertAttention(
            (self): BertSelfAttention(
              (query): Linear(in_features=768, out_features=768, bias=True)
              (key): Linear(in_features=768, out_features=768, bias=True)
              (value): Linear(in_features=768, out_features=768, bias=True)
              (dropout): Dropout(p=0.1)
            )
            (output): BertSelfOutput(
              (dense): Linear(in_features=768, out_features=768, bias=True)
              (LayerNorm): FusedLayerNorm(torch.Size([768]), eps=1e-12, elementwise_affine=True)
              (dropout): Dropout(p=0.1)
            )
          )
          (intermediate): BertIntermediate(
            (dense): Linear(in_features=768, out_features=3072, bias=True)
          )
          (output): BertOutput(
            (dense): Linear(in_features=3072, out_features=768, bias=True)
            (LayerNorm): FusedLayerNorm(torch.Size([768]), eps=1e-12, elementwise_affine=True)
            (dropout): Dropout(p=0.1)
          )
        )
        (10): BertLayer(
          (attention): BertAttention(
            (self): BertSelfAttention(
              (query): Linear(in_features=768, out_features=768, bias=True)
              (key): Linear(in_features=768, out_features=768, bias=True)
              (value): Linear(in_features=768, out_features=768, bias=True)
              (dropout): Dropout(p=0.1)
            )
            (output): BertSelfOutput(
              (dense): Linear(in_features=768, out_features=768, bias=True)
              (LayerNorm): FusedLayerNorm(torch.Size([768]), eps=1e-12, elementwise_affine=True)
              (dropout): Dropout(p=0.1)
            )
          )
          (intermediate): BertIntermediate(
            (dense): Linear(in_features=768, out_features=3072, bias=True)
          )
          (output): BertOutput(
            (dense): Linear(in_features=3072, out_features=768, bias=True)
            (LayerNorm): FusedLayerNorm(torch.Size([768]), eps=1e-12, elementwise_affine=True)
            (dropout): Dropout(p=0.1)
          )
        )
        (11): BertLayer(
          (attention): BertAttention(
            (self): BertSelfAttention(
              (query): Linear(in_features=768, out_features=768, bias=True)
              (key): Linear(in_features=768, out_features=768, bias=True)
              (value): Linear(in_features=768, out_features=768, bias=True)
              (dropout): Dropout(p=0.1)
            )
            (output): BertSelfOutput(
              (dense): Linear(in_features=768, out_features=768, bias=True)
              (LayerNorm): FusedLayerNorm(torch.Size([768]), eps=1e-12, elementwise_affine=True)
              (dropout): Dropout(p=0.1)
            )
          )
          (intermediate): BertIntermediate(
            (dense): Linear(in_features=768, out_features=3072, bias=True)
          )
          (output): BertOutput(
            (dense): Linear(in_features=3072, out_features=768, bias=True)
            (LayerNorm): FusedLayerNorm(torch.Size([768]), eps=1e-12, elementwise_affine=True)
            (dropout): Dropout(p=0.1)
          )
        )
      )
    )
    (pooler): BertPooler(
      (dense): Linear(in_features=768, out_features=768, bias=True)
      (activation): Tanh()
    )
  )
  (scoring_list): ModuleList(
    (0): Linear(in_features=768, out_features=4, bias=True)
    (1): Linear(in_features=768, out_features=5, bias=True)
    (2): Linear(in_features=768, out_features=6, bias=True)
    (3): Linear(in_features=768, out_features=4, bias=True)
  )
)

02/15/2023 03:21:19 Total number of params: 110636563
02/15/2023 03:21:19 At epoch 0
02/15/2023 03:21:20 Task [ 3] updates[     1] train loss[1.65839] remaining[0:04:02]
02/15/2023 03:22:36 Task dvdppf -- epoch 0 -- Dev ACC: 37.712
02/15/2023 03:22:36 Task dvdppf -- epoch 0 -- Dev F1: 27.293
02/15/2023 03:22:37 Task dvdduration -- epoch 0 -- Dev ACC: 29.237
02/15/2023 03:22:37 Task dvdduration -- epoch 0 -- Dev F1: 14.287
02/15/2023 03:22:38 Task dvdorder -- epoch 0 -- Dev ACC: 48.305
02/15/2023 03:22:38 Task dvdorder -- epoch 0 -- Dev F1: 10.857
02/15/2023 03:22:40 Task ppf -- epoch 0 -- Dev ACC: 49.573
02/15/2023 03:22:40 Task ppf -- epoch 0 -- Dev F1: 33.203
02/15/2023 03:22:40 At epoch 1
02/15/2023 03:22:44 Task [ 3] updates[   500] train loss[1.17552] remaining[0:01:15]
02/15/2023 03:23:56 Task dvdppf -- epoch 1 -- Dev ACC: 46.186
02/15/2023 03:23:56 Task dvdppf -- epoch 1 -- Dev F1: 32.777
02/15/2023 03:23:57 Task dvdduration -- epoch 1 -- Dev ACC: 48.517
02/15/2023 03:23:57 Task dvdduration -- epoch 1 -- Dev F1: 29.555
02/15/2023 03:23:58 Task dvdorder -- epoch 1 -- Dev ACC: 48.305
02/15/2023 03:23:58 Task dvdorder -- epoch 1 -- Dev F1: 10.857
02/15/2023 03:24:00 Task ppf -- epoch 1 -- Dev ACC: 58.832
02/15/2023 03:24:00 Task ppf -- epoch 1 -- Dev F1: 35.965
02/15/2023 03:24:00 At epoch 2
02/15/2023 03:24:07 Task [ 0] updates[  1000] train loss[1.09668] remaining[0:01:07]
02/15/2023 03:25:16 Task dvdppf -- epoch 2 -- Dev ACC: 47.458
02/15/2023 03:25:16 Task dvdppf -- epoch 2 -- Dev F1: 31.678
02/15/2023 03:25:17 Task dvdduration -- epoch 2 -- Dev ACC: 45.975
02/15/2023 03:25:17 Task dvdduration -- epoch 2 -- Dev F1: 28.117
02/15/2023 03:25:18 Task dvdorder -- epoch 2 -- Dev ACC: 46.328
02/15/2023 03:25:18 Task dvdorder -- epoch 2 -- Dev F1: 12.329
02/15/2023 03:25:20 Task ppf -- epoch 2 -- Dev ACC: 56.838
02/15/2023 03:25:20 Task ppf -- epoch 2 -- Dev F1: 42.928
02/15/2023 03:25:20 At epoch 3
02/15/2023 03:25:29 Task [ 0] updates[  1500] train loss[1.02102] remaining[0:01:04]
02/15/2023 03:26:36 Task dvdppf -- epoch 3 -- Dev ACC: 46.822
02/15/2023 03:26:36 Task dvdppf -- epoch 3 -- Dev F1: 32.521
02/15/2023 03:26:37 Task dvdduration -- epoch 3 -- Dev ACC: 45.127
02/15/2023 03:26:37 Task dvdduration -- epoch 3 -- Dev F1: 28.844
02/15/2023 03:26:38 Task dvdorder -- epoch 3 -- Dev ACC: 42.090
02/15/2023 03:26:38 Task dvdorder -- epoch 3 -- Dev F1: 12.661
02/15/2023 03:26:40 Task ppf -- epoch 3 -- Dev ACC: 61.681
02/15/2023 03:26:40 Task ppf -- epoch 3 -- Dev F1: 46.312
02/15/2023 03:26:40 At epoch 4
02/15/2023 03:26:53 Task [ 1] updates[  2000] train loss[0.95658] remaining[0:01:01]
02/15/2023 03:27:55 Task dvdppf -- epoch 4 -- Dev ACC: 47.881
02/15/2023 03:27:55 Task dvdppf -- epoch 4 -- Dev F1: 33.782
02/15/2023 03:27:57 Task dvdduration -- epoch 4 -- Dev ACC: 44.280
02/15/2023 03:27:57 Task dvdduration -- epoch 4 -- Dev F1: 28.829
02/15/2023 03:27:58 Task dvdorder -- epoch 4 -- Dev ACC: 42.373
02/15/2023 03:27:58 Task dvdorder -- epoch 4 -- Dev F1: 16.044
02/15/2023 03:27:59 Task ppf -- epoch 4 -- Dev ACC: 60.826
02/15/2023 03:27:59 Task ppf -- epoch 4 -- Dev F1: 45.166
02/15/2023 03:27:59 At epoch 5
02/15/2023 03:28:15 Task [ 0] updates[  2500] train loss[0.89829] remaining[0:00:56]
02/15/2023 03:29:15 Task dvdppf -- epoch 5 -- Dev ACC: 47.246
02/15/2023 03:29:15 Task dvdppf -- epoch 5 -- Dev F1: 32.793
02/15/2023 03:29:17 Task dvdduration -- epoch 5 -- Dev ACC: 44.280
02/15/2023 03:29:17 Task dvdduration -- epoch 5 -- Dev F1: 29.236
02/15/2023 03:29:18 Task dvdorder -- epoch 5 -- Dev ACC: 43.220
02/15/2023 03:29:18 Task dvdorder -- epoch 5 -- Dev F1: 16.450
02/15/2023 03:29:19 Task ppf -- epoch 5 -- Dev ACC: 60.684
02/15/2023 03:29:19 Task ppf -- epoch 5 -- Dev F1: 42.395
02/15/2023 03:29:20 At epoch 6
02/15/2023 03:29:39 Task [ 0] updates[  3000] train loss[0.84766] remaining[0:00:54]
02/15/2023 03:30:36 Task dvdppf -- epoch 6 -- Dev ACC: 47.034
02/15/2023 03:30:36 Task dvdppf -- epoch 6 -- Dev F1: 33.392
02/15/2023 03:30:37 Task dvdduration -- epoch 6 -- Dev ACC: 43.008
02/15/2023 03:30:37 Task dvdduration -- epoch 6 -- Dev F1: 27.645
02/15/2023 03:30:38 Task dvdorder -- epoch 6 -- Dev ACC: 40.113
02/15/2023 03:30:38 Task dvdorder -- epoch 6 -- Dev F1: 16.563
02/15/2023 03:30:40 Task ppf -- epoch 6 -- Dev ACC: 60.684
02/15/2023 03:30:40 Task ppf -- epoch 6 -- Dev F1: 44.585
02/15/2023 03:30:40 At epoch 7
02/15/2023 03:31:03 Task [ 1] updates[  3500] train loss[0.80151] remaining[0:00:51]
02/15/2023 03:31:57 Task dvdppf -- epoch 7 -- Dev ACC: 45.551
02/15/2023 03:31:57 Task dvdppf -- epoch 7 -- Dev F1: 32.732
02/15/2023 03:31:58 Task dvdduration -- epoch 7 -- Dev ACC: 44.703
02/15/2023 03:31:58 Task dvdduration -- epoch 7 -- Dev F1: 28.968
02/15/2023 03:31:59 Task dvdorder -- epoch 7 -- Dev ACC: 39.548
02/15/2023 03:31:59 Task dvdorder -- epoch 7 -- Dev F1: 17.908
02/15/2023 03:32:01 Task ppf -- epoch 7 -- Dev ACC: 61.538
02/15/2023 03:32:01 Task ppf -- epoch 7 -- Dev F1: 43.159
02/15/2023 03:32:01 At epoch 8
02/15/2023 03:32:27 Task [ 3] updates[  4000] train loss[0.76094] remaining[0:00:48]
02/15/2023 03:33:17 Task dvdppf -- epoch 8 -- Dev ACC: 47.881
02/15/2023 03:33:17 Task dvdppf -- epoch 8 -- Dev F1: 34.468
02/15/2023 03:33:18 Task dvdduration -- epoch 8 -- Dev ACC: 43.220
02/15/2023 03:33:18 Task dvdduration -- epoch 8 -- Dev F1: 27.766
02/15/2023 03:33:19 Task dvdorder -- epoch 8 -- Dev ACC: 37.853
02/15/2023 03:33:19 Task dvdorder -- epoch 8 -- Dev F1: 16.846
02/15/2023 03:33:21 Task ppf -- epoch 8 -- Dev ACC: 61.823
02/15/2023 03:33:21 Task ppf -- epoch 8 -- Dev F1: 44.442
02/15/2023 03:33:21 At epoch 9
02/15/2023 03:33:50 Task [ 1] updates[  4500] train loss[0.72580] remaining[0:00:44]
02/15/2023 03:34:37 Task dvdppf -- epoch 9 -- Dev ACC: 48.093
02/15/2023 03:34:37 Task dvdppf -- epoch 9 -- Dev F1: 34.629
02/15/2023 03:34:38 Task dvdduration -- epoch 9 -- Dev ACC: 43.856
02/15/2023 03:34:38 Task dvdduration -- epoch 9 -- Dev F1: 28.290
02/15/2023 03:34:39 Task dvdorder -- epoch 9 -- Dev ACC: 37.571
02/15/2023 03:34:39 Task dvdorder -- epoch 9 -- Dev F1: 16.593
02/15/2023 03:34:41 Task ppf -- epoch 9 -- Dev ACC: 60.114
02/15/2023 03:34:41 Task ppf -- epoch 9 -- Dev F1: 43.341
