02/20/2023 09:37:24 0
02/20/2023 09:37:24 Launching the MT-DNN training
02/20/2023 09:37:24 Loading ../../../dvd_hanashi/dvd_hanashi_all/3/dvdppf_train.json as task 0
02/20/2023 09:37:24 Loading ../../../dvd_hanashi/dvd_hanashi_all/3/dvdduration_train.json as task 1
02/20/2023 09:37:24 Loading ../../../dvd_hanashi/dvd_hanashi_all/3/dvdorder_train.json as task 2
02/20/2023 09:37:24 Loading ../../../dvd_hanashi/dvd_hanashi_all/3/disc_train.json as task 3
02/20/2023 09:37:24 4,5,6,2
02/20/2023 09:37:25 ####################
02/20/2023 09:37:25 {'log_file': 'checkpoints/dvdall_disc_3_adam_answer_opt0_gc0_ggc1_2023-02-20T0937/log.log', 'tensorboard': False, 'tensorboard_logdir': 'tensorboard_logdir', 'init_checkpoint': '../../../japanese_bert_new_/jap_bert.pt', 'data_dir': '../../../dvd_hanashi/dvd_hanashi_all/3/', 'data_sort_on': False, 'name': 'farmer', 'task_def': '../../../experiments/dvd_hanashi/dvd_hanashi_task_def.yml', 'train_datasets': ['dvdppf', 'dvdduration', 'dvdorder', 'disc'], 'test_datasets': ['dvdppf', 'dvdduration', 'dvdorder', 'disc'], 'update_bert_opt': 0, 'multi_gpu_on': True, 'mem_cum_type': 'simple', 'answer_num_turn': 5, 'answer_mem_drop_p': 0.1, 'answer_att_hidden_size': 128, 'answer_att_type': 'bilinear', 'answer_rnn_type': 'gru', 'answer_sum_att_type': 'bilinear', 'answer_merge_opt': 1, 'answer_mem_type': 1, 'answer_dropout_p': 0.1, 'answer_weight_norm_on': False, 'dump_state_on': False, 'answer_opt': [0, 0, 0, 0], 'label_size': '4,5,6,2', 'mtl_opt': 0, 'ratio': 0, 'mix_opt': 0, 'max_seq_len': 512, 'init_ratio': 1, 'encoder_type': <EncoderModelType.BERT: 1>, 'cuda': True, 'log_per_updates': 500, 'save_per_updates': 10000, 'save_per_updates_on': False, 'epochs': 10, 'batch_size': 16, 'batch_size_eval': 8, 'optimizer': 'adam', 'grad_clipping': 0.0, 'global_grad_clipping': 1.0, 'weight_decay': 0, 'learning_rate': 1e-05, 'momentum': 0, 'warmup': 0.1, 'warmup_schedule': 'warmup_linear', 'adam_eps': 1e-06, 'vb_dropout': True, 'dropout_p': 0.1, 'dropout_w': 0.0, 'bert_dropout_p': 0.1, 'model_ckpt': 'checkpoints/model_0.pt', 'resume': False, 'ema_opt': 0, 'ema_gamma': 0.995, 'lookahead': False, 'lookahead_k': 5, 'lookahead_alpha': 0.5, 'have_lr_scheduler': True, 'multi_step_lr': '10,20,30', 'freeze_layers': -1, 'embedding_opt': 0, 'lr_gamma': 0.5, 'bert_l2norm': 0.0, 'scheduler_type': 'ms', 'output_dir': 'checkpoints/dvdall_disc_3_adam_answer_opt0_gc0_ggc1_2023-02-20T0937', 'seed': 2018, 'grad_accumulation_step': 1, 'fp16': False, 'fp16_opt_level': 'O1', 'mean_teacher': False, 'mean_teacher_avg': 'exponential', 'mean_teacher_lambda': 1, 'mean_teacher_rampup': 4000, 'mean_teacher_alpha1': 0.99, 'mean_teacher_alpha2': 0.999, 'mt_kd_tau': 1, 'virtual_teacher': False, 'vat_eps': 0.001, 'vat_max_layer': -1, 'vat_opt': 0, 'vat_lambda': 1, 'vat_alpha': 1, 'vat_nosiy': 1e-05, 'use_noisycopy': False, 'noisycopy_eps': 0.01, 'use_advcopy': False, 'advcopy_eps': 0.01, 'vat_stable_eps': 1e-06, 'tasks_dropout_p': [0.1, 0.1, 0.1, 0.1]}
02/20/2023 09:37:25 ####################
02/20/2023 09:37:25 ############# Gradient Accumulation Info #############
02/20/2023 09:37:25 number of step: 6420
02/20/2023 09:37:25 number of grad grad_accumulation step: 1
02/20/2023 09:37:25 adjusted number of step: 6420
02/20/2023 09:37:25 ############# Gradient Accumulation Info #############
02/20/2023 09:37:32 
############# Model Arch of MT-DNN #############
SANBertNetwork(
  (dropout_list): ModuleList(
    (0): DropoutWrapper()
    (1): DropoutWrapper()
    (2): DropoutWrapper()
    (3): DropoutWrapper()
  )
  (bert): BertModel(
    (embeddings): BertEmbeddings(
      (word_embeddings): Embedding(32006, 768)
      (position_embeddings): Embedding(512, 768)
      (token_type_embeddings): Embedding(2, 768)
      (LayerNorm): FusedLayerNorm(torch.Size([768]), eps=1e-12, elementwise_affine=True)
      (dropout): Dropout(p=0.1)
    )
    (encoder): BertEncoder(
      (layer): ModuleList(
        (0): BertLayer(
          (attention): BertAttention(
            (self): BertSelfAttention(
              (query): Linear(in_features=768, out_features=768, bias=True)
              (key): Linear(in_features=768, out_features=768, bias=True)
              (value): Linear(in_features=768, out_features=768, bias=True)
              (dropout): Dropout(p=0.1)
            )
            (output): BertSelfOutput(
              (dense): Linear(in_features=768, out_features=768, bias=True)
              (LayerNorm): FusedLayerNorm(torch.Size([768]), eps=1e-12, elementwise_affine=True)
              (dropout): Dropout(p=0.1)
            )
          )
          (intermediate): BertIntermediate(
            (dense): Linear(in_features=768, out_features=3072, bias=True)
          )
          (output): BertOutput(
            (dense): Linear(in_features=3072, out_features=768, bias=True)
            (LayerNorm): FusedLayerNorm(torch.Size([768]), eps=1e-12, elementwise_affine=True)
            (dropout): Dropout(p=0.1)
          )
        )
        (1): BertLayer(
          (attention): BertAttention(
            (self): BertSelfAttention(
              (query): Linear(in_features=768, out_features=768, bias=True)
              (key): Linear(in_features=768, out_features=768, bias=True)
              (value): Linear(in_features=768, out_features=768, bias=True)
              (dropout): Dropout(p=0.1)
            )
            (output): BertSelfOutput(
              (dense): Linear(in_features=768, out_features=768, bias=True)
              (LayerNorm): FusedLayerNorm(torch.Size([768]), eps=1e-12, elementwise_affine=True)
              (dropout): Dropout(p=0.1)
            )
          )
          (intermediate): BertIntermediate(
            (dense): Linear(in_features=768, out_features=3072, bias=True)
          )
          (output): BertOutput(
            (dense): Linear(in_features=3072, out_features=768, bias=True)
            (LayerNorm): FusedLayerNorm(torch.Size([768]), eps=1e-12, elementwise_affine=True)
            (dropout): Dropout(p=0.1)
          )
        )
        (2): BertLayer(
          (attention): BertAttention(
            (self): BertSelfAttention(
              (query): Linear(in_features=768, out_features=768, bias=True)
              (key): Linear(in_features=768, out_features=768, bias=True)
              (value): Linear(in_features=768, out_features=768, bias=True)
              (dropout): Dropout(p=0.1)
            )
            (output): BertSelfOutput(
              (dense): Linear(in_features=768, out_features=768, bias=True)
              (LayerNorm): FusedLayerNorm(torch.Size([768]), eps=1e-12, elementwise_affine=True)
              (dropout): Dropout(p=0.1)
            )
          )
          (intermediate): BertIntermediate(
            (dense): Linear(in_features=768, out_features=3072, bias=True)
          )
          (output): BertOutput(
            (dense): Linear(in_features=3072, out_features=768, bias=True)
            (LayerNorm): FusedLayerNorm(torch.Size([768]), eps=1e-12, elementwise_affine=True)
            (dropout): Dropout(p=0.1)
          )
        )
        (3): BertLayer(
          (attention): BertAttention(
            (self): BertSelfAttention(
              (query): Linear(in_features=768, out_features=768, bias=True)
              (key): Linear(in_features=768, out_features=768, bias=True)
              (value): Linear(in_features=768, out_features=768, bias=True)
              (dropout): Dropout(p=0.1)
            )
            (output): BertSelfOutput(
              (dense): Linear(in_features=768, out_features=768, bias=True)
              (LayerNorm): FusedLayerNorm(torch.Size([768]), eps=1e-12, elementwise_affine=True)
              (dropout): Dropout(p=0.1)
            )
          )
          (intermediate): BertIntermediate(
            (dense): Linear(in_features=768, out_features=3072, bias=True)
          )
          (output): BertOutput(
            (dense): Linear(in_features=3072, out_features=768, bias=True)
            (LayerNorm): FusedLayerNorm(torch.Size([768]), eps=1e-12, elementwise_affine=True)
            (dropout): Dropout(p=0.1)
          )
        )
        (4): BertLayer(
          (attention): BertAttention(
            (self): BertSelfAttention(
              (query): Linear(in_features=768, out_features=768, bias=True)
              (key): Linear(in_features=768, out_features=768, bias=True)
              (value): Linear(in_features=768, out_features=768, bias=True)
              (dropout): Dropout(p=0.1)
            )
            (output): BertSelfOutput(
              (dense): Linear(in_features=768, out_features=768, bias=True)
              (LayerNorm): FusedLayerNorm(torch.Size([768]), eps=1e-12, elementwise_affine=True)
              (dropout): Dropout(p=0.1)
            )
          )
          (intermediate): BertIntermediate(
            (dense): Linear(in_features=768, out_features=3072, bias=True)
          )
          (output): BertOutput(
            (dense): Linear(in_features=3072, out_features=768, bias=True)
            (LayerNorm): FusedLayerNorm(torch.Size([768]), eps=1e-12, elementwise_affine=True)
            (dropout): Dropout(p=0.1)
          )
        )
        (5): BertLayer(
          (attention): BertAttention(
            (self): BertSelfAttention(
              (query): Linear(in_features=768, out_features=768, bias=True)
              (key): Linear(in_features=768, out_features=768, bias=True)
              (value): Linear(in_features=768, out_features=768, bias=True)
              (dropout): Dropout(p=0.1)
            )
            (output): BertSelfOutput(
              (dense): Linear(in_features=768, out_features=768, bias=True)
              (LayerNorm): FusedLayerNorm(torch.Size([768]), eps=1e-12, elementwise_affine=True)
              (dropout): Dropout(p=0.1)
            )
          )
          (intermediate): BertIntermediate(
            (dense): Linear(in_features=768, out_features=3072, bias=True)
          )
          (output): BertOutput(
            (dense): Linear(in_features=3072, out_features=768, bias=True)
            (LayerNorm): FusedLayerNorm(torch.Size([768]), eps=1e-12, elementwise_affine=True)
            (dropout): Dropout(p=0.1)
          )
        )
        (6): BertLayer(
          (attention): BertAttention(
            (self): BertSelfAttention(
              (query): Linear(in_features=768, out_features=768, bias=True)
              (key): Linear(in_features=768, out_features=768, bias=True)
              (value): Linear(in_features=768, out_features=768, bias=True)
              (dropout): Dropout(p=0.1)
            )
            (output): BertSelfOutput(
              (dense): Linear(in_features=768, out_features=768, bias=True)
              (LayerNorm): FusedLayerNorm(torch.Size([768]), eps=1e-12, elementwise_affine=True)
              (dropout): Dropout(p=0.1)
            )
          )
          (intermediate): BertIntermediate(
            (dense): Linear(in_features=768, out_features=3072, bias=True)
          )
          (output): BertOutput(
            (dense): Linear(in_features=3072, out_features=768, bias=True)
            (LayerNorm): FusedLayerNorm(torch.Size([768]), eps=1e-12, elementwise_affine=True)
            (dropout): Dropout(p=0.1)
          )
        )
        (7): BertLayer(
          (attention): BertAttention(
            (self): BertSelfAttention(
              (query): Linear(in_features=768, out_features=768, bias=True)
              (key): Linear(in_features=768, out_features=768, bias=True)
              (value): Linear(in_features=768, out_features=768, bias=True)
              (dropout): Dropout(p=0.1)
            )
            (output): BertSelfOutput(
              (dense): Linear(in_features=768, out_features=768, bias=True)
              (LayerNorm): FusedLayerNorm(torch.Size([768]), eps=1e-12, elementwise_affine=True)
              (dropout): Dropout(p=0.1)
            )
          )
          (intermediate): BertIntermediate(
            (dense): Linear(in_features=768, out_features=3072, bias=True)
          )
          (output): BertOutput(
            (dense): Linear(in_features=3072, out_features=768, bias=True)
            (LayerNorm): FusedLayerNorm(torch.Size([768]), eps=1e-12, elementwise_affine=True)
            (dropout): Dropout(p=0.1)
          )
        )
        (8): BertLayer(
          (attention): BertAttention(
            (self): BertSelfAttention(
              (query): Linear(in_features=768, out_features=768, bias=True)
              (key): Linear(in_features=768, out_features=768, bias=True)
              (value): Linear(in_features=768, out_features=768, bias=True)
              (dropout): Dropout(p=0.1)
            )
            (output): BertSelfOutput(
              (dense): Linear(in_features=768, out_features=768, bias=True)
              (LayerNorm): FusedLayerNorm(torch.Size([768]), eps=1e-12, elementwise_affine=True)
              (dropout): Dropout(p=0.1)
            )
          )
          (intermediate): BertIntermediate(
            (dense): Linear(in_features=768, out_features=3072, bias=True)
          )
          (output): BertOutput(
            (dense): Linear(in_features=3072, out_features=768, bias=True)
            (LayerNorm): FusedLayerNorm(torch.Size([768]), eps=1e-12, elementwise_affine=True)
            (dropout): Dropout(p=0.1)
          )
        )
        (9): BertLayer(
          (attention): BertAttention(
            (self): BertSelfAttention(
              (query): Linear(in_features=768, out_features=768, bias=True)
              (key): Linear(in_features=768, out_features=768, bias=True)
              (value): Linear(in_features=768, out_features=768, bias=True)
              (dropout): Dropout(p=0.1)
            )
            (output): BertSelfOutput(
              (dense): Linear(in_features=768, out_features=768, bias=True)
              (LayerNorm): FusedLayerNorm(torch.Size([768]), eps=1e-12, elementwise_affine=True)
              (dropout): Dropout(p=0.1)
            )
          )
          (intermediate): BertIntermediate(
            (dense): Linear(in_features=768, out_features=3072, bias=True)
          )
          (output): BertOutput(
            (dense): Linear(in_features=3072, out_features=768, bias=True)
            (LayerNorm): FusedLayerNorm(torch.Size([768]), eps=1e-12, elementwise_affine=True)
            (dropout): Dropout(p=0.1)
          )
        )
        (10): BertLayer(
          (attention): BertAttention(
            (self): BertSelfAttention(
              (query): Linear(in_features=768, out_features=768, bias=True)
              (key): Linear(in_features=768, out_features=768, bias=True)
              (value): Linear(in_features=768, out_features=768, bias=True)
              (dropout): Dropout(p=0.1)
            )
            (output): BertSelfOutput(
              (dense): Linear(in_features=768, out_features=768, bias=True)
              (LayerNorm): FusedLayerNorm(torch.Size([768]), eps=1e-12, elementwise_affine=True)
              (dropout): Dropout(p=0.1)
            )
          )
          (intermediate): BertIntermediate(
            (dense): Linear(in_features=768, out_features=3072, bias=True)
          )
          (output): BertOutput(
            (dense): Linear(in_features=3072, out_features=768, bias=True)
            (LayerNorm): FusedLayerNorm(torch.Size([768]), eps=1e-12, elementwise_affine=True)
            (dropout): Dropout(p=0.1)
          )
        )
        (11): BertLayer(
          (attention): BertAttention(
            (self): BertSelfAttention(
              (query): Linear(in_features=768, out_features=768, bias=True)
              (key): Linear(in_features=768, out_features=768, bias=True)
              (value): Linear(in_features=768, out_features=768, bias=True)
              (dropout): Dropout(p=0.1)
            )
            (output): BertSelfOutput(
              (dense): Linear(in_features=768, out_features=768, bias=True)
              (LayerNorm): FusedLayerNorm(torch.Size([768]), eps=1e-12, elementwise_affine=True)
              (dropout): Dropout(p=0.1)
            )
          )
          (intermediate): BertIntermediate(
            (dense): Linear(in_features=768, out_features=3072, bias=True)
          )
          (output): BertOutput(
            (dense): Linear(in_features=3072, out_features=768, bias=True)
            (LayerNorm): FusedLayerNorm(torch.Size([768]), eps=1e-12, elementwise_affine=True)
            (dropout): Dropout(p=0.1)
          )
        )
      )
    )
    (pooler): BertPooler(
      (dense): Linear(in_features=768, out_features=768, bias=True)
      (activation): Tanh()
    )
  )
  (scoring_list): ModuleList(
    (0): Linear(in_features=768, out_features=4, bias=True)
    (1): Linear(in_features=768, out_features=5, bias=True)
    (2): Linear(in_features=768, out_features=6, bias=True)
    (3): Linear(in_features=768, out_features=2, bias=True)
  )
)

02/20/2023 09:37:33 Total number of params: 110635025
02/20/2023 09:37:33 At epoch 0
02/20/2023 09:37:33 Task [ 2] updates[     1] train loss[1.85030] remaining[0:06:16]
02/20/2023 09:39:30 Task [ 0] updates[   500] train loss[0.79140] remaining[0:00:33]
02/20/2023 09:40:04 Task dvdppf -- epoch 0 -- Dev ACC: 44.755
02/20/2023 09:40:04 Task dvdppf -- epoch 0 -- Dev F1: 27.184
02/20/2023 09:40:05 Task dvdduration -- epoch 0 -- Dev ACC: 38.462
02/20/2023 09:40:05 Task dvdduration -- epoch 0 -- Dev F1: 14.242
02/20/2023 09:40:05 Task dvdorder -- epoch 0 -- Dev ACC: 36.036
02/20/2023 09:40:05 Task dvdorder -- epoch 0 -- Dev F1: 8.830
02/20/2023 09:40:08 Task disc -- epoch 0 -- Dev ACC: 98.825
02/20/2023 09:40:08 Task disc -- epoch 0 -- Dev F1: 97.683
02/20/2023 09:40:08 At epoch 1
02/20/2023 09:41:33 Task [ 3] updates[  1000] train loss[0.73923] remaining[0:01:07]
02/20/2023 09:42:39 Task dvdppf -- epoch 1 -- Dev ACC: 51.748
02/20/2023 09:42:39 Task dvdppf -- epoch 1 -- Dev F1: 38.462
02/20/2023 09:42:40 Task dvdduration -- epoch 1 -- Dev ACC: 43.357
02/20/2023 09:42:40 Task dvdduration -- epoch 1 -- Dev F1: 23.995
02/20/2023 09:42:40 Task dvdorder -- epoch 1 -- Dev ACC: 36.036
02/20/2023 09:42:40 Task dvdorder -- epoch 1 -- Dev F1: 8.830
02/20/2023 09:42:43 Task disc -- epoch 1 -- Dev ACC: 97.543
02/20/2023 09:42:43 Task disc -- epoch 1 -- Dev F1: 95.372
02/20/2023 09:42:43 At epoch 2
02/20/2023 09:43:34 Task [ 3] updates[  1500] train loss[0.71169] remaining[0:01:40]
02/20/2023 09:45:14 Task dvdppf -- epoch 2 -- Dev ACC: 59.441
02/20/2023 09:45:14 Task dvdppf -- epoch 2 -- Dev F1: 44.033
02/20/2023 09:45:14 Task dvdduration -- epoch 2 -- Dev ACC: 44.056
02/20/2023 09:45:14 Task dvdduration -- epoch 2 -- Dev F1: 28.842
02/20/2023 09:45:15 Task dvdorder -- epoch 2 -- Dev ACC: 36.937
02/20/2023 09:45:15 Task dvdorder -- epoch 2 -- Dev F1: 12.908
02/20/2023 09:45:18 Task disc -- epoch 2 -- Dev ACC: 97.222
02/20/2023 09:45:18 Task disc -- epoch 2 -- Dev F1: 94.840
02/20/2023 09:45:18 At epoch 3
02/20/2023 09:45:35 Task [ 3] updates[  2000] train loss[0.68650] remaining[0:02:14]
02/20/2023 09:47:31 Task [ 1] updates[  2500] train loss[0.66508] remaining[0:00:15]
02/20/2023 09:47:48 Task dvdppf -- epoch 3 -- Dev ACC: 55.944
02/20/2023 09:47:48 Task dvdppf -- epoch 3 -- Dev F1: 42.253
02/20/2023 09:47:49 Task dvdduration -- epoch 3 -- Dev ACC: 41.958
02/20/2023 09:47:49 Task dvdduration -- epoch 3 -- Dev F1: 28.062
02/20/2023 09:47:49 Task dvdorder -- epoch 3 -- Dev ACC: 39.640
02/20/2023 09:47:49 Task dvdorder -- epoch 3 -- Dev F1: 20.689
02/20/2023 09:47:52 Task disc -- epoch 3 -- Dev ACC: 98.184
02/20/2023 09:47:52 Task disc -- epoch 3 -- Dev F1: 96.541
02/20/2023 09:47:52 At epoch 4
02/20/2023 09:49:34 Task [ 1] updates[  3000] train loss[0.63607] remaining[0:00:49]
02/20/2023 09:50:22 Task dvdppf -- epoch 4 -- Dev ACC: 49.650
02/20/2023 09:50:22 Task dvdppf -- epoch 4 -- Dev F1: 37.363
02/20/2023 09:50:22 Task dvdduration -- epoch 4 -- Dev ACC: 42.657
02/20/2023 09:50:22 Task dvdduration -- epoch 4 -- Dev F1: 28.778
02/20/2023 09:50:23 Task dvdorder -- epoch 4 -- Dev ACC: 38.739
02/20/2023 09:50:23 Task dvdorder -- epoch 4 -- Dev F1: 19.615
02/20/2023 09:50:26 Task disc -- epoch 4 -- Dev ACC: 97.650
02/20/2023 09:50:26 Task disc -- epoch 4 -- Dev F1: 95.586
02/20/2023 09:50:26 At epoch 5
02/20/2023 09:51:34 Task [ 3] updates[  3500] train loss[0.61641] remaining[0:01:22]
02/20/2023 09:52:56 Task dvdppf -- epoch 5 -- Dev ACC: 53.846
02/20/2023 09:52:56 Task dvdppf -- epoch 5 -- Dev F1: 39.914
02/20/2023 09:52:56 Task dvdduration -- epoch 5 -- Dev ACC: 42.657
02/20/2023 09:52:56 Task dvdduration -- epoch 5 -- Dev F1: 30.566
02/20/2023 09:52:57 Task dvdorder -- epoch 5 -- Dev ACC: 36.036
02/20/2023 09:52:57 Task dvdorder -- epoch 5 -- Dev F1: 18.808
02/20/2023 09:53:00 Task disc -- epoch 5 -- Dev ACC: 97.863
02/20/2023 09:53:00 Task disc -- epoch 5 -- Dev F1: 95.965
02/20/2023 09:53:00 At epoch 6
02/20/2023 09:53:34 Task [ 3] updates[  4000] train loss[0.59676] remaining[0:01:53]
02/20/2023 09:55:30 Task dvdppf -- epoch 6 -- Dev ACC: 48.252
02/20/2023 09:55:30 Task dvdppf -- epoch 6 -- Dev F1: 36.172
02/20/2023 09:55:31 Task dvdduration -- epoch 6 -- Dev ACC: 42.657
02/20/2023 09:55:31 Task dvdduration -- epoch 6 -- Dev F1: 30.339
02/20/2023 09:55:31 Task dvdorder -- epoch 6 -- Dev ACC: 36.937
02/20/2023 09:55:31 Task dvdorder -- epoch 6 -- Dev F1: 22.944
02/20/2023 09:55:34 Task disc -- epoch 6 -- Dev ACC: 97.863
02/20/2023 09:55:34 Task disc -- epoch 6 -- Dev F1: 95.965
02/20/2023 09:55:34 At epoch 7
02/20/2023 09:55:36 Task [ 3] updates[  4500] train loss[0.57593] remaining[0:02:44]
02/20/2023 09:57:33 Task [ 1] updates[  5000] train loss[0.55681] remaining[0:00:31]
02/20/2023 09:58:05 Task dvdppf -- epoch 7 -- Dev ACC: 48.252
02/20/2023 09:58:05 Task dvdppf -- epoch 7 -- Dev F1: 36.007
02/20/2023 09:58:05 Task dvdduration -- epoch 7 -- Dev ACC: 44.056
02/20/2023 09:58:05 Task dvdduration -- epoch 7 -- Dev F1: 33.107
02/20/2023 09:58:06 Task dvdorder -- epoch 7 -- Dev ACC: 35.135
02/20/2023 09:58:06 Task dvdorder -- epoch 7 -- Dev F1: 18.587
02/20/2023 09:58:09 Task disc -- epoch 7 -- Dev ACC: 97.863
02/20/2023 09:58:09 Task disc -- epoch 7 -- Dev F1: 95.965
02/20/2023 09:58:09 At epoch 8
02/20/2023 09:59:34 Task [ 3] updates[  5500] train loss[0.53769] remaining[0:01:05]
02/20/2023 10:00:39 Task dvdppf -- epoch 8 -- Dev ACC: 44.056
02/20/2023 10:00:39 Task dvdppf -- epoch 8 -- Dev F1: 33.398
02/20/2023 10:00:40 Task dvdduration -- epoch 8 -- Dev ACC: 43.357
02/20/2023 10:00:40 Task dvdduration -- epoch 8 -- Dev F1: 32.453
02/20/2023 10:00:40 Task dvdorder -- epoch 8 -- Dev ACC: 36.036
02/20/2023 10:00:40 Task dvdorder -- epoch 8 -- Dev F1: 21.879
02/20/2023 10:00:43 Task disc -- epoch 8 -- Dev ACC: 97.863
02/20/2023 10:00:43 Task disc -- epoch 8 -- Dev F1: 95.965
02/20/2023 10:00:43 At epoch 9
02/20/2023 10:01:36 Task [ 2] updates[  6000] train loss[0.52114] remaining[0:01:39]
02/20/2023 10:03:14 Task dvdppf -- epoch 9 -- Dev ACC: 46.154
02/20/2023 10:03:14 Task dvdppf -- epoch 9 -- Dev F1: 34.515
02/20/2023 10:03:14 Task dvdduration -- epoch 9 -- Dev ACC: 43.357
02/20/2023 10:03:14 Task dvdduration -- epoch 9 -- Dev F1: 31.917
02/20/2023 10:03:15 Task dvdorder -- epoch 9 -- Dev ACC: 36.036
02/20/2023 10:03:15 Task dvdorder -- epoch 9 -- Dev F1: 21.215
02/20/2023 10:03:18 Task disc -- epoch 9 -- Dev ACC: 97.863
02/20/2023 10:03:18 Task disc -- epoch 9 -- Dev F1: 95.965
