02/15/2023 06:48:46 0
02/15/2023 06:48:46 Launching the MT-DNN training
02/15/2023 06:48:46 Loading ../../../dvd_hanashi/dvd_hanashi_all/3/dvdppf_train.json as task 0
02/15/2023 06:48:46 Loading ../../../dvd_hanashi/dvd_hanashi_all/3/dvdduration_train.json as task 1
02/15/2023 06:48:46 Loading ../../../dvd_hanashi/dvd_hanashi_all/3/dvdorder_train.json as task 2
02/15/2023 06:48:46 Loading ../../../dvd_hanashi/dvd_hanashi_all/3/hanashiduration_train.json as task 3
02/15/2023 06:48:46 4,5,6,8
02/15/2023 06:48:46 ####################
02/15/2023 06:48:46 {'log_file': 'checkpoints/dvd_all_hanashi_dur_3_adam_answer_opt0_gc0_ggc1_2023-02-15T0648/log.log', 'tensorboard': False, 'tensorboard_logdir': 'tensorboard_logdir', 'init_checkpoint': '../../../japanese_bert_new_/jap_bert.pt', 'data_dir': '../../../dvd_hanashi/dvd_hanashi_all/3/', 'data_sort_on': False, 'name': 'farmer', 'task_def': '../../../experiments/dvd_hanashi/dvd_hanashi_task_def.yml', 'train_datasets': ['dvdppf', 'dvdduration', 'dvdorder', 'hanashiduration'], 'test_datasets': ['dvdppf', 'dvdduration', 'dvdorder', 'hanashiduration'], 'update_bert_opt': 0, 'multi_gpu_on': True, 'mem_cum_type': 'simple', 'answer_num_turn': 5, 'answer_mem_drop_p': 0.1, 'answer_att_hidden_size': 128, 'answer_att_type': 'bilinear', 'answer_rnn_type': 'gru', 'answer_sum_att_type': 'bilinear', 'answer_merge_opt': 1, 'answer_mem_type': 1, 'answer_dropout_p': 0.1, 'answer_weight_norm_on': False, 'dump_state_on': False, 'answer_opt': [0, 0, 0, 0], 'label_size': '4,5,6,8', 'mtl_opt': 0, 'ratio': 0, 'mix_opt': 0, 'max_seq_len': 512, 'init_ratio': 1, 'encoder_type': <EncoderModelType.BERT: 1>, 'cuda': True, 'log_per_updates': 500, 'save_per_updates': 10000, 'save_per_updates_on': False, 'epochs': 10, 'batch_size': 16, 'batch_size_eval': 8, 'optimizer': 'adam', 'grad_clipping': 0.0, 'global_grad_clipping': 1.0, 'weight_decay': 0, 'learning_rate': 1e-05, 'momentum': 0, 'warmup': 0.1, 'warmup_schedule': 'warmup_linear', 'adam_eps': 1e-06, 'vb_dropout': True, 'dropout_p': 0.1, 'dropout_w': 0.0, 'bert_dropout_p': 0.1, 'model_ckpt': 'checkpoints/model_0.pt', 'resume': False, 'ema_opt': 0, 'ema_gamma': 0.995, 'lookahead': False, 'lookahead_k': 5, 'lookahead_alpha': 0.5, 'have_lr_scheduler': True, 'multi_step_lr': '10,20,30', 'freeze_layers': -1, 'embedding_opt': 0, 'lr_gamma': 0.5, 'bert_l2norm': 0.0, 'scheduler_type': 'ms', 'output_dir': 'checkpoints/dvd_all_hanashi_dur_3_adam_answer_opt0_gc0_ggc1_2023-02-15T0648', 'seed': 2018, 'grad_accumulation_step': 1, 'fp16': False, 'fp16_opt_level': 'O1', 'mean_teacher': False, 'mean_teacher_avg': 'exponential', 'mean_teacher_lambda': 1, 'mean_teacher_rampup': 4000, 'mean_teacher_alpha1': 0.99, 'mean_teacher_alpha2': 0.999, 'mt_kd_tau': 1, 'virtual_teacher': False, 'vat_eps': 0.001, 'vat_max_layer': -1, 'vat_opt': 0, 'vat_lambda': 1, 'vat_alpha': 1, 'vat_nosiy': 1e-05, 'use_noisycopy': False, 'noisycopy_eps': 0.01, 'use_advcopy': False, 'advcopy_eps': 0.01, 'vat_stable_eps': 1e-06, 'tasks_dropout_p': [0.1, 0.1, 0.1, 0.1]}
02/15/2023 06:48:46 ####################
02/15/2023 06:48:46 ############# Gradient Accumulation Info #############
02/15/2023 06:48:46 number of step: 5300
02/15/2023 06:48:46 number of grad grad_accumulation step: 1
02/15/2023 06:48:46 adjusted number of step: 5300
02/15/2023 06:48:46 ############# Gradient Accumulation Info #############
02/15/2023 06:48:54 
############# Model Arch of MT-DNN #############
SANBertNetwork(
  (dropout_list): ModuleList(
    (0): DropoutWrapper()
    (1): DropoutWrapper()
    (2): DropoutWrapper()
    (3): DropoutWrapper()
  )
  (bert): BertModel(
    (embeddings): BertEmbeddings(
      (word_embeddings): Embedding(32006, 768)
      (position_embeddings): Embedding(512, 768)
      (token_type_embeddings): Embedding(2, 768)
      (LayerNorm): FusedLayerNorm(torch.Size([768]), eps=1e-12, elementwise_affine=True)
      (dropout): Dropout(p=0.1)
    )
    (encoder): BertEncoder(
      (layer): ModuleList(
        (0): BertLayer(
          (attention): BertAttention(
            (self): BertSelfAttention(
              (query): Linear(in_features=768, out_features=768, bias=True)
              (key): Linear(in_features=768, out_features=768, bias=True)
              (value): Linear(in_features=768, out_features=768, bias=True)
              (dropout): Dropout(p=0.1)
            )
            (output): BertSelfOutput(
              (dense): Linear(in_features=768, out_features=768, bias=True)
              (LayerNorm): FusedLayerNorm(torch.Size([768]), eps=1e-12, elementwise_affine=True)
              (dropout): Dropout(p=0.1)
            )
          )
          (intermediate): BertIntermediate(
            (dense): Linear(in_features=768, out_features=3072, bias=True)
          )
          (output): BertOutput(
            (dense): Linear(in_features=3072, out_features=768, bias=True)
            (LayerNorm): FusedLayerNorm(torch.Size([768]), eps=1e-12, elementwise_affine=True)
            (dropout): Dropout(p=0.1)
          )
        )
        (1): BertLayer(
          (attention): BertAttention(
            (self): BertSelfAttention(
              (query): Linear(in_features=768, out_features=768, bias=True)
              (key): Linear(in_features=768, out_features=768, bias=True)
              (value): Linear(in_features=768, out_features=768, bias=True)
              (dropout): Dropout(p=0.1)
            )
            (output): BertSelfOutput(
              (dense): Linear(in_features=768, out_features=768, bias=True)
              (LayerNorm): FusedLayerNorm(torch.Size([768]), eps=1e-12, elementwise_affine=True)
              (dropout): Dropout(p=0.1)
            )
          )
          (intermediate): BertIntermediate(
            (dense): Linear(in_features=768, out_features=3072, bias=True)
          )
          (output): BertOutput(
            (dense): Linear(in_features=3072, out_features=768, bias=True)
            (LayerNorm): FusedLayerNorm(torch.Size([768]), eps=1e-12, elementwise_affine=True)
            (dropout): Dropout(p=0.1)
          )
        )
        (2): BertLayer(
          (attention): BertAttention(
            (self): BertSelfAttention(
              (query): Linear(in_features=768, out_features=768, bias=True)
              (key): Linear(in_features=768, out_features=768, bias=True)
              (value): Linear(in_features=768, out_features=768, bias=True)
              (dropout): Dropout(p=0.1)
            )
            (output): BertSelfOutput(
              (dense): Linear(in_features=768, out_features=768, bias=True)
              (LayerNorm): FusedLayerNorm(torch.Size([768]), eps=1e-12, elementwise_affine=True)
              (dropout): Dropout(p=0.1)
            )
          )
          (intermediate): BertIntermediate(
            (dense): Linear(in_features=768, out_features=3072, bias=True)
          )
          (output): BertOutput(
            (dense): Linear(in_features=3072, out_features=768, bias=True)
            (LayerNorm): FusedLayerNorm(torch.Size([768]), eps=1e-12, elementwise_affine=True)
            (dropout): Dropout(p=0.1)
          )
        )
        (3): BertLayer(
          (attention): BertAttention(
            (self): BertSelfAttention(
              (query): Linear(in_features=768, out_features=768, bias=True)
              (key): Linear(in_features=768, out_features=768, bias=True)
              (value): Linear(in_features=768, out_features=768, bias=True)
              (dropout): Dropout(p=0.1)
            )
            (output): BertSelfOutput(
              (dense): Linear(in_features=768, out_features=768, bias=True)
              (LayerNorm): FusedLayerNorm(torch.Size([768]), eps=1e-12, elementwise_affine=True)
              (dropout): Dropout(p=0.1)
            )
          )
          (intermediate): BertIntermediate(
            (dense): Linear(in_features=768, out_features=3072, bias=True)
          )
          (output): BertOutput(
            (dense): Linear(in_features=3072, out_features=768, bias=True)
            (LayerNorm): FusedLayerNorm(torch.Size([768]), eps=1e-12, elementwise_affine=True)
            (dropout): Dropout(p=0.1)
          )
        )
        (4): BertLayer(
          (attention): BertAttention(
            (self): BertSelfAttention(
              (query): Linear(in_features=768, out_features=768, bias=True)
              (key): Linear(in_features=768, out_features=768, bias=True)
              (value): Linear(in_features=768, out_features=768, bias=True)
              (dropout): Dropout(p=0.1)
            )
            (output): BertSelfOutput(
              (dense): Linear(in_features=768, out_features=768, bias=True)
              (LayerNorm): FusedLayerNorm(torch.Size([768]), eps=1e-12, elementwise_affine=True)
              (dropout): Dropout(p=0.1)
            )
          )
          (intermediate): BertIntermediate(
            (dense): Linear(in_features=768, out_features=3072, bias=True)
          )
          (output): BertOutput(
            (dense): Linear(in_features=3072, out_features=768, bias=True)
            (LayerNorm): FusedLayerNorm(torch.Size([768]), eps=1e-12, elementwise_affine=True)
            (dropout): Dropout(p=0.1)
          )
        )
        (5): BertLayer(
          (attention): BertAttention(
            (self): BertSelfAttention(
              (query): Linear(in_features=768, out_features=768, bias=True)
              (key): Linear(in_features=768, out_features=768, bias=True)
              (value): Linear(in_features=768, out_features=768, bias=True)
              (dropout): Dropout(p=0.1)
            )
            (output): BertSelfOutput(
              (dense): Linear(in_features=768, out_features=768, bias=True)
              (LayerNorm): FusedLayerNorm(torch.Size([768]), eps=1e-12, elementwise_affine=True)
              (dropout): Dropout(p=0.1)
            )
          )
          (intermediate): BertIntermediate(
            (dense): Linear(in_features=768, out_features=3072, bias=True)
          )
          (output): BertOutput(
            (dense): Linear(in_features=3072, out_features=768, bias=True)
            (LayerNorm): FusedLayerNorm(torch.Size([768]), eps=1e-12, elementwise_affine=True)
            (dropout): Dropout(p=0.1)
          )
        )
        (6): BertLayer(
          (attention): BertAttention(
            (self): BertSelfAttention(
              (query): Linear(in_features=768, out_features=768, bias=True)
              (key): Linear(in_features=768, out_features=768, bias=True)
              (value): Linear(in_features=768, out_features=768, bias=True)
              (dropout): Dropout(p=0.1)
            )
            (output): BertSelfOutput(
              (dense): Linear(in_features=768, out_features=768, bias=True)
              (LayerNorm): FusedLayerNorm(torch.Size([768]), eps=1e-12, elementwise_affine=True)
              (dropout): Dropout(p=0.1)
            )
          )
          (intermediate): BertIntermediate(
            (dense): Linear(in_features=768, out_features=3072, bias=True)
          )
          (output): BertOutput(
            (dense): Linear(in_features=3072, out_features=768, bias=True)
            (LayerNorm): FusedLayerNorm(torch.Size([768]), eps=1e-12, elementwise_affine=True)
            (dropout): Dropout(p=0.1)
          )
        )
        (7): BertLayer(
          (attention): BertAttention(
            (self): BertSelfAttention(
              (query): Linear(in_features=768, out_features=768, bias=True)
              (key): Linear(in_features=768, out_features=768, bias=True)
              (value): Linear(in_features=768, out_features=768, bias=True)
              (dropout): Dropout(p=0.1)
            )
            (output): BertSelfOutput(
              (dense): Linear(in_features=768, out_features=768, bias=True)
              (LayerNorm): FusedLayerNorm(torch.Size([768]), eps=1e-12, elementwise_affine=True)
              (dropout): Dropout(p=0.1)
            )
          )
          (intermediate): BertIntermediate(
            (dense): Linear(in_features=768, out_features=3072, bias=True)
          )
          (output): BertOutput(
            (dense): Linear(in_features=3072, out_features=768, bias=True)
            (LayerNorm): FusedLayerNorm(torch.Size([768]), eps=1e-12, elementwise_affine=True)
            (dropout): Dropout(p=0.1)
          )
        )
        (8): BertLayer(
          (attention): BertAttention(
            (self): BertSelfAttention(
              (query): Linear(in_features=768, out_features=768, bias=True)
              (key): Linear(in_features=768, out_features=768, bias=True)
              (value): Linear(in_features=768, out_features=768, bias=True)
              (dropout): Dropout(p=0.1)
            )
            (output): BertSelfOutput(
              (dense): Linear(in_features=768, out_features=768, bias=True)
              (LayerNorm): FusedLayerNorm(torch.Size([768]), eps=1e-12, elementwise_affine=True)
              (dropout): Dropout(p=0.1)
            )
          )
          (intermediate): BertIntermediate(
            (dense): Linear(in_features=768, out_features=3072, bias=True)
          )
          (output): BertOutput(
            (dense): Linear(in_features=3072, out_features=768, bias=True)
            (LayerNorm): FusedLayerNorm(torch.Size([768]), eps=1e-12, elementwise_affine=True)
            (dropout): Dropout(p=0.1)
          )
        )
        (9): BertLayer(
          (attention): BertAttention(
            (self): BertSelfAttention(
              (query): Linear(in_features=768, out_features=768, bias=True)
              (key): Linear(in_features=768, out_features=768, bias=True)
              (value): Linear(in_features=768, out_features=768, bias=True)
              (dropout): Dropout(p=0.1)
            )
            (output): BertSelfOutput(
              (dense): Linear(in_features=768, out_features=768, bias=True)
              (LayerNorm): FusedLayerNorm(torch.Size([768]), eps=1e-12, elementwise_affine=True)
              (dropout): Dropout(p=0.1)
            )
          )
          (intermediate): BertIntermediate(
            (dense): Linear(in_features=768, out_features=3072, bias=True)
          )
          (output): BertOutput(
            (dense): Linear(in_features=3072, out_features=768, bias=True)
            (LayerNorm): FusedLayerNorm(torch.Size([768]), eps=1e-12, elementwise_affine=True)
            (dropout): Dropout(p=0.1)
          )
        )
        (10): BertLayer(
          (attention): BertAttention(
            (self): BertSelfAttention(
              (query): Linear(in_features=768, out_features=768, bias=True)
              (key): Linear(in_features=768, out_features=768, bias=True)
              (value): Linear(in_features=768, out_features=768, bias=True)
              (dropout): Dropout(p=0.1)
            )
            (output): BertSelfOutput(
              (dense): Linear(in_features=768, out_features=768, bias=True)
              (LayerNorm): FusedLayerNorm(torch.Size([768]), eps=1e-12, elementwise_affine=True)
              (dropout): Dropout(p=0.1)
            )
          )
          (intermediate): BertIntermediate(
            (dense): Linear(in_features=768, out_features=3072, bias=True)
          )
          (output): BertOutput(
            (dense): Linear(in_features=3072, out_features=768, bias=True)
            (LayerNorm): FusedLayerNorm(torch.Size([768]), eps=1e-12, elementwise_affine=True)
            (dropout): Dropout(p=0.1)
          )
        )
        (11): BertLayer(
          (attention): BertAttention(
            (self): BertSelfAttention(
              (query): Linear(in_features=768, out_features=768, bias=True)
              (key): Linear(in_features=768, out_features=768, bias=True)
              (value): Linear(in_features=768, out_features=768, bias=True)
              (dropout): Dropout(p=0.1)
            )
            (output): BertSelfOutput(
              (dense): Linear(in_features=768, out_features=768, bias=True)
              (LayerNorm): FusedLayerNorm(torch.Size([768]), eps=1e-12, elementwise_affine=True)
              (dropout): Dropout(p=0.1)
            )
          )
          (intermediate): BertIntermediate(
            (dense): Linear(in_features=768, out_features=3072, bias=True)
          )
          (output): BertOutput(
            (dense): Linear(in_features=3072, out_features=768, bias=True)
            (LayerNorm): FusedLayerNorm(torch.Size([768]), eps=1e-12, elementwise_affine=True)
            (dropout): Dropout(p=0.1)
          )
        )
      )
    )
    (pooler): BertPooler(
      (dense): Linear(in_features=768, out_features=768, bias=True)
      (activation): Tanh()
    )
  )
  (scoring_list): ModuleList(
    (0): Linear(in_features=768, out_features=4, bias=True)
    (1): Linear(in_features=768, out_features=5, bias=True)
    (2): Linear(in_features=768, out_features=6, bias=True)
    (3): Linear(in_features=768, out_features=8, bias=True)
  )
)

02/15/2023 06:48:54 Total number of params: 110639639
02/15/2023 06:48:54 At epoch 0
02/15/2023 06:48:55 Task [ 3] updates[     1] train loss[2.03353] remaining[0:05:18]
02/15/2023 06:50:19 Task [ 3] updates[   500] train loss[1.55623] remaining[0:00:05]
02/15/2023 06:50:24 Task dvdppf -- epoch 0 -- Dev ACC: 32.867
02/15/2023 06:50:24 Task dvdppf -- epoch 0 -- Dev F1: 13.276
02/15/2023 06:50:25 Task dvdduration -- epoch 0 -- Dev ACC: 32.867
02/15/2023 06:50:25 Task dvdduration -- epoch 0 -- Dev F1: 15.623
02/15/2023 06:50:25 Task dvdorder -- epoch 0 -- Dev ACC: 36.036
02/15/2023 06:50:25 Task dvdorder -- epoch 0 -- Dev F1: 8.830
02/15/2023 06:50:28 Task hanashiduration -- epoch 0 -- Dev ACC: 38.840
02/15/2023 06:50:28 Task hanashiduration -- epoch 0 -- Dev F1: 11.082
02/15/2023 06:50:28 At epoch 1
02/15/2023 06:51:46 Task [ 1] updates[  1000] train loss[1.48529] remaining[0:00:09]
02/15/2023 06:51:56 Task dvdppf -- epoch 1 -- Dev ACC: 46.154
02/15/2023 06:51:56 Task dvdppf -- epoch 1 -- Dev F1: 34.043
02/15/2023 06:51:56 Task dvdduration -- epoch 1 -- Dev ACC: 39.161
02/15/2023 06:51:56 Task dvdduration -- epoch 1 -- Dev F1: 23.861
02/15/2023 06:51:56 Task dvdorder -- epoch 1 -- Dev ACC: 36.937
02/15/2023 06:51:56 Task dvdorder -- epoch 1 -- Dev F1: 10.404
02/15/2023 06:51:59 Task hanashiduration -- epoch 1 -- Dev ACC: 30.013
02/15/2023 06:51:59 Task hanashiduration -- epoch 1 -- Dev F1: 10.665
02/15/2023 06:51:59 At epoch 2
02/15/2023 06:53:11 Task [ 1] updates[  1500] train loss[1.41289] remaining[0:00:14]
02/15/2023 06:53:26 Task dvdppf -- epoch 2 -- Dev ACC: 53.147
02/15/2023 06:53:26 Task dvdppf -- epoch 2 -- Dev F1: 39.978
02/15/2023 06:53:27 Task dvdduration -- epoch 2 -- Dev ACC: 42.657
02/15/2023 06:53:27 Task dvdduration -- epoch 2 -- Dev F1: 28.668
02/15/2023 06:53:27 Task dvdorder -- epoch 2 -- Dev ACC: 36.036
02/15/2023 06:53:27 Task dvdorder -- epoch 2 -- Dev F1: 11.346
02/15/2023 06:53:29 Task hanashiduration -- epoch 2 -- Dev ACC: 34.931
02/15/2023 06:53:29 Task hanashiduration -- epoch 2 -- Dev F1: 15.122
02/15/2023 06:53:29 At epoch 3
02/15/2023 06:54:38 Task [ 2] updates[  2000] train loss[1.33878] remaining[0:00:20]
02/15/2023 06:54:57 Task dvdppf -- epoch 3 -- Dev ACC: 47.552
02/15/2023 06:54:57 Task dvdppf -- epoch 3 -- Dev F1: 35.882
02/15/2023 06:54:58 Task dvdduration -- epoch 3 -- Dev ACC: 42.657
02/15/2023 06:54:58 Task dvdduration -- epoch 3 -- Dev F1: 31.645
02/15/2023 06:54:58 Task dvdorder -- epoch 3 -- Dev ACC: 36.937
02/15/2023 06:54:58 Task dvdorder -- epoch 3 -- Dev F1: 13.708
02/15/2023 06:55:00 Task hanashiduration -- epoch 3 -- Dev ACC: 31.778
02/15/2023 06:55:00 Task hanashiduration -- epoch 3 -- Dev F1: 15.903
02/15/2023 06:55:00 At epoch 4
02/15/2023 06:56:06 Task [ 1] updates[  2500] train loss[1.27364] remaining[0:00:25]
02/15/2023 06:56:32 Task dvdppf -- epoch 4 -- Dev ACC: 45.455
02/15/2023 06:56:32 Task dvdppf -- epoch 4 -- Dev F1: 33.811
02/15/2023 06:56:32 Task dvdduration -- epoch 4 -- Dev ACC: 45.455
02/15/2023 06:56:32 Task dvdduration -- epoch 4 -- Dev F1: 32.180
02/15/2023 06:56:33 Task dvdorder -- epoch 4 -- Dev ACC: 36.036
02/15/2023 06:56:33 Task dvdorder -- epoch 4 -- Dev F1: 10.310
02/15/2023 06:56:35 Task hanashiduration -- epoch 4 -- Dev ACC: 34.931
02/15/2023 06:56:35 Task hanashiduration -- epoch 4 -- Dev F1: 15.830
02/15/2023 06:56:35 At epoch 5
02/15/2023 06:57:36 Task [ 1] updates[  3000] train loss[1.21330] remaining[0:00:31]
02/15/2023 06:58:06 Task dvdppf -- epoch 5 -- Dev ACC: 50.350
02/15/2023 06:58:06 Task dvdppf -- epoch 5 -- Dev F1: 38.088
02/15/2023 06:58:06 Task dvdduration -- epoch 5 -- Dev ACC: 46.853
02/15/2023 06:58:06 Task dvdduration -- epoch 5 -- Dev F1: 34.080
02/15/2023 06:58:07 Task dvdorder -- epoch 5 -- Dev ACC: 36.036
02/15/2023 06:58:07 Task dvdorder -- epoch 5 -- Dev F1: 16.192
02/15/2023 06:58:09 Task hanashiduration -- epoch 5 -- Dev ACC: 33.796
02/15/2023 06:58:09 Task hanashiduration -- epoch 5 -- Dev F1: 15.503
02/15/2023 06:58:09 At epoch 6
02/15/2023 06:59:02 Task [ 3] updates[  3500] train loss[1.15415] remaining[0:00:34]
02/15/2023 06:59:36 Task dvdppf -- epoch 6 -- Dev ACC: 47.552
02/15/2023 06:59:36 Task dvdppf -- epoch 6 -- Dev F1: 35.766
02/15/2023 06:59:36 Task dvdduration -- epoch 6 -- Dev ACC: 46.853
02/15/2023 06:59:36 Task dvdduration -- epoch 6 -- Dev F1: 34.106
02/15/2023 06:59:37 Task dvdorder -- epoch 6 -- Dev ACC: 37.838
02/15/2023 06:59:37 Task dvdorder -- epoch 6 -- Dev F1: 21.358
02/15/2023 06:59:39 Task hanashiduration -- epoch 6 -- Dev ACC: 31.400
02/15/2023 06:59:39 Task hanashiduration -- epoch 6 -- Dev F1: 16.537
02/15/2023 06:59:39 At epoch 7
02/15/2023 07:00:26 Task [ 3] updates[  4000] train loss[1.10345] remaining[0:00:39]
02/15/2023 07:01:06 Task dvdppf -- epoch 7 -- Dev ACC: 46.154
02/15/2023 07:01:06 Task dvdppf -- epoch 7 -- Dev F1: 34.082
02/15/2023 07:01:06 Task dvdduration -- epoch 7 -- Dev ACC: 46.853
02/15/2023 07:01:06 Task dvdduration -- epoch 7 -- Dev F1: 34.922
02/15/2023 07:01:07 Task dvdorder -- epoch 7 -- Dev ACC: 35.135
02/15/2023 07:01:07 Task dvdorder -- epoch 7 -- Dev F1: 15.972
02/15/2023 07:01:09 Task hanashiduration -- epoch 7 -- Dev ACC: 30.769
02/15/2023 07:01:09 Task hanashiduration -- epoch 7 -- Dev F1: 15.755
02/15/2023 07:01:09 At epoch 8
02/15/2023 07:01:52 Task [ 3] updates[  4500] train loss[1.05854] remaining[0:00:44]
02/15/2023 07:02:36 Task dvdppf -- epoch 8 -- Dev ACC: 44.056
02/15/2023 07:02:36 Task dvdppf -- epoch 8 -- Dev F1: 32.793
02/15/2023 07:02:36 Task dvdduration -- epoch 8 -- Dev ACC: 47.552
02/15/2023 07:02:36 Task dvdduration -- epoch 8 -- Dev F1: 35.275
02/15/2023 07:02:37 Task dvdorder -- epoch 8 -- Dev ACC: 35.135
02/15/2023 07:02:37 Task dvdorder -- epoch 8 -- Dev F1: 17.592
02/15/2023 07:02:39 Task hanashiduration -- epoch 8 -- Dev ACC: 31.652
02/15/2023 07:02:39 Task hanashiduration -- epoch 8 -- Dev F1: 17.054
02/15/2023 07:02:39 At epoch 9
02/15/2023 07:03:16 Task [ 3] updates[  5000] train loss[1.01820] remaining[0:00:48]
02/15/2023 07:04:06 Task dvdppf -- epoch 9 -- Dev ACC: 42.657
02/15/2023 07:04:06 Task dvdppf -- epoch 9 -- Dev F1: 32.082
02/15/2023 07:04:07 Task dvdduration -- epoch 9 -- Dev ACC: 45.455
02/15/2023 07:04:07 Task dvdduration -- epoch 9 -- Dev F1: 33.370
02/15/2023 07:04:07 Task dvdorder -- epoch 9 -- Dev ACC: 39.640
02/15/2023 07:04:07 Task dvdorder -- epoch 9 -- Dev F1: 23.352
02/15/2023 07:04:10 Task hanashiduration -- epoch 9 -- Dev ACC: 32.409
02/15/2023 07:04:10 Task hanashiduration -- epoch 9 -- Dev F1: 17.334
