02/15/2023 03:56:10 0
02/15/2023 03:56:10 Launching the MT-DNN training
02/15/2023 03:56:10 Loading ../../../dvd_hanashi/dvd_hanashi_all/1/dvdppf_train.json as task 0
02/15/2023 03:56:10 Loading ../../../dvd_hanashi/dvd_hanashi_all/1/dvdorder_train.json as task 1
02/15/2023 03:56:10 Loading ../../../dvd_hanashi/dvd_hanashi_all/1/ppf_train.json as task 2
02/15/2023 03:56:10 4,6,4
02/15/2023 03:56:10 ####################
02/15/2023 03:56:10 {'log_file': 'checkpoints/dvd_best_hanashi_ppf_1_adam_answer_opt0_gc0_ggc1_2023-02-15T0356/log.log', 'tensorboard': False, 'tensorboard_logdir': 'tensorboard_logdir', 'init_checkpoint': '../../../japanese_bert_new_/jap_bert.pt', 'data_dir': '../../../dvd_hanashi/dvd_hanashi_all/1/', 'data_sort_on': False, 'name': 'farmer', 'task_def': '../../../experiments/dvd_hanashi/dvd_hanashi_task_def.yml', 'train_datasets': ['dvdppf', 'dvdorder', 'ppf'], 'test_datasets': ['dvdppf', 'dvdorder', 'ppf'], 'update_bert_opt': 0, 'multi_gpu_on': True, 'mem_cum_type': 'simple', 'answer_num_turn': 5, 'answer_mem_drop_p': 0.1, 'answer_att_hidden_size': 128, 'answer_att_type': 'bilinear', 'answer_rnn_type': 'gru', 'answer_sum_att_type': 'bilinear', 'answer_merge_opt': 1, 'answer_mem_type': 1, 'answer_dropout_p': 0.1, 'answer_weight_norm_on': False, 'dump_state_on': False, 'answer_opt': [0, 0, 0], 'label_size': '4,6,4', 'mtl_opt': 0, 'ratio': 0, 'mix_opt': 0, 'max_seq_len': 512, 'init_ratio': 1, 'encoder_type': <EncoderModelType.BERT: 1>, 'cuda': True, 'log_per_updates': 500, 'save_per_updates': 10000, 'save_per_updates_on': False, 'epochs': 10, 'batch_size': 16, 'batch_size_eval': 8, 'optimizer': 'adam', 'grad_clipping': 0.0, 'global_grad_clipping': 1.0, 'weight_decay': 0, 'learning_rate': 1e-05, 'momentum': 0, 'warmup': 0.1, 'warmup_schedule': 'warmup_linear', 'adam_eps': 1e-06, 'vb_dropout': True, 'dropout_p': 0.1, 'dropout_w': 0.0, 'bert_dropout_p': 0.1, 'model_ckpt': 'checkpoints/model_0.pt', 'resume': False, 'ema_opt': 0, 'ema_gamma': 0.995, 'lookahead': False, 'lookahead_k': 5, 'lookahead_alpha': 0.5, 'have_lr_scheduler': True, 'multi_step_lr': '10,20,30', 'freeze_layers': -1, 'embedding_opt': 0, 'lr_gamma': 0.5, 'bert_l2norm': 0.0, 'scheduler_type': 'ms', 'output_dir': 'checkpoints/dvd_best_hanashi_ppf_1_adam_answer_opt0_gc0_ggc1_2023-02-15T0356', 'seed': 2018, 'grad_accumulation_step': 1, 'fp16': False, 'fp16_opt_level': 'O1', 'mean_teacher': False, 'mean_teacher_avg': 'exponential', 'mean_teacher_lambda': 1, 'mean_teacher_rampup': 4000, 'mean_teacher_alpha1': 0.99, 'mean_teacher_alpha2': 0.999, 'mt_kd_tau': 1, 'virtual_teacher': False, 'vat_eps': 0.001, 'vat_max_layer': -1, 'vat_opt': 0, 'vat_lambda': 1, 'vat_alpha': 1, 'vat_nosiy': 1e-05, 'use_noisycopy': False, 'noisycopy_eps': 0.01, 'use_advcopy': False, 'advcopy_eps': 0.01, 'vat_stable_eps': 1e-06, 'tasks_dropout_p': [0.1, 0.1, 0.1]}
02/15/2023 03:56:10 ####################
02/15/2023 03:56:10 ############# Gradient Accumulation Info #############
02/15/2023 03:56:10 number of step: 4040
02/15/2023 03:56:10 number of grad grad_accumulation step: 1
02/15/2023 03:56:10 adjusted number of step: 4040
02/15/2023 03:56:10 ############# Gradient Accumulation Info #############
02/15/2023 03:56:17 
############# Model Arch of MT-DNN #############
SANBertNetwork(
  (dropout_list): ModuleList(
    (0): DropoutWrapper()
    (1): DropoutWrapper()
    (2): DropoutWrapper()
  )
  (bert): BertModel(
    (embeddings): BertEmbeddings(
      (word_embeddings): Embedding(32006, 768)
      (position_embeddings): Embedding(512, 768)
      (token_type_embeddings): Embedding(2, 768)
      (LayerNorm): FusedLayerNorm(torch.Size([768]), eps=1e-12, elementwise_affine=True)
      (dropout): Dropout(p=0.1)
    )
    (encoder): BertEncoder(
      (layer): ModuleList(
        (0): BertLayer(
          (attention): BertAttention(
            (self): BertSelfAttention(
              (query): Linear(in_features=768, out_features=768, bias=True)
              (key): Linear(in_features=768, out_features=768, bias=True)
              (value): Linear(in_features=768, out_features=768, bias=True)
              (dropout): Dropout(p=0.1)
            )
            (output): BertSelfOutput(
              (dense): Linear(in_features=768, out_features=768, bias=True)
              (LayerNorm): FusedLayerNorm(torch.Size([768]), eps=1e-12, elementwise_affine=True)
              (dropout): Dropout(p=0.1)
            )
          )
          (intermediate): BertIntermediate(
            (dense): Linear(in_features=768, out_features=3072, bias=True)
          )
          (output): BertOutput(
            (dense): Linear(in_features=3072, out_features=768, bias=True)
            (LayerNorm): FusedLayerNorm(torch.Size([768]), eps=1e-12, elementwise_affine=True)
            (dropout): Dropout(p=0.1)
          )
        )
        (1): BertLayer(
          (attention): BertAttention(
            (self): BertSelfAttention(
              (query): Linear(in_features=768, out_features=768, bias=True)
              (key): Linear(in_features=768, out_features=768, bias=True)
              (value): Linear(in_features=768, out_features=768, bias=True)
              (dropout): Dropout(p=0.1)
            )
            (output): BertSelfOutput(
              (dense): Linear(in_features=768, out_features=768, bias=True)
              (LayerNorm): FusedLayerNorm(torch.Size([768]), eps=1e-12, elementwise_affine=True)
              (dropout): Dropout(p=0.1)
            )
          )
          (intermediate): BertIntermediate(
            (dense): Linear(in_features=768, out_features=3072, bias=True)
          )
          (output): BertOutput(
            (dense): Linear(in_features=3072, out_features=768, bias=True)
            (LayerNorm): FusedLayerNorm(torch.Size([768]), eps=1e-12, elementwise_affine=True)
            (dropout): Dropout(p=0.1)
          )
        )
        (2): BertLayer(
          (attention): BertAttention(
            (self): BertSelfAttention(
              (query): Linear(in_features=768, out_features=768, bias=True)
              (key): Linear(in_features=768, out_features=768, bias=True)
              (value): Linear(in_features=768, out_features=768, bias=True)
              (dropout): Dropout(p=0.1)
            )
            (output): BertSelfOutput(
              (dense): Linear(in_features=768, out_features=768, bias=True)
              (LayerNorm): FusedLayerNorm(torch.Size([768]), eps=1e-12, elementwise_affine=True)
              (dropout): Dropout(p=0.1)
            )
          )
          (intermediate): BertIntermediate(
            (dense): Linear(in_features=768, out_features=3072, bias=True)
          )
          (output): BertOutput(
            (dense): Linear(in_features=3072, out_features=768, bias=True)
            (LayerNorm): FusedLayerNorm(torch.Size([768]), eps=1e-12, elementwise_affine=True)
            (dropout): Dropout(p=0.1)
          )
        )
        (3): BertLayer(
          (attention): BertAttention(
            (self): BertSelfAttention(
              (query): Linear(in_features=768, out_features=768, bias=True)
              (key): Linear(in_features=768, out_features=768, bias=True)
              (value): Linear(in_features=768, out_features=768, bias=True)
              (dropout): Dropout(p=0.1)
            )
            (output): BertSelfOutput(
              (dense): Linear(in_features=768, out_features=768, bias=True)
              (LayerNorm): FusedLayerNorm(torch.Size([768]), eps=1e-12, elementwise_affine=True)
              (dropout): Dropout(p=0.1)
            )
          )
          (intermediate): BertIntermediate(
            (dense): Linear(in_features=768, out_features=3072, bias=True)
          )
          (output): BertOutput(
            (dense): Linear(in_features=3072, out_features=768, bias=True)
            (LayerNorm): FusedLayerNorm(torch.Size([768]), eps=1e-12, elementwise_affine=True)
            (dropout): Dropout(p=0.1)
          )
        )
        (4): BertLayer(
          (attention): BertAttention(
            (self): BertSelfAttention(
              (query): Linear(in_features=768, out_features=768, bias=True)
              (key): Linear(in_features=768, out_features=768, bias=True)
              (value): Linear(in_features=768, out_features=768, bias=True)
              (dropout): Dropout(p=0.1)
            )
            (output): BertSelfOutput(
              (dense): Linear(in_features=768, out_features=768, bias=True)
              (LayerNorm): FusedLayerNorm(torch.Size([768]), eps=1e-12, elementwise_affine=True)
              (dropout): Dropout(p=0.1)
            )
          )
          (intermediate): BertIntermediate(
            (dense): Linear(in_features=768, out_features=3072, bias=True)
          )
          (output): BertOutput(
            (dense): Linear(in_features=3072, out_features=768, bias=True)
            (LayerNorm): FusedLayerNorm(torch.Size([768]), eps=1e-12, elementwise_affine=True)
            (dropout): Dropout(p=0.1)
          )
        )
        (5): BertLayer(
          (attention): BertAttention(
            (self): BertSelfAttention(
              (query): Linear(in_features=768, out_features=768, bias=True)
              (key): Linear(in_features=768, out_features=768, bias=True)
              (value): Linear(in_features=768, out_features=768, bias=True)
              (dropout): Dropout(p=0.1)
            )
            (output): BertSelfOutput(
              (dense): Linear(in_features=768, out_features=768, bias=True)
              (LayerNorm): FusedLayerNorm(torch.Size([768]), eps=1e-12, elementwise_affine=True)
              (dropout): Dropout(p=0.1)
            )
          )
          (intermediate): BertIntermediate(
            (dense): Linear(in_features=768, out_features=3072, bias=True)
          )
          (output): BertOutput(
            (dense): Linear(in_features=3072, out_features=768, bias=True)
            (LayerNorm): FusedLayerNorm(torch.Size([768]), eps=1e-12, elementwise_affine=True)
            (dropout): Dropout(p=0.1)
          )
        )
        (6): BertLayer(
          (attention): BertAttention(
            (self): BertSelfAttention(
              (query): Linear(in_features=768, out_features=768, bias=True)
              (key): Linear(in_features=768, out_features=768, bias=True)
              (value): Linear(in_features=768, out_features=768, bias=True)
              (dropout): Dropout(p=0.1)
            )
            (output): BertSelfOutput(
              (dense): Linear(in_features=768, out_features=768, bias=True)
              (LayerNorm): FusedLayerNorm(torch.Size([768]), eps=1e-12, elementwise_affine=True)
              (dropout): Dropout(p=0.1)
            )
          )
          (intermediate): BertIntermediate(
            (dense): Linear(in_features=768, out_features=3072, bias=True)
          )
          (output): BertOutput(
            (dense): Linear(in_features=3072, out_features=768, bias=True)
            (LayerNorm): FusedLayerNorm(torch.Size([768]), eps=1e-12, elementwise_affine=True)
            (dropout): Dropout(p=0.1)
          )
        )
        (7): BertLayer(
          (attention): BertAttention(
            (self): BertSelfAttention(
              (query): Linear(in_features=768, out_features=768, bias=True)
              (key): Linear(in_features=768, out_features=768, bias=True)
              (value): Linear(in_features=768, out_features=768, bias=True)
              (dropout): Dropout(p=0.1)
            )
            (output): BertSelfOutput(
              (dense): Linear(in_features=768, out_features=768, bias=True)
              (LayerNorm): FusedLayerNorm(torch.Size([768]), eps=1e-12, elementwise_affine=True)
              (dropout): Dropout(p=0.1)
            )
          )
          (intermediate): BertIntermediate(
            (dense): Linear(in_features=768, out_features=3072, bias=True)
          )
          (output): BertOutput(
            (dense): Linear(in_features=3072, out_features=768, bias=True)
            (LayerNorm): FusedLayerNorm(torch.Size([768]), eps=1e-12, elementwise_affine=True)
            (dropout): Dropout(p=0.1)
          )
        )
        (8): BertLayer(
          (attention): BertAttention(
            (self): BertSelfAttention(
              (query): Linear(in_features=768, out_features=768, bias=True)
              (key): Linear(in_features=768, out_features=768, bias=True)
              (value): Linear(in_features=768, out_features=768, bias=True)
              (dropout): Dropout(p=0.1)
            )
            (output): BertSelfOutput(
              (dense): Linear(in_features=768, out_features=768, bias=True)
              (LayerNorm): FusedLayerNorm(torch.Size([768]), eps=1e-12, elementwise_affine=True)
              (dropout): Dropout(p=0.1)
            )
          )
          (intermediate): BertIntermediate(
            (dense): Linear(in_features=768, out_features=3072, bias=True)
          )
          (output): BertOutput(
            (dense): Linear(in_features=3072, out_features=768, bias=True)
            (LayerNorm): FusedLayerNorm(torch.Size([768]), eps=1e-12, elementwise_affine=True)
            (dropout): Dropout(p=0.1)
          )
        )
        (9): BertLayer(
          (attention): BertAttention(
            (self): BertSelfAttention(
              (query): Linear(in_features=768, out_features=768, bias=True)
              (key): Linear(in_features=768, out_features=768, bias=True)
              (value): Linear(in_features=768, out_features=768, bias=True)
              (dropout): Dropout(p=0.1)
            )
            (output): BertSelfOutput(
              (dense): Linear(in_features=768, out_features=768, bias=True)
              (LayerNorm): FusedLayerNorm(torch.Size([768]), eps=1e-12, elementwise_affine=True)
              (dropout): Dropout(p=0.1)
            )
          )
          (intermediate): BertIntermediate(
            (dense): Linear(in_features=768, out_features=3072, bias=True)
          )
          (output): BertOutput(
            (dense): Linear(in_features=3072, out_features=768, bias=True)
            (LayerNorm): FusedLayerNorm(torch.Size([768]), eps=1e-12, elementwise_affine=True)
            (dropout): Dropout(p=0.1)
          )
        )
        (10): BertLayer(
          (attention): BertAttention(
            (self): BertSelfAttention(
              (query): Linear(in_features=768, out_features=768, bias=True)
              (key): Linear(in_features=768, out_features=768, bias=True)
              (value): Linear(in_features=768, out_features=768, bias=True)
              (dropout): Dropout(p=0.1)
            )
            (output): BertSelfOutput(
              (dense): Linear(in_features=768, out_features=768, bias=True)
              (LayerNorm): FusedLayerNorm(torch.Size([768]), eps=1e-12, elementwise_affine=True)
              (dropout): Dropout(p=0.1)
            )
          )
          (intermediate): BertIntermediate(
            (dense): Linear(in_features=768, out_features=3072, bias=True)
          )
          (output): BertOutput(
            (dense): Linear(in_features=3072, out_features=768, bias=True)
            (LayerNorm): FusedLayerNorm(torch.Size([768]), eps=1e-12, elementwise_affine=True)
            (dropout): Dropout(p=0.1)
          )
        )
        (11): BertLayer(
          (attention): BertAttention(
            (self): BertSelfAttention(
              (query): Linear(in_features=768, out_features=768, bias=True)
              (key): Linear(in_features=768, out_features=768, bias=True)
              (value): Linear(in_features=768, out_features=768, bias=True)
              (dropout): Dropout(p=0.1)
            )
            (output): BertSelfOutput(
              (dense): Linear(in_features=768, out_features=768, bias=True)
              (LayerNorm): FusedLayerNorm(torch.Size([768]), eps=1e-12, elementwise_affine=True)
              (dropout): Dropout(p=0.1)
            )
          )
          (intermediate): BertIntermediate(
            (dense): Linear(in_features=768, out_features=3072, bias=True)
          )
          (output): BertOutput(
            (dense): Linear(in_features=3072, out_features=768, bias=True)
            (LayerNorm): FusedLayerNorm(torch.Size([768]), eps=1e-12, elementwise_affine=True)
            (dropout): Dropout(p=0.1)
          )
        )
      )
    )
    (pooler): BertPooler(
      (dense): Linear(in_features=768, out_features=768, bias=True)
      (activation): Tanh()
    )
  )
  (scoring_list): ModuleList(
    (0): Linear(in_features=768, out_features=4, bias=True)
    (1): Linear(in_features=768, out_features=6, bias=True)
    (2): Linear(in_features=768, out_features=4, bias=True)
  )
)

02/15/2023 03:56:17 Total number of params: 110632718
02/15/2023 03:56:17 At epoch 0
02/15/2023 03:56:18 Task [ 1] updates[     1] train loss[1.78112] remaining[0:03:21]
02/15/2023 03:57:23 Task dvdppf -- epoch 0 -- Dev ACC: 48.963
02/15/2023 03:57:23 Task dvdppf -- epoch 0 -- Dev F1: 32.631
02/15/2023 03:57:24 Task dvdorder -- epoch 0 -- Dev ACC: 41.117
02/15/2023 03:57:24 Task dvdorder -- epoch 0 -- Dev F1: 9.712
02/15/2023 03:57:26 Task ppf -- epoch 0 -- Dev ACC: 49.142
02/15/2023 03:57:26 Task ppf -- epoch 0 -- Dev F1: 30.335
02/15/2023 03:57:26 At epoch 1
02/15/2023 03:57:41 Task [ 2] updates[   500] train loss[1.08411] remaining[0:00:48]
02/15/2023 03:58:32 Task dvdppf -- epoch 1 -- Dev ACC: 49.793
02/15/2023 03:58:32 Task dvdppf -- epoch 1 -- Dev F1: 36.892
02/15/2023 03:58:32 Task dvdorder -- epoch 1 -- Dev ACC: 36.041
02/15/2023 03:58:32 Task dvdorder -- epoch 1 -- Dev F1: 10.900
02/15/2023 03:58:35 Task ppf -- epoch 1 -- Dev ACC: 55.882
02/15/2023 03:58:35 Task ppf -- epoch 1 -- Dev F1: 37.203
02/15/2023 03:58:35 At epoch 2
02/15/2023 03:59:06 Task [ 2] updates[  1000] train loss[0.98516] remaining[0:00:34]
02/15/2023 03:59:40 Task dvdppf -- epoch 2 -- Dev ACC: 52.282
02/15/2023 03:59:40 Task dvdppf -- epoch 2 -- Dev F1: 36.772
02/15/2023 03:59:40 Task dvdorder -- epoch 2 -- Dev ACC: 35.025
02/15/2023 03:59:40 Task dvdorder -- epoch 2 -- Dev F1: 14.063
02/15/2023 03:59:43 Task ppf -- epoch 2 -- Dev ACC: 62.132
02/15/2023 03:59:43 Task ppf -- epoch 2 -- Dev F1: 45.767
02/15/2023 03:59:43 At epoch 3
02/15/2023 04:00:28 Task [ 2] updates[  1500] train loss[0.90162] remaining[0:00:18]
02/15/2023 04:00:48 Task dvdppf -- epoch 3 -- Dev ACC: 54.772
02/15/2023 04:00:48 Task dvdppf -- epoch 3 -- Dev F1: 39.579
02/15/2023 04:00:49 Task dvdorder -- epoch 3 -- Dev ACC: 38.071
02/15/2023 04:00:49 Task dvdorder -- epoch 3 -- Dev F1: 12.120
02/15/2023 04:00:51 Task ppf -- epoch 3 -- Dev ACC: 60.049
02/15/2023 04:00:51 Task ppf -- epoch 3 -- Dev F1: 46.151
02/15/2023 04:00:51 At epoch 4
02/15/2023 04:01:54 Task [ 0] updates[  2000] train loss[0.82745] remaining[0:00:03]
02/15/2023 04:01:58 Task dvdppf -- epoch 4 -- Dev ACC: 50.207
02/15/2023 04:01:58 Task dvdppf -- epoch 4 -- Dev F1: 37.711
02/15/2023 04:01:59 Task dvdorder -- epoch 4 -- Dev ACC: 31.980
02/15/2023 04:01:59 Task dvdorder -- epoch 4 -- Dev F1: 21.580
02/15/2023 04:02:01 Task ppf -- epoch 4 -- Dev ACC: 59.069
02/15/2023 04:02:01 Task ppf -- epoch 4 -- Dev F1: 47.280
02/15/2023 04:02:01 At epoch 5
02/15/2023 04:03:07 Task dvdppf -- epoch 5 -- Dev ACC: 50.207
02/15/2023 04:03:07 Task dvdppf -- epoch 5 -- Dev F1: 36.703
02/15/2023 04:03:08 Task dvdorder -- epoch 5 -- Dev ACC: 31.980
02/15/2023 04:03:08 Task dvdorder -- epoch 5 -- Dev F1: 16.988
02/15/2023 04:03:10 Task ppf -- epoch 5 -- Dev ACC: 60.539
02/15/2023 04:03:10 Task ppf -- epoch 5 -- Dev F1: 48.478
02/15/2023 04:03:10 At epoch 6
02/15/2023 04:03:22 Task [ 2] updates[  2500] train loss[0.75849] remaining[0:00:51]
02/15/2023 04:04:15 Task dvdppf -- epoch 6 -- Dev ACC: 51.452
02/15/2023 04:04:15 Task dvdppf -- epoch 6 -- Dev F1: 37.368
02/15/2023 04:04:16 Task dvdorder -- epoch 6 -- Dev ACC: 40.102
02/15/2023 04:04:16 Task dvdorder -- epoch 6 -- Dev F1: 18.065
02/15/2023 04:04:18 Task ppf -- epoch 6 -- Dev ACC: 59.191
02/15/2023 04:04:18 Task ppf -- epoch 6 -- Dev F1: 45.331
02/15/2023 04:04:19 At epoch 7
02/15/2023 04:04:46 Task [ 0] updates[  3000] train loss[0.69893] remaining[0:00:36]
02/15/2023 04:05:25 Task dvdppf -- epoch 7 -- Dev ACC: 49.793
02/15/2023 04:05:25 Task dvdppf -- epoch 7 -- Dev F1: 36.483
02/15/2023 04:05:25 Task dvdorder -- epoch 7 -- Dev ACC: 33.503
02/15/2023 04:05:25 Task dvdorder -- epoch 7 -- Dev F1: 20.115
02/15/2023 04:05:28 Task ppf -- epoch 7 -- Dev ACC: 59.314
02/15/2023 04:05:28 Task ppf -- epoch 7 -- Dev F1: 48.117
02/15/2023 04:05:28 At epoch 8
02/15/2023 04:06:12 Task [ 1] updates[  3500] train loss[0.65255] remaining[0:00:22]
02/15/2023 04:06:35 Task dvdppf -- epoch 8 -- Dev ACC: 48.548
02/15/2023 04:06:35 Task dvdppf -- epoch 8 -- Dev F1: 35.705
02/15/2023 04:06:36 Task dvdorder -- epoch 8 -- Dev ACC: 34.518
02/15/2023 04:06:36 Task dvdorder -- epoch 8 -- Dev F1: 19.777
02/15/2023 04:06:39 Task ppf -- epoch 8 -- Dev ACC: 59.436
02/15/2023 04:06:39 Task ppf -- epoch 8 -- Dev F1: 47.274
02/15/2023 04:06:39 At epoch 9
02/15/2023 04:07:37 Task [ 1] updates[  4000] train loss[0.61134] remaining[0:00:06]
02/15/2023 04:07:44 Task dvdppf -- epoch 9 -- Dev ACC: 50.622
02/15/2023 04:07:44 Task dvdppf -- epoch 9 -- Dev F1: 36.832
02/15/2023 04:07:44 Task dvdorder -- epoch 9 -- Dev ACC: 34.518
02/15/2023 04:07:44 Task dvdorder -- epoch 9 -- Dev F1: 21.511
02/15/2023 04:07:47 Task ppf -- epoch 9 -- Dev ACC: 58.701
02/15/2023 04:07:47 Task ppf -- epoch 9 -- Dev F1: 47.843
