02/15/2023 04:31:49 0
02/15/2023 04:31:49 Launching the MT-DNN training
02/15/2023 04:31:49 Loading ../../../dvd_hanashi/dvd_hanashi_all/4/dvdppf_train.json as task 0
02/15/2023 04:31:49 Loading ../../../dvd_hanashi/dvd_hanashi_all/4/dvdorder_train.json as task 1
02/15/2023 04:31:49 Loading ../../../dvd_hanashi/dvd_hanashi_all/4/ppf_train.json as task 2
02/15/2023 04:31:49 4,6,4
02/15/2023 04:31:49 ####################
02/15/2023 04:31:49 {'log_file': 'checkpoints/dvd_best_hanashi_ppf_4_adam_answer_opt0_gc0_ggc1_2023-02-15T0431/log.log', 'tensorboard': False, 'tensorboard_logdir': 'tensorboard_logdir', 'init_checkpoint': '../../../japanese_bert_new_/jap_bert.pt', 'data_dir': '../../../dvd_hanashi/dvd_hanashi_all/4/', 'data_sort_on': False, 'name': 'farmer', 'task_def': '../../../experiments/dvd_hanashi/dvd_hanashi_task_def.yml', 'train_datasets': ['dvdppf', 'dvdorder', 'ppf'], 'test_datasets': ['dvdppf', 'dvdorder', 'ppf'], 'update_bert_opt': 0, 'multi_gpu_on': True, 'mem_cum_type': 'simple', 'answer_num_turn': 5, 'answer_mem_drop_p': 0.1, 'answer_att_hidden_size': 128, 'answer_att_type': 'bilinear', 'answer_rnn_type': 'gru', 'answer_sum_att_type': 'bilinear', 'answer_merge_opt': 1, 'answer_mem_type': 1, 'answer_dropout_p': 0.1, 'answer_weight_norm_on': False, 'dump_state_on': False, 'answer_opt': [0, 0, 0], 'label_size': '4,6,4', 'mtl_opt': 0, 'ratio': 0, 'mix_opt': 0, 'max_seq_len': 512, 'init_ratio': 1, 'encoder_type': <EncoderModelType.BERT: 1>, 'cuda': True, 'log_per_updates': 500, 'save_per_updates': 10000, 'save_per_updates_on': False, 'epochs': 10, 'batch_size': 16, 'batch_size_eval': 8, 'optimizer': 'adam', 'grad_clipping': 0.0, 'global_grad_clipping': 1.0, 'weight_decay': 0, 'learning_rate': 1e-05, 'momentum': 0, 'warmup': 0.1, 'warmup_schedule': 'warmup_linear', 'adam_eps': 1e-06, 'vb_dropout': True, 'dropout_p': 0.1, 'dropout_w': 0.0, 'bert_dropout_p': 0.1, 'model_ckpt': 'checkpoints/model_0.pt', 'resume': False, 'ema_opt': 0, 'ema_gamma': 0.995, 'lookahead': False, 'lookahead_k': 5, 'lookahead_alpha': 0.5, 'have_lr_scheduler': True, 'multi_step_lr': '10,20,30', 'freeze_layers': -1, 'embedding_opt': 0, 'lr_gamma': 0.5, 'bert_l2norm': 0.0, 'scheduler_type': 'ms', 'output_dir': 'checkpoints/dvd_best_hanashi_ppf_4_adam_answer_opt0_gc0_ggc1_2023-02-15T0431', 'seed': 2018, 'grad_accumulation_step': 1, 'fp16': False, 'fp16_opt_level': 'O1', 'mean_teacher': False, 'mean_teacher_avg': 'exponential', 'mean_teacher_lambda': 1, 'mean_teacher_rampup': 4000, 'mean_teacher_alpha1': 0.99, 'mean_teacher_alpha2': 0.999, 'mt_kd_tau': 1, 'virtual_teacher': False, 'vat_eps': 0.001, 'vat_max_layer': -1, 'vat_opt': 0, 'vat_lambda': 1, 'vat_alpha': 1, 'vat_nosiy': 1e-05, 'use_noisycopy': False, 'noisycopy_eps': 0.01, 'use_advcopy': False, 'advcopy_eps': 0.01, 'vat_stable_eps': 1e-06, 'tasks_dropout_p': [0.1, 0.1, 0.1]}
02/15/2023 04:31:49 ####################
02/15/2023 04:31:49 ############# Gradient Accumulation Info #############
02/15/2023 04:31:49 number of step: 3870
02/15/2023 04:31:49 number of grad grad_accumulation step: 1
02/15/2023 04:31:49 adjusted number of step: 3870
02/15/2023 04:31:49 ############# Gradient Accumulation Info #############
02/15/2023 04:31:56 
############# Model Arch of MT-DNN #############
SANBertNetwork(
  (dropout_list): ModuleList(
    (0): DropoutWrapper()
    (1): DropoutWrapper()
    (2): DropoutWrapper()
  )
  (bert): BertModel(
    (embeddings): BertEmbeddings(
      (word_embeddings): Embedding(32006, 768)
      (position_embeddings): Embedding(512, 768)
      (token_type_embeddings): Embedding(2, 768)
      (LayerNorm): FusedLayerNorm(torch.Size([768]), eps=1e-12, elementwise_affine=True)
      (dropout): Dropout(p=0.1)
    )
    (encoder): BertEncoder(
      (layer): ModuleList(
        (0): BertLayer(
          (attention): BertAttention(
            (self): BertSelfAttention(
              (query): Linear(in_features=768, out_features=768, bias=True)
              (key): Linear(in_features=768, out_features=768, bias=True)
              (value): Linear(in_features=768, out_features=768, bias=True)
              (dropout): Dropout(p=0.1)
            )
            (output): BertSelfOutput(
              (dense): Linear(in_features=768, out_features=768, bias=True)
              (LayerNorm): FusedLayerNorm(torch.Size([768]), eps=1e-12, elementwise_affine=True)
              (dropout): Dropout(p=0.1)
            )
          )
          (intermediate): BertIntermediate(
            (dense): Linear(in_features=768, out_features=3072, bias=True)
          )
          (output): BertOutput(
            (dense): Linear(in_features=3072, out_features=768, bias=True)
            (LayerNorm): FusedLayerNorm(torch.Size([768]), eps=1e-12, elementwise_affine=True)
            (dropout): Dropout(p=0.1)
          )
        )
        (1): BertLayer(
          (attention): BertAttention(
            (self): BertSelfAttention(
              (query): Linear(in_features=768, out_features=768, bias=True)
              (key): Linear(in_features=768, out_features=768, bias=True)
              (value): Linear(in_features=768, out_features=768, bias=True)
              (dropout): Dropout(p=0.1)
            )
            (output): BertSelfOutput(
              (dense): Linear(in_features=768, out_features=768, bias=True)
              (LayerNorm): FusedLayerNorm(torch.Size([768]), eps=1e-12, elementwise_affine=True)
              (dropout): Dropout(p=0.1)
            )
          )
          (intermediate): BertIntermediate(
            (dense): Linear(in_features=768, out_features=3072, bias=True)
          )
          (output): BertOutput(
            (dense): Linear(in_features=3072, out_features=768, bias=True)
            (LayerNorm): FusedLayerNorm(torch.Size([768]), eps=1e-12, elementwise_affine=True)
            (dropout): Dropout(p=0.1)
          )
        )
        (2): BertLayer(
          (attention): BertAttention(
            (self): BertSelfAttention(
              (query): Linear(in_features=768, out_features=768, bias=True)
              (key): Linear(in_features=768, out_features=768, bias=True)
              (value): Linear(in_features=768, out_features=768, bias=True)
              (dropout): Dropout(p=0.1)
            )
            (output): BertSelfOutput(
              (dense): Linear(in_features=768, out_features=768, bias=True)
              (LayerNorm): FusedLayerNorm(torch.Size([768]), eps=1e-12, elementwise_affine=True)
              (dropout): Dropout(p=0.1)
            )
          )
          (intermediate): BertIntermediate(
            (dense): Linear(in_features=768, out_features=3072, bias=True)
          )
          (output): BertOutput(
            (dense): Linear(in_features=3072, out_features=768, bias=True)
            (LayerNorm): FusedLayerNorm(torch.Size([768]), eps=1e-12, elementwise_affine=True)
            (dropout): Dropout(p=0.1)
          )
        )
        (3): BertLayer(
          (attention): BertAttention(
            (self): BertSelfAttention(
              (query): Linear(in_features=768, out_features=768, bias=True)
              (key): Linear(in_features=768, out_features=768, bias=True)
              (value): Linear(in_features=768, out_features=768, bias=True)
              (dropout): Dropout(p=0.1)
            )
            (output): BertSelfOutput(
              (dense): Linear(in_features=768, out_features=768, bias=True)
              (LayerNorm): FusedLayerNorm(torch.Size([768]), eps=1e-12, elementwise_affine=True)
              (dropout): Dropout(p=0.1)
            )
          )
          (intermediate): BertIntermediate(
            (dense): Linear(in_features=768, out_features=3072, bias=True)
          )
          (output): BertOutput(
            (dense): Linear(in_features=3072, out_features=768, bias=True)
            (LayerNorm): FusedLayerNorm(torch.Size([768]), eps=1e-12, elementwise_affine=True)
            (dropout): Dropout(p=0.1)
          )
        )
        (4): BertLayer(
          (attention): BertAttention(
            (self): BertSelfAttention(
              (query): Linear(in_features=768, out_features=768, bias=True)
              (key): Linear(in_features=768, out_features=768, bias=True)
              (value): Linear(in_features=768, out_features=768, bias=True)
              (dropout): Dropout(p=0.1)
            )
            (output): BertSelfOutput(
              (dense): Linear(in_features=768, out_features=768, bias=True)
              (LayerNorm): FusedLayerNorm(torch.Size([768]), eps=1e-12, elementwise_affine=True)
              (dropout): Dropout(p=0.1)
            )
          )
          (intermediate): BertIntermediate(
            (dense): Linear(in_features=768, out_features=3072, bias=True)
          )
          (output): BertOutput(
            (dense): Linear(in_features=3072, out_features=768, bias=True)
            (LayerNorm): FusedLayerNorm(torch.Size([768]), eps=1e-12, elementwise_affine=True)
            (dropout): Dropout(p=0.1)
          )
        )
        (5): BertLayer(
          (attention): BertAttention(
            (self): BertSelfAttention(
              (query): Linear(in_features=768, out_features=768, bias=True)
              (key): Linear(in_features=768, out_features=768, bias=True)
              (value): Linear(in_features=768, out_features=768, bias=True)
              (dropout): Dropout(p=0.1)
            )
            (output): BertSelfOutput(
              (dense): Linear(in_features=768, out_features=768, bias=True)
              (LayerNorm): FusedLayerNorm(torch.Size([768]), eps=1e-12, elementwise_affine=True)
              (dropout): Dropout(p=0.1)
            )
          )
          (intermediate): BertIntermediate(
            (dense): Linear(in_features=768, out_features=3072, bias=True)
          )
          (output): BertOutput(
            (dense): Linear(in_features=3072, out_features=768, bias=True)
            (LayerNorm): FusedLayerNorm(torch.Size([768]), eps=1e-12, elementwise_affine=True)
            (dropout): Dropout(p=0.1)
          )
        )
        (6): BertLayer(
          (attention): BertAttention(
            (self): BertSelfAttention(
              (query): Linear(in_features=768, out_features=768, bias=True)
              (key): Linear(in_features=768, out_features=768, bias=True)
              (value): Linear(in_features=768, out_features=768, bias=True)
              (dropout): Dropout(p=0.1)
            )
            (output): BertSelfOutput(
              (dense): Linear(in_features=768, out_features=768, bias=True)
              (LayerNorm): FusedLayerNorm(torch.Size([768]), eps=1e-12, elementwise_affine=True)
              (dropout): Dropout(p=0.1)
            )
          )
          (intermediate): BertIntermediate(
            (dense): Linear(in_features=768, out_features=3072, bias=True)
          )
          (output): BertOutput(
            (dense): Linear(in_features=3072, out_features=768, bias=True)
            (LayerNorm): FusedLayerNorm(torch.Size([768]), eps=1e-12, elementwise_affine=True)
            (dropout): Dropout(p=0.1)
          )
        )
        (7): BertLayer(
          (attention): BertAttention(
            (self): BertSelfAttention(
              (query): Linear(in_features=768, out_features=768, bias=True)
              (key): Linear(in_features=768, out_features=768, bias=True)
              (value): Linear(in_features=768, out_features=768, bias=True)
              (dropout): Dropout(p=0.1)
            )
            (output): BertSelfOutput(
              (dense): Linear(in_features=768, out_features=768, bias=True)
              (LayerNorm): FusedLayerNorm(torch.Size([768]), eps=1e-12, elementwise_affine=True)
              (dropout): Dropout(p=0.1)
            )
          )
          (intermediate): BertIntermediate(
            (dense): Linear(in_features=768, out_features=3072, bias=True)
          )
          (output): BertOutput(
            (dense): Linear(in_features=3072, out_features=768, bias=True)
            (LayerNorm): FusedLayerNorm(torch.Size([768]), eps=1e-12, elementwise_affine=True)
            (dropout): Dropout(p=0.1)
          )
        )
        (8): BertLayer(
          (attention): BertAttention(
            (self): BertSelfAttention(
              (query): Linear(in_features=768, out_features=768, bias=True)
              (key): Linear(in_features=768, out_features=768, bias=True)
              (value): Linear(in_features=768, out_features=768, bias=True)
              (dropout): Dropout(p=0.1)
            )
            (output): BertSelfOutput(
              (dense): Linear(in_features=768, out_features=768, bias=True)
              (LayerNorm): FusedLayerNorm(torch.Size([768]), eps=1e-12, elementwise_affine=True)
              (dropout): Dropout(p=0.1)
            )
          )
          (intermediate): BertIntermediate(
            (dense): Linear(in_features=768, out_features=3072, bias=True)
          )
          (output): BertOutput(
            (dense): Linear(in_features=3072, out_features=768, bias=True)
            (LayerNorm): FusedLayerNorm(torch.Size([768]), eps=1e-12, elementwise_affine=True)
            (dropout): Dropout(p=0.1)
          )
        )
        (9): BertLayer(
          (attention): BertAttention(
            (self): BertSelfAttention(
              (query): Linear(in_features=768, out_features=768, bias=True)
              (key): Linear(in_features=768, out_features=768, bias=True)
              (value): Linear(in_features=768, out_features=768, bias=True)
              (dropout): Dropout(p=0.1)
            )
            (output): BertSelfOutput(
              (dense): Linear(in_features=768, out_features=768, bias=True)
              (LayerNorm): FusedLayerNorm(torch.Size([768]), eps=1e-12, elementwise_affine=True)
              (dropout): Dropout(p=0.1)
            )
          )
          (intermediate): BertIntermediate(
            (dense): Linear(in_features=768, out_features=3072, bias=True)
          )
          (output): BertOutput(
            (dense): Linear(in_features=3072, out_features=768, bias=True)
            (LayerNorm): FusedLayerNorm(torch.Size([768]), eps=1e-12, elementwise_affine=True)
            (dropout): Dropout(p=0.1)
          )
        )
        (10): BertLayer(
          (attention): BertAttention(
            (self): BertSelfAttention(
              (query): Linear(in_features=768, out_features=768, bias=True)
              (key): Linear(in_features=768, out_features=768, bias=True)
              (value): Linear(in_features=768, out_features=768, bias=True)
              (dropout): Dropout(p=0.1)
            )
            (output): BertSelfOutput(
              (dense): Linear(in_features=768, out_features=768, bias=True)
              (LayerNorm): FusedLayerNorm(torch.Size([768]), eps=1e-12, elementwise_affine=True)
              (dropout): Dropout(p=0.1)
            )
          )
          (intermediate): BertIntermediate(
            (dense): Linear(in_features=768, out_features=3072, bias=True)
          )
          (output): BertOutput(
            (dense): Linear(in_features=3072, out_features=768, bias=True)
            (LayerNorm): FusedLayerNorm(torch.Size([768]), eps=1e-12, elementwise_affine=True)
            (dropout): Dropout(p=0.1)
          )
        )
        (11): BertLayer(
          (attention): BertAttention(
            (self): BertSelfAttention(
              (query): Linear(in_features=768, out_features=768, bias=True)
              (key): Linear(in_features=768, out_features=768, bias=True)
              (value): Linear(in_features=768, out_features=768, bias=True)
              (dropout): Dropout(p=0.1)
            )
            (output): BertSelfOutput(
              (dense): Linear(in_features=768, out_features=768, bias=True)
              (LayerNorm): FusedLayerNorm(torch.Size([768]), eps=1e-12, elementwise_affine=True)
              (dropout): Dropout(p=0.1)
            )
          )
          (intermediate): BertIntermediate(
            (dense): Linear(in_features=768, out_features=3072, bias=True)
          )
          (output): BertOutput(
            (dense): Linear(in_features=3072, out_features=768, bias=True)
            (LayerNorm): FusedLayerNorm(torch.Size([768]), eps=1e-12, elementwise_affine=True)
            (dropout): Dropout(p=0.1)
          )
        )
      )
    )
    (pooler): BertPooler(
      (dense): Linear(in_features=768, out_features=768, bias=True)
      (activation): Tanh()
    )
  )
  (scoring_list): ModuleList(
    (0): Linear(in_features=768, out_features=4, bias=True)
    (1): Linear(in_features=768, out_features=6, bias=True)
    (2): Linear(in_features=768, out_features=4, bias=True)
  )
)

02/15/2023 04:31:56 Total number of params: 110632718
02/15/2023 04:31:56 At epoch 0
02/15/2023 04:31:56 Task [ 2] updates[     1] train loss[1.48897] remaining[0:03:20]
02/15/2023 04:33:02 Task dvdppf -- epoch 0 -- Dev ACC: 42.585
02/15/2023 04:33:02 Task dvdppf -- epoch 0 -- Dev F1: 22.317
02/15/2023 04:33:03 Task dvdorder -- epoch 0 -- Dev ACC: 48.305
02/15/2023 04:33:03 Task dvdorder -- epoch 0 -- Dev F1: 10.857
02/15/2023 04:33:05 Task ppf -- epoch 0 -- Dev ACC: 59.687
02/15/2023 04:33:05 Task ppf -- epoch 0 -- Dev F1: 37.473
02/15/2023 04:33:05 At epoch 1
02/15/2023 04:33:24 Task [ 2] updates[   500] train loss[1.06417] remaining[0:00:46]
02/15/2023 04:34:10 Task dvdppf -- epoch 1 -- Dev ACC: 49.576
02/15/2023 04:34:10 Task dvdppf -- epoch 1 -- Dev F1: 33.140
02/15/2023 04:34:11 Task dvdorder -- epoch 1 -- Dev ACC: 48.023
02/15/2023 04:34:11 Task dvdorder -- epoch 1 -- Dev F1: 10.877
02/15/2023 04:34:13 Task ppf -- epoch 1 -- Dev ACC: 58.689
02/15/2023 04:34:13 Task ppf -- epoch 1 -- Dev F1: 34.290
02/15/2023 04:34:14 At epoch 2
02/15/2023 04:34:50 Task [ 2] updates[  1000] train loss[0.96401] remaining[0:00:25]
02/15/2023 04:35:20 Task dvdppf -- epoch 2 -- Dev ACC: 50.847
02/15/2023 04:35:20 Task dvdppf -- epoch 2 -- Dev F1: 33.342
02/15/2023 04:35:21 Task dvdorder -- epoch 2 -- Dev ACC: 45.198
02/15/2023 04:35:21 Task dvdorder -- epoch 2 -- Dev F1: 12.249
02/15/2023 04:35:23 Task ppf -- epoch 2 -- Dev ACC: 60.114
02/15/2023 04:35:23 Task ppf -- epoch 2 -- Dev F1: 40.615
02/15/2023 04:35:23 At epoch 3
02/15/2023 04:36:19 Task [ 2] updates[  1500] train loss[0.87545] remaining[0:00:07]
02/15/2023 04:36:28 Task dvdppf -- epoch 3 -- Dev ACC: 48.517
02/15/2023 04:36:28 Task dvdppf -- epoch 3 -- Dev F1: 34.004
02/15/2023 04:36:29 Task dvdorder -- epoch 3 -- Dev ACC: 40.113
02/15/2023 04:36:29 Task dvdorder -- epoch 3 -- Dev F1: 15.352
02/15/2023 04:36:31 Task ppf -- epoch 3 -- Dev ACC: 59.829
02/15/2023 04:36:31 Task ppf -- epoch 3 -- Dev F1: 42.763
02/15/2023 04:36:31 At epoch 4
02/15/2023 04:37:35 Task dvdppf -- epoch 4 -- Dev ACC: 47.034
02/15/2023 04:37:35 Task dvdppf -- epoch 4 -- Dev F1: 33.898
02/15/2023 04:37:36 Task dvdorder -- epoch 4 -- Dev ACC: 42.373
02/15/2023 04:37:36 Task dvdorder -- epoch 4 -- Dev F1: 14.422
02/15/2023 04:37:38 Task ppf -- epoch 4 -- Dev ACC: 58.547
02/15/2023 04:37:38 Task ppf -- epoch 4 -- Dev F1: 42.314
02/15/2023 04:37:38 At epoch 5
02/15/2023 04:37:48 Task [ 2] updates[  2000] train loss[0.79546] remaining[0:00:51]
02/15/2023 04:38:42 Task dvdppf -- epoch 5 -- Dev ACC: 48.729
02/15/2023 04:38:42 Task dvdppf -- epoch 5 -- Dev F1: 34.749
02/15/2023 04:38:43 Task dvdorder -- epoch 5 -- Dev ACC: 42.938
02/15/2023 04:38:43 Task dvdorder -- epoch 5 -- Dev F1: 17.405
02/15/2023 04:38:45 Task ppf -- epoch 5 -- Dev ACC: 59.259
02/15/2023 04:38:45 Task ppf -- epoch 5 -- Dev F1: 48.484
02/15/2023 04:38:45 At epoch 6
02/15/2023 04:39:14 Task [ 0] updates[  2500] train loss[0.72650] remaining[0:00:33]
02/15/2023 04:39:50 Task dvdppf -- epoch 6 -- Dev ACC: 45.975
02/15/2023 04:39:50 Task dvdppf -- epoch 6 -- Dev F1: 33.369
02/15/2023 04:39:51 Task dvdorder -- epoch 6 -- Dev ACC: 39.266
02/15/2023 04:39:51 Task dvdorder -- epoch 6 -- Dev F1: 15.002
02/15/2023 04:39:53 Task ppf -- epoch 6 -- Dev ACC: 59.402
02/15/2023 04:39:53 Task ppf -- epoch 6 -- Dev F1: 45.086
02/15/2023 04:39:53 At epoch 7
02/15/2023 04:40:41 Task [ 2] updates[  3000] train loss[0.66939] remaining[0:00:15]
02/15/2023 04:40:58 Task dvdppf -- epoch 7 -- Dev ACC: 46.822
02/15/2023 04:40:58 Task dvdppf -- epoch 7 -- Dev F1: 33.582
02/15/2023 04:40:59 Task dvdorder -- epoch 7 -- Dev ACC: 41.243
02/15/2023 04:40:59 Task dvdorder -- epoch 7 -- Dev F1: 16.560
02/15/2023 04:41:02 Task ppf -- epoch 7 -- Dev ACC: 60.114
02/15/2023 04:41:02 Task ppf -- epoch 7 -- Dev F1: 44.929
02/15/2023 04:41:02 At epoch 8
02/15/2023 04:42:05 Task dvdppf -- epoch 8 -- Dev ACC: 48.305
02/15/2023 04:42:05 Task dvdppf -- epoch 8 -- Dev F1: 34.398
02/15/2023 04:42:06 Task dvdorder -- epoch 8 -- Dev ACC: 38.701
02/15/2023 04:42:06 Task dvdorder -- epoch 8 -- Dev F1: 17.347
02/15/2023 04:42:08 Task ppf -- epoch 8 -- Dev ACC: 59.829
02/15/2023 04:42:08 Task ppf -- epoch 8 -- Dev F1: 47.084
02/15/2023 04:42:08 At epoch 9
02/15/2023 04:42:11 Task [ 0] updates[  3500] train loss[0.61968] remaining[0:01:03]
02/15/2023 04:43:13 Task dvdppf -- epoch 9 -- Dev ACC: 48.093
02/15/2023 04:43:13 Task dvdppf -- epoch 9 -- Dev F1: 33.907
02/15/2023 04:43:14 Task dvdorder -- epoch 9 -- Dev ACC: 38.418
02/15/2023 04:43:14 Task dvdorder -- epoch 9 -- Dev F1: 17.812
02/15/2023 04:43:16 Task ppf -- epoch 9 -- Dev ACC: 60.114
02/15/2023 04:43:16 Task ppf -- epoch 9 -- Dev F1: 46.846
