02/20/2023 09:12:24 0
02/20/2023 09:12:24 Launching the MT-DNN training
02/20/2023 09:12:24 Loading ../../../dvd_hanashi/dvd_hanashi_all/2/dvdppf_train.json as task 0
02/20/2023 09:12:24 Loading ../../../dvd_hanashi/dvd_hanashi_all/2/dvdduration_train.json as task 1
02/20/2023 09:12:24 Loading ../../../dvd_hanashi/dvd_hanashi_all/2/dvdorder_train.json as task 2
02/20/2023 09:12:24 Loading ../../../dvd_hanashi/dvd_hanashi_all/2/disc_train.json as task 3
02/20/2023 09:12:24 4,5,6,2
02/20/2023 09:12:24 ####################
02/20/2023 09:12:24 {'log_file': 'checkpoints/dvdall_disc_2_adam_answer_opt0_gc0_ggc1_2023-02-20T0912/log.log', 'tensorboard': False, 'tensorboard_logdir': 'tensorboard_logdir', 'init_checkpoint': '../../../japanese_bert_new_/jap_bert.pt', 'data_dir': '../../../dvd_hanashi/dvd_hanashi_all/2/', 'data_sort_on': False, 'name': 'farmer', 'task_def': '../../../experiments/dvd_hanashi/dvd_hanashi_task_def.yml', 'train_datasets': ['dvdppf', 'dvdduration', 'dvdorder', 'disc'], 'test_datasets': ['dvdppf', 'dvdduration', 'dvdorder', 'disc'], 'update_bert_opt': 0, 'multi_gpu_on': True, 'mem_cum_type': 'simple', 'answer_num_turn': 5, 'answer_mem_drop_p': 0.1, 'answer_att_hidden_size': 128, 'answer_att_type': 'bilinear', 'answer_rnn_type': 'gru', 'answer_sum_att_type': 'bilinear', 'answer_merge_opt': 1, 'answer_mem_type': 1, 'answer_dropout_p': 0.1, 'answer_weight_norm_on': False, 'dump_state_on': False, 'answer_opt': [0, 0, 0, 0], 'label_size': '4,5,6,2', 'mtl_opt': 0, 'ratio': 0, 'mix_opt': 0, 'max_seq_len': 512, 'init_ratio': 1, 'encoder_type': <EncoderModelType.BERT: 1>, 'cuda': True, 'log_per_updates': 500, 'save_per_updates': 10000, 'save_per_updates_on': False, 'epochs': 10, 'batch_size': 16, 'batch_size_eval': 8, 'optimizer': 'adam', 'grad_clipping': 0.0, 'global_grad_clipping': 1.0, 'weight_decay': 0, 'learning_rate': 1e-05, 'momentum': 0, 'warmup': 0.1, 'warmup_schedule': 'warmup_linear', 'adam_eps': 1e-06, 'vb_dropout': True, 'dropout_p': 0.1, 'dropout_w': 0.0, 'bert_dropout_p': 0.1, 'model_ckpt': 'checkpoints/model_0.pt', 'resume': False, 'ema_opt': 0, 'ema_gamma': 0.995, 'lookahead': False, 'lookahead_k': 5, 'lookahead_alpha': 0.5, 'have_lr_scheduler': True, 'multi_step_lr': '10,20,30', 'freeze_layers': -1, 'embedding_opt': 0, 'lr_gamma': 0.5, 'bert_l2norm': 0.0, 'scheduler_type': 'ms', 'output_dir': 'checkpoints/dvdall_disc_2_adam_answer_opt0_gc0_ggc1_2023-02-20T0912', 'seed': 2018, 'grad_accumulation_step': 1, 'fp16': False, 'fp16_opt_level': 'O1', 'mean_teacher': False, 'mean_teacher_avg': 'exponential', 'mean_teacher_lambda': 1, 'mean_teacher_rampup': 4000, 'mean_teacher_alpha1': 0.99, 'mean_teacher_alpha2': 0.999, 'mt_kd_tau': 1, 'virtual_teacher': False, 'vat_eps': 0.001, 'vat_max_layer': -1, 'vat_opt': 0, 'vat_lambda': 1, 'vat_alpha': 1, 'vat_nosiy': 1e-05, 'use_noisycopy': False, 'noisycopy_eps': 0.01, 'use_advcopy': False, 'advcopy_eps': 0.01, 'vat_stable_eps': 1e-06, 'tasks_dropout_p': [0.1, 0.1, 0.1, 0.1]}
02/20/2023 09:12:24 ####################
02/20/2023 09:12:24 ############# Gradient Accumulation Info #############
02/20/2023 09:12:24 number of step: 5880
02/20/2023 09:12:24 number of grad grad_accumulation step: 1
02/20/2023 09:12:24 adjusted number of step: 5880
02/20/2023 09:12:24 ############# Gradient Accumulation Info #############
02/20/2023 09:12:32 
############# Model Arch of MT-DNN #############
SANBertNetwork(
  (dropout_list): ModuleList(
    (0): DropoutWrapper()
    (1): DropoutWrapper()
    (2): DropoutWrapper()
    (3): DropoutWrapper()
  )
  (bert): BertModel(
    (embeddings): BertEmbeddings(
      (word_embeddings): Embedding(32006, 768)
      (position_embeddings): Embedding(512, 768)
      (token_type_embeddings): Embedding(2, 768)
      (LayerNorm): FusedLayerNorm(torch.Size([768]), eps=1e-12, elementwise_affine=True)
      (dropout): Dropout(p=0.1)
    )
    (encoder): BertEncoder(
      (layer): ModuleList(
        (0): BertLayer(
          (attention): BertAttention(
            (self): BertSelfAttention(
              (query): Linear(in_features=768, out_features=768, bias=True)
              (key): Linear(in_features=768, out_features=768, bias=True)
              (value): Linear(in_features=768, out_features=768, bias=True)
              (dropout): Dropout(p=0.1)
            )
            (output): BertSelfOutput(
              (dense): Linear(in_features=768, out_features=768, bias=True)
              (LayerNorm): FusedLayerNorm(torch.Size([768]), eps=1e-12, elementwise_affine=True)
              (dropout): Dropout(p=0.1)
            )
          )
          (intermediate): BertIntermediate(
            (dense): Linear(in_features=768, out_features=3072, bias=True)
          )
          (output): BertOutput(
            (dense): Linear(in_features=3072, out_features=768, bias=True)
            (LayerNorm): FusedLayerNorm(torch.Size([768]), eps=1e-12, elementwise_affine=True)
            (dropout): Dropout(p=0.1)
          )
        )
        (1): BertLayer(
          (attention): BertAttention(
            (self): BertSelfAttention(
              (query): Linear(in_features=768, out_features=768, bias=True)
              (key): Linear(in_features=768, out_features=768, bias=True)
              (value): Linear(in_features=768, out_features=768, bias=True)
              (dropout): Dropout(p=0.1)
            )
            (output): BertSelfOutput(
              (dense): Linear(in_features=768, out_features=768, bias=True)
              (LayerNorm): FusedLayerNorm(torch.Size([768]), eps=1e-12, elementwise_affine=True)
              (dropout): Dropout(p=0.1)
            )
          )
          (intermediate): BertIntermediate(
            (dense): Linear(in_features=768, out_features=3072, bias=True)
          )
          (output): BertOutput(
            (dense): Linear(in_features=3072, out_features=768, bias=True)
            (LayerNorm): FusedLayerNorm(torch.Size([768]), eps=1e-12, elementwise_affine=True)
            (dropout): Dropout(p=0.1)
          )
        )
        (2): BertLayer(
          (attention): BertAttention(
            (self): BertSelfAttention(
              (query): Linear(in_features=768, out_features=768, bias=True)
              (key): Linear(in_features=768, out_features=768, bias=True)
              (value): Linear(in_features=768, out_features=768, bias=True)
              (dropout): Dropout(p=0.1)
            )
            (output): BertSelfOutput(
              (dense): Linear(in_features=768, out_features=768, bias=True)
              (LayerNorm): FusedLayerNorm(torch.Size([768]), eps=1e-12, elementwise_affine=True)
              (dropout): Dropout(p=0.1)
            )
          )
          (intermediate): BertIntermediate(
            (dense): Linear(in_features=768, out_features=3072, bias=True)
          )
          (output): BertOutput(
            (dense): Linear(in_features=3072, out_features=768, bias=True)
            (LayerNorm): FusedLayerNorm(torch.Size([768]), eps=1e-12, elementwise_affine=True)
            (dropout): Dropout(p=0.1)
          )
        )
        (3): BertLayer(
          (attention): BertAttention(
            (self): BertSelfAttention(
              (query): Linear(in_features=768, out_features=768, bias=True)
              (key): Linear(in_features=768, out_features=768, bias=True)
              (value): Linear(in_features=768, out_features=768, bias=True)
              (dropout): Dropout(p=0.1)
            )
            (output): BertSelfOutput(
              (dense): Linear(in_features=768, out_features=768, bias=True)
              (LayerNorm): FusedLayerNorm(torch.Size([768]), eps=1e-12, elementwise_affine=True)
              (dropout): Dropout(p=0.1)
            )
          )
          (intermediate): BertIntermediate(
            (dense): Linear(in_features=768, out_features=3072, bias=True)
          )
          (output): BertOutput(
            (dense): Linear(in_features=3072, out_features=768, bias=True)
            (LayerNorm): FusedLayerNorm(torch.Size([768]), eps=1e-12, elementwise_affine=True)
            (dropout): Dropout(p=0.1)
          )
        )
        (4): BertLayer(
          (attention): BertAttention(
            (self): BertSelfAttention(
              (query): Linear(in_features=768, out_features=768, bias=True)
              (key): Linear(in_features=768, out_features=768, bias=True)
              (value): Linear(in_features=768, out_features=768, bias=True)
              (dropout): Dropout(p=0.1)
            )
            (output): BertSelfOutput(
              (dense): Linear(in_features=768, out_features=768, bias=True)
              (LayerNorm): FusedLayerNorm(torch.Size([768]), eps=1e-12, elementwise_affine=True)
              (dropout): Dropout(p=0.1)
            )
          )
          (intermediate): BertIntermediate(
            (dense): Linear(in_features=768, out_features=3072, bias=True)
          )
          (output): BertOutput(
            (dense): Linear(in_features=3072, out_features=768, bias=True)
            (LayerNorm): FusedLayerNorm(torch.Size([768]), eps=1e-12, elementwise_affine=True)
            (dropout): Dropout(p=0.1)
          )
        )
        (5): BertLayer(
          (attention): BertAttention(
            (self): BertSelfAttention(
              (query): Linear(in_features=768, out_features=768, bias=True)
              (key): Linear(in_features=768, out_features=768, bias=True)
              (value): Linear(in_features=768, out_features=768, bias=True)
              (dropout): Dropout(p=0.1)
            )
            (output): BertSelfOutput(
              (dense): Linear(in_features=768, out_features=768, bias=True)
              (LayerNorm): FusedLayerNorm(torch.Size([768]), eps=1e-12, elementwise_affine=True)
              (dropout): Dropout(p=0.1)
            )
          )
          (intermediate): BertIntermediate(
            (dense): Linear(in_features=768, out_features=3072, bias=True)
          )
          (output): BertOutput(
            (dense): Linear(in_features=3072, out_features=768, bias=True)
            (LayerNorm): FusedLayerNorm(torch.Size([768]), eps=1e-12, elementwise_affine=True)
            (dropout): Dropout(p=0.1)
          )
        )
        (6): BertLayer(
          (attention): BertAttention(
            (self): BertSelfAttention(
              (query): Linear(in_features=768, out_features=768, bias=True)
              (key): Linear(in_features=768, out_features=768, bias=True)
              (value): Linear(in_features=768, out_features=768, bias=True)
              (dropout): Dropout(p=0.1)
            )
            (output): BertSelfOutput(
              (dense): Linear(in_features=768, out_features=768, bias=True)
              (LayerNorm): FusedLayerNorm(torch.Size([768]), eps=1e-12, elementwise_affine=True)
              (dropout): Dropout(p=0.1)
            )
          )
          (intermediate): BertIntermediate(
            (dense): Linear(in_features=768, out_features=3072, bias=True)
          )
          (output): BertOutput(
            (dense): Linear(in_features=3072, out_features=768, bias=True)
            (LayerNorm): FusedLayerNorm(torch.Size([768]), eps=1e-12, elementwise_affine=True)
            (dropout): Dropout(p=0.1)
          )
        )
        (7): BertLayer(
          (attention): BertAttention(
            (self): BertSelfAttention(
              (query): Linear(in_features=768, out_features=768, bias=True)
              (key): Linear(in_features=768, out_features=768, bias=True)
              (value): Linear(in_features=768, out_features=768, bias=True)
              (dropout): Dropout(p=0.1)
            )
            (output): BertSelfOutput(
              (dense): Linear(in_features=768, out_features=768, bias=True)
              (LayerNorm): FusedLayerNorm(torch.Size([768]), eps=1e-12, elementwise_affine=True)
              (dropout): Dropout(p=0.1)
            )
          )
          (intermediate): BertIntermediate(
            (dense): Linear(in_features=768, out_features=3072, bias=True)
          )
          (output): BertOutput(
            (dense): Linear(in_features=3072, out_features=768, bias=True)
            (LayerNorm): FusedLayerNorm(torch.Size([768]), eps=1e-12, elementwise_affine=True)
            (dropout): Dropout(p=0.1)
          )
        )
        (8): BertLayer(
          (attention): BertAttention(
            (self): BertSelfAttention(
              (query): Linear(in_features=768, out_features=768, bias=True)
              (key): Linear(in_features=768, out_features=768, bias=True)
              (value): Linear(in_features=768, out_features=768, bias=True)
              (dropout): Dropout(p=0.1)
            )
            (output): BertSelfOutput(
              (dense): Linear(in_features=768, out_features=768, bias=True)
              (LayerNorm): FusedLayerNorm(torch.Size([768]), eps=1e-12, elementwise_affine=True)
              (dropout): Dropout(p=0.1)
            )
          )
          (intermediate): BertIntermediate(
            (dense): Linear(in_features=768, out_features=3072, bias=True)
          )
          (output): BertOutput(
            (dense): Linear(in_features=3072, out_features=768, bias=True)
            (LayerNorm): FusedLayerNorm(torch.Size([768]), eps=1e-12, elementwise_affine=True)
            (dropout): Dropout(p=0.1)
          )
        )
        (9): BertLayer(
          (attention): BertAttention(
            (self): BertSelfAttention(
              (query): Linear(in_features=768, out_features=768, bias=True)
              (key): Linear(in_features=768, out_features=768, bias=True)
              (value): Linear(in_features=768, out_features=768, bias=True)
              (dropout): Dropout(p=0.1)
            )
            (output): BertSelfOutput(
              (dense): Linear(in_features=768, out_features=768, bias=True)
              (LayerNorm): FusedLayerNorm(torch.Size([768]), eps=1e-12, elementwise_affine=True)
              (dropout): Dropout(p=0.1)
            )
          )
          (intermediate): BertIntermediate(
            (dense): Linear(in_features=768, out_features=3072, bias=True)
          )
          (output): BertOutput(
            (dense): Linear(in_features=3072, out_features=768, bias=True)
            (LayerNorm): FusedLayerNorm(torch.Size([768]), eps=1e-12, elementwise_affine=True)
            (dropout): Dropout(p=0.1)
          )
        )
        (10): BertLayer(
          (attention): BertAttention(
            (self): BertSelfAttention(
              (query): Linear(in_features=768, out_features=768, bias=True)
              (key): Linear(in_features=768, out_features=768, bias=True)
              (value): Linear(in_features=768, out_features=768, bias=True)
              (dropout): Dropout(p=0.1)
            )
            (output): BertSelfOutput(
              (dense): Linear(in_features=768, out_features=768, bias=True)
              (LayerNorm): FusedLayerNorm(torch.Size([768]), eps=1e-12, elementwise_affine=True)
              (dropout): Dropout(p=0.1)
            )
          )
          (intermediate): BertIntermediate(
            (dense): Linear(in_features=768, out_features=3072, bias=True)
          )
          (output): BertOutput(
            (dense): Linear(in_features=3072, out_features=768, bias=True)
            (LayerNorm): FusedLayerNorm(torch.Size([768]), eps=1e-12, elementwise_affine=True)
            (dropout): Dropout(p=0.1)
          )
        )
        (11): BertLayer(
          (attention): BertAttention(
            (self): BertSelfAttention(
              (query): Linear(in_features=768, out_features=768, bias=True)
              (key): Linear(in_features=768, out_features=768, bias=True)
              (value): Linear(in_features=768, out_features=768, bias=True)
              (dropout): Dropout(p=0.1)
            )
            (output): BertSelfOutput(
              (dense): Linear(in_features=768, out_features=768, bias=True)
              (LayerNorm): FusedLayerNorm(torch.Size([768]), eps=1e-12, elementwise_affine=True)
              (dropout): Dropout(p=0.1)
            )
          )
          (intermediate): BertIntermediate(
            (dense): Linear(in_features=768, out_features=3072, bias=True)
          )
          (output): BertOutput(
            (dense): Linear(in_features=3072, out_features=768, bias=True)
            (LayerNorm): FusedLayerNorm(torch.Size([768]), eps=1e-12, elementwise_affine=True)
            (dropout): Dropout(p=0.1)
          )
        )
      )
    )
    (pooler): BertPooler(
      (dense): Linear(in_features=768, out_features=768, bias=True)
      (activation): Tanh()
    )
  )
  (scoring_list): ModuleList(
    (0): Linear(in_features=768, out_features=4, bias=True)
    (1): Linear(in_features=768, out_features=5, bias=True)
    (2): Linear(in_features=768, out_features=6, bias=True)
    (3): Linear(in_features=768, out_features=2, bias=True)
  )
)

02/20/2023 09:12:32 Total number of params: 110635025
02/20/2023 09:12:32 At epoch 0
02/20/2023 09:12:33 Task [ 2] updates[     1] train loss[1.84965] remaining[0:05:18]
02/20/2023 09:14:33 Task [ 3] updates[   500] train loss[0.77663] remaining[0:00:21]
02/20/2023 09:14:55 Task dvdppf -- epoch 0 -- Dev ACC: 44.548
02/20/2023 09:14:55 Task dvdppf -- epoch 0 -- Dev F1: 25.610
02/20/2023 09:14:56 Task dvdduration -- epoch 0 -- Dev ACC: 27.726
02/20/2023 09:14:56 Task dvdduration -- epoch 0 -- Dev F1: 8.683
02/20/2023 09:14:57 Task dvdorder -- epoch 0 -- Dev ACC: 52.191
02/20/2023 09:14:57 Task dvdorder -- epoch 0 -- Dev F1: 11.431
02/20/2023 09:15:02 Task disc -- epoch 0 -- Dev ACC: 97.856
02/20/2023 09:15:02 Task disc -- epoch 0 -- Dev F1: 97.026
02/20/2023 09:15:02 At epoch 1
02/20/2023 09:16:42 Task [ 3] updates[  1000] train loss[0.73965] remaining[0:00:42]
02/20/2023 09:17:26 Task dvdppf -- epoch 1 -- Dev ACC: 43.925
02/20/2023 09:17:26 Task dvdppf -- epoch 1 -- Dev F1: 35.358
02/20/2023 09:17:27 Task dvdduration -- epoch 1 -- Dev ACC: 29.283
02/20/2023 09:17:27 Task dvdduration -- epoch 1 -- Dev F1: 14.259
02/20/2023 09:17:28 Task dvdorder -- epoch 1 -- Dev ACC: 52.191
02/20/2023 09:17:28 Task dvdorder -- epoch 1 -- Dev F1: 11.431
02/20/2023 09:17:34 Task disc -- epoch 1 -- Dev ACC: 97.090
02/20/2023 09:17:34 Task disc -- epoch 1 -- Dev F1: 96.076
02/20/2023 09:17:34 At epoch 2
02/20/2023 09:18:51 Task [ 3] updates[  1500] train loss[0.70628] remaining[0:01:03]
02/20/2023 09:19:57 Task dvdppf -- epoch 2 -- Dev ACC: 45.171
02/20/2023 09:19:57 Task dvdppf -- epoch 2 -- Dev F1: 42.038
02/20/2023 09:20:00 Task dvdduration -- epoch 2 -- Dev ACC: 34.891
02/20/2023 09:20:00 Task dvdduration -- epoch 2 -- Dev F1: 20.474
02/20/2023 09:20:01 Task dvdorder -- epoch 2 -- Dev ACC: 52.988
02/20/2023 09:20:01 Task dvdorder -- epoch 2 -- Dev F1: 12.971
02/20/2023 09:20:05 Task disc -- epoch 2 -- Dev ACC: 97.550
02/20/2023 09:20:05 Task disc -- epoch 2 -- Dev F1: 96.709
02/20/2023 09:20:05 At epoch 3
02/20/2023 09:21:01 Task [ 1] updates[  2000] train loss[0.66716] remaining[0:01:23]
02/20/2023 09:22:26 Task dvdppf -- epoch 3 -- Dev ACC: 49.844
02/20/2023 09:22:26 Task dvdppf -- epoch 3 -- Dev F1: 41.009
02/20/2023 09:22:27 Task dvdduration -- epoch 3 -- Dev ACC: 38.941
02/20/2023 09:22:27 Task dvdduration -- epoch 3 -- Dev F1: 23.762
02/20/2023 09:22:29 Task dvdorder -- epoch 3 -- Dev ACC: 50.996
02/20/2023 09:22:29 Task dvdorder -- epoch 3 -- Dev F1: 12.709
02/20/2023 09:22:34 Task disc -- epoch 3 -- Dev ACC: 96.172
02/20/2023 09:22:34 Task disc -- epoch 3 -- Dev F1: 94.971
02/20/2023 09:22:34 At epoch 4
02/20/2023 09:23:08 Task [ 0] updates[  2500] train loss[0.63903] remaining[0:01:43]
02/20/2023 09:24:54 Task dvdppf -- epoch 4 -- Dev ACC: 50.779
02/20/2023 09:24:54 Task dvdppf -- epoch 4 -- Dev F1: 45.186
02/20/2023 09:24:56 Task dvdduration -- epoch 4 -- Dev ACC: 38.318
02/20/2023 09:24:56 Task dvdduration -- epoch 4 -- Dev F1: 23.613
02/20/2023 09:24:57 Task dvdorder -- epoch 4 -- Dev ACC: 49.004
02/20/2023 09:24:57 Task dvdorder -- epoch 4 -- Dev F1: 12.530
02/20/2023 09:25:02 Task disc -- epoch 4 -- Dev ACC: 96.325
02/20/2023 09:25:02 Task disc -- epoch 4 -- Dev F1: 95.144
02/20/2023 09:25:02 At epoch 5
02/20/2023 09:25:16 Task [ 3] updates[  3000] train loss[0.61530] remaining[0:02:06]
02/20/2023 09:27:15 Task [ 3] updates[  3500] train loss[0.59007] remaining[0:00:06]
02/20/2023 09:27:23 Task dvdppf -- epoch 5 -- Dev ACC: 49.221
02/20/2023 09:27:23 Task dvdppf -- epoch 5 -- Dev F1: 40.495
02/20/2023 09:27:24 Task dvdduration -- epoch 5 -- Dev ACC: 46.106
02/20/2023 09:27:24 Task dvdduration -- epoch 5 -- Dev F1: 29.133
02/20/2023 09:27:25 Task dvdorder -- epoch 5 -- Dev ACC: 46.614
02/20/2023 09:27:25 Task dvdorder -- epoch 5 -- Dev F1: 15.381
02/20/2023 09:27:29 Task disc -- epoch 5 -- Dev ACC: 96.172
02/20/2023 09:27:29 Task disc -- epoch 5 -- Dev F1: 94.962
02/20/2023 09:27:29 At epoch 6
02/20/2023 09:29:22 Task [ 0] updates[  4000] train loss[0.56692] remaining[0:00:27]
02/20/2023 09:29:51 Task dvdppf -- epoch 6 -- Dev ACC: 48.598
02/20/2023 09:29:51 Task dvdppf -- epoch 6 -- Dev F1: 31.736
02/20/2023 09:29:52 Task dvdduration -- epoch 6 -- Dev ACC: 36.137
02/20/2023 09:29:52 Task dvdduration -- epoch 6 -- Dev F1: 24.285
02/20/2023 09:29:54 Task dvdorder -- epoch 6 -- Dev ACC: 45.020
02/20/2023 09:29:54 Task dvdorder -- epoch 6 -- Dev F1: 19.818
02/20/2023 09:29:59 Task disc -- epoch 6 -- Dev ACC: 96.018
02/20/2023 09:29:59 Task disc -- epoch 6 -- Dev F1: 94.760
02/20/2023 09:29:59 At epoch 7
02/20/2023 09:31:32 Task [ 1] updates[  4500] train loss[0.54436] remaining[0:00:49]
02/20/2023 09:32:21 Task dvdppf -- epoch 7 -- Dev ACC: 50.467
02/20/2023 09:32:21 Task dvdppf -- epoch 7 -- Dev F1: 34.131
02/20/2023 09:32:22 Task dvdduration -- epoch 7 -- Dev ACC: 40.498
02/20/2023 09:32:22 Task dvdduration -- epoch 7 -- Dev F1: 26.142
02/20/2023 09:32:23 Task dvdorder -- epoch 7 -- Dev ACC: 45.020
02/20/2023 09:32:23 Task dvdorder -- epoch 7 -- Dev F1: 15.805
02/20/2023 09:32:27 Task disc -- epoch 7 -- Dev ACC: 96.018
02/20/2023 09:32:27 Task disc -- epoch 7 -- Dev F1: 94.791
02/20/2023 09:32:27 At epoch 8
02/20/2023 09:33:37 Task [ 2] updates[  5000] train loss[0.52528] remaining[0:01:08]
02/20/2023 09:34:47 Task dvdppf -- epoch 8 -- Dev ACC: 48.910
02/20/2023 09:34:47 Task dvdppf -- epoch 8 -- Dev F1: 32.559
02/20/2023 09:34:48 Task dvdduration -- epoch 8 -- Dev ACC: 39.252
02/20/2023 09:34:48 Task dvdduration -- epoch 8 -- Dev F1: 26.632
02/20/2023 09:34:49 Task dvdorder -- epoch 8 -- Dev ACC: 46.215
02/20/2023 09:34:49 Task dvdorder -- epoch 8 -- Dev F1: 16.590
02/20/2023 09:34:53 Task disc -- epoch 8 -- Dev ACC: 96.172
02/20/2023 09:34:53 Task disc -- epoch 8 -- Dev F1: 94.952
02/20/2023 09:34:53 At epoch 9
02/20/2023 09:35:44 Task [ 3] updates[  5500] train loss[0.50545] remaining[0:01:32]
02/20/2023 09:37:15 Task dvdppf -- epoch 9 -- Dev ACC: 47.975
02/20/2023 09:37:15 Task dvdppf -- epoch 9 -- Dev F1: 32.424
02/20/2023 09:37:16 Task dvdduration -- epoch 9 -- Dev ACC: 38.006
02/20/2023 09:37:16 Task dvdduration -- epoch 9 -- Dev F1: 25.835
02/20/2023 09:37:17 Task dvdorder -- epoch 9 -- Dev ACC: 45.418
02/20/2023 09:37:17 Task dvdorder -- epoch 9 -- Dev F1: 19.442
02/20/2023 09:37:21 Task disc -- epoch 9 -- Dev ACC: 96.248
02/20/2023 09:37:21 Task disc -- epoch 9 -- Dev F1: 95.038
