02/15/2023 03:45:13 0
02/15/2023 03:45:13 Launching the MT-DNN training
02/15/2023 03:45:13 Loading ../../../dvd_hanashi/dvd_hanashi_all/0/dvdppf_train.json as task 0
02/15/2023 03:45:13 Loading ../../../dvd_hanashi/dvd_hanashi_all/0/dvdorder_train.json as task 1
02/15/2023 03:45:13 Loading ../../../dvd_hanashi/dvd_hanashi_all/0/ppf_train.json as task 2
02/15/2023 03:45:13 4,6,4
02/15/2023 03:45:13 ####################
02/15/2023 03:45:13 {'log_file': 'checkpoints/dvd_best_hanashi_ppf_0_adam_answer_opt0_gc0_ggc1_2023-02-15T0345/log.log', 'tensorboard': False, 'tensorboard_logdir': 'tensorboard_logdir', 'init_checkpoint': '../../../japanese_bert_new_/jap_bert.pt', 'data_dir': '../../../dvd_hanashi/dvd_hanashi_all/0/', 'data_sort_on': False, 'name': 'farmer', 'task_def': '../../../experiments/dvd_hanashi/dvd_hanashi_task_def.yml', 'train_datasets': ['dvdppf', 'dvdorder', 'ppf'], 'test_datasets': ['dvdppf', 'dvdorder', 'ppf'], 'update_bert_opt': 0, 'multi_gpu_on': True, 'mem_cum_type': 'simple', 'answer_num_turn': 5, 'answer_mem_drop_p': 0.1, 'answer_att_hidden_size': 128, 'answer_att_type': 'bilinear', 'answer_rnn_type': 'gru', 'answer_sum_att_type': 'bilinear', 'answer_merge_opt': 1, 'answer_mem_type': 1, 'answer_dropout_p': 0.1, 'answer_weight_norm_on': False, 'dump_state_on': False, 'answer_opt': [0, 0, 0], 'label_size': '4,6,4', 'mtl_opt': 0, 'ratio': 0, 'mix_opt': 0, 'max_seq_len': 512, 'init_ratio': 1, 'encoder_type': <EncoderModelType.BERT: 1>, 'cuda': True, 'log_per_updates': 500, 'save_per_updates': 10000, 'save_per_updates_on': False, 'epochs': 10, 'batch_size': 16, 'batch_size_eval': 8, 'optimizer': 'adam', 'grad_clipping': 0.0, 'global_grad_clipping': 1.0, 'weight_decay': 0, 'learning_rate': 1e-05, 'momentum': 0, 'warmup': 0.1, 'warmup_schedule': 'warmup_linear', 'adam_eps': 1e-06, 'vb_dropout': True, 'dropout_p': 0.1, 'dropout_w': 0.0, 'bert_dropout_p': 0.1, 'model_ckpt': 'checkpoints/model_0.pt', 'resume': False, 'ema_opt': 0, 'ema_gamma': 0.995, 'lookahead': False, 'lookahead_k': 5, 'lookahead_alpha': 0.5, 'have_lr_scheduler': True, 'multi_step_lr': '10,20,30', 'freeze_layers': -1, 'embedding_opt': 0, 'lr_gamma': 0.5, 'bert_l2norm': 0.0, 'scheduler_type': 'ms', 'output_dir': 'checkpoints/dvd_best_hanashi_ppf_0_adam_answer_opt0_gc0_ggc1_2023-02-15T0345', 'seed': 2018, 'grad_accumulation_step': 1, 'fp16': False, 'fp16_opt_level': 'O1', 'mean_teacher': False, 'mean_teacher_avg': 'exponential', 'mean_teacher_lambda': 1, 'mean_teacher_rampup': 4000, 'mean_teacher_alpha1': 0.99, 'mean_teacher_alpha2': 0.999, 'mt_kd_tau': 1, 'virtual_teacher': False, 'vat_eps': 0.001, 'vat_max_layer': -1, 'vat_opt': 0, 'vat_lambda': 1, 'vat_alpha': 1, 'vat_nosiy': 1e-05, 'use_noisycopy': False, 'noisycopy_eps': 0.01, 'use_advcopy': False, 'advcopy_eps': 0.01, 'vat_stable_eps': 1e-06, 'tasks_dropout_p': [0.1, 0.1, 0.1]}
02/15/2023 03:45:13 ####################
02/15/2023 03:45:13 ############# Gradient Accumulation Info #############
02/15/2023 03:45:13 number of step: 3380
02/15/2023 03:45:13 number of grad grad_accumulation step: 1
02/15/2023 03:45:13 adjusted number of step: 3380
02/15/2023 03:45:13 ############# Gradient Accumulation Info #############
02/15/2023 03:45:20 
############# Model Arch of MT-DNN #############
SANBertNetwork(
  (dropout_list): ModuleList(
    (0): DropoutWrapper()
    (1): DropoutWrapper()
    (2): DropoutWrapper()
  )
  (bert): BertModel(
    (embeddings): BertEmbeddings(
      (word_embeddings): Embedding(32006, 768)
      (position_embeddings): Embedding(512, 768)
      (token_type_embeddings): Embedding(2, 768)
      (LayerNorm): FusedLayerNorm(torch.Size([768]), eps=1e-12, elementwise_affine=True)
      (dropout): Dropout(p=0.1)
    )
    (encoder): BertEncoder(
      (layer): ModuleList(
        (0): BertLayer(
          (attention): BertAttention(
            (self): BertSelfAttention(
              (query): Linear(in_features=768, out_features=768, bias=True)
              (key): Linear(in_features=768, out_features=768, bias=True)
              (value): Linear(in_features=768, out_features=768, bias=True)
              (dropout): Dropout(p=0.1)
            )
            (output): BertSelfOutput(
              (dense): Linear(in_features=768, out_features=768, bias=True)
              (LayerNorm): FusedLayerNorm(torch.Size([768]), eps=1e-12, elementwise_affine=True)
              (dropout): Dropout(p=0.1)
            )
          )
          (intermediate): BertIntermediate(
            (dense): Linear(in_features=768, out_features=3072, bias=True)
          )
          (output): BertOutput(
            (dense): Linear(in_features=3072, out_features=768, bias=True)
            (LayerNorm): FusedLayerNorm(torch.Size([768]), eps=1e-12, elementwise_affine=True)
            (dropout): Dropout(p=0.1)
          )
        )
        (1): BertLayer(
          (attention): BertAttention(
            (self): BertSelfAttention(
              (query): Linear(in_features=768, out_features=768, bias=True)
              (key): Linear(in_features=768, out_features=768, bias=True)
              (value): Linear(in_features=768, out_features=768, bias=True)
              (dropout): Dropout(p=0.1)
            )
            (output): BertSelfOutput(
              (dense): Linear(in_features=768, out_features=768, bias=True)
              (LayerNorm): FusedLayerNorm(torch.Size([768]), eps=1e-12, elementwise_affine=True)
              (dropout): Dropout(p=0.1)
            )
          )
          (intermediate): BertIntermediate(
            (dense): Linear(in_features=768, out_features=3072, bias=True)
          )
          (output): BertOutput(
            (dense): Linear(in_features=3072, out_features=768, bias=True)
            (LayerNorm): FusedLayerNorm(torch.Size([768]), eps=1e-12, elementwise_affine=True)
            (dropout): Dropout(p=0.1)
          )
        )
        (2): BertLayer(
          (attention): BertAttention(
            (self): BertSelfAttention(
              (query): Linear(in_features=768, out_features=768, bias=True)
              (key): Linear(in_features=768, out_features=768, bias=True)
              (value): Linear(in_features=768, out_features=768, bias=True)
              (dropout): Dropout(p=0.1)
            )
            (output): BertSelfOutput(
              (dense): Linear(in_features=768, out_features=768, bias=True)
              (LayerNorm): FusedLayerNorm(torch.Size([768]), eps=1e-12, elementwise_affine=True)
              (dropout): Dropout(p=0.1)
            )
          )
          (intermediate): BertIntermediate(
            (dense): Linear(in_features=768, out_features=3072, bias=True)
          )
          (output): BertOutput(
            (dense): Linear(in_features=3072, out_features=768, bias=True)
            (LayerNorm): FusedLayerNorm(torch.Size([768]), eps=1e-12, elementwise_affine=True)
            (dropout): Dropout(p=0.1)
          )
        )
        (3): BertLayer(
          (attention): BertAttention(
            (self): BertSelfAttention(
              (query): Linear(in_features=768, out_features=768, bias=True)
              (key): Linear(in_features=768, out_features=768, bias=True)
              (value): Linear(in_features=768, out_features=768, bias=True)
              (dropout): Dropout(p=0.1)
            )
            (output): BertSelfOutput(
              (dense): Linear(in_features=768, out_features=768, bias=True)
              (LayerNorm): FusedLayerNorm(torch.Size([768]), eps=1e-12, elementwise_affine=True)
              (dropout): Dropout(p=0.1)
            )
          )
          (intermediate): BertIntermediate(
            (dense): Linear(in_features=768, out_features=3072, bias=True)
          )
          (output): BertOutput(
            (dense): Linear(in_features=3072, out_features=768, bias=True)
            (LayerNorm): FusedLayerNorm(torch.Size([768]), eps=1e-12, elementwise_affine=True)
            (dropout): Dropout(p=0.1)
          )
        )
        (4): BertLayer(
          (attention): BertAttention(
            (self): BertSelfAttention(
              (query): Linear(in_features=768, out_features=768, bias=True)
              (key): Linear(in_features=768, out_features=768, bias=True)
              (value): Linear(in_features=768, out_features=768, bias=True)
              (dropout): Dropout(p=0.1)
            )
            (output): BertSelfOutput(
              (dense): Linear(in_features=768, out_features=768, bias=True)
              (LayerNorm): FusedLayerNorm(torch.Size([768]), eps=1e-12, elementwise_affine=True)
              (dropout): Dropout(p=0.1)
            )
          )
          (intermediate): BertIntermediate(
            (dense): Linear(in_features=768, out_features=3072, bias=True)
          )
          (output): BertOutput(
            (dense): Linear(in_features=3072, out_features=768, bias=True)
            (LayerNorm): FusedLayerNorm(torch.Size([768]), eps=1e-12, elementwise_affine=True)
            (dropout): Dropout(p=0.1)
          )
        )
        (5): BertLayer(
          (attention): BertAttention(
            (self): BertSelfAttention(
              (query): Linear(in_features=768, out_features=768, bias=True)
              (key): Linear(in_features=768, out_features=768, bias=True)
              (value): Linear(in_features=768, out_features=768, bias=True)
              (dropout): Dropout(p=0.1)
            )
            (output): BertSelfOutput(
              (dense): Linear(in_features=768, out_features=768, bias=True)
              (LayerNorm): FusedLayerNorm(torch.Size([768]), eps=1e-12, elementwise_affine=True)
              (dropout): Dropout(p=0.1)
            )
          )
          (intermediate): BertIntermediate(
            (dense): Linear(in_features=768, out_features=3072, bias=True)
          )
          (output): BertOutput(
            (dense): Linear(in_features=3072, out_features=768, bias=True)
            (LayerNorm): FusedLayerNorm(torch.Size([768]), eps=1e-12, elementwise_affine=True)
            (dropout): Dropout(p=0.1)
          )
        )
        (6): BertLayer(
          (attention): BertAttention(
            (self): BertSelfAttention(
              (query): Linear(in_features=768, out_features=768, bias=True)
              (key): Linear(in_features=768, out_features=768, bias=True)
              (value): Linear(in_features=768, out_features=768, bias=True)
              (dropout): Dropout(p=0.1)
            )
            (output): BertSelfOutput(
              (dense): Linear(in_features=768, out_features=768, bias=True)
              (LayerNorm): FusedLayerNorm(torch.Size([768]), eps=1e-12, elementwise_affine=True)
              (dropout): Dropout(p=0.1)
            )
          )
          (intermediate): BertIntermediate(
            (dense): Linear(in_features=768, out_features=3072, bias=True)
          )
          (output): BertOutput(
            (dense): Linear(in_features=3072, out_features=768, bias=True)
            (LayerNorm): FusedLayerNorm(torch.Size([768]), eps=1e-12, elementwise_affine=True)
            (dropout): Dropout(p=0.1)
          )
        )
        (7): BertLayer(
          (attention): BertAttention(
            (self): BertSelfAttention(
              (query): Linear(in_features=768, out_features=768, bias=True)
              (key): Linear(in_features=768, out_features=768, bias=True)
              (value): Linear(in_features=768, out_features=768, bias=True)
              (dropout): Dropout(p=0.1)
            )
            (output): BertSelfOutput(
              (dense): Linear(in_features=768, out_features=768, bias=True)
              (LayerNorm): FusedLayerNorm(torch.Size([768]), eps=1e-12, elementwise_affine=True)
              (dropout): Dropout(p=0.1)
            )
          )
          (intermediate): BertIntermediate(
            (dense): Linear(in_features=768, out_features=3072, bias=True)
          )
          (output): BertOutput(
            (dense): Linear(in_features=3072, out_features=768, bias=True)
            (LayerNorm): FusedLayerNorm(torch.Size([768]), eps=1e-12, elementwise_affine=True)
            (dropout): Dropout(p=0.1)
          )
        )
        (8): BertLayer(
          (attention): BertAttention(
            (self): BertSelfAttention(
              (query): Linear(in_features=768, out_features=768, bias=True)
              (key): Linear(in_features=768, out_features=768, bias=True)
              (value): Linear(in_features=768, out_features=768, bias=True)
              (dropout): Dropout(p=0.1)
            )
            (output): BertSelfOutput(
              (dense): Linear(in_features=768, out_features=768, bias=True)
              (LayerNorm): FusedLayerNorm(torch.Size([768]), eps=1e-12, elementwise_affine=True)
              (dropout): Dropout(p=0.1)
            )
          )
          (intermediate): BertIntermediate(
            (dense): Linear(in_features=768, out_features=3072, bias=True)
          )
          (output): BertOutput(
            (dense): Linear(in_features=3072, out_features=768, bias=True)
            (LayerNorm): FusedLayerNorm(torch.Size([768]), eps=1e-12, elementwise_affine=True)
            (dropout): Dropout(p=0.1)
          )
        )
        (9): BertLayer(
          (attention): BertAttention(
            (self): BertSelfAttention(
              (query): Linear(in_features=768, out_features=768, bias=True)
              (key): Linear(in_features=768, out_features=768, bias=True)
              (value): Linear(in_features=768, out_features=768, bias=True)
              (dropout): Dropout(p=0.1)
            )
            (output): BertSelfOutput(
              (dense): Linear(in_features=768, out_features=768, bias=True)
              (LayerNorm): FusedLayerNorm(torch.Size([768]), eps=1e-12, elementwise_affine=True)
              (dropout): Dropout(p=0.1)
            )
          )
          (intermediate): BertIntermediate(
            (dense): Linear(in_features=768, out_features=3072, bias=True)
          )
          (output): BertOutput(
            (dense): Linear(in_features=3072, out_features=768, bias=True)
            (LayerNorm): FusedLayerNorm(torch.Size([768]), eps=1e-12, elementwise_affine=True)
            (dropout): Dropout(p=0.1)
          )
        )
        (10): BertLayer(
          (attention): BertAttention(
            (self): BertSelfAttention(
              (query): Linear(in_features=768, out_features=768, bias=True)
              (key): Linear(in_features=768, out_features=768, bias=True)
              (value): Linear(in_features=768, out_features=768, bias=True)
              (dropout): Dropout(p=0.1)
            )
            (output): BertSelfOutput(
              (dense): Linear(in_features=768, out_features=768, bias=True)
              (LayerNorm): FusedLayerNorm(torch.Size([768]), eps=1e-12, elementwise_affine=True)
              (dropout): Dropout(p=0.1)
            )
          )
          (intermediate): BertIntermediate(
            (dense): Linear(in_features=768, out_features=3072, bias=True)
          )
          (output): BertOutput(
            (dense): Linear(in_features=3072, out_features=768, bias=True)
            (LayerNorm): FusedLayerNorm(torch.Size([768]), eps=1e-12, elementwise_affine=True)
            (dropout): Dropout(p=0.1)
          )
        )
        (11): BertLayer(
          (attention): BertAttention(
            (self): BertSelfAttention(
              (query): Linear(in_features=768, out_features=768, bias=True)
              (key): Linear(in_features=768, out_features=768, bias=True)
              (value): Linear(in_features=768, out_features=768, bias=True)
              (dropout): Dropout(p=0.1)
            )
            (output): BertSelfOutput(
              (dense): Linear(in_features=768, out_features=768, bias=True)
              (LayerNorm): FusedLayerNorm(torch.Size([768]), eps=1e-12, elementwise_affine=True)
              (dropout): Dropout(p=0.1)
            )
          )
          (intermediate): BertIntermediate(
            (dense): Linear(in_features=768, out_features=3072, bias=True)
          )
          (output): BertOutput(
            (dense): Linear(in_features=3072, out_features=768, bias=True)
            (LayerNorm): FusedLayerNorm(torch.Size([768]), eps=1e-12, elementwise_affine=True)
            (dropout): Dropout(p=0.1)
          )
        )
      )
    )
    (pooler): BertPooler(
      (dense): Linear(in_features=768, out_features=768, bias=True)
      (activation): Tanh()
    )
  )
  (scoring_list): ModuleList(
    (0): Linear(in_features=768, out_features=4, bias=True)
    (1): Linear(in_features=768, out_features=6, bias=True)
    (2): Linear(in_features=768, out_features=4, bias=True)
  )
)

02/15/2023 03:45:20 Total number of params: 110632718
02/15/2023 03:45:20 At epoch 0
02/15/2023 03:45:21 Task [ 2] updates[     1] train loss[1.37425] remaining[0:02:53]
02/15/2023 03:46:20 Task dvdppf -- epoch 0 -- Dev ACC: 35.556
02/15/2023 03:46:20 Task dvdppf -- epoch 0 -- Dev F1: 20.259
02/15/2023 03:46:21 Task dvdorder -- epoch 0 -- Dev ACC: 15.630
02/15/2023 03:46:21 Task dvdorder -- epoch 0 -- Dev F1: 8.335
02/15/2023 03:46:24 Task ppf -- epoch 0 -- Dev ACC: 49.312
02/15/2023 03:46:24 Task ppf -- epoch 0 -- Dev F1: 33.289
02/15/2023 03:46:24 At epoch 1
02/15/2023 03:46:53 Task [ 1] updates[   500] train loss[0.99473] remaining[0:00:31]
02/15/2023 03:47:25 Task dvdppf -- epoch 1 -- Dev ACC: 42.614
02/15/2023 03:47:25 Task dvdppf -- epoch 1 -- Dev F1: 30.056
02/15/2023 03:47:27 Task dvdorder -- epoch 1 -- Dev ACC: 49.412
02/15/2023 03:47:27 Task dvdorder -- epoch 1 -- Dev F1: 11.036
02/15/2023 03:47:30 Task ppf -- epoch 1 -- Dev ACC: 47.937
02/15/2023 03:47:30 Task ppf -- epoch 1 -- Dev F1: 32.198
02/15/2023 03:47:30 At epoch 2
02/15/2023 03:48:27 Task [ 1] updates[  1000] train loss[0.88850] remaining[0:00:02]
02/15/2023 03:48:31 Task dvdppf -- epoch 2 -- Dev ACC: 40.392
02/15/2023 03:48:31 Task dvdppf -- epoch 2 -- Dev F1: 26.863
02/15/2023 03:48:33 Task dvdorder -- epoch 2 -- Dev ACC: 49.748
02/15/2023 03:48:33 Task dvdorder -- epoch 2 -- Dev F1: 12.213
02/15/2023 03:48:36 Task ppf -- epoch 2 -- Dev ACC: 54.603
02/15/2023 03:48:36 Task ppf -- epoch 2 -- Dev F1: 40.155
02/15/2023 03:48:36 At epoch 3
02/15/2023 03:49:36 Task dvdppf -- epoch 3 -- Dev ACC: 41.961
02/15/2023 03:49:36 Task dvdppf -- epoch 3 -- Dev F1: 28.671
02/15/2023 03:49:38 Task dvdorder -- epoch 3 -- Dev ACC: 47.059
02/15/2023 03:49:38 Task dvdorder -- epoch 3 -- Dev F1: 13.611
02/15/2023 03:49:40 Task ppf -- epoch 3 -- Dev ACC: 53.757
02/15/2023 03:49:40 Task ppf -- epoch 3 -- Dev F1: 41.070
02/15/2023 03:49:40 At epoch 4
02/15/2023 03:50:05 Task [ 2] updates[  1500] train loss[0.78721] remaining[0:00:32]
02/15/2023 03:50:40 Task dvdppf -- epoch 4 -- Dev ACC: 43.791
02/15/2023 03:50:40 Task dvdppf -- epoch 4 -- Dev F1: 32.140
02/15/2023 03:50:42 Task dvdorder -- epoch 4 -- Dev ACC: 39.664
02/15/2023 03:50:42 Task dvdorder -- epoch 4 -- Dev F1: 18.603
02/15/2023 03:50:45 Task ppf -- epoch 4 -- Dev ACC: 52.593
02/15/2023 03:50:45 Task ppf -- epoch 4 -- Dev F1: 41.206
02/15/2023 03:50:45 At epoch 5
02/15/2023 03:51:38 Task [ 0] updates[  2000] train loss[0.71480] remaining[0:00:04]
02/15/2023 03:51:45 Task dvdppf -- epoch 5 -- Dev ACC: 43.007
02/15/2023 03:51:45 Task dvdppf -- epoch 5 -- Dev F1: 30.649
02/15/2023 03:51:47 Task dvdorder -- epoch 5 -- Dev ACC: 41.849
02/15/2023 03:51:47 Task dvdorder -- epoch 5 -- Dev F1: 18.402
02/15/2023 03:51:49 Task ppf -- epoch 5 -- Dev ACC: 52.593
02/15/2023 03:51:49 Task ppf -- epoch 5 -- Dev F1: 41.723
02/15/2023 03:51:49 At epoch 6
02/15/2023 03:52:51 Task dvdppf -- epoch 6 -- Dev ACC: 43.791
02/15/2023 03:52:51 Task dvdppf -- epoch 6 -- Dev F1: 31.764
02/15/2023 03:52:52 Task dvdorder -- epoch 6 -- Dev ACC: 38.992
02/15/2023 03:52:52 Task dvdorder -- epoch 6 -- Dev F1: 17.549
02/15/2023 03:52:55 Task ppf -- epoch 6 -- Dev ACC: 52.804
02/15/2023 03:52:55 Task ppf -- epoch 6 -- Dev F1: 41.278
02/15/2023 03:52:55 At epoch 7
02/15/2023 03:53:19 Task [ 2] updates[  2500] train loss[0.64782] remaining[0:00:36]
02/15/2023 03:53:57 Task dvdppf -- epoch 7 -- Dev ACC: 43.922
02/15/2023 03:53:57 Task dvdppf -- epoch 7 -- Dev F1: 31.740
02/15/2023 03:53:58 Task dvdorder -- epoch 7 -- Dev ACC: 40.168
02/15/2023 03:53:58 Task dvdorder -- epoch 7 -- Dev F1: 18.661
02/15/2023 03:54:01 Task ppf -- epoch 7 -- Dev ACC: 52.169
02/15/2023 03:54:01 Task ppf -- epoch 7 -- Dev F1: 41.237
02/15/2023 03:54:01 At epoch 8
02/15/2023 03:54:51 Task [ 1] updates[  3000] train loss[0.59339] remaining[0:00:07]
02/15/2023 03:55:00 Task dvdppf -- epoch 8 -- Dev ACC: 43.660
02/15/2023 03:55:00 Task dvdppf -- epoch 8 -- Dev F1: 31.881
02/15/2023 03:55:02 Task dvdorder -- epoch 8 -- Dev ACC: 38.655
02/15/2023 03:55:02 Task dvdorder -- epoch 8 -- Dev F1: 17.970
02/15/2023 03:55:05 Task ppf -- epoch 8 -- Dev ACC: 51.323
02/15/2023 03:55:05 Task ppf -- epoch 8 -- Dev F1: 41.125
02/15/2023 03:55:05 At epoch 9
02/15/2023 03:56:04 Task dvdppf -- epoch 9 -- Dev ACC: 43.791
02/15/2023 03:56:04 Task dvdppf -- epoch 9 -- Dev F1: 32.146
02/15/2023 03:56:06 Task dvdorder -- epoch 9 -- Dev ACC: 38.487
02/15/2023 03:56:06 Task dvdorder -- epoch 9 -- Dev F1: 18.022
02/15/2023 03:56:08 Task ppf -- epoch 9 -- Dev ACC: 51.534
02/15/2023 03:56:08 Task ppf -- epoch 9 -- Dev F1: 40.496
