02/15/2023 02:52:38 0
02/15/2023 02:52:39 Launching the MT-DNN training
02/15/2023 02:52:39 Loading ../../../dvd_hanashi/dvd_hanashi_all/2/dvdppf_train.json as task 0
02/15/2023 02:52:39 Loading ../../../dvd_hanashi/dvd_hanashi_all/2/dvdduration_train.json as task 1
02/15/2023 02:52:39 Loading ../../../dvd_hanashi/dvd_hanashi_all/2/dvdorder_train.json as task 2
02/15/2023 02:52:39 Loading ../../../dvd_hanashi/dvd_hanashi_all/2/ppf_train.json as task 3
02/15/2023 02:52:39 4,5,6,4
02/15/2023 02:52:39 ####################
02/15/2023 02:52:39 {'log_file': 'checkpoints/dvd_all_hanashi_ppf_2_adam_answer_opt0_gc0_ggc1_2023-02-15T0252/log.log', 'tensorboard': False, 'tensorboard_logdir': 'tensorboard_logdir', 'init_checkpoint': '../../../japanese_bert_new_/jap_bert.pt', 'data_dir': '../../../dvd_hanashi/dvd_hanashi_all/2/', 'data_sort_on': False, 'name': 'farmer', 'task_def': '../../../experiments/dvd_hanashi/dvd_hanashi_task_def.yml', 'train_datasets': ['dvdppf', 'dvdduration', 'dvdorder', 'ppf'], 'test_datasets': ['dvdppf', 'dvdduration', 'dvdorder', 'ppf'], 'update_bert_opt': 0, 'multi_gpu_on': True, 'mem_cum_type': 'simple', 'answer_num_turn': 5, 'answer_mem_drop_p': 0.1, 'answer_att_hidden_size': 128, 'answer_att_type': 'bilinear', 'answer_rnn_type': 'gru', 'answer_sum_att_type': 'bilinear', 'answer_merge_opt': 1, 'answer_mem_type': 1, 'answer_dropout_p': 0.1, 'answer_weight_norm_on': False, 'dump_state_on': False, 'answer_opt': [0, 0, 0, 0], 'label_size': '4,5,6,4', 'mtl_opt': 0, 'ratio': 0, 'mix_opt': 0, 'max_seq_len': 512, 'init_ratio': 1, 'encoder_type': <EncoderModelType.BERT: 1>, 'cuda': True, 'log_per_updates': 500, 'save_per_updates': 10000, 'save_per_updates_on': False, 'epochs': 10, 'batch_size': 16, 'batch_size_eval': 8, 'optimizer': 'adam', 'grad_clipping': 0.0, 'global_grad_clipping': 1.0, 'weight_decay': 0, 'learning_rate': 1e-05, 'momentum': 0, 'warmup': 0.1, 'warmup_schedule': 'warmup_linear', 'adam_eps': 1e-06, 'vb_dropout': True, 'dropout_p': 0.1, 'dropout_w': 0.0, 'bert_dropout_p': 0.1, 'model_ckpt': 'checkpoints/model_0.pt', 'resume': False, 'ema_opt': 0, 'ema_gamma': 0.995, 'lookahead': False, 'lookahead_k': 5, 'lookahead_alpha': 0.5, 'have_lr_scheduler': True, 'multi_step_lr': '10,20,30', 'freeze_layers': -1, 'embedding_opt': 0, 'lr_gamma': 0.5, 'bert_l2norm': 0.0, 'scheduler_type': 'ms', 'output_dir': 'checkpoints/dvd_all_hanashi_ppf_2_adam_answer_opt0_gc0_ggc1_2023-02-15T0252', 'seed': 2018, 'grad_accumulation_step': 1, 'fp16': False, 'fp16_opt_level': 'O1', 'mean_teacher': False, 'mean_teacher_avg': 'exponential', 'mean_teacher_lambda': 1, 'mean_teacher_rampup': 4000, 'mean_teacher_alpha1': 0.99, 'mean_teacher_alpha2': 0.999, 'mt_kd_tau': 1, 'virtual_teacher': False, 'vat_eps': 0.001, 'vat_max_layer': -1, 'vat_opt': 0, 'vat_lambda': 1, 'vat_alpha': 1, 'vat_nosiy': 1e-05, 'use_noisycopy': False, 'noisycopy_eps': 0.01, 'use_advcopy': False, 'advcopy_eps': 0.01, 'vat_stable_eps': 1e-06, 'tasks_dropout_p': [0.1, 0.1, 0.1, 0.1]}
02/15/2023 02:52:39 ####################
02/15/2023 02:52:39 ############# Gradient Accumulation Info #############
02/15/2023 02:52:39 number of step: 4870
02/15/2023 02:52:39 number of grad grad_accumulation step: 1
02/15/2023 02:52:39 adjusted number of step: 4870
02/15/2023 02:52:39 ############# Gradient Accumulation Info #############
02/15/2023 02:52:46 
############# Model Arch of MT-DNN #############
SANBertNetwork(
  (dropout_list): ModuleList(
    (0): DropoutWrapper()
    (1): DropoutWrapper()
    (2): DropoutWrapper()
    (3): DropoutWrapper()
  )
  (bert): BertModel(
    (embeddings): BertEmbeddings(
      (word_embeddings): Embedding(32006, 768)
      (position_embeddings): Embedding(512, 768)
      (token_type_embeddings): Embedding(2, 768)
      (LayerNorm): FusedLayerNorm(torch.Size([768]), eps=1e-12, elementwise_affine=True)
      (dropout): Dropout(p=0.1)
    )
    (encoder): BertEncoder(
      (layer): ModuleList(
        (0): BertLayer(
          (attention): BertAttention(
            (self): BertSelfAttention(
              (query): Linear(in_features=768, out_features=768, bias=True)
              (key): Linear(in_features=768, out_features=768, bias=True)
              (value): Linear(in_features=768, out_features=768, bias=True)
              (dropout): Dropout(p=0.1)
            )
            (output): BertSelfOutput(
              (dense): Linear(in_features=768, out_features=768, bias=True)
              (LayerNorm): FusedLayerNorm(torch.Size([768]), eps=1e-12, elementwise_affine=True)
              (dropout): Dropout(p=0.1)
            )
          )
          (intermediate): BertIntermediate(
            (dense): Linear(in_features=768, out_features=3072, bias=True)
          )
          (output): BertOutput(
            (dense): Linear(in_features=3072, out_features=768, bias=True)
            (LayerNorm): FusedLayerNorm(torch.Size([768]), eps=1e-12, elementwise_affine=True)
            (dropout): Dropout(p=0.1)
          )
        )
        (1): BertLayer(
          (attention): BertAttention(
            (self): BertSelfAttention(
              (query): Linear(in_features=768, out_features=768, bias=True)
              (key): Linear(in_features=768, out_features=768, bias=True)
              (value): Linear(in_features=768, out_features=768, bias=True)
              (dropout): Dropout(p=0.1)
            )
            (output): BertSelfOutput(
              (dense): Linear(in_features=768, out_features=768, bias=True)
              (LayerNorm): FusedLayerNorm(torch.Size([768]), eps=1e-12, elementwise_affine=True)
              (dropout): Dropout(p=0.1)
            )
          )
          (intermediate): BertIntermediate(
            (dense): Linear(in_features=768, out_features=3072, bias=True)
          )
          (output): BertOutput(
            (dense): Linear(in_features=3072, out_features=768, bias=True)
            (LayerNorm): FusedLayerNorm(torch.Size([768]), eps=1e-12, elementwise_affine=True)
            (dropout): Dropout(p=0.1)
          )
        )
        (2): BertLayer(
          (attention): BertAttention(
            (self): BertSelfAttention(
              (query): Linear(in_features=768, out_features=768, bias=True)
              (key): Linear(in_features=768, out_features=768, bias=True)
              (value): Linear(in_features=768, out_features=768, bias=True)
              (dropout): Dropout(p=0.1)
            )
            (output): BertSelfOutput(
              (dense): Linear(in_features=768, out_features=768, bias=True)
              (LayerNorm): FusedLayerNorm(torch.Size([768]), eps=1e-12, elementwise_affine=True)
              (dropout): Dropout(p=0.1)
            )
          )
          (intermediate): BertIntermediate(
            (dense): Linear(in_features=768, out_features=3072, bias=True)
          )
          (output): BertOutput(
            (dense): Linear(in_features=3072, out_features=768, bias=True)
            (LayerNorm): FusedLayerNorm(torch.Size([768]), eps=1e-12, elementwise_affine=True)
            (dropout): Dropout(p=0.1)
          )
        )
        (3): BertLayer(
          (attention): BertAttention(
            (self): BertSelfAttention(
              (query): Linear(in_features=768, out_features=768, bias=True)
              (key): Linear(in_features=768, out_features=768, bias=True)
              (value): Linear(in_features=768, out_features=768, bias=True)
              (dropout): Dropout(p=0.1)
            )
            (output): BertSelfOutput(
              (dense): Linear(in_features=768, out_features=768, bias=True)
              (LayerNorm): FusedLayerNorm(torch.Size([768]), eps=1e-12, elementwise_affine=True)
              (dropout): Dropout(p=0.1)
            )
          )
          (intermediate): BertIntermediate(
            (dense): Linear(in_features=768, out_features=3072, bias=True)
          )
          (output): BertOutput(
            (dense): Linear(in_features=3072, out_features=768, bias=True)
            (LayerNorm): FusedLayerNorm(torch.Size([768]), eps=1e-12, elementwise_affine=True)
            (dropout): Dropout(p=0.1)
          )
        )
        (4): BertLayer(
          (attention): BertAttention(
            (self): BertSelfAttention(
              (query): Linear(in_features=768, out_features=768, bias=True)
              (key): Linear(in_features=768, out_features=768, bias=True)
              (value): Linear(in_features=768, out_features=768, bias=True)
              (dropout): Dropout(p=0.1)
            )
            (output): BertSelfOutput(
              (dense): Linear(in_features=768, out_features=768, bias=True)
              (LayerNorm): FusedLayerNorm(torch.Size([768]), eps=1e-12, elementwise_affine=True)
              (dropout): Dropout(p=0.1)
            )
          )
          (intermediate): BertIntermediate(
            (dense): Linear(in_features=768, out_features=3072, bias=True)
          )
          (output): BertOutput(
            (dense): Linear(in_features=3072, out_features=768, bias=True)
            (LayerNorm): FusedLayerNorm(torch.Size([768]), eps=1e-12, elementwise_affine=True)
            (dropout): Dropout(p=0.1)
          )
        )
        (5): BertLayer(
          (attention): BertAttention(
            (self): BertSelfAttention(
              (query): Linear(in_features=768, out_features=768, bias=True)
              (key): Linear(in_features=768, out_features=768, bias=True)
              (value): Linear(in_features=768, out_features=768, bias=True)
              (dropout): Dropout(p=0.1)
            )
            (output): BertSelfOutput(
              (dense): Linear(in_features=768, out_features=768, bias=True)
              (LayerNorm): FusedLayerNorm(torch.Size([768]), eps=1e-12, elementwise_affine=True)
              (dropout): Dropout(p=0.1)
            )
          )
          (intermediate): BertIntermediate(
            (dense): Linear(in_features=768, out_features=3072, bias=True)
          )
          (output): BertOutput(
            (dense): Linear(in_features=3072, out_features=768, bias=True)
            (LayerNorm): FusedLayerNorm(torch.Size([768]), eps=1e-12, elementwise_affine=True)
            (dropout): Dropout(p=0.1)
          )
        )
        (6): BertLayer(
          (attention): BertAttention(
            (self): BertSelfAttention(
              (query): Linear(in_features=768, out_features=768, bias=True)
              (key): Linear(in_features=768, out_features=768, bias=True)
              (value): Linear(in_features=768, out_features=768, bias=True)
              (dropout): Dropout(p=0.1)
            )
            (output): BertSelfOutput(
              (dense): Linear(in_features=768, out_features=768, bias=True)
              (LayerNorm): FusedLayerNorm(torch.Size([768]), eps=1e-12, elementwise_affine=True)
              (dropout): Dropout(p=0.1)
            )
          )
          (intermediate): BertIntermediate(
            (dense): Linear(in_features=768, out_features=3072, bias=True)
          )
          (output): BertOutput(
            (dense): Linear(in_features=3072, out_features=768, bias=True)
            (LayerNorm): FusedLayerNorm(torch.Size([768]), eps=1e-12, elementwise_affine=True)
            (dropout): Dropout(p=0.1)
          )
        )
        (7): BertLayer(
          (attention): BertAttention(
            (self): BertSelfAttention(
              (query): Linear(in_features=768, out_features=768, bias=True)
              (key): Linear(in_features=768, out_features=768, bias=True)
              (value): Linear(in_features=768, out_features=768, bias=True)
              (dropout): Dropout(p=0.1)
            )
            (output): BertSelfOutput(
              (dense): Linear(in_features=768, out_features=768, bias=True)
              (LayerNorm): FusedLayerNorm(torch.Size([768]), eps=1e-12, elementwise_affine=True)
              (dropout): Dropout(p=0.1)
            )
          )
          (intermediate): BertIntermediate(
            (dense): Linear(in_features=768, out_features=3072, bias=True)
          )
          (output): BertOutput(
            (dense): Linear(in_features=3072, out_features=768, bias=True)
            (LayerNorm): FusedLayerNorm(torch.Size([768]), eps=1e-12, elementwise_affine=True)
            (dropout): Dropout(p=0.1)
          )
        )
        (8): BertLayer(
          (attention): BertAttention(
            (self): BertSelfAttention(
              (query): Linear(in_features=768, out_features=768, bias=True)
              (key): Linear(in_features=768, out_features=768, bias=True)
              (value): Linear(in_features=768, out_features=768, bias=True)
              (dropout): Dropout(p=0.1)
            )
            (output): BertSelfOutput(
              (dense): Linear(in_features=768, out_features=768, bias=True)
              (LayerNorm): FusedLayerNorm(torch.Size([768]), eps=1e-12, elementwise_affine=True)
              (dropout): Dropout(p=0.1)
            )
          )
          (intermediate): BertIntermediate(
            (dense): Linear(in_features=768, out_features=3072, bias=True)
          )
          (output): BertOutput(
            (dense): Linear(in_features=3072, out_features=768, bias=True)
            (LayerNorm): FusedLayerNorm(torch.Size([768]), eps=1e-12, elementwise_affine=True)
            (dropout): Dropout(p=0.1)
          )
        )
        (9): BertLayer(
          (attention): BertAttention(
            (self): BertSelfAttention(
              (query): Linear(in_features=768, out_features=768, bias=True)
              (key): Linear(in_features=768, out_features=768, bias=True)
              (value): Linear(in_features=768, out_features=768, bias=True)
              (dropout): Dropout(p=0.1)
            )
            (output): BertSelfOutput(
              (dense): Linear(in_features=768, out_features=768, bias=True)
              (LayerNorm): FusedLayerNorm(torch.Size([768]), eps=1e-12, elementwise_affine=True)
              (dropout): Dropout(p=0.1)
            )
          )
          (intermediate): BertIntermediate(
            (dense): Linear(in_features=768, out_features=3072, bias=True)
          )
          (output): BertOutput(
            (dense): Linear(in_features=3072, out_features=768, bias=True)
            (LayerNorm): FusedLayerNorm(torch.Size([768]), eps=1e-12, elementwise_affine=True)
            (dropout): Dropout(p=0.1)
          )
        )
        (10): BertLayer(
          (attention): BertAttention(
            (self): BertSelfAttention(
              (query): Linear(in_features=768, out_features=768, bias=True)
              (key): Linear(in_features=768, out_features=768, bias=True)
              (value): Linear(in_features=768, out_features=768, bias=True)
              (dropout): Dropout(p=0.1)
            )
            (output): BertSelfOutput(
              (dense): Linear(in_features=768, out_features=768, bias=True)
              (LayerNorm): FusedLayerNorm(torch.Size([768]), eps=1e-12, elementwise_affine=True)
              (dropout): Dropout(p=0.1)
            )
          )
          (intermediate): BertIntermediate(
            (dense): Linear(in_features=768, out_features=3072, bias=True)
          )
          (output): BertOutput(
            (dense): Linear(in_features=3072, out_features=768, bias=True)
            (LayerNorm): FusedLayerNorm(torch.Size([768]), eps=1e-12, elementwise_affine=True)
            (dropout): Dropout(p=0.1)
          )
        )
        (11): BertLayer(
          (attention): BertAttention(
            (self): BertSelfAttention(
              (query): Linear(in_features=768, out_features=768, bias=True)
              (key): Linear(in_features=768, out_features=768, bias=True)
              (value): Linear(in_features=768, out_features=768, bias=True)
              (dropout): Dropout(p=0.1)
            )
            (output): BertSelfOutput(
              (dense): Linear(in_features=768, out_features=768, bias=True)
              (LayerNorm): FusedLayerNorm(torch.Size([768]), eps=1e-12, elementwise_affine=True)
              (dropout): Dropout(p=0.1)
            )
          )
          (intermediate): BertIntermediate(
            (dense): Linear(in_features=768, out_features=3072, bias=True)
          )
          (output): BertOutput(
            (dense): Linear(in_features=3072, out_features=768, bias=True)
            (LayerNorm): FusedLayerNorm(torch.Size([768]), eps=1e-12, elementwise_affine=True)
            (dropout): Dropout(p=0.1)
          )
        )
      )
    )
    (pooler): BertPooler(
      (dense): Linear(in_features=768, out_features=768, bias=True)
      (activation): Tanh()
    )
  )
  (scoring_list): ModuleList(
    (0): Linear(in_features=768, out_features=4, bias=True)
    (1): Linear(in_features=768, out_features=5, bias=True)
    (2): Linear(in_features=768, out_features=6, bias=True)
    (3): Linear(in_features=768, out_features=4, bias=True)
  )
)

02/15/2023 02:52:46 Total number of params: 110636563
02/15/2023 02:52:46 At epoch 0
02/15/2023 02:52:46 Task [ 0] updates[     1] train loss[1.45161] remaining[0:03:41]
02/15/2023 02:54:04 Task dvdppf -- epoch 0 -- Dev ACC: 36.137
02/15/2023 02:54:04 Task dvdppf -- epoch 0 -- Dev F1: 25.181
02/15/2023 02:54:05 Task dvdduration -- epoch 0 -- Dev ACC: 29.907
02/15/2023 02:54:05 Task dvdduration -- epoch 0 -- Dev F1: 13.787
02/15/2023 02:54:05 Task dvdorder -- epoch 0 -- Dev ACC: 52.191
02/15/2023 02:54:05 Task dvdorder -- epoch 0 -- Dev F1: 11.431
02/15/2023 02:54:08 Task ppf -- epoch 0 -- Dev ACC: 63.147
02/15/2023 02:54:08 Task ppf -- epoch 0 -- Dev F1: 35.999
02/15/2023 02:54:08 At epoch 1
02/15/2023 02:54:10 Task [ 0] updates[   500] train loss[1.21007] remaining[0:01:19]
02/15/2023 02:55:25 Task dvdppf -- epoch 1 -- Dev ACC: 48.910
02/15/2023 02:55:25 Task dvdppf -- epoch 1 -- Dev F1: 39.796
02/15/2023 02:55:26 Task dvdduration -- epoch 1 -- Dev ACC: 30.530
02/15/2023 02:55:26 Task dvdduration -- epoch 1 -- Dev F1: 15.147
02/15/2023 02:55:27 Task dvdorder -- epoch 1 -- Dev ACC: 52.191
02/15/2023 02:55:27 Task dvdorder -- epoch 1 -- Dev F1: 14.923
02/15/2023 02:55:29 Task ppf -- epoch 1 -- Dev ACC: 72.690
02/15/2023 02:55:29 Task ppf -- epoch 1 -- Dev F1: 41.009
02/15/2023 02:55:29 At epoch 2
02/15/2023 02:55:34 Task [ 3] updates[  1000] train loss[1.12604] remaining[0:01:14]
02/15/2023 02:56:47 Task dvdppf -- epoch 2 -- Dev ACC: 47.040
02/15/2023 02:56:47 Task dvdppf -- epoch 2 -- Dev F1: 40.048
02/15/2023 02:56:47 Task dvdduration -- epoch 2 -- Dev ACC: 33.645
02/15/2023 02:56:47 Task dvdduration -- epoch 2 -- Dev F1: 19.397
02/15/2023 02:56:48 Task dvdorder -- epoch 2 -- Dev ACC: 51.394
02/15/2023 02:56:48 Task dvdorder -- epoch 2 -- Dev F1: 15.087
02/15/2023 02:56:51 Task ppf -- epoch 2 -- Dev ACC: 65.381
02/15/2023 02:56:51 Task ppf -- epoch 2 -- Dev F1: 41.724
02/15/2023 02:56:51 At epoch 3
02/15/2023 02:56:57 Task [ 3] updates[  1500] train loss[1.05193] remaining[0:01:08]
02/15/2023 02:58:08 Task dvdppf -- epoch 3 -- Dev ACC: 47.664
02/15/2023 02:58:08 Task dvdppf -- epoch 3 -- Dev F1: 41.865
02/15/2023 02:58:09 Task dvdduration -- epoch 3 -- Dev ACC: 38.941
02/15/2023 02:58:09 Task dvdduration -- epoch 3 -- Dev F1: 27.121
02/15/2023 02:58:09 Task dvdorder -- epoch 3 -- Dev ACC: 49.801
02/15/2023 02:58:09 Task dvdorder -- epoch 3 -- Dev F1: 14.142
02/15/2023 02:58:12 Task ppf -- epoch 3 -- Dev ACC: 67.005
02/15/2023 02:58:12 Task ppf -- epoch 3 -- Dev F1: 42.232
02/15/2023 02:58:12 At epoch 4
02/15/2023 02:58:20 Task [ 3] updates[  2000] train loss[0.98852] remaining[0:01:08]
02/15/2023 02:59:29 Task dvdppf -- epoch 4 -- Dev ACC: 50.156
02/15/2023 02:59:29 Task dvdppf -- epoch 4 -- Dev F1: 44.561
02/15/2023 02:59:30 Task dvdduration -- epoch 4 -- Dev ACC: 42.679
02/15/2023 02:59:30 Task dvdduration -- epoch 4 -- Dev F1: 29.787
02/15/2023 02:59:31 Task dvdorder -- epoch 4 -- Dev ACC: 48.606
02/15/2023 02:59:31 Task dvdorder -- epoch 4 -- Dev F1: 17.928
02/15/2023 02:59:34 Task ppf -- epoch 4 -- Dev ACC: 63.147
02/15/2023 02:59:34 Task ppf -- epoch 4 -- Dev F1: 41.977
02/15/2023 02:59:34 At epoch 5
02/15/2023 02:59:44 Task [ 1] updates[  2500] train loss[0.93019] remaining[0:01:08]
02/15/2023 03:00:51 Task dvdppf -- epoch 5 -- Dev ACC: 49.221
02/15/2023 03:00:51 Task dvdppf -- epoch 5 -- Dev F1: 32.974
02/15/2023 03:00:52 Task dvdduration -- epoch 5 -- Dev ACC: 38.318
02/15/2023 03:00:52 Task dvdduration -- epoch 5 -- Dev F1: 25.460
02/15/2023 03:00:53 Task dvdorder -- epoch 5 -- Dev ACC: 48.606
02/15/2023 03:00:53 Task dvdorder -- epoch 5 -- Dev F1: 22.351
02/15/2023 03:00:55 Task ppf -- epoch 5 -- Dev ACC: 55.533
02/15/2023 03:00:55 Task ppf -- epoch 5 -- Dev F1: 40.205
02/15/2023 03:00:55 At epoch 6
02/15/2023 03:01:07 Task [ 2] updates[  3000] train loss[0.87837] remaining[0:01:02]
02/15/2023 03:02:12 Task dvdppf -- epoch 6 -- Dev ACC: 46.417
02/15/2023 03:02:12 Task dvdppf -- epoch 6 -- Dev F1: 41.231
02/15/2023 03:02:13 Task dvdduration -- epoch 6 -- Dev ACC: 42.679
02/15/2023 03:02:13 Task dvdduration -- epoch 6 -- Dev F1: 29.616
02/15/2023 03:02:14 Task dvdorder -- epoch 6 -- Dev ACC: 49.801
02/15/2023 03:02:14 Task dvdorder -- epoch 6 -- Dev F1: 21.842
02/15/2023 03:02:17 Task ppf -- epoch 6 -- Dev ACC: 67.614
02/15/2023 03:02:17 Task ppf -- epoch 6 -- Dev F1: 42.945
02/15/2023 03:02:17 At epoch 7
02/15/2023 03:02:31 Task [ 3] updates[  3500] train loss[0.83322] remaining[0:01:01]
02/15/2023 03:03:34 Task dvdppf -- epoch 7 -- Dev ACC: 47.664
02/15/2023 03:03:34 Task dvdppf -- epoch 7 -- Dev F1: 32.671
02/15/2023 03:03:35 Task dvdduration -- epoch 7 -- Dev ACC: 40.810
02/15/2023 03:03:35 Task dvdduration -- epoch 7 -- Dev F1: 27.485
02/15/2023 03:03:36 Task dvdorder -- epoch 7 -- Dev ACC: 47.012
02/15/2023 03:03:36 Task dvdorder -- epoch 7 -- Dev F1: 23.737
02/15/2023 03:03:38 Task ppf -- epoch 7 -- Dev ACC: 65.178
02/15/2023 03:03:38 Task ppf -- epoch 7 -- Dev F1: 43.210
02/15/2023 03:03:38 At epoch 8
02/15/2023 03:03:54 Task [ 1] updates[  4000] train loss[0.79202] remaining[0:00:59]
02/15/2023 03:04:55 Task dvdppf -- epoch 8 -- Dev ACC: 49.533
02/15/2023 03:04:55 Task dvdppf -- epoch 8 -- Dev F1: 33.090
02/15/2023 03:04:56 Task dvdduration -- epoch 8 -- Dev ACC: 40.498
02/15/2023 03:04:56 Task dvdduration -- epoch 8 -- Dev F1: 27.026
02/15/2023 03:04:57 Task dvdorder -- epoch 8 -- Dev ACC: 47.809
02/15/2023 03:04:57 Task dvdorder -- epoch 8 -- Dev F1: 22.123
02/15/2023 03:05:00 Task ppf -- epoch 8 -- Dev ACC: 65.482
02/15/2023 03:05:00 Task ppf -- epoch 8 -- Dev F1: 42.121
02/15/2023 03:05:00 At epoch 9
02/15/2023 03:05:17 Task [ 3] updates[  4500] train loss[0.75648] remaining[0:00:56]
02/15/2023 03:06:17 Task dvdppf -- epoch 9 -- Dev ACC: 47.975
02/15/2023 03:06:17 Task dvdppf -- epoch 9 -- Dev F1: 31.965
02/15/2023 03:06:18 Task dvdduration -- epoch 9 -- Dev ACC: 40.498
02/15/2023 03:06:18 Task dvdduration -- epoch 9 -- Dev F1: 27.193
02/15/2023 03:06:18 Task dvdorder -- epoch 9 -- Dev ACC: 47.809
02/15/2023 03:06:18 Task dvdorder -- epoch 9 -- Dev F1: 22.234
02/15/2023 03:06:21 Task ppf -- epoch 9 -- Dev ACC: 65.076
02/15/2023 03:06:21 Task ppf -- epoch 9 -- Dev F1: 42.303
