02/15/2023 04:07:48 0
02/15/2023 04:07:48 Launching the MT-DNN training
02/15/2023 04:07:48 Loading ../../../dvd_hanashi/dvd_hanashi_all/2/dvdppf_train.json as task 0
02/15/2023 04:07:48 Loading ../../../dvd_hanashi/dvd_hanashi_all/2/dvdorder_train.json as task 1
02/15/2023 04:07:48 Loading ../../../dvd_hanashi/dvd_hanashi_all/2/ppf_train.json as task 2
02/15/2023 04:07:49 4,6,4
02/15/2023 04:07:49 ####################
02/15/2023 04:07:49 {'log_file': 'checkpoints/dvd_best_hanashi_ppf_2_adam_answer_opt0_gc0_ggc1_2023-02-15T0407/log.log', 'tensorboard': False, 'tensorboard_logdir': 'tensorboard_logdir', 'init_checkpoint': '../../../japanese_bert_new_/jap_bert.pt', 'data_dir': '../../../dvd_hanashi/dvd_hanashi_all/2/', 'data_sort_on': False, 'name': 'farmer', 'task_def': '../../../experiments/dvd_hanashi/dvd_hanashi_task_def.yml', 'train_datasets': ['dvdppf', 'dvdorder', 'ppf'], 'test_datasets': ['dvdppf', 'dvdorder', 'ppf'], 'update_bert_opt': 0, 'multi_gpu_on': True, 'mem_cum_type': 'simple', 'answer_num_turn': 5, 'answer_mem_drop_p': 0.1, 'answer_att_hidden_size': 128, 'answer_att_type': 'bilinear', 'answer_rnn_type': 'gru', 'answer_sum_att_type': 'bilinear', 'answer_merge_opt': 1, 'answer_mem_type': 1, 'answer_dropout_p': 0.1, 'answer_weight_norm_on': False, 'dump_state_on': False, 'answer_opt': [0, 0, 0], 'label_size': '4,6,4', 'mtl_opt': 0, 'ratio': 0, 'mix_opt': 0, 'max_seq_len': 512, 'init_ratio': 1, 'encoder_type': <EncoderModelType.BERT: 1>, 'cuda': True, 'log_per_updates': 500, 'save_per_updates': 10000, 'save_per_updates_on': False, 'epochs': 10, 'batch_size': 16, 'batch_size_eval': 8, 'optimizer': 'adam', 'grad_clipping': 0.0, 'global_grad_clipping': 1.0, 'weight_decay': 0, 'learning_rate': 1e-05, 'momentum': 0, 'warmup': 0.1, 'warmup_schedule': 'warmup_linear', 'adam_eps': 1e-06, 'vb_dropout': True, 'dropout_p': 0.1, 'dropout_w': 0.0, 'bert_dropout_p': 0.1, 'model_ckpt': 'checkpoints/model_0.pt', 'resume': False, 'ema_opt': 0, 'ema_gamma': 0.995, 'lookahead': False, 'lookahead_k': 5, 'lookahead_alpha': 0.5, 'have_lr_scheduler': True, 'multi_step_lr': '10,20,30', 'freeze_layers': -1, 'embedding_opt': 0, 'lr_gamma': 0.5, 'bert_l2norm': 0.0, 'scheduler_type': 'ms', 'output_dir': 'checkpoints/dvd_best_hanashi_ppf_2_adam_answer_opt0_gc0_ggc1_2023-02-15T0407', 'seed': 2018, 'grad_accumulation_step': 1, 'fp16': False, 'fp16_opt_level': 'O1', 'mean_teacher': False, 'mean_teacher_avg': 'exponential', 'mean_teacher_lambda': 1, 'mean_teacher_rampup': 4000, 'mean_teacher_alpha1': 0.99, 'mean_teacher_alpha2': 0.999, 'mt_kd_tau': 1, 'virtual_teacher': False, 'vat_eps': 0.001, 'vat_max_layer': -1, 'vat_opt': 0, 'vat_lambda': 1, 'vat_alpha': 1, 'vat_nosiy': 1e-05, 'use_noisycopy': False, 'noisycopy_eps': 0.01, 'use_advcopy': False, 'advcopy_eps': 0.01, 'vat_stable_eps': 1e-06, 'tasks_dropout_p': [0.1, 0.1, 0.1]}
02/15/2023 04:07:49 ####################
02/15/2023 04:07:49 ############# Gradient Accumulation Info #############
02/15/2023 04:07:49 number of step: 3850
02/15/2023 04:07:49 number of grad grad_accumulation step: 1
02/15/2023 04:07:49 adjusted number of step: 3850
02/15/2023 04:07:49 ############# Gradient Accumulation Info #############
02/15/2023 04:07:55 
############# Model Arch of MT-DNN #############
SANBertNetwork(
  (dropout_list): ModuleList(
    (0): DropoutWrapper()
    (1): DropoutWrapper()
    (2): DropoutWrapper()
  )
  (bert): BertModel(
    (embeddings): BertEmbeddings(
      (word_embeddings): Embedding(32006, 768)
      (position_embeddings): Embedding(512, 768)
      (token_type_embeddings): Embedding(2, 768)
      (LayerNorm): FusedLayerNorm(torch.Size([768]), eps=1e-12, elementwise_affine=True)
      (dropout): Dropout(p=0.1)
    )
    (encoder): BertEncoder(
      (layer): ModuleList(
        (0): BertLayer(
          (attention): BertAttention(
            (self): BertSelfAttention(
              (query): Linear(in_features=768, out_features=768, bias=True)
              (key): Linear(in_features=768, out_features=768, bias=True)
              (value): Linear(in_features=768, out_features=768, bias=True)
              (dropout): Dropout(p=0.1)
            )
            (output): BertSelfOutput(
              (dense): Linear(in_features=768, out_features=768, bias=True)
              (LayerNorm): FusedLayerNorm(torch.Size([768]), eps=1e-12, elementwise_affine=True)
              (dropout): Dropout(p=0.1)
            )
          )
          (intermediate): BertIntermediate(
            (dense): Linear(in_features=768, out_features=3072, bias=True)
          )
          (output): BertOutput(
            (dense): Linear(in_features=3072, out_features=768, bias=True)
            (LayerNorm): FusedLayerNorm(torch.Size([768]), eps=1e-12, elementwise_affine=True)
            (dropout): Dropout(p=0.1)
          )
        )
        (1): BertLayer(
          (attention): BertAttention(
            (self): BertSelfAttention(
              (query): Linear(in_features=768, out_features=768, bias=True)
              (key): Linear(in_features=768, out_features=768, bias=True)
              (value): Linear(in_features=768, out_features=768, bias=True)
              (dropout): Dropout(p=0.1)
            )
            (output): BertSelfOutput(
              (dense): Linear(in_features=768, out_features=768, bias=True)
              (LayerNorm): FusedLayerNorm(torch.Size([768]), eps=1e-12, elementwise_affine=True)
              (dropout): Dropout(p=0.1)
            )
          )
          (intermediate): BertIntermediate(
            (dense): Linear(in_features=768, out_features=3072, bias=True)
          )
          (output): BertOutput(
            (dense): Linear(in_features=3072, out_features=768, bias=True)
            (LayerNorm): FusedLayerNorm(torch.Size([768]), eps=1e-12, elementwise_affine=True)
            (dropout): Dropout(p=0.1)
          )
        )
        (2): BertLayer(
          (attention): BertAttention(
            (self): BertSelfAttention(
              (query): Linear(in_features=768, out_features=768, bias=True)
              (key): Linear(in_features=768, out_features=768, bias=True)
              (value): Linear(in_features=768, out_features=768, bias=True)
              (dropout): Dropout(p=0.1)
            )
            (output): BertSelfOutput(
              (dense): Linear(in_features=768, out_features=768, bias=True)
              (LayerNorm): FusedLayerNorm(torch.Size([768]), eps=1e-12, elementwise_affine=True)
              (dropout): Dropout(p=0.1)
            )
          )
          (intermediate): BertIntermediate(
            (dense): Linear(in_features=768, out_features=3072, bias=True)
          )
          (output): BertOutput(
            (dense): Linear(in_features=3072, out_features=768, bias=True)
            (LayerNorm): FusedLayerNorm(torch.Size([768]), eps=1e-12, elementwise_affine=True)
            (dropout): Dropout(p=0.1)
          )
        )
        (3): BertLayer(
          (attention): BertAttention(
            (self): BertSelfAttention(
              (query): Linear(in_features=768, out_features=768, bias=True)
              (key): Linear(in_features=768, out_features=768, bias=True)
              (value): Linear(in_features=768, out_features=768, bias=True)
              (dropout): Dropout(p=0.1)
            )
            (output): BertSelfOutput(
              (dense): Linear(in_features=768, out_features=768, bias=True)
              (LayerNorm): FusedLayerNorm(torch.Size([768]), eps=1e-12, elementwise_affine=True)
              (dropout): Dropout(p=0.1)
            )
          )
          (intermediate): BertIntermediate(
            (dense): Linear(in_features=768, out_features=3072, bias=True)
          )
          (output): BertOutput(
            (dense): Linear(in_features=3072, out_features=768, bias=True)
            (LayerNorm): FusedLayerNorm(torch.Size([768]), eps=1e-12, elementwise_affine=True)
            (dropout): Dropout(p=0.1)
          )
        )
        (4): BertLayer(
          (attention): BertAttention(
            (self): BertSelfAttention(
              (query): Linear(in_features=768, out_features=768, bias=True)
              (key): Linear(in_features=768, out_features=768, bias=True)
              (value): Linear(in_features=768, out_features=768, bias=True)
              (dropout): Dropout(p=0.1)
            )
            (output): BertSelfOutput(
              (dense): Linear(in_features=768, out_features=768, bias=True)
              (LayerNorm): FusedLayerNorm(torch.Size([768]), eps=1e-12, elementwise_affine=True)
              (dropout): Dropout(p=0.1)
            )
          )
          (intermediate): BertIntermediate(
            (dense): Linear(in_features=768, out_features=3072, bias=True)
          )
          (output): BertOutput(
            (dense): Linear(in_features=3072, out_features=768, bias=True)
            (LayerNorm): FusedLayerNorm(torch.Size([768]), eps=1e-12, elementwise_affine=True)
            (dropout): Dropout(p=0.1)
          )
        )
        (5): BertLayer(
          (attention): BertAttention(
            (self): BertSelfAttention(
              (query): Linear(in_features=768, out_features=768, bias=True)
              (key): Linear(in_features=768, out_features=768, bias=True)
              (value): Linear(in_features=768, out_features=768, bias=True)
              (dropout): Dropout(p=0.1)
            )
            (output): BertSelfOutput(
              (dense): Linear(in_features=768, out_features=768, bias=True)
              (LayerNorm): FusedLayerNorm(torch.Size([768]), eps=1e-12, elementwise_affine=True)
              (dropout): Dropout(p=0.1)
            )
          )
          (intermediate): BertIntermediate(
            (dense): Linear(in_features=768, out_features=3072, bias=True)
          )
          (output): BertOutput(
            (dense): Linear(in_features=3072, out_features=768, bias=True)
            (LayerNorm): FusedLayerNorm(torch.Size([768]), eps=1e-12, elementwise_affine=True)
            (dropout): Dropout(p=0.1)
          )
        )
        (6): BertLayer(
          (attention): BertAttention(
            (self): BertSelfAttention(
              (query): Linear(in_features=768, out_features=768, bias=True)
              (key): Linear(in_features=768, out_features=768, bias=True)
              (value): Linear(in_features=768, out_features=768, bias=True)
              (dropout): Dropout(p=0.1)
            )
            (output): BertSelfOutput(
              (dense): Linear(in_features=768, out_features=768, bias=True)
              (LayerNorm): FusedLayerNorm(torch.Size([768]), eps=1e-12, elementwise_affine=True)
              (dropout): Dropout(p=0.1)
            )
          )
          (intermediate): BertIntermediate(
            (dense): Linear(in_features=768, out_features=3072, bias=True)
          )
          (output): BertOutput(
            (dense): Linear(in_features=3072, out_features=768, bias=True)
            (LayerNorm): FusedLayerNorm(torch.Size([768]), eps=1e-12, elementwise_affine=True)
            (dropout): Dropout(p=0.1)
          )
        )
        (7): BertLayer(
          (attention): BertAttention(
            (self): BertSelfAttention(
              (query): Linear(in_features=768, out_features=768, bias=True)
              (key): Linear(in_features=768, out_features=768, bias=True)
              (value): Linear(in_features=768, out_features=768, bias=True)
              (dropout): Dropout(p=0.1)
            )
            (output): BertSelfOutput(
              (dense): Linear(in_features=768, out_features=768, bias=True)
              (LayerNorm): FusedLayerNorm(torch.Size([768]), eps=1e-12, elementwise_affine=True)
              (dropout): Dropout(p=0.1)
            )
          )
          (intermediate): BertIntermediate(
            (dense): Linear(in_features=768, out_features=3072, bias=True)
          )
          (output): BertOutput(
            (dense): Linear(in_features=3072, out_features=768, bias=True)
            (LayerNorm): FusedLayerNorm(torch.Size([768]), eps=1e-12, elementwise_affine=True)
            (dropout): Dropout(p=0.1)
          )
        )
        (8): BertLayer(
          (attention): BertAttention(
            (self): BertSelfAttention(
              (query): Linear(in_features=768, out_features=768, bias=True)
              (key): Linear(in_features=768, out_features=768, bias=True)
              (value): Linear(in_features=768, out_features=768, bias=True)
              (dropout): Dropout(p=0.1)
            )
            (output): BertSelfOutput(
              (dense): Linear(in_features=768, out_features=768, bias=True)
              (LayerNorm): FusedLayerNorm(torch.Size([768]), eps=1e-12, elementwise_affine=True)
              (dropout): Dropout(p=0.1)
            )
          )
          (intermediate): BertIntermediate(
            (dense): Linear(in_features=768, out_features=3072, bias=True)
          )
          (output): BertOutput(
            (dense): Linear(in_features=3072, out_features=768, bias=True)
            (LayerNorm): FusedLayerNorm(torch.Size([768]), eps=1e-12, elementwise_affine=True)
            (dropout): Dropout(p=0.1)
          )
        )
        (9): BertLayer(
          (attention): BertAttention(
            (self): BertSelfAttention(
              (query): Linear(in_features=768, out_features=768, bias=True)
              (key): Linear(in_features=768, out_features=768, bias=True)
              (value): Linear(in_features=768, out_features=768, bias=True)
              (dropout): Dropout(p=0.1)
            )
            (output): BertSelfOutput(
              (dense): Linear(in_features=768, out_features=768, bias=True)
              (LayerNorm): FusedLayerNorm(torch.Size([768]), eps=1e-12, elementwise_affine=True)
              (dropout): Dropout(p=0.1)
            )
          )
          (intermediate): BertIntermediate(
            (dense): Linear(in_features=768, out_features=3072, bias=True)
          )
          (output): BertOutput(
            (dense): Linear(in_features=3072, out_features=768, bias=True)
            (LayerNorm): FusedLayerNorm(torch.Size([768]), eps=1e-12, elementwise_affine=True)
            (dropout): Dropout(p=0.1)
          )
        )
        (10): BertLayer(
          (attention): BertAttention(
            (self): BertSelfAttention(
              (query): Linear(in_features=768, out_features=768, bias=True)
              (key): Linear(in_features=768, out_features=768, bias=True)
              (value): Linear(in_features=768, out_features=768, bias=True)
              (dropout): Dropout(p=0.1)
            )
            (output): BertSelfOutput(
              (dense): Linear(in_features=768, out_features=768, bias=True)
              (LayerNorm): FusedLayerNorm(torch.Size([768]), eps=1e-12, elementwise_affine=True)
              (dropout): Dropout(p=0.1)
            )
          )
          (intermediate): BertIntermediate(
            (dense): Linear(in_features=768, out_features=3072, bias=True)
          )
          (output): BertOutput(
            (dense): Linear(in_features=3072, out_features=768, bias=True)
            (LayerNorm): FusedLayerNorm(torch.Size([768]), eps=1e-12, elementwise_affine=True)
            (dropout): Dropout(p=0.1)
          )
        )
        (11): BertLayer(
          (attention): BertAttention(
            (self): BertSelfAttention(
              (query): Linear(in_features=768, out_features=768, bias=True)
              (key): Linear(in_features=768, out_features=768, bias=True)
              (value): Linear(in_features=768, out_features=768, bias=True)
              (dropout): Dropout(p=0.1)
            )
            (output): BertSelfOutput(
              (dense): Linear(in_features=768, out_features=768, bias=True)
              (LayerNorm): FusedLayerNorm(torch.Size([768]), eps=1e-12, elementwise_affine=True)
              (dropout): Dropout(p=0.1)
            )
          )
          (intermediate): BertIntermediate(
            (dense): Linear(in_features=768, out_features=3072, bias=True)
          )
          (output): BertOutput(
            (dense): Linear(in_features=3072, out_features=768, bias=True)
            (LayerNorm): FusedLayerNorm(torch.Size([768]), eps=1e-12, elementwise_affine=True)
            (dropout): Dropout(p=0.1)
          )
        )
      )
    )
    (pooler): BertPooler(
      (dense): Linear(in_features=768, out_features=768, bias=True)
      (activation): Tanh()
    )
  )
  (scoring_list): ModuleList(
    (0): Linear(in_features=768, out_features=4, bias=True)
    (1): Linear(in_features=768, out_features=6, bias=True)
    (2): Linear(in_features=768, out_features=4, bias=True)
  )
)

02/15/2023 04:07:55 Total number of params: 110632718
02/15/2023 04:07:55 At epoch 0
02/15/2023 04:07:56 Task [ 2] updates[     1] train loss[1.40829] remaining[0:03:10]
02/15/2023 04:09:02 Task dvdppf -- epoch 0 -- Dev ACC: 41.433
02/15/2023 04:09:02 Task dvdppf -- epoch 0 -- Dev F1: 40.686
02/15/2023 04:09:03 Task dvdorder -- epoch 0 -- Dev ACC: 52.191
02/15/2023 04:09:03 Task dvdorder -- epoch 0 -- Dev F1: 11.431
02/15/2023 04:09:06 Task ppf -- epoch 0 -- Dev ACC: 65.279
02/15/2023 04:09:06 Task ppf -- epoch 0 -- Dev F1: 36.641
02/15/2023 04:09:06 At epoch 1
02/15/2023 04:09:25 Task [ 1] updates[   500] train loss[1.12189] remaining[0:00:44]
02/15/2023 04:10:11 Task dvdppf -- epoch 1 -- Dev ACC: 49.844
02/15/2023 04:10:11 Task dvdppf -- epoch 1 -- Dev F1: 37.424
02/15/2023 04:10:12 Task dvdorder -- epoch 1 -- Dev ACC: 52.590
02/15/2023 04:10:12 Task dvdorder -- epoch 1 -- Dev F1: 12.274
02/15/2023 04:10:15 Task ppf -- epoch 1 -- Dev ACC: 59.289
02/15/2023 04:10:15 Task ppf -- epoch 1 -- Dev F1: 34.767
02/15/2023 04:10:15 At epoch 2
02/15/2023 04:10:53 Task [ 1] updates[  1000] train loss[1.00483] remaining[0:00:25]
02/15/2023 04:11:20 Task dvdppf -- epoch 2 -- Dev ACC: 50.156
02/15/2023 04:11:20 Task dvdppf -- epoch 2 -- Dev F1: 44.518
02/15/2023 04:11:21 Task dvdorder -- epoch 2 -- Dev ACC: 50.199
02/15/2023 04:11:21 Task dvdorder -- epoch 2 -- Dev F1: 19.774
02/15/2023 04:11:23 Task ppf -- epoch 2 -- Dev ACC: 65.888
02/15/2023 04:11:23 Task ppf -- epoch 2 -- Dev F1: 42.016
02/15/2023 04:11:23 At epoch 3
02/15/2023 04:12:20 Task [ 0] updates[  1500] train loss[0.91676] remaining[0:00:06]
02/15/2023 04:12:28 Task dvdppf -- epoch 3 -- Dev ACC: 49.221
02/15/2023 04:12:28 Task dvdppf -- epoch 3 -- Dev F1: 41.874
02/15/2023 04:12:29 Task dvdorder -- epoch 3 -- Dev ACC: 45.418
02/15/2023 04:12:29 Task dvdorder -- epoch 3 -- Dev F1: 15.198
02/15/2023 04:12:32 Task ppf -- epoch 3 -- Dev ACC: 71.472
02/15/2023 04:12:32 Task ppf -- epoch 3 -- Dev F1: 41.402
02/15/2023 04:12:32 At epoch 4
02/15/2023 04:13:36 Task dvdppf -- epoch 4 -- Dev ACC: 50.779
02/15/2023 04:13:36 Task dvdppf -- epoch 4 -- Dev F1: 42.788
02/15/2023 04:13:37 Task dvdorder -- epoch 4 -- Dev ACC: 52.590
02/15/2023 04:13:37 Task dvdorder -- epoch 4 -- Dev F1: 17.103
02/15/2023 04:13:39 Task ppf -- epoch 4 -- Dev ACC: 67.310
02/15/2023 04:13:39 Task ppf -- epoch 4 -- Dev F1: 41.344
02/15/2023 04:13:39 At epoch 5
02/15/2023 04:13:52 Task [ 0] updates[  2000] train loss[0.83812] remaining[0:00:52]
02/15/2023 04:14:43 Task dvdppf -- epoch 5 -- Dev ACC: 46.729
02/15/2023 04:14:43 Task dvdppf -- epoch 5 -- Dev F1: 31.749
02/15/2023 04:14:44 Task dvdorder -- epoch 5 -- Dev ACC: 49.801
02/15/2023 04:14:44 Task dvdorder -- epoch 5 -- Dev F1: 21.028
02/15/2023 04:14:47 Task ppf -- epoch 5 -- Dev ACC: 67.614
02/15/2023 04:14:47 Task ppf -- epoch 5 -- Dev F1: 41.505
02/15/2023 04:14:47 At epoch 6
02/15/2023 04:15:17 Task [ 1] updates[  2500] train loss[0.77084] remaining[0:00:31]
02/15/2023 04:15:51 Task dvdppf -- epoch 6 -- Dev ACC: 48.287
02/15/2023 04:15:51 Task dvdppf -- epoch 6 -- Dev F1: 32.227
02/15/2023 04:15:52 Task dvdorder -- epoch 6 -- Dev ACC: 47.012
02/15/2023 04:15:52 Task dvdorder -- epoch 6 -- Dev F1: 17.991
02/15/2023 04:15:55 Task ppf -- epoch 6 -- Dev ACC: 65.178
02/15/2023 04:15:55 Task ppf -- epoch 6 -- Dev F1: 40.633
02/15/2023 04:15:55 At epoch 7
02/15/2023 04:16:48 Task [ 1] updates[  3000] train loss[0.71245] remaining[0:00:13]
02/15/2023 04:17:02 Task dvdppf -- epoch 7 -- Dev ACC: 46.106
02/15/2023 04:17:02 Task dvdppf -- epoch 7 -- Dev F1: 30.988
02/15/2023 04:17:03 Task dvdorder -- epoch 7 -- Dev ACC: 46.614
02/15/2023 04:17:03 Task dvdorder -- epoch 7 -- Dev F1: 22.114
02/15/2023 04:17:06 Task ppf -- epoch 7 -- Dev ACC: 59.695
02/15/2023 04:17:06 Task ppf -- epoch 7 -- Dev F1: 39.062
02/15/2023 04:17:06 At epoch 8
02/15/2023 04:18:12 Task dvdppf -- epoch 8 -- Dev ACC: 47.040
02/15/2023 04:18:12 Task dvdppf -- epoch 8 -- Dev F1: 31.965
02/15/2023 04:18:13 Task dvdorder -- epoch 8 -- Dev ACC: 46.215
02/15/2023 04:18:13 Task dvdorder -- epoch 8 -- Dev F1: 20.311
02/15/2023 04:18:16 Task ppf -- epoch 8 -- Dev ACC: 63.350
02/15/2023 04:18:16 Task ppf -- epoch 8 -- Dev F1: 40.479
02/15/2023 04:18:16 At epoch 9
02/15/2023 04:18:22 Task [ 2] updates[  3500] train loss[0.66443] remaining[0:00:56]
02/15/2023 04:19:21 Task dvdppf -- epoch 9 -- Dev ACC: 46.729
02/15/2023 04:19:21 Task dvdppf -- epoch 9 -- Dev F1: 31.778
02/15/2023 04:19:22 Task dvdorder -- epoch 9 -- Dev ACC: 46.215
02/15/2023 04:19:22 Task dvdorder -- epoch 9 -- Dev F1: 20.190
02/15/2023 04:19:25 Task ppf -- epoch 9 -- Dev ACC: 62.437
02/15/2023 04:19:25 Task ppf -- epoch 9 -- Dev F1: 40.617
