02/14/2023 07:11:30 0
02/14/2023 07:11:30 Launching the MT-DNN training
02/14/2023 07:11:30 Loading ../../../dvd_hanashi/dvd_hanashi_all/2/dvdppf_train.json as task 0
02/14/2023 07:11:30 Loading ../../../dvd_hanashi/dvd_hanashi_all/2/dvdduration_train.json as task 1
02/14/2023 07:11:30 Loading ../../../dvd_hanashi/dvd_hanashi_all/2/dvdorder_train.json as task 2
02/14/2023 07:11:31 4,5,6
02/14/2023 07:11:31 ####################
02/14/2023 07:11:31 {'log_file': 'checkpoints/dvd_all_2_adam_answer_opt0_gc0_ggc1_2023-02-14T0711/log.log', 'tensorboard': False, 'tensorboard_logdir': 'tensorboard_logdir', 'init_checkpoint': '../../../japanese_bert_new_/jap_bert.pt', 'data_dir': '../../../dvd_hanashi/dvd_hanashi_all/2/', 'data_sort_on': False, 'name': 'farmer', 'task_def': '../../../experiments/dvd_hanashi/dvd_hanashi_task_def.yml', 'train_datasets': ['dvdppf', 'dvdduration', 'dvdorder'], 'test_datasets': ['dvdppf', 'dvdduration', 'dvdorder'], 'update_bert_opt': 0, 'multi_gpu_on': True, 'mem_cum_type': 'simple', 'answer_num_turn': 5, 'answer_mem_drop_p': 0.1, 'answer_att_hidden_size': 128, 'answer_att_type': 'bilinear', 'answer_rnn_type': 'gru', 'answer_sum_att_type': 'bilinear', 'answer_merge_opt': 1, 'answer_mem_type': 1, 'answer_dropout_p': 0.1, 'answer_weight_norm_on': False, 'dump_state_on': False, 'answer_opt': [0, 0, 0], 'label_size': '4,5,6', 'mtl_opt': 0, 'ratio': 0, 'mix_opt': 0, 'max_seq_len': 512, 'init_ratio': 1, 'encoder_type': <EncoderModelType.BERT: 1>, 'cuda': True, 'log_per_updates': 500, 'save_per_updates': 10000, 'save_per_updates_on': False, 'epochs': 10, 'batch_size': 16, 'batch_size_eval': 8, 'optimizer': 'adam', 'grad_clipping': 0.0, 'global_grad_clipping': 1.0, 'weight_decay': 0, 'learning_rate': 1e-05, 'momentum': 0, 'warmup': 0.1, 'warmup_schedule': 'warmup_linear', 'adam_eps': 1e-06, 'vb_dropout': True, 'dropout_p': 0.1, 'dropout_w': 0.0, 'bert_dropout_p': 0.1, 'model_ckpt': 'checkpoints/model_0.pt', 'resume': False, 'ema_opt': 0, 'ema_gamma': 0.995, 'lookahead': False, 'lookahead_k': 5, 'lookahead_alpha': 0.5, 'have_lr_scheduler': True, 'multi_step_lr': '10,20,30', 'freeze_layers': -1, 'embedding_opt': 0, 'lr_gamma': 0.5, 'bert_l2norm': 0.0, 'scheduler_type': 'ms', 'output_dir': 'checkpoints/dvd_all_2_adam_answer_opt0_gc0_ggc1_2023-02-14T0711', 'seed': 2018, 'grad_accumulation_step': 1, 'fp16': False, 'fp16_opt_level': 'O1', 'mean_teacher': False, 'mean_teacher_avg': 'exponential', 'mean_teacher_lambda': 1, 'mean_teacher_rampup': 4000, 'mean_teacher_alpha1': 0.99, 'mean_teacher_alpha2': 0.999, 'mt_kd_tau': 1, 'virtual_teacher': False, 'vat_eps': 0.001, 'vat_max_layer': -1, 'vat_opt': 0, 'vat_lambda': 1, 'vat_alpha': 1, 'vat_nosiy': 1e-05, 'use_noisycopy': False, 'noisycopy_eps': 0.01, 'use_advcopy': False, 'advcopy_eps': 0.01, 'vat_stable_eps': 1e-06, 'tasks_dropout_p': [0.1, 0.1, 0.1]}
02/14/2023 07:11:31 ####################
02/14/2023 07:11:31 ############# Gradient Accumulation Info #############
02/14/2023 07:11:31 number of step: 2830
02/14/2023 07:11:31 number of grad grad_accumulation step: 1
02/14/2023 07:11:31 adjusted number of step: 2830
02/14/2023 07:11:31 ############# Gradient Accumulation Info #############
02/14/2023 07:11:37 
############# Model Arch of MT-DNN #############
SANBertNetwork(
  (dropout_list): ModuleList(
    (0): DropoutWrapper()
    (1): DropoutWrapper()
    (2): DropoutWrapper()
  )
  (bert): BertModel(
    (embeddings): BertEmbeddings(
      (word_embeddings): Embedding(32006, 768)
      (position_embeddings): Embedding(512, 768)
      (token_type_embeddings): Embedding(2, 768)
      (LayerNorm): FusedLayerNorm(torch.Size([768]), eps=1e-12, elementwise_affine=True)
      (dropout): Dropout(p=0.1)
    )
    (encoder): BertEncoder(
      (layer): ModuleList(
        (0): BertLayer(
          (attention): BertAttention(
            (self): BertSelfAttention(
              (query): Linear(in_features=768, out_features=768, bias=True)
              (key): Linear(in_features=768, out_features=768, bias=True)
              (value): Linear(in_features=768, out_features=768, bias=True)
              (dropout): Dropout(p=0.1)
            )
            (output): BertSelfOutput(
              (dense): Linear(in_features=768, out_features=768, bias=True)
              (LayerNorm): FusedLayerNorm(torch.Size([768]), eps=1e-12, elementwise_affine=True)
              (dropout): Dropout(p=0.1)
            )
          )
          (intermediate): BertIntermediate(
            (dense): Linear(in_features=768, out_features=3072, bias=True)
          )
          (output): BertOutput(
            (dense): Linear(in_features=3072, out_features=768, bias=True)
            (LayerNorm): FusedLayerNorm(torch.Size([768]), eps=1e-12, elementwise_affine=True)
            (dropout): Dropout(p=0.1)
          )
        )
        (1): BertLayer(
          (attention): BertAttention(
            (self): BertSelfAttention(
              (query): Linear(in_features=768, out_features=768, bias=True)
              (key): Linear(in_features=768, out_features=768, bias=True)
              (value): Linear(in_features=768, out_features=768, bias=True)
              (dropout): Dropout(p=0.1)
            )
            (output): BertSelfOutput(
              (dense): Linear(in_features=768, out_features=768, bias=True)
              (LayerNorm): FusedLayerNorm(torch.Size([768]), eps=1e-12, elementwise_affine=True)
              (dropout): Dropout(p=0.1)
            )
          )
          (intermediate): BertIntermediate(
            (dense): Linear(in_features=768, out_features=3072, bias=True)
          )
          (output): BertOutput(
            (dense): Linear(in_features=3072, out_features=768, bias=True)
            (LayerNorm): FusedLayerNorm(torch.Size([768]), eps=1e-12, elementwise_affine=True)
            (dropout): Dropout(p=0.1)
          )
        )
        (2): BertLayer(
          (attention): BertAttention(
            (self): BertSelfAttention(
              (query): Linear(in_features=768, out_features=768, bias=True)
              (key): Linear(in_features=768, out_features=768, bias=True)
              (value): Linear(in_features=768, out_features=768, bias=True)
              (dropout): Dropout(p=0.1)
            )
            (output): BertSelfOutput(
              (dense): Linear(in_features=768, out_features=768, bias=True)
              (LayerNorm): FusedLayerNorm(torch.Size([768]), eps=1e-12, elementwise_affine=True)
              (dropout): Dropout(p=0.1)
            )
          )
          (intermediate): BertIntermediate(
            (dense): Linear(in_features=768, out_features=3072, bias=True)
          )
          (output): BertOutput(
            (dense): Linear(in_features=3072, out_features=768, bias=True)
            (LayerNorm): FusedLayerNorm(torch.Size([768]), eps=1e-12, elementwise_affine=True)
            (dropout): Dropout(p=0.1)
          )
        )
        (3): BertLayer(
          (attention): BertAttention(
            (self): BertSelfAttention(
              (query): Linear(in_features=768, out_features=768, bias=True)
              (key): Linear(in_features=768, out_features=768, bias=True)
              (value): Linear(in_features=768, out_features=768, bias=True)
              (dropout): Dropout(p=0.1)
            )
            (output): BertSelfOutput(
              (dense): Linear(in_features=768, out_features=768, bias=True)
              (LayerNorm): FusedLayerNorm(torch.Size([768]), eps=1e-12, elementwise_affine=True)
              (dropout): Dropout(p=0.1)
            )
          )
          (intermediate): BertIntermediate(
            (dense): Linear(in_features=768, out_features=3072, bias=True)
          )
          (output): BertOutput(
            (dense): Linear(in_features=3072, out_features=768, bias=True)
            (LayerNorm): FusedLayerNorm(torch.Size([768]), eps=1e-12, elementwise_affine=True)
            (dropout): Dropout(p=0.1)
          )
        )
        (4): BertLayer(
          (attention): BertAttention(
            (self): BertSelfAttention(
              (query): Linear(in_features=768, out_features=768, bias=True)
              (key): Linear(in_features=768, out_features=768, bias=True)
              (value): Linear(in_features=768, out_features=768, bias=True)
              (dropout): Dropout(p=0.1)
            )
            (output): BertSelfOutput(
              (dense): Linear(in_features=768, out_features=768, bias=True)
              (LayerNorm): FusedLayerNorm(torch.Size([768]), eps=1e-12, elementwise_affine=True)
              (dropout): Dropout(p=0.1)
            )
          )
          (intermediate): BertIntermediate(
            (dense): Linear(in_features=768, out_features=3072, bias=True)
          )
          (output): BertOutput(
            (dense): Linear(in_features=3072, out_features=768, bias=True)
            (LayerNorm): FusedLayerNorm(torch.Size([768]), eps=1e-12, elementwise_affine=True)
            (dropout): Dropout(p=0.1)
          )
        )
        (5): BertLayer(
          (attention): BertAttention(
            (self): BertSelfAttention(
              (query): Linear(in_features=768, out_features=768, bias=True)
              (key): Linear(in_features=768, out_features=768, bias=True)
              (value): Linear(in_features=768, out_features=768, bias=True)
              (dropout): Dropout(p=0.1)
            )
            (output): BertSelfOutput(
              (dense): Linear(in_features=768, out_features=768, bias=True)
              (LayerNorm): FusedLayerNorm(torch.Size([768]), eps=1e-12, elementwise_affine=True)
              (dropout): Dropout(p=0.1)
            )
          )
          (intermediate): BertIntermediate(
            (dense): Linear(in_features=768, out_features=3072, bias=True)
          )
          (output): BertOutput(
            (dense): Linear(in_features=3072, out_features=768, bias=True)
            (LayerNorm): FusedLayerNorm(torch.Size([768]), eps=1e-12, elementwise_affine=True)
            (dropout): Dropout(p=0.1)
          )
        )
        (6): BertLayer(
          (attention): BertAttention(
            (self): BertSelfAttention(
              (query): Linear(in_features=768, out_features=768, bias=True)
              (key): Linear(in_features=768, out_features=768, bias=True)
              (value): Linear(in_features=768, out_features=768, bias=True)
              (dropout): Dropout(p=0.1)
            )
            (output): BertSelfOutput(
              (dense): Linear(in_features=768, out_features=768, bias=True)
              (LayerNorm): FusedLayerNorm(torch.Size([768]), eps=1e-12, elementwise_affine=True)
              (dropout): Dropout(p=0.1)
            )
          )
          (intermediate): BertIntermediate(
            (dense): Linear(in_features=768, out_features=3072, bias=True)
          )
          (output): BertOutput(
            (dense): Linear(in_features=3072, out_features=768, bias=True)
            (LayerNorm): FusedLayerNorm(torch.Size([768]), eps=1e-12, elementwise_affine=True)
            (dropout): Dropout(p=0.1)
          )
        )
        (7): BertLayer(
          (attention): BertAttention(
            (self): BertSelfAttention(
              (query): Linear(in_features=768, out_features=768, bias=True)
              (key): Linear(in_features=768, out_features=768, bias=True)
              (value): Linear(in_features=768, out_features=768, bias=True)
              (dropout): Dropout(p=0.1)
            )
            (output): BertSelfOutput(
              (dense): Linear(in_features=768, out_features=768, bias=True)
              (LayerNorm): FusedLayerNorm(torch.Size([768]), eps=1e-12, elementwise_affine=True)
              (dropout): Dropout(p=0.1)
            )
          )
          (intermediate): BertIntermediate(
            (dense): Linear(in_features=768, out_features=3072, bias=True)
          )
          (output): BertOutput(
            (dense): Linear(in_features=3072, out_features=768, bias=True)
            (LayerNorm): FusedLayerNorm(torch.Size([768]), eps=1e-12, elementwise_affine=True)
            (dropout): Dropout(p=0.1)
          )
        )
        (8): BertLayer(
          (attention): BertAttention(
            (self): BertSelfAttention(
              (query): Linear(in_features=768, out_features=768, bias=True)
              (key): Linear(in_features=768, out_features=768, bias=True)
              (value): Linear(in_features=768, out_features=768, bias=True)
              (dropout): Dropout(p=0.1)
            )
            (output): BertSelfOutput(
              (dense): Linear(in_features=768, out_features=768, bias=True)
              (LayerNorm): FusedLayerNorm(torch.Size([768]), eps=1e-12, elementwise_affine=True)
              (dropout): Dropout(p=0.1)
            )
          )
          (intermediate): BertIntermediate(
            (dense): Linear(in_features=768, out_features=3072, bias=True)
          )
          (output): BertOutput(
            (dense): Linear(in_features=3072, out_features=768, bias=True)
            (LayerNorm): FusedLayerNorm(torch.Size([768]), eps=1e-12, elementwise_affine=True)
            (dropout): Dropout(p=0.1)
          )
        )
        (9): BertLayer(
          (attention): BertAttention(
            (self): BertSelfAttention(
              (query): Linear(in_features=768, out_features=768, bias=True)
              (key): Linear(in_features=768, out_features=768, bias=True)
              (value): Linear(in_features=768, out_features=768, bias=True)
              (dropout): Dropout(p=0.1)
            )
            (output): BertSelfOutput(
              (dense): Linear(in_features=768, out_features=768, bias=True)
              (LayerNorm): FusedLayerNorm(torch.Size([768]), eps=1e-12, elementwise_affine=True)
              (dropout): Dropout(p=0.1)
            )
          )
          (intermediate): BertIntermediate(
            (dense): Linear(in_features=768, out_features=3072, bias=True)
          )
          (output): BertOutput(
            (dense): Linear(in_features=3072, out_features=768, bias=True)
            (LayerNorm): FusedLayerNorm(torch.Size([768]), eps=1e-12, elementwise_affine=True)
            (dropout): Dropout(p=0.1)
          )
        )
        (10): BertLayer(
          (attention): BertAttention(
            (self): BertSelfAttention(
              (query): Linear(in_features=768, out_features=768, bias=True)
              (key): Linear(in_features=768, out_features=768, bias=True)
              (value): Linear(in_features=768, out_features=768, bias=True)
              (dropout): Dropout(p=0.1)
            )
            (output): BertSelfOutput(
              (dense): Linear(in_features=768, out_features=768, bias=True)
              (LayerNorm): FusedLayerNorm(torch.Size([768]), eps=1e-12, elementwise_affine=True)
              (dropout): Dropout(p=0.1)
            )
          )
          (intermediate): BertIntermediate(
            (dense): Linear(in_features=768, out_features=3072, bias=True)
          )
          (output): BertOutput(
            (dense): Linear(in_features=3072, out_features=768, bias=True)
            (LayerNorm): FusedLayerNorm(torch.Size([768]), eps=1e-12, elementwise_affine=True)
            (dropout): Dropout(p=0.1)
          )
        )
        (11): BertLayer(
          (attention): BertAttention(
            (self): BertSelfAttention(
              (query): Linear(in_features=768, out_features=768, bias=True)
              (key): Linear(in_features=768, out_features=768, bias=True)
              (value): Linear(in_features=768, out_features=768, bias=True)
              (dropout): Dropout(p=0.1)
            )
            (output): BertSelfOutput(
              (dense): Linear(in_features=768, out_features=768, bias=True)
              (LayerNorm): FusedLayerNorm(torch.Size([768]), eps=1e-12, elementwise_affine=True)
              (dropout): Dropout(p=0.1)
            )
          )
          (intermediate): BertIntermediate(
            (dense): Linear(in_features=768, out_features=3072, bias=True)
          )
          (output): BertOutput(
            (dense): Linear(in_features=3072, out_features=768, bias=True)
            (LayerNorm): FusedLayerNorm(torch.Size([768]), eps=1e-12, elementwise_affine=True)
            (dropout): Dropout(p=0.1)
          )
        )
      )
    )
    (pooler): BertPooler(
      (dense): Linear(in_features=768, out_features=768, bias=True)
      (activation): Tanh()
    )
  )
  (scoring_list): ModuleList(
    (0): Linear(in_features=768, out_features=4, bias=True)
    (1): Linear(in_features=768, out_features=5, bias=True)
    (2): Linear(in_features=768, out_features=6, bias=True)
  )
)

02/14/2023 07:11:37 Total number of params: 110633487
02/14/2023 07:11:37 At epoch 0
02/14/2023 07:11:38 Task [ 0] updates[     1] train loss[1.35770] remaining[0:02:22]
02/14/2023 07:12:16 Task dvdppf -- epoch 0 -- Dev ACC: 39.252
02/14/2023 07:12:16 Task dvdppf -- epoch 0 -- Dev F1: 28.389
02/14/2023 07:12:17 Task dvdduration -- epoch 0 -- Dev ACC: 28.972
02/14/2023 07:12:17 Task dvdduration -- epoch 0 -- Dev F1: 11.595
02/14/2023 07:12:18 Task dvdorder -- epoch 0 -- Dev ACC: 52.191
02/14/2023 07:12:18 Task dvdorder -- epoch 0 -- Dev F1: 11.431
02/14/2023 07:12:18 At epoch 1
02/14/2023 07:12:46 Task [ 1] updates[   500] train loss[1.33243] remaining[0:00:08]
02/14/2023 07:12:55 Task dvdppf -- epoch 1 -- Dev ACC: 45.483
02/14/2023 07:12:55 Task dvdppf -- epoch 1 -- Dev F1: 41.724
02/14/2023 07:12:56 Task dvdduration -- epoch 1 -- Dev ACC: 30.530
02/14/2023 07:12:56 Task dvdduration -- epoch 1 -- Dev F1: 15.883
02/14/2023 07:12:57 Task dvdorder -- epoch 1 -- Dev ACC: 50.598
02/14/2023 07:12:57 Task dvdorder -- epoch 1 -- Dev F1: 12.534
02/14/2023 07:12:57 At epoch 2
02/14/2023 07:13:35 Task dvdppf -- epoch 2 -- Dev ACC: 47.975
02/14/2023 07:13:35 Task dvdppf -- epoch 2 -- Dev F1: 43.800
02/14/2023 07:13:36 Task dvdduration -- epoch 2 -- Dev ACC: 35.514
02/14/2023 07:13:36 Task dvdduration -- epoch 2 -- Dev F1: 20.902
02/14/2023 07:13:37 Task dvdorder -- epoch 2 -- Dev ACC: 50.199
02/14/2023 07:13:37 Task dvdorder -- epoch 2 -- Dev F1: 12.993
02/14/2023 07:13:37 At epoch 3
02/14/2023 07:13:57 Task [ 0] updates[  1000] train loss[1.23774] remaining[0:00:17]
02/14/2023 07:14:15 Task dvdppf -- epoch 3 -- Dev ACC: 47.975
02/14/2023 07:14:15 Task dvdppf -- epoch 3 -- Dev F1: 42.084
02/14/2023 07:14:16 Task dvdduration -- epoch 3 -- Dev ACC: 40.498
02/14/2023 07:14:16 Task dvdduration -- epoch 3 -- Dev F1: 25.901
02/14/2023 07:14:17 Task dvdorder -- epoch 3 -- Dev ACC: 49.801
02/14/2023 07:14:17 Task dvdorder -- epoch 3 -- Dev F1: 13.792
02/14/2023 07:14:17 At epoch 4
02/14/2023 07:14:56 Task dvdppf -- epoch 4 -- Dev ACC: 50.156
02/14/2023 07:14:56 Task dvdppf -- epoch 4 -- Dev F1: 46.370
02/14/2023 07:14:57 Task dvdduration -- epoch 4 -- Dev ACC: 39.564
02/14/2023 07:14:57 Task dvdduration -- epoch 4 -- Dev F1: 25.863
02/14/2023 07:14:57 Task dvdorder -- epoch 4 -- Dev ACC: 48.606
02/14/2023 07:14:57 Task dvdorder -- epoch 4 -- Dev F1: 17.837
02/14/2023 07:14:57 At epoch 5
02/14/2023 07:15:09 Task [ 1] updates[  1500] train loss[1.13400] remaining[0:00:26]
02/14/2023 07:15:36 Task dvdppf -- epoch 5 -- Dev ACC: 49.533
02/14/2023 07:15:36 Task dvdppf -- epoch 5 -- Dev F1: 43.749
02/14/2023 07:15:37 Task dvdduration -- epoch 5 -- Dev ACC: 40.810
02/14/2023 07:15:37 Task dvdduration -- epoch 5 -- Dev F1: 25.763
02/14/2023 07:15:37 Task dvdorder -- epoch 5 -- Dev ACC: 48.207
02/14/2023 07:15:37 Task dvdorder -- epoch 5 -- Dev F1: 16.495
02/14/2023 07:15:37 At epoch 6
02/14/2023 07:16:16 Task dvdppf -- epoch 6 -- Dev ACC: 49.221
02/14/2023 07:16:16 Task dvdppf -- epoch 6 -- Dev F1: 44.828
02/14/2023 07:16:17 Task dvdduration -- epoch 6 -- Dev ACC: 38.318
02/14/2023 07:16:17 Task dvdduration -- epoch 6 -- Dev F1: 24.817
02/14/2023 07:16:17 Task dvdorder -- epoch 6 -- Dev ACC: 48.207
02/14/2023 07:16:17 Task dvdorder -- epoch 6 -- Dev F1: 18.883
02/14/2023 07:16:17 At epoch 7
02/14/2023 07:16:20 Task [ 2] updates[  2000] train loss[1.04076] remaining[0:00:36]
02/14/2023 07:16:56 Task dvdppf -- epoch 7 -- Dev ACC: 47.352
02/14/2023 07:16:56 Task dvdppf -- epoch 7 -- Dev F1: 43.242
02/14/2023 07:16:57 Task dvdduration -- epoch 7 -- Dev ACC: 39.252
02/14/2023 07:16:57 Task dvdduration -- epoch 7 -- Dev F1: 25.388
02/14/2023 07:16:57 Task dvdorder -- epoch 7 -- Dev ACC: 48.207
02/14/2023 07:16:57 Task dvdorder -- epoch 7 -- Dev F1: 23.074
02/14/2023 07:16:57 At epoch 8
02/14/2023 07:17:28 Task [ 2] updates[  2500] train loss[0.96419] remaining[0:00:06]
02/14/2023 07:17:36 Task dvdppf -- epoch 8 -- Dev ACC: 47.352
02/14/2023 07:17:36 Task dvdppf -- epoch 8 -- Dev F1: 42.298
02/14/2023 07:17:36 Task dvdduration -- epoch 8 -- Dev ACC: 37.383
02/14/2023 07:17:36 Task dvdduration -- epoch 8 -- Dev F1: 24.985
02/14/2023 07:17:37 Task dvdorder -- epoch 8 -- Dev ACC: 51.394
02/14/2023 07:17:37 Task dvdorder -- epoch 8 -- Dev F1: 24.663
02/14/2023 07:17:37 At epoch 9
02/14/2023 07:18:16 Task dvdppf -- epoch 9 -- Dev ACC: 49.221
02/14/2023 07:18:16 Task dvdppf -- epoch 9 -- Dev F1: 44.465
02/14/2023 07:18:17 Task dvdduration -- epoch 9 -- Dev ACC: 37.072
02/14/2023 07:18:17 Task dvdduration -- epoch 9 -- Dev F1: 24.581
02/14/2023 07:18:17 Task dvdorder -- epoch 9 -- Dev ACC: 48.606
02/14/2023 07:18:17 Task dvdorder -- epoch 9 -- Dev F1: 21.699
