02/15/2023 04:19:26 0
02/15/2023 04:19:26 Launching the MT-DNN training
02/15/2023 04:19:26 Loading ../../../dvd_hanashi/dvd_hanashi_all/3/dvdppf_train.json as task 0
02/15/2023 04:19:27 Loading ../../../dvd_hanashi/dvd_hanashi_all/3/dvdorder_train.json as task 1
02/15/2023 04:19:27 Loading ../../../dvd_hanashi/dvd_hanashi_all/3/ppf_train.json as task 2
02/15/2023 04:19:27 4,6,4
02/15/2023 04:19:27 ####################
02/15/2023 04:19:27 {'log_file': 'checkpoints/dvd_best_hanashi_ppf_3_adam_answer_opt0_gc0_ggc1_2023-02-15T0419/log.log', 'tensorboard': False, 'tensorboard_logdir': 'tensorboard_logdir', 'init_checkpoint': '../../../japanese_bert_new_/jap_bert.pt', 'data_dir': '../../../dvd_hanashi/dvd_hanashi_all/3/', 'data_sort_on': False, 'name': 'farmer', 'task_def': '../../../experiments/dvd_hanashi/dvd_hanashi_task_def.yml', 'train_datasets': ['dvdppf', 'dvdorder', 'ppf'], 'test_datasets': ['dvdppf', 'dvdorder', 'ppf'], 'update_bert_opt': 0, 'multi_gpu_on': True, 'mem_cum_type': 'simple', 'answer_num_turn': 5, 'answer_mem_drop_p': 0.1, 'answer_att_hidden_size': 128, 'answer_att_type': 'bilinear', 'answer_rnn_type': 'gru', 'answer_sum_att_type': 'bilinear', 'answer_merge_opt': 1, 'answer_mem_type': 1, 'answer_dropout_p': 0.1, 'answer_weight_norm_on': False, 'dump_state_on': False, 'answer_opt': [0, 0, 0], 'label_size': '4,6,4', 'mtl_opt': 0, 'ratio': 0, 'mix_opt': 0, 'max_seq_len': 512, 'init_ratio': 1, 'encoder_type': <EncoderModelType.BERT: 1>, 'cuda': True, 'log_per_updates': 500, 'save_per_updates': 10000, 'save_per_updates_on': False, 'epochs': 10, 'batch_size': 16, 'batch_size_eval': 8, 'optimizer': 'adam', 'grad_clipping': 0.0, 'global_grad_clipping': 1.0, 'weight_decay': 0, 'learning_rate': 1e-05, 'momentum': 0, 'warmup': 0.1, 'warmup_schedule': 'warmup_linear', 'adam_eps': 1e-06, 'vb_dropout': True, 'dropout_p': 0.1, 'dropout_w': 0.0, 'bert_dropout_p': 0.1, 'model_ckpt': 'checkpoints/model_0.pt', 'resume': False, 'ema_opt': 0, 'ema_gamma': 0.995, 'lookahead': False, 'lookahead_k': 5, 'lookahead_alpha': 0.5, 'have_lr_scheduler': True, 'multi_step_lr': '10,20,30', 'freeze_layers': -1, 'embedding_opt': 0, 'lr_gamma': 0.5, 'bert_l2norm': 0.0, 'scheduler_type': 'ms', 'output_dir': 'checkpoints/dvd_best_hanashi_ppf_3_adam_answer_opt0_gc0_ggc1_2023-02-15T0419', 'seed': 2018, 'grad_accumulation_step': 1, 'fp16': False, 'fp16_opt_level': 'O1', 'mean_teacher': False, 'mean_teacher_avg': 'exponential', 'mean_teacher_lambda': 1, 'mean_teacher_rampup': 4000, 'mean_teacher_alpha1': 0.99, 'mean_teacher_alpha2': 0.999, 'mt_kd_tau': 1, 'virtual_teacher': False, 'vat_eps': 0.001, 'vat_max_layer': -1, 'vat_opt': 0, 'vat_lambda': 1, 'vat_alpha': 1, 'vat_nosiy': 1e-05, 'use_noisycopy': False, 'noisycopy_eps': 0.01, 'use_advcopy': False, 'advcopy_eps': 0.01, 'vat_stable_eps': 1e-06, 'tasks_dropout_p': [0.1, 0.1, 0.1]}
02/15/2023 04:19:27 ####################
02/15/2023 04:19:27 ############# Gradient Accumulation Info #############
02/15/2023 04:19:27 number of step: 4170
02/15/2023 04:19:27 number of grad grad_accumulation step: 1
02/15/2023 04:19:27 adjusted number of step: 4170
02/15/2023 04:19:27 ############# Gradient Accumulation Info #############
02/15/2023 04:19:33 
############# Model Arch of MT-DNN #############
SANBertNetwork(
  (dropout_list): ModuleList(
    (0): DropoutWrapper()
    (1): DropoutWrapper()
    (2): DropoutWrapper()
  )
  (bert): BertModel(
    (embeddings): BertEmbeddings(
      (word_embeddings): Embedding(32006, 768)
      (position_embeddings): Embedding(512, 768)
      (token_type_embeddings): Embedding(2, 768)
      (LayerNorm): FusedLayerNorm(torch.Size([768]), eps=1e-12, elementwise_affine=True)
      (dropout): Dropout(p=0.1)
    )
    (encoder): BertEncoder(
      (layer): ModuleList(
        (0): BertLayer(
          (attention): BertAttention(
            (self): BertSelfAttention(
              (query): Linear(in_features=768, out_features=768, bias=True)
              (key): Linear(in_features=768, out_features=768, bias=True)
              (value): Linear(in_features=768, out_features=768, bias=True)
              (dropout): Dropout(p=0.1)
            )
            (output): BertSelfOutput(
              (dense): Linear(in_features=768, out_features=768, bias=True)
              (LayerNorm): FusedLayerNorm(torch.Size([768]), eps=1e-12, elementwise_affine=True)
              (dropout): Dropout(p=0.1)
            )
          )
          (intermediate): BertIntermediate(
            (dense): Linear(in_features=768, out_features=3072, bias=True)
          )
          (output): BertOutput(
            (dense): Linear(in_features=3072, out_features=768, bias=True)
            (LayerNorm): FusedLayerNorm(torch.Size([768]), eps=1e-12, elementwise_affine=True)
            (dropout): Dropout(p=0.1)
          )
        )
        (1): BertLayer(
          (attention): BertAttention(
            (self): BertSelfAttention(
              (query): Linear(in_features=768, out_features=768, bias=True)
              (key): Linear(in_features=768, out_features=768, bias=True)
              (value): Linear(in_features=768, out_features=768, bias=True)
              (dropout): Dropout(p=0.1)
            )
            (output): BertSelfOutput(
              (dense): Linear(in_features=768, out_features=768, bias=True)
              (LayerNorm): FusedLayerNorm(torch.Size([768]), eps=1e-12, elementwise_affine=True)
              (dropout): Dropout(p=0.1)
            )
          )
          (intermediate): BertIntermediate(
            (dense): Linear(in_features=768, out_features=3072, bias=True)
          )
          (output): BertOutput(
            (dense): Linear(in_features=3072, out_features=768, bias=True)
            (LayerNorm): FusedLayerNorm(torch.Size([768]), eps=1e-12, elementwise_affine=True)
            (dropout): Dropout(p=0.1)
          )
        )
        (2): BertLayer(
          (attention): BertAttention(
            (self): BertSelfAttention(
              (query): Linear(in_features=768, out_features=768, bias=True)
              (key): Linear(in_features=768, out_features=768, bias=True)
              (value): Linear(in_features=768, out_features=768, bias=True)
              (dropout): Dropout(p=0.1)
            )
            (output): BertSelfOutput(
              (dense): Linear(in_features=768, out_features=768, bias=True)
              (LayerNorm): FusedLayerNorm(torch.Size([768]), eps=1e-12, elementwise_affine=True)
              (dropout): Dropout(p=0.1)
            )
          )
          (intermediate): BertIntermediate(
            (dense): Linear(in_features=768, out_features=3072, bias=True)
          )
          (output): BertOutput(
            (dense): Linear(in_features=3072, out_features=768, bias=True)
            (LayerNorm): FusedLayerNorm(torch.Size([768]), eps=1e-12, elementwise_affine=True)
            (dropout): Dropout(p=0.1)
          )
        )
        (3): BertLayer(
          (attention): BertAttention(
            (self): BertSelfAttention(
              (query): Linear(in_features=768, out_features=768, bias=True)
              (key): Linear(in_features=768, out_features=768, bias=True)
              (value): Linear(in_features=768, out_features=768, bias=True)
              (dropout): Dropout(p=0.1)
            )
            (output): BertSelfOutput(
              (dense): Linear(in_features=768, out_features=768, bias=True)
              (LayerNorm): FusedLayerNorm(torch.Size([768]), eps=1e-12, elementwise_affine=True)
              (dropout): Dropout(p=0.1)
            )
          )
          (intermediate): BertIntermediate(
            (dense): Linear(in_features=768, out_features=3072, bias=True)
          )
          (output): BertOutput(
            (dense): Linear(in_features=3072, out_features=768, bias=True)
            (LayerNorm): FusedLayerNorm(torch.Size([768]), eps=1e-12, elementwise_affine=True)
            (dropout): Dropout(p=0.1)
          )
        )
        (4): BertLayer(
          (attention): BertAttention(
            (self): BertSelfAttention(
              (query): Linear(in_features=768, out_features=768, bias=True)
              (key): Linear(in_features=768, out_features=768, bias=True)
              (value): Linear(in_features=768, out_features=768, bias=True)
              (dropout): Dropout(p=0.1)
            )
            (output): BertSelfOutput(
              (dense): Linear(in_features=768, out_features=768, bias=True)
              (LayerNorm): FusedLayerNorm(torch.Size([768]), eps=1e-12, elementwise_affine=True)
              (dropout): Dropout(p=0.1)
            )
          )
          (intermediate): BertIntermediate(
            (dense): Linear(in_features=768, out_features=3072, bias=True)
          )
          (output): BertOutput(
            (dense): Linear(in_features=3072, out_features=768, bias=True)
            (LayerNorm): FusedLayerNorm(torch.Size([768]), eps=1e-12, elementwise_affine=True)
            (dropout): Dropout(p=0.1)
          )
        )
        (5): BertLayer(
          (attention): BertAttention(
            (self): BertSelfAttention(
              (query): Linear(in_features=768, out_features=768, bias=True)
              (key): Linear(in_features=768, out_features=768, bias=True)
              (value): Linear(in_features=768, out_features=768, bias=True)
              (dropout): Dropout(p=0.1)
            )
            (output): BertSelfOutput(
              (dense): Linear(in_features=768, out_features=768, bias=True)
              (LayerNorm): FusedLayerNorm(torch.Size([768]), eps=1e-12, elementwise_affine=True)
              (dropout): Dropout(p=0.1)
            )
          )
          (intermediate): BertIntermediate(
            (dense): Linear(in_features=768, out_features=3072, bias=True)
          )
          (output): BertOutput(
            (dense): Linear(in_features=3072, out_features=768, bias=True)
            (LayerNorm): FusedLayerNorm(torch.Size([768]), eps=1e-12, elementwise_affine=True)
            (dropout): Dropout(p=0.1)
          )
        )
        (6): BertLayer(
          (attention): BertAttention(
            (self): BertSelfAttention(
              (query): Linear(in_features=768, out_features=768, bias=True)
              (key): Linear(in_features=768, out_features=768, bias=True)
              (value): Linear(in_features=768, out_features=768, bias=True)
              (dropout): Dropout(p=0.1)
            )
            (output): BertSelfOutput(
              (dense): Linear(in_features=768, out_features=768, bias=True)
              (LayerNorm): FusedLayerNorm(torch.Size([768]), eps=1e-12, elementwise_affine=True)
              (dropout): Dropout(p=0.1)
            )
          )
          (intermediate): BertIntermediate(
            (dense): Linear(in_features=768, out_features=3072, bias=True)
          )
          (output): BertOutput(
            (dense): Linear(in_features=3072, out_features=768, bias=True)
            (LayerNorm): FusedLayerNorm(torch.Size([768]), eps=1e-12, elementwise_affine=True)
            (dropout): Dropout(p=0.1)
          )
        )
        (7): BertLayer(
          (attention): BertAttention(
            (self): BertSelfAttention(
              (query): Linear(in_features=768, out_features=768, bias=True)
              (key): Linear(in_features=768, out_features=768, bias=True)
              (value): Linear(in_features=768, out_features=768, bias=True)
              (dropout): Dropout(p=0.1)
            )
            (output): BertSelfOutput(
              (dense): Linear(in_features=768, out_features=768, bias=True)
              (LayerNorm): FusedLayerNorm(torch.Size([768]), eps=1e-12, elementwise_affine=True)
              (dropout): Dropout(p=0.1)
            )
          )
          (intermediate): BertIntermediate(
            (dense): Linear(in_features=768, out_features=3072, bias=True)
          )
          (output): BertOutput(
            (dense): Linear(in_features=3072, out_features=768, bias=True)
            (LayerNorm): FusedLayerNorm(torch.Size([768]), eps=1e-12, elementwise_affine=True)
            (dropout): Dropout(p=0.1)
          )
        )
        (8): BertLayer(
          (attention): BertAttention(
            (self): BertSelfAttention(
              (query): Linear(in_features=768, out_features=768, bias=True)
              (key): Linear(in_features=768, out_features=768, bias=True)
              (value): Linear(in_features=768, out_features=768, bias=True)
              (dropout): Dropout(p=0.1)
            )
            (output): BertSelfOutput(
              (dense): Linear(in_features=768, out_features=768, bias=True)
              (LayerNorm): FusedLayerNorm(torch.Size([768]), eps=1e-12, elementwise_affine=True)
              (dropout): Dropout(p=0.1)
            )
          )
          (intermediate): BertIntermediate(
            (dense): Linear(in_features=768, out_features=3072, bias=True)
          )
          (output): BertOutput(
            (dense): Linear(in_features=3072, out_features=768, bias=True)
            (LayerNorm): FusedLayerNorm(torch.Size([768]), eps=1e-12, elementwise_affine=True)
            (dropout): Dropout(p=0.1)
          )
        )
        (9): BertLayer(
          (attention): BertAttention(
            (self): BertSelfAttention(
              (query): Linear(in_features=768, out_features=768, bias=True)
              (key): Linear(in_features=768, out_features=768, bias=True)
              (value): Linear(in_features=768, out_features=768, bias=True)
              (dropout): Dropout(p=0.1)
            )
            (output): BertSelfOutput(
              (dense): Linear(in_features=768, out_features=768, bias=True)
              (LayerNorm): FusedLayerNorm(torch.Size([768]), eps=1e-12, elementwise_affine=True)
              (dropout): Dropout(p=0.1)
            )
          )
          (intermediate): BertIntermediate(
            (dense): Linear(in_features=768, out_features=3072, bias=True)
          )
          (output): BertOutput(
            (dense): Linear(in_features=3072, out_features=768, bias=True)
            (LayerNorm): FusedLayerNorm(torch.Size([768]), eps=1e-12, elementwise_affine=True)
            (dropout): Dropout(p=0.1)
          )
        )
        (10): BertLayer(
          (attention): BertAttention(
            (self): BertSelfAttention(
              (query): Linear(in_features=768, out_features=768, bias=True)
              (key): Linear(in_features=768, out_features=768, bias=True)
              (value): Linear(in_features=768, out_features=768, bias=True)
              (dropout): Dropout(p=0.1)
            )
            (output): BertSelfOutput(
              (dense): Linear(in_features=768, out_features=768, bias=True)
              (LayerNorm): FusedLayerNorm(torch.Size([768]), eps=1e-12, elementwise_affine=True)
              (dropout): Dropout(p=0.1)
            )
          )
          (intermediate): BertIntermediate(
            (dense): Linear(in_features=768, out_features=3072, bias=True)
          )
          (output): BertOutput(
            (dense): Linear(in_features=3072, out_features=768, bias=True)
            (LayerNorm): FusedLayerNorm(torch.Size([768]), eps=1e-12, elementwise_affine=True)
            (dropout): Dropout(p=0.1)
          )
        )
        (11): BertLayer(
          (attention): BertAttention(
            (self): BertSelfAttention(
              (query): Linear(in_features=768, out_features=768, bias=True)
              (key): Linear(in_features=768, out_features=768, bias=True)
              (value): Linear(in_features=768, out_features=768, bias=True)
              (dropout): Dropout(p=0.1)
            )
            (output): BertSelfOutput(
              (dense): Linear(in_features=768, out_features=768, bias=True)
              (LayerNorm): FusedLayerNorm(torch.Size([768]), eps=1e-12, elementwise_affine=True)
              (dropout): Dropout(p=0.1)
            )
          )
          (intermediate): BertIntermediate(
            (dense): Linear(in_features=768, out_features=3072, bias=True)
          )
          (output): BertOutput(
            (dense): Linear(in_features=3072, out_features=768, bias=True)
            (LayerNorm): FusedLayerNorm(torch.Size([768]), eps=1e-12, elementwise_affine=True)
            (dropout): Dropout(p=0.1)
          )
        )
      )
    )
    (pooler): BertPooler(
      (dense): Linear(in_features=768, out_features=768, bias=True)
      (activation): Tanh()
    )
  )
  (scoring_list): ModuleList(
    (0): Linear(in_features=768, out_features=4, bias=True)
    (1): Linear(in_features=768, out_features=6, bias=True)
    (2): Linear(in_features=768, out_features=4, bias=True)
  )
)

02/15/2023 04:19:33 Total number of params: 110632718
02/15/2023 04:19:33 At epoch 0
02/15/2023 04:19:34 Task [ 0] updates[     1] train loss[1.48264] remaining[0:03:18]
02/15/2023 04:20:44 Task dvdppf -- epoch 0 -- Dev ACC: 50.350
02/15/2023 04:20:44 Task dvdppf -- epoch 0 -- Dev F1: 36.849
02/15/2023 04:20:44 Task dvdorder -- epoch 0 -- Dev ACC: 36.036
02/15/2023 04:20:44 Task dvdorder -- epoch 0 -- Dev F1: 8.889
02/15/2023 04:20:47 Task ppf -- epoch 0 -- Dev ACC: 57.125
02/15/2023 04:20:47 Task ppf -- epoch 0 -- Dev F1: 35.197
02/15/2023 04:20:47 At epoch 1
02/15/2023 04:21:01 Task [ 2] updates[   500] train loss[1.10919] remaining[0:00:56]
02/15/2023 04:21:57 Task dvdppf -- epoch 1 -- Dev ACC: 53.846
02/15/2023 04:21:57 Task dvdppf -- epoch 1 -- Dev F1: 40.489
02/15/2023 04:21:58 Task dvdorder -- epoch 1 -- Dev ACC: 36.937
02/15/2023 04:21:58 Task dvdorder -- epoch 1 -- Dev F1: 16.341
02/15/2023 04:22:00 Task ppf -- epoch 1 -- Dev ACC: 61.286
02/15/2023 04:22:00 Task ppf -- epoch 1 -- Dev F1: 38.095
02/15/2023 04:22:00 At epoch 2
02/15/2023 04:22:28 Task [ 2] updates[  1000] train loss[0.99939] remaining[0:00:42]
02/15/2023 04:23:10 Task dvdppf -- epoch 2 -- Dev ACC: 50.350
02/15/2023 04:23:10 Task dvdppf -- epoch 2 -- Dev F1: 38.071
02/15/2023 04:23:11 Task dvdorder -- epoch 2 -- Dev ACC: 39.640
02/15/2023 04:23:11 Task dvdorder -- epoch 2 -- Dev F1: 17.371
02/15/2023 04:23:13 Task ppf -- epoch 2 -- Dev ACC: 62.421
02/15/2023 04:23:13 Task ppf -- epoch 2 -- Dev F1: 40.731
02/15/2023 04:23:13 At epoch 3
02/15/2023 04:23:55 Task [ 2] updates[  1500] train loss[0.91456] remaining[0:00:28]
02/15/2023 04:24:23 Task dvdppf -- epoch 3 -- Dev ACC: 51.748
02/15/2023 04:24:23 Task dvdppf -- epoch 3 -- Dev F1: 38.957
02/15/2023 04:24:23 Task dvdorder -- epoch 3 -- Dev ACC: 38.739
02/15/2023 04:24:23 Task dvdorder -- epoch 3 -- Dev F1: 20.601
02/15/2023 04:24:26 Task ppf -- epoch 3 -- Dev ACC: 56.999
02/15/2023 04:24:26 Task ppf -- epoch 3 -- Dev F1: 41.471
02/15/2023 04:24:26 At epoch 4
02/15/2023 04:25:23 Task [ 2] updates[  2000] train loss[0.83718] remaining[0:00:14]
02/15/2023 04:25:38 Task dvdppf -- epoch 4 -- Dev ACC: 49.650
02/15/2023 04:25:38 Task dvdppf -- epoch 4 -- Dev F1: 37.241
02/15/2023 04:25:38 Task dvdorder -- epoch 4 -- Dev ACC: 41.441
02/15/2023 04:25:38 Task dvdorder -- epoch 4 -- Dev F1: 24.559
02/15/2023 04:25:41 Task ppf -- epoch 4 -- Dev ACC: 56.494
02/15/2023 04:25:41 Task ppf -- epoch 4 -- Dev F1: 42.508
02/15/2023 04:25:41 At epoch 5
02/15/2023 04:26:51 Task [ 0] updates[  2500] train loss[0.77465] remaining[0:00:00]
02/15/2023 04:26:51 Task dvdppf -- epoch 5 -- Dev ACC: 49.650
02/15/2023 04:26:51 Task dvdppf -- epoch 5 -- Dev F1: 37.240
02/15/2023 04:26:52 Task dvdorder -- epoch 5 -- Dev ACC: 41.441
02/15/2023 04:26:52 Task dvdorder -- epoch 5 -- Dev F1: 23.590
02/15/2023 04:26:54 Task ppf -- epoch 5 -- Dev ACC: 56.999
02/15/2023 04:26:54 Task ppf -- epoch 5 -- Dev F1: 41.625
02/15/2023 04:26:54 At epoch 6
02/15/2023 04:28:04 Task dvdppf -- epoch 6 -- Dev ACC: 49.650
02/15/2023 04:28:04 Task dvdppf -- epoch 6 -- Dev F1: 37.266
02/15/2023 04:28:05 Task dvdorder -- epoch 6 -- Dev ACC: 38.739
02/15/2023 04:28:05 Task dvdorder -- epoch 6 -- Dev F1: 22.991
02/15/2023 04:28:07 Task ppf -- epoch 6 -- Dev ACC: 57.251
02/15/2023 04:28:07 Task ppf -- epoch 6 -- Dev F1: 42.839
02/15/2023 04:28:07 At epoch 7
02/15/2023 04:28:21 Task [ 2] updates[  3000] train loss[0.71603] remaining[0:00:57]
02/15/2023 04:29:18 Task dvdppf -- epoch 7 -- Dev ACC: 48.951
02/15/2023 04:29:18 Task dvdppf -- epoch 7 -- Dev F1: 37.182
02/15/2023 04:29:18 Task dvdorder -- epoch 7 -- Dev ACC: 39.640
02/15/2023 04:29:18 Task dvdorder -- epoch 7 -- Dev F1: 25.306
02/15/2023 04:29:21 Task ppf -- epoch 7 -- Dev ACC: 57.503
02/15/2023 04:29:21 Task ppf -- epoch 7 -- Dev F1: 42.341
02/15/2023 04:29:21 At epoch 8
02/15/2023 04:29:49 Task [ 2] updates[  3500] train loss[0.66593] remaining[0:00:43]
02/15/2023 04:30:32 Task dvdppf -- epoch 8 -- Dev ACC: 50.350
02/15/2023 04:30:32 Task dvdppf -- epoch 8 -- Dev F1: 37.652
02/15/2023 04:30:32 Task dvdorder -- epoch 8 -- Dev ACC: 40.541
02/15/2023 04:30:32 Task dvdorder -- epoch 8 -- Dev F1: 24.109
02/15/2023 04:30:34 Task ppf -- epoch 8 -- Dev ACC: 57.377
02/15/2023 04:30:34 Task ppf -- epoch 8 -- Dev F1: 42.244
02/15/2023 04:30:34 At epoch 9
02/15/2023 04:31:16 Task [ 2] updates[  4000] train loss[0.62383] remaining[0:00:28]
02/15/2023 04:31:44 Task dvdppf -- epoch 9 -- Dev ACC: 48.252
02/15/2023 04:31:44 Task dvdppf -- epoch 9 -- Dev F1: 36.338
02/15/2023 04:31:45 Task dvdorder -- epoch 9 -- Dev ACC: 39.640
02/15/2023 04:31:45 Task dvdorder -- epoch 9 -- Dev F1: 24.806
02/15/2023 04:31:47 Task ppf -- epoch 9 -- Dev ACC: 56.999
02/15/2023 04:31:47 Task ppf -- epoch 9 -- Dev F1: 42.339
