02/15/2023 06:20:39 0
02/15/2023 06:20:39 Launching the MT-DNN training
02/15/2023 06:20:39 Loading ../../../dvd_hanashi/dvd_hanashi_all/1/dvdppf_train.json as task 0
02/15/2023 06:20:39 Loading ../../../dvd_hanashi/dvd_hanashi_all/1/dvdduration_train.json as task 1
02/15/2023 06:20:39 Loading ../../../dvd_hanashi/dvd_hanashi_all/1/dvdorder_train.json as task 2
02/15/2023 06:20:39 Loading ../../../dvd_hanashi/dvd_hanashi_all/1/hanashiduration_train.json as task 3
02/15/2023 06:20:39 4,5,6,8
02/15/2023 06:20:39 ####################
02/15/2023 06:20:39 {'log_file': 'checkpoints/dvd_all_hanashi_dur_1_adam_answer_opt0_gc0_ggc1_2023-02-15T0620/log.log', 'tensorboard': False, 'tensorboard_logdir': 'tensorboard_logdir', 'init_checkpoint': '../../../japanese_bert_new_/jap_bert.pt', 'data_dir': '../../../dvd_hanashi/dvd_hanashi_all/1/', 'data_sort_on': False, 'name': 'farmer', 'task_def': '../../../experiments/dvd_hanashi/dvd_hanashi_task_def.yml', 'train_datasets': ['dvdppf', 'dvdduration', 'dvdorder', 'hanashiduration'], 'test_datasets': ['dvdppf', 'dvdduration', 'dvdorder', 'hanashiduration'], 'update_bert_opt': 0, 'multi_gpu_on': True, 'mem_cum_type': 'simple', 'answer_num_turn': 5, 'answer_mem_drop_p': 0.1, 'answer_att_hidden_size': 128, 'answer_att_type': 'bilinear', 'answer_rnn_type': 'gru', 'answer_sum_att_type': 'bilinear', 'answer_merge_opt': 1, 'answer_mem_type': 1, 'answer_dropout_p': 0.1, 'answer_weight_norm_on': False, 'dump_state_on': False, 'answer_opt': [0, 0, 0, 0], 'label_size': '4,5,6,8', 'mtl_opt': 0, 'ratio': 0, 'mix_opt': 0, 'max_seq_len': 512, 'init_ratio': 1, 'encoder_type': <EncoderModelType.BERT: 1>, 'cuda': True, 'log_per_updates': 500, 'save_per_updates': 10000, 'save_per_updates_on': False, 'epochs': 10, 'batch_size': 16, 'batch_size_eval': 8, 'optimizer': 'adam', 'grad_clipping': 0.0, 'global_grad_clipping': 1.0, 'weight_decay': 0, 'learning_rate': 1e-05, 'momentum': 0, 'warmup': 0.1, 'warmup_schedule': 'warmup_linear', 'adam_eps': 1e-06, 'vb_dropout': True, 'dropout_p': 0.1, 'dropout_w': 0.0, 'bert_dropout_p': 0.1, 'model_ckpt': 'checkpoints/model_0.pt', 'resume': False, 'ema_opt': 0, 'ema_gamma': 0.995, 'lookahead': False, 'lookahead_k': 5, 'lookahead_alpha': 0.5, 'have_lr_scheduler': True, 'multi_step_lr': '10,20,30', 'freeze_layers': -1, 'embedding_opt': 0, 'lr_gamma': 0.5, 'bert_l2norm': 0.0, 'scheduler_type': 'ms', 'output_dir': 'checkpoints/dvd_all_hanashi_dur_1_adam_answer_opt0_gc0_ggc1_2023-02-15T0620', 'seed': 2018, 'grad_accumulation_step': 1, 'fp16': False, 'fp16_opt_level': 'O1', 'mean_teacher': False, 'mean_teacher_avg': 'exponential', 'mean_teacher_lambda': 1, 'mean_teacher_rampup': 4000, 'mean_teacher_alpha1': 0.99, 'mean_teacher_alpha2': 0.999, 'mt_kd_tau': 1, 'virtual_teacher': False, 'vat_eps': 0.001, 'vat_max_layer': -1, 'vat_opt': 0, 'vat_lambda': 1, 'vat_alpha': 1, 'vat_nosiy': 1e-05, 'use_noisycopy': False, 'noisycopy_eps': 0.01, 'use_advcopy': False, 'advcopy_eps': 0.01, 'vat_stable_eps': 1e-06, 'tasks_dropout_p': [0.1, 0.1, 0.1, 0.1]}
02/15/2023 06:20:39 ####################
02/15/2023 06:20:39 ############# Gradient Accumulation Info #############
02/15/2023 06:20:39 number of step: 5110
02/15/2023 06:20:39 number of grad grad_accumulation step: 1
02/15/2023 06:20:39 adjusted number of step: 5110
02/15/2023 06:20:39 ############# Gradient Accumulation Info #############
02/15/2023 06:20:46 
############# Model Arch of MT-DNN #############
SANBertNetwork(
  (dropout_list): ModuleList(
    (0): DropoutWrapper()
    (1): DropoutWrapper()
    (2): DropoutWrapper()
    (3): DropoutWrapper()
  )
  (bert): BertModel(
    (embeddings): BertEmbeddings(
      (word_embeddings): Embedding(32006, 768)
      (position_embeddings): Embedding(512, 768)
      (token_type_embeddings): Embedding(2, 768)
      (LayerNorm): FusedLayerNorm(torch.Size([768]), eps=1e-12, elementwise_affine=True)
      (dropout): Dropout(p=0.1)
    )
    (encoder): BertEncoder(
      (layer): ModuleList(
        (0): BertLayer(
          (attention): BertAttention(
            (self): BertSelfAttention(
              (query): Linear(in_features=768, out_features=768, bias=True)
              (key): Linear(in_features=768, out_features=768, bias=True)
              (value): Linear(in_features=768, out_features=768, bias=True)
              (dropout): Dropout(p=0.1)
            )
            (output): BertSelfOutput(
              (dense): Linear(in_features=768, out_features=768, bias=True)
              (LayerNorm): FusedLayerNorm(torch.Size([768]), eps=1e-12, elementwise_affine=True)
              (dropout): Dropout(p=0.1)
            )
          )
          (intermediate): BertIntermediate(
            (dense): Linear(in_features=768, out_features=3072, bias=True)
          )
          (output): BertOutput(
            (dense): Linear(in_features=3072, out_features=768, bias=True)
            (LayerNorm): FusedLayerNorm(torch.Size([768]), eps=1e-12, elementwise_affine=True)
            (dropout): Dropout(p=0.1)
          )
        )
        (1): BertLayer(
          (attention): BertAttention(
            (self): BertSelfAttention(
              (query): Linear(in_features=768, out_features=768, bias=True)
              (key): Linear(in_features=768, out_features=768, bias=True)
              (value): Linear(in_features=768, out_features=768, bias=True)
              (dropout): Dropout(p=0.1)
            )
            (output): BertSelfOutput(
              (dense): Linear(in_features=768, out_features=768, bias=True)
              (LayerNorm): FusedLayerNorm(torch.Size([768]), eps=1e-12, elementwise_affine=True)
              (dropout): Dropout(p=0.1)
            )
          )
          (intermediate): BertIntermediate(
            (dense): Linear(in_features=768, out_features=3072, bias=True)
          )
          (output): BertOutput(
            (dense): Linear(in_features=3072, out_features=768, bias=True)
            (LayerNorm): FusedLayerNorm(torch.Size([768]), eps=1e-12, elementwise_affine=True)
            (dropout): Dropout(p=0.1)
          )
        )
        (2): BertLayer(
          (attention): BertAttention(
            (self): BertSelfAttention(
              (query): Linear(in_features=768, out_features=768, bias=True)
              (key): Linear(in_features=768, out_features=768, bias=True)
              (value): Linear(in_features=768, out_features=768, bias=True)
              (dropout): Dropout(p=0.1)
            )
            (output): BertSelfOutput(
              (dense): Linear(in_features=768, out_features=768, bias=True)
              (LayerNorm): FusedLayerNorm(torch.Size([768]), eps=1e-12, elementwise_affine=True)
              (dropout): Dropout(p=0.1)
            )
          )
          (intermediate): BertIntermediate(
            (dense): Linear(in_features=768, out_features=3072, bias=True)
          )
          (output): BertOutput(
            (dense): Linear(in_features=3072, out_features=768, bias=True)
            (LayerNorm): FusedLayerNorm(torch.Size([768]), eps=1e-12, elementwise_affine=True)
            (dropout): Dropout(p=0.1)
          )
        )
        (3): BertLayer(
          (attention): BertAttention(
            (self): BertSelfAttention(
              (query): Linear(in_features=768, out_features=768, bias=True)
              (key): Linear(in_features=768, out_features=768, bias=True)
              (value): Linear(in_features=768, out_features=768, bias=True)
              (dropout): Dropout(p=0.1)
            )
            (output): BertSelfOutput(
              (dense): Linear(in_features=768, out_features=768, bias=True)
              (LayerNorm): FusedLayerNorm(torch.Size([768]), eps=1e-12, elementwise_affine=True)
              (dropout): Dropout(p=0.1)
            )
          )
          (intermediate): BertIntermediate(
            (dense): Linear(in_features=768, out_features=3072, bias=True)
          )
          (output): BertOutput(
            (dense): Linear(in_features=3072, out_features=768, bias=True)
            (LayerNorm): FusedLayerNorm(torch.Size([768]), eps=1e-12, elementwise_affine=True)
            (dropout): Dropout(p=0.1)
          )
        )
        (4): BertLayer(
          (attention): BertAttention(
            (self): BertSelfAttention(
              (query): Linear(in_features=768, out_features=768, bias=True)
              (key): Linear(in_features=768, out_features=768, bias=True)
              (value): Linear(in_features=768, out_features=768, bias=True)
              (dropout): Dropout(p=0.1)
            )
            (output): BertSelfOutput(
              (dense): Linear(in_features=768, out_features=768, bias=True)
              (LayerNorm): FusedLayerNorm(torch.Size([768]), eps=1e-12, elementwise_affine=True)
              (dropout): Dropout(p=0.1)
            )
          )
          (intermediate): BertIntermediate(
            (dense): Linear(in_features=768, out_features=3072, bias=True)
          )
          (output): BertOutput(
            (dense): Linear(in_features=3072, out_features=768, bias=True)
            (LayerNorm): FusedLayerNorm(torch.Size([768]), eps=1e-12, elementwise_affine=True)
            (dropout): Dropout(p=0.1)
          )
        )
        (5): BertLayer(
          (attention): BertAttention(
            (self): BertSelfAttention(
              (query): Linear(in_features=768, out_features=768, bias=True)
              (key): Linear(in_features=768, out_features=768, bias=True)
              (value): Linear(in_features=768, out_features=768, bias=True)
              (dropout): Dropout(p=0.1)
            )
            (output): BertSelfOutput(
              (dense): Linear(in_features=768, out_features=768, bias=True)
              (LayerNorm): FusedLayerNorm(torch.Size([768]), eps=1e-12, elementwise_affine=True)
              (dropout): Dropout(p=0.1)
            )
          )
          (intermediate): BertIntermediate(
            (dense): Linear(in_features=768, out_features=3072, bias=True)
          )
          (output): BertOutput(
            (dense): Linear(in_features=3072, out_features=768, bias=True)
            (LayerNorm): FusedLayerNorm(torch.Size([768]), eps=1e-12, elementwise_affine=True)
            (dropout): Dropout(p=0.1)
          )
        )
        (6): BertLayer(
          (attention): BertAttention(
            (self): BertSelfAttention(
              (query): Linear(in_features=768, out_features=768, bias=True)
              (key): Linear(in_features=768, out_features=768, bias=True)
              (value): Linear(in_features=768, out_features=768, bias=True)
              (dropout): Dropout(p=0.1)
            )
            (output): BertSelfOutput(
              (dense): Linear(in_features=768, out_features=768, bias=True)
              (LayerNorm): FusedLayerNorm(torch.Size([768]), eps=1e-12, elementwise_affine=True)
              (dropout): Dropout(p=0.1)
            )
          )
          (intermediate): BertIntermediate(
            (dense): Linear(in_features=768, out_features=3072, bias=True)
          )
          (output): BertOutput(
            (dense): Linear(in_features=3072, out_features=768, bias=True)
            (LayerNorm): FusedLayerNorm(torch.Size([768]), eps=1e-12, elementwise_affine=True)
            (dropout): Dropout(p=0.1)
          )
        )
        (7): BertLayer(
          (attention): BertAttention(
            (self): BertSelfAttention(
              (query): Linear(in_features=768, out_features=768, bias=True)
              (key): Linear(in_features=768, out_features=768, bias=True)
              (value): Linear(in_features=768, out_features=768, bias=True)
              (dropout): Dropout(p=0.1)
            )
            (output): BertSelfOutput(
              (dense): Linear(in_features=768, out_features=768, bias=True)
              (LayerNorm): FusedLayerNorm(torch.Size([768]), eps=1e-12, elementwise_affine=True)
              (dropout): Dropout(p=0.1)
            )
          )
          (intermediate): BertIntermediate(
            (dense): Linear(in_features=768, out_features=3072, bias=True)
          )
          (output): BertOutput(
            (dense): Linear(in_features=3072, out_features=768, bias=True)
            (LayerNorm): FusedLayerNorm(torch.Size([768]), eps=1e-12, elementwise_affine=True)
            (dropout): Dropout(p=0.1)
          )
        )
        (8): BertLayer(
          (attention): BertAttention(
            (self): BertSelfAttention(
              (query): Linear(in_features=768, out_features=768, bias=True)
              (key): Linear(in_features=768, out_features=768, bias=True)
              (value): Linear(in_features=768, out_features=768, bias=True)
              (dropout): Dropout(p=0.1)
            )
            (output): BertSelfOutput(
              (dense): Linear(in_features=768, out_features=768, bias=True)
              (LayerNorm): FusedLayerNorm(torch.Size([768]), eps=1e-12, elementwise_affine=True)
              (dropout): Dropout(p=0.1)
            )
          )
          (intermediate): BertIntermediate(
            (dense): Linear(in_features=768, out_features=3072, bias=True)
          )
          (output): BertOutput(
            (dense): Linear(in_features=3072, out_features=768, bias=True)
            (LayerNorm): FusedLayerNorm(torch.Size([768]), eps=1e-12, elementwise_affine=True)
            (dropout): Dropout(p=0.1)
          )
        )
        (9): BertLayer(
          (attention): BertAttention(
            (self): BertSelfAttention(
              (query): Linear(in_features=768, out_features=768, bias=True)
              (key): Linear(in_features=768, out_features=768, bias=True)
              (value): Linear(in_features=768, out_features=768, bias=True)
              (dropout): Dropout(p=0.1)
            )
            (output): BertSelfOutput(
              (dense): Linear(in_features=768, out_features=768, bias=True)
              (LayerNorm): FusedLayerNorm(torch.Size([768]), eps=1e-12, elementwise_affine=True)
              (dropout): Dropout(p=0.1)
            )
          )
          (intermediate): BertIntermediate(
            (dense): Linear(in_features=768, out_features=3072, bias=True)
          )
          (output): BertOutput(
            (dense): Linear(in_features=3072, out_features=768, bias=True)
            (LayerNorm): FusedLayerNorm(torch.Size([768]), eps=1e-12, elementwise_affine=True)
            (dropout): Dropout(p=0.1)
          )
        )
        (10): BertLayer(
          (attention): BertAttention(
            (self): BertSelfAttention(
              (query): Linear(in_features=768, out_features=768, bias=True)
              (key): Linear(in_features=768, out_features=768, bias=True)
              (value): Linear(in_features=768, out_features=768, bias=True)
              (dropout): Dropout(p=0.1)
            )
            (output): BertSelfOutput(
              (dense): Linear(in_features=768, out_features=768, bias=True)
              (LayerNorm): FusedLayerNorm(torch.Size([768]), eps=1e-12, elementwise_affine=True)
              (dropout): Dropout(p=0.1)
            )
          )
          (intermediate): BertIntermediate(
            (dense): Linear(in_features=768, out_features=3072, bias=True)
          )
          (output): BertOutput(
            (dense): Linear(in_features=3072, out_features=768, bias=True)
            (LayerNorm): FusedLayerNorm(torch.Size([768]), eps=1e-12, elementwise_affine=True)
            (dropout): Dropout(p=0.1)
          )
        )
        (11): BertLayer(
          (attention): BertAttention(
            (self): BertSelfAttention(
              (query): Linear(in_features=768, out_features=768, bias=True)
              (key): Linear(in_features=768, out_features=768, bias=True)
              (value): Linear(in_features=768, out_features=768, bias=True)
              (dropout): Dropout(p=0.1)
            )
            (output): BertSelfOutput(
              (dense): Linear(in_features=768, out_features=768, bias=True)
              (LayerNorm): FusedLayerNorm(torch.Size([768]), eps=1e-12, elementwise_affine=True)
              (dropout): Dropout(p=0.1)
            )
          )
          (intermediate): BertIntermediate(
            (dense): Linear(in_features=768, out_features=3072, bias=True)
          )
          (output): BertOutput(
            (dense): Linear(in_features=3072, out_features=768, bias=True)
            (LayerNorm): FusedLayerNorm(torch.Size([768]), eps=1e-12, elementwise_affine=True)
            (dropout): Dropout(p=0.1)
          )
        )
      )
    )
    (pooler): BertPooler(
      (dense): Linear(in_features=768, out_features=768, bias=True)
      (activation): Tanh()
    )
  )
  (scoring_list): ModuleList(
    (0): Linear(in_features=768, out_features=4, bias=True)
    (1): Linear(in_features=768, out_features=5, bias=True)
    (2): Linear(in_features=768, out_features=6, bias=True)
    (3): Linear(in_features=768, out_features=8, bias=True)
  )
)

02/15/2023 06:20:46 Total number of params: 110639639
02/15/2023 06:20:46 At epoch 0
02/15/2023 06:20:47 Task [ 2] updates[     1] train loss[1.83499] remaining[0:03:52]
02/15/2023 06:22:03 Task [ 3] updates[   500] train loss[1.58832] remaining[0:00:01]
02/15/2023 06:22:06 Task dvdppf -- epoch 0 -- Dev ACC: 46.058
02/15/2023 06:22:06 Task dvdppf -- epoch 0 -- Dev F1: 27.741
02/15/2023 06:22:06 Task dvdduration -- epoch 0 -- Dev ACC: 45.228
02/15/2023 06:22:06 Task dvdduration -- epoch 0 -- Dev F1: 18.843
02/15/2023 06:22:07 Task dvdorder -- epoch 0 -- Dev ACC: 41.117
02/15/2023 06:22:07 Task dvdorder -- epoch 0 -- Dev F1: 9.712
02/15/2023 06:22:09 Task hanashiduration -- epoch 0 -- Dev ACC: 42.157
02/15/2023 06:22:09 Task hanashiduration -- epoch 0 -- Dev F1: 11.884
02/15/2023 06:22:09 At epoch 1
02/15/2023 06:23:24 Task [ 2] updates[  1000] train loss[1.52829] remaining[0:00:03]
02/15/2023 06:23:28 Task dvdppf -- epoch 1 -- Dev ACC: 51.867
02/15/2023 06:23:28 Task dvdppf -- epoch 1 -- Dev F1: 36.681
02/15/2023 06:23:28 Task dvdduration -- epoch 1 -- Dev ACC: 52.697
02/15/2023 06:23:28 Task dvdduration -- epoch 1 -- Dev F1: 26.689
02/15/2023 06:23:29 Task dvdorder -- epoch 1 -- Dev ACC: 40.102
02/15/2023 06:23:29 Task dvdorder -- epoch 1 -- Dev F1: 9.541
02/15/2023 06:23:31 Task hanashiduration -- epoch 1 -- Dev ACC: 36.152
02/15/2023 06:23:31 Task hanashiduration -- epoch 1 -- Dev F1: 8.775
02/15/2023 06:23:31 At epoch 2
02/15/2023 06:24:45 Task [ 3] updates[  1500] train loss[1.45252] remaining[0:00:05]
02/15/2023 06:24:50 Task dvdppf -- epoch 2 -- Dev ACC: 46.473
02/15/2023 06:24:50 Task dvdppf -- epoch 2 -- Dev F1: 34.735
02/15/2023 06:24:51 Task dvdduration -- epoch 2 -- Dev ACC: 47.303
02/15/2023 06:24:51 Task dvdduration -- epoch 2 -- Dev F1: 30.848
02/15/2023 06:24:51 Task dvdorder -- epoch 2 -- Dev ACC: 40.609
02/15/2023 06:24:51 Task dvdorder -- epoch 2 -- Dev F1: 11.705
02/15/2023 06:24:54 Task hanashiduration -- epoch 2 -- Dev ACC: 44.363
02/15/2023 06:24:54 Task hanashiduration -- epoch 2 -- Dev F1: 15.449
02/15/2023 06:24:54 At epoch 3
02/15/2023 06:26:05 Task [ 0] updates[  2000] train loss[1.37893] remaining[0:00:06]
02/15/2023 06:26:12 Task dvdppf -- epoch 3 -- Dev ACC: 48.963
02/15/2023 06:26:12 Task dvdppf -- epoch 3 -- Dev F1: 36.249
02/15/2023 06:26:13 Task dvdduration -- epoch 3 -- Dev ACC: 48.133
02/15/2023 06:26:13 Task dvdduration -- epoch 3 -- Dev F1: 30.288
02/15/2023 06:26:13 Task dvdorder -- epoch 3 -- Dev ACC: 39.086
02/15/2023 06:26:13 Task dvdorder -- epoch 3 -- Dev F1: 15.246
02/15/2023 06:26:16 Task hanashiduration -- epoch 3 -- Dev ACC: 40.074
02/15/2023 06:26:16 Task hanashiduration -- epoch 3 -- Dev F1: 16.508
02/15/2023 06:26:16 At epoch 4
02/15/2023 06:27:25 Task [ 3] updates[  2500] train loss[1.30730] remaining[0:00:08]
02/15/2023 06:27:34 Task dvdppf -- epoch 4 -- Dev ACC: 50.622
02/15/2023 06:27:34 Task dvdppf -- epoch 4 -- Dev F1: 37.360
02/15/2023 06:27:35 Task dvdduration -- epoch 4 -- Dev ACC: 45.643
02/15/2023 06:27:35 Task dvdduration -- epoch 4 -- Dev F1: 32.123
02/15/2023 06:27:36 Task dvdorder -- epoch 4 -- Dev ACC: 38.579
02/15/2023 06:27:36 Task dvdorder -- epoch 4 -- Dev F1: 15.633
02/15/2023 06:27:38 Task hanashiduration -- epoch 4 -- Dev ACC: 40.074
02/15/2023 06:27:38 Task hanashiduration -- epoch 4 -- Dev F1: 17.815
02/15/2023 06:27:38 At epoch 5
02/15/2023 06:28:46 Task [ 0] updates[  3000] train loss[1.24120] remaining[0:00:10]
02/15/2023 06:28:58 Task dvdppf -- epoch 5 -- Dev ACC: 49.378
02/15/2023 06:28:58 Task dvdppf -- epoch 5 -- Dev F1: 35.774
02/15/2023 06:28:58 Task dvdduration -- epoch 5 -- Dev ACC: 41.079
02/15/2023 06:28:58 Task dvdduration -- epoch 5 -- Dev F1: 29.376
02/15/2023 06:28:59 Task dvdorder -- epoch 5 -- Dev ACC: 37.056
02/15/2023 06:28:59 Task dvdorder -- epoch 5 -- Dev F1: 16.784
02/15/2023 06:29:01 Task hanashiduration -- epoch 5 -- Dev ACC: 43.015
02/15/2023 06:29:01 Task hanashiduration -- epoch 5 -- Dev F1: 19.458
02/15/2023 06:29:01 At epoch 6
02/15/2023 06:30:07 Task [ 3] updates[  3500] train loss[1.18252] remaining[0:00:11]
02/15/2023 06:30:19 Task dvdppf -- epoch 6 -- Dev ACC: 51.037
02/15/2023 06:30:19 Task dvdppf -- epoch 6 -- Dev F1: 37.656
02/15/2023 06:30:20 Task dvdduration -- epoch 6 -- Dev ACC: 42.324
02/15/2023 06:30:20 Task dvdduration -- epoch 6 -- Dev F1: 29.690
02/15/2023 06:30:20 Task dvdorder -- epoch 6 -- Dev ACC: 36.041
02/15/2023 06:30:20 Task dvdorder -- epoch 6 -- Dev F1: 17.430
02/15/2023 06:30:23 Task hanashiduration -- epoch 6 -- Dev ACC: 38.358
02/15/2023 06:30:23 Task hanashiduration -- epoch 6 -- Dev F1: 17.114
02/15/2023 06:30:23 At epoch 7
02/15/2023 06:31:29 Task [ 3] updates[  4000] train loss[1.12788] remaining[0:00:13]
02/15/2023 06:31:43 Task dvdppf -- epoch 7 -- Dev ACC: 50.207
02/15/2023 06:31:43 Task dvdppf -- epoch 7 -- Dev F1: 37.033
02/15/2023 06:31:45 Task dvdduration -- epoch 7 -- Dev ACC: 45.643
02/15/2023 06:31:45 Task dvdduration -- epoch 7 -- Dev F1: 33.658
02/15/2023 06:31:45 Task dvdorder -- epoch 7 -- Dev ACC: 34.518
02/15/2023 06:31:45 Task dvdorder -- epoch 7 -- Dev F1: 16.484
02/15/2023 06:31:48 Task hanashiduration -- epoch 7 -- Dev ACC: 39.461
02/15/2023 06:31:48 Task hanashiduration -- epoch 7 -- Dev F1: 17.758
02/15/2023 06:31:48 At epoch 8
02/15/2023 06:32:53 Task [ 3] updates[  4500] train loss[1.07944] remaining[0:00:15]
02/15/2023 06:33:09 Task dvdppf -- epoch 8 -- Dev ACC: 50.622
02/15/2023 06:33:09 Task dvdppf -- epoch 8 -- Dev F1: 37.087
02/15/2023 06:33:10 Task dvdduration -- epoch 8 -- Dev ACC: 45.228
02/15/2023 06:33:10 Task dvdduration -- epoch 8 -- Dev F1: 32.767
02/15/2023 06:33:10 Task dvdorder -- epoch 8 -- Dev ACC: 34.518
02/15/2023 06:33:10 Task dvdorder -- epoch 8 -- Dev F1: 18.097
02/15/2023 06:33:13 Task hanashiduration -- epoch 8 -- Dev ACC: 39.461
02/15/2023 06:33:13 Task hanashiduration -- epoch 8 -- Dev F1: 17.144
02/15/2023 06:33:13 At epoch 9
02/15/2023 06:34:15 Task [ 1] updates[  5000] train loss[1.03753] remaining[0:00:17]
02/15/2023 06:34:33 Task dvdppf -- epoch 9 -- Dev ACC: 50.622
02/15/2023 06:34:33 Task dvdppf -- epoch 9 -- Dev F1: 37.263
02/15/2023 06:34:33 Task dvdduration -- epoch 9 -- Dev ACC: 44.398
02/15/2023 06:34:33 Task dvdduration -- epoch 9 -- Dev F1: 32.122
02/15/2023 06:34:34 Task dvdorder -- epoch 9 -- Dev ACC: 35.025
02/15/2023 06:34:34 Task dvdorder -- epoch 9 -- Dev F1: 18.441
02/15/2023 06:34:36 Task hanashiduration -- epoch 9 -- Dev ACC: 39.583
02/15/2023 06:34:36 Task hanashiduration -- epoch 9 -- Dev F1: 17.745
