02/15/2023 05:06:15 0
02/15/2023 05:06:15 Launching the MT-DNN training
02/15/2023 05:06:15 Loading ../../../dvd_hanashi/dvd_hanashi_all/1/dvdppf_train.json as task 0
02/15/2023 05:06:15 Loading ../../../dvd_hanashi/dvd_hanashi_all/1/ppf_train.json as task 1
02/15/2023 05:06:15 4,4
02/15/2023 05:06:15 ####################
02/15/2023 05:06:15 {'log_file': 'checkpoints/dvd_ppf_hanashi_ppf_1_adam_answer_opt0_gc0_ggc1_2023-02-15T0506/log.log', 'tensorboard': False, 'tensorboard_logdir': 'tensorboard_logdir', 'init_checkpoint': '../../../japanese_bert_new_/jap_bert.pt', 'data_dir': '../../../dvd_hanashi/dvd_hanashi_all/1/', 'data_sort_on': False, 'name': 'farmer', 'task_def': '../../../experiments/dvd_hanashi/dvd_hanashi_task_def.yml', 'train_datasets': ['dvdppf', 'ppf'], 'test_datasets': ['dvdppf', 'ppf'], 'update_bert_opt': 0, 'multi_gpu_on': True, 'mem_cum_type': 'simple', 'answer_num_turn': 5, 'answer_mem_drop_p': 0.1, 'answer_att_hidden_size': 128, 'answer_att_type': 'bilinear', 'answer_rnn_type': 'gru', 'answer_sum_att_type': 'bilinear', 'answer_merge_opt': 1, 'answer_mem_type': 1, 'answer_dropout_p': 0.1, 'answer_weight_norm_on': False, 'dump_state_on': False, 'answer_opt': [0, 0], 'label_size': '4,4', 'mtl_opt': 0, 'ratio': 0, 'mix_opt': 0, 'max_seq_len': 512, 'init_ratio': 1, 'encoder_type': <EncoderModelType.BERT: 1>, 'cuda': True, 'log_per_updates': 500, 'save_per_updates': 10000, 'save_per_updates_on': False, 'epochs': 10, 'batch_size': 16, 'batch_size_eval': 8, 'optimizer': 'adam', 'grad_clipping': 0.0, 'global_grad_clipping': 1.0, 'weight_decay': 0, 'learning_rate': 1e-05, 'momentum': 0, 'warmup': 0.1, 'warmup_schedule': 'warmup_linear', 'adam_eps': 1e-06, 'vb_dropout': True, 'dropout_p': 0.1, 'dropout_w': 0.0, 'bert_dropout_p': 0.1, 'model_ckpt': 'checkpoints/model_0.pt', 'resume': False, 'ema_opt': 0, 'ema_gamma': 0.995, 'lookahead': False, 'lookahead_k': 5, 'lookahead_alpha': 0.5, 'have_lr_scheduler': True, 'multi_step_lr': '10,20,30', 'freeze_layers': -1, 'embedding_opt': 0, 'lr_gamma': 0.5, 'bert_l2norm': 0.0, 'scheduler_type': 'ms', 'output_dir': 'checkpoints/dvd_ppf_hanashi_ppf_1_adam_answer_opt0_gc0_ggc1_2023-02-15T0506', 'seed': 2018, 'grad_accumulation_step': 1, 'fp16': False, 'fp16_opt_level': 'O1', 'mean_teacher': False, 'mean_teacher_avg': 'exponential', 'mean_teacher_lambda': 1, 'mean_teacher_rampup': 4000, 'mean_teacher_alpha1': 0.99, 'mean_teacher_alpha2': 0.999, 'mt_kd_tau': 1, 'virtual_teacher': False, 'vat_eps': 0.001, 'vat_max_layer': -1, 'vat_opt': 0, 'vat_lambda': 1, 'vat_alpha': 1, 'vat_nosiy': 1e-05, 'use_noisycopy': False, 'noisycopy_eps': 0.01, 'use_advcopy': False, 'advcopy_eps': 0.01, 'vat_stable_eps': 1e-06, 'tasks_dropout_p': [0.1, 0.1]}
02/15/2023 05:06:15 ####################
02/15/2023 05:06:15 ############# Gradient Accumulation Info #############
02/15/2023 05:06:15 number of step: 3220
02/15/2023 05:06:15 number of grad grad_accumulation step: 1
02/15/2023 05:06:15 adjusted number of step: 3220
02/15/2023 05:06:15 ############# Gradient Accumulation Info #############
02/15/2023 05:06:22 
############# Model Arch of MT-DNN #############
SANBertNetwork(
  (dropout_list): ModuleList(
    (0): DropoutWrapper()
    (1): DropoutWrapper()
  )
  (bert): BertModel(
    (embeddings): BertEmbeddings(
      (word_embeddings): Embedding(32006, 768)
      (position_embeddings): Embedding(512, 768)
      (token_type_embeddings): Embedding(2, 768)
      (LayerNorm): FusedLayerNorm(torch.Size([768]), eps=1e-12, elementwise_affine=True)
      (dropout): Dropout(p=0.1)
    )
    (encoder): BertEncoder(
      (layer): ModuleList(
        (0): BertLayer(
          (attention): BertAttention(
            (self): BertSelfAttention(
              (query): Linear(in_features=768, out_features=768, bias=True)
              (key): Linear(in_features=768, out_features=768, bias=True)
              (value): Linear(in_features=768, out_features=768, bias=True)
              (dropout): Dropout(p=0.1)
            )
            (output): BertSelfOutput(
              (dense): Linear(in_features=768, out_features=768, bias=True)
              (LayerNorm): FusedLayerNorm(torch.Size([768]), eps=1e-12, elementwise_affine=True)
              (dropout): Dropout(p=0.1)
            )
          )
          (intermediate): BertIntermediate(
            (dense): Linear(in_features=768, out_features=3072, bias=True)
          )
          (output): BertOutput(
            (dense): Linear(in_features=3072, out_features=768, bias=True)
            (LayerNorm): FusedLayerNorm(torch.Size([768]), eps=1e-12, elementwise_affine=True)
            (dropout): Dropout(p=0.1)
          )
        )
        (1): BertLayer(
          (attention): BertAttention(
            (self): BertSelfAttention(
              (query): Linear(in_features=768, out_features=768, bias=True)
              (key): Linear(in_features=768, out_features=768, bias=True)
              (value): Linear(in_features=768, out_features=768, bias=True)
              (dropout): Dropout(p=0.1)
            )
            (output): BertSelfOutput(
              (dense): Linear(in_features=768, out_features=768, bias=True)
              (LayerNorm): FusedLayerNorm(torch.Size([768]), eps=1e-12, elementwise_affine=True)
              (dropout): Dropout(p=0.1)
            )
          )
          (intermediate): BertIntermediate(
            (dense): Linear(in_features=768, out_features=3072, bias=True)
          )
          (output): BertOutput(
            (dense): Linear(in_features=3072, out_features=768, bias=True)
            (LayerNorm): FusedLayerNorm(torch.Size([768]), eps=1e-12, elementwise_affine=True)
            (dropout): Dropout(p=0.1)
          )
        )
        (2): BertLayer(
          (attention): BertAttention(
            (self): BertSelfAttention(
              (query): Linear(in_features=768, out_features=768, bias=True)
              (key): Linear(in_features=768, out_features=768, bias=True)
              (value): Linear(in_features=768, out_features=768, bias=True)
              (dropout): Dropout(p=0.1)
            )
            (output): BertSelfOutput(
              (dense): Linear(in_features=768, out_features=768, bias=True)
              (LayerNorm): FusedLayerNorm(torch.Size([768]), eps=1e-12, elementwise_affine=True)
              (dropout): Dropout(p=0.1)
            )
          )
          (intermediate): BertIntermediate(
            (dense): Linear(in_features=768, out_features=3072, bias=True)
          )
          (output): BertOutput(
            (dense): Linear(in_features=3072, out_features=768, bias=True)
            (LayerNorm): FusedLayerNorm(torch.Size([768]), eps=1e-12, elementwise_affine=True)
            (dropout): Dropout(p=0.1)
          )
        )
        (3): BertLayer(
          (attention): BertAttention(
            (self): BertSelfAttention(
              (query): Linear(in_features=768, out_features=768, bias=True)
              (key): Linear(in_features=768, out_features=768, bias=True)
              (value): Linear(in_features=768, out_features=768, bias=True)
              (dropout): Dropout(p=0.1)
            )
            (output): BertSelfOutput(
              (dense): Linear(in_features=768, out_features=768, bias=True)
              (LayerNorm): FusedLayerNorm(torch.Size([768]), eps=1e-12, elementwise_affine=True)
              (dropout): Dropout(p=0.1)
            )
          )
          (intermediate): BertIntermediate(
            (dense): Linear(in_features=768, out_features=3072, bias=True)
          )
          (output): BertOutput(
            (dense): Linear(in_features=3072, out_features=768, bias=True)
            (LayerNorm): FusedLayerNorm(torch.Size([768]), eps=1e-12, elementwise_affine=True)
            (dropout): Dropout(p=0.1)
          )
        )
        (4): BertLayer(
          (attention): BertAttention(
            (self): BertSelfAttention(
              (query): Linear(in_features=768, out_features=768, bias=True)
              (key): Linear(in_features=768, out_features=768, bias=True)
              (value): Linear(in_features=768, out_features=768, bias=True)
              (dropout): Dropout(p=0.1)
            )
            (output): BertSelfOutput(
              (dense): Linear(in_features=768, out_features=768, bias=True)
              (LayerNorm): FusedLayerNorm(torch.Size([768]), eps=1e-12, elementwise_affine=True)
              (dropout): Dropout(p=0.1)
            )
          )
          (intermediate): BertIntermediate(
            (dense): Linear(in_features=768, out_features=3072, bias=True)
          )
          (output): BertOutput(
            (dense): Linear(in_features=3072, out_features=768, bias=True)
            (LayerNorm): FusedLayerNorm(torch.Size([768]), eps=1e-12, elementwise_affine=True)
            (dropout): Dropout(p=0.1)
          )
        )
        (5): BertLayer(
          (attention): BertAttention(
            (self): BertSelfAttention(
              (query): Linear(in_features=768, out_features=768, bias=True)
              (key): Linear(in_features=768, out_features=768, bias=True)
              (value): Linear(in_features=768, out_features=768, bias=True)
              (dropout): Dropout(p=0.1)
            )
            (output): BertSelfOutput(
              (dense): Linear(in_features=768, out_features=768, bias=True)
              (LayerNorm): FusedLayerNorm(torch.Size([768]), eps=1e-12, elementwise_affine=True)
              (dropout): Dropout(p=0.1)
            )
          )
          (intermediate): BertIntermediate(
            (dense): Linear(in_features=768, out_features=3072, bias=True)
          )
          (output): BertOutput(
            (dense): Linear(in_features=3072, out_features=768, bias=True)
            (LayerNorm): FusedLayerNorm(torch.Size([768]), eps=1e-12, elementwise_affine=True)
            (dropout): Dropout(p=0.1)
          )
        )
        (6): BertLayer(
          (attention): BertAttention(
            (self): BertSelfAttention(
              (query): Linear(in_features=768, out_features=768, bias=True)
              (key): Linear(in_features=768, out_features=768, bias=True)
              (value): Linear(in_features=768, out_features=768, bias=True)
              (dropout): Dropout(p=0.1)
            )
            (output): BertSelfOutput(
              (dense): Linear(in_features=768, out_features=768, bias=True)
              (LayerNorm): FusedLayerNorm(torch.Size([768]), eps=1e-12, elementwise_affine=True)
              (dropout): Dropout(p=0.1)
            )
          )
          (intermediate): BertIntermediate(
            (dense): Linear(in_features=768, out_features=3072, bias=True)
          )
          (output): BertOutput(
            (dense): Linear(in_features=3072, out_features=768, bias=True)
            (LayerNorm): FusedLayerNorm(torch.Size([768]), eps=1e-12, elementwise_affine=True)
            (dropout): Dropout(p=0.1)
          )
        )
        (7): BertLayer(
          (attention): BertAttention(
            (self): BertSelfAttention(
              (query): Linear(in_features=768, out_features=768, bias=True)
              (key): Linear(in_features=768, out_features=768, bias=True)
              (value): Linear(in_features=768, out_features=768, bias=True)
              (dropout): Dropout(p=0.1)
            )
            (output): BertSelfOutput(
              (dense): Linear(in_features=768, out_features=768, bias=True)
              (LayerNorm): FusedLayerNorm(torch.Size([768]), eps=1e-12, elementwise_affine=True)
              (dropout): Dropout(p=0.1)
            )
          )
          (intermediate): BertIntermediate(
            (dense): Linear(in_features=768, out_features=3072, bias=True)
          )
          (output): BertOutput(
            (dense): Linear(in_features=3072, out_features=768, bias=True)
            (LayerNorm): FusedLayerNorm(torch.Size([768]), eps=1e-12, elementwise_affine=True)
            (dropout): Dropout(p=0.1)
          )
        )
        (8): BertLayer(
          (attention): BertAttention(
            (self): BertSelfAttention(
              (query): Linear(in_features=768, out_features=768, bias=True)
              (key): Linear(in_features=768, out_features=768, bias=True)
              (value): Linear(in_features=768, out_features=768, bias=True)
              (dropout): Dropout(p=0.1)
            )
            (output): BertSelfOutput(
              (dense): Linear(in_features=768, out_features=768, bias=True)
              (LayerNorm): FusedLayerNorm(torch.Size([768]), eps=1e-12, elementwise_affine=True)
              (dropout): Dropout(p=0.1)
            )
          )
          (intermediate): BertIntermediate(
            (dense): Linear(in_features=768, out_features=3072, bias=True)
          )
          (output): BertOutput(
            (dense): Linear(in_features=3072, out_features=768, bias=True)
            (LayerNorm): FusedLayerNorm(torch.Size([768]), eps=1e-12, elementwise_affine=True)
            (dropout): Dropout(p=0.1)
          )
        )
        (9): BertLayer(
          (attention): BertAttention(
            (self): BertSelfAttention(
              (query): Linear(in_features=768, out_features=768, bias=True)
              (key): Linear(in_features=768, out_features=768, bias=True)
              (value): Linear(in_features=768, out_features=768, bias=True)
              (dropout): Dropout(p=0.1)
            )
            (output): BertSelfOutput(
              (dense): Linear(in_features=768, out_features=768, bias=True)
              (LayerNorm): FusedLayerNorm(torch.Size([768]), eps=1e-12, elementwise_affine=True)
              (dropout): Dropout(p=0.1)
            )
          )
          (intermediate): BertIntermediate(
            (dense): Linear(in_features=768, out_features=3072, bias=True)
          )
          (output): BertOutput(
            (dense): Linear(in_features=3072, out_features=768, bias=True)
            (LayerNorm): FusedLayerNorm(torch.Size([768]), eps=1e-12, elementwise_affine=True)
            (dropout): Dropout(p=0.1)
          )
        )
        (10): BertLayer(
          (attention): BertAttention(
            (self): BertSelfAttention(
              (query): Linear(in_features=768, out_features=768, bias=True)
              (key): Linear(in_features=768, out_features=768, bias=True)
              (value): Linear(in_features=768, out_features=768, bias=True)
              (dropout): Dropout(p=0.1)
            )
            (output): BertSelfOutput(
              (dense): Linear(in_features=768, out_features=768, bias=True)
              (LayerNorm): FusedLayerNorm(torch.Size([768]), eps=1e-12, elementwise_affine=True)
              (dropout): Dropout(p=0.1)
            )
          )
          (intermediate): BertIntermediate(
            (dense): Linear(in_features=768, out_features=3072, bias=True)
          )
          (output): BertOutput(
            (dense): Linear(in_features=3072, out_features=768, bias=True)
            (LayerNorm): FusedLayerNorm(torch.Size([768]), eps=1e-12, elementwise_affine=True)
            (dropout): Dropout(p=0.1)
          )
        )
        (11): BertLayer(
          (attention): BertAttention(
            (self): BertSelfAttention(
              (query): Linear(in_features=768, out_features=768, bias=True)
              (key): Linear(in_features=768, out_features=768, bias=True)
              (value): Linear(in_features=768, out_features=768, bias=True)
              (dropout): Dropout(p=0.1)
            )
            (output): BertSelfOutput(
              (dense): Linear(in_features=768, out_features=768, bias=True)
              (LayerNorm): FusedLayerNorm(torch.Size([768]), eps=1e-12, elementwise_affine=True)
              (dropout): Dropout(p=0.1)
            )
          )
          (intermediate): BertIntermediate(
            (dense): Linear(in_features=768, out_features=3072, bias=True)
          )
          (output): BertOutput(
            (dense): Linear(in_features=3072, out_features=768, bias=True)
            (LayerNorm): FusedLayerNorm(torch.Size([768]), eps=1e-12, elementwise_affine=True)
            (dropout): Dropout(p=0.1)
          )
        )
      )
    )
    (pooler): BertPooler(
      (dense): Linear(in_features=768, out_features=768, bias=True)
      (activation): Tanh()
    )
  )
  (scoring_list): ModuleList(
    (0): Linear(in_features=768, out_features=4, bias=True)
    (1): Linear(in_features=768, out_features=4, bias=True)
  )
)

02/15/2023 05:06:22 Total number of params: 110628104
02/15/2023 05:06:22 At epoch 0
02/15/2023 05:06:22 Task [ 1] updates[     1] train loss[1.45994] remaining[0:02:42]
02/15/2023 05:07:15 Task dvdppf -- epoch 0 -- Dev ACC: 45.643
02/15/2023 05:07:15 Task dvdppf -- epoch 0 -- Dev F1: 32.555
02/15/2023 05:07:17 Task ppf -- epoch 0 -- Dev ACC: 59.069
02/15/2023 05:07:17 Task ppf -- epoch 0 -- Dev F1: 41.030
02/15/2023 05:07:17 At epoch 1
02/15/2023 05:07:46 Task [ 1] updates[   500] train loss[0.97274] remaining[0:00:23]
02/15/2023 05:08:10 Task dvdppf -- epoch 1 -- Dev ACC: 46.888
02/15/2023 05:08:10 Task dvdppf -- epoch 1 -- Dev F1: 35.173
02/15/2023 05:08:12 Task ppf -- epoch 1 -- Dev ACC: 59.681
02/15/2023 05:08:12 Task ppf -- epoch 1 -- Dev F1: 41.178
02/15/2023 05:08:12 At epoch 2
02/15/2023 05:09:05 Task dvdppf -- epoch 2 -- Dev ACC: 54.772
02/15/2023 05:09:05 Task dvdppf -- epoch 2 -- Dev F1: 38.898
02/15/2023 05:09:07 Task ppf -- epoch 2 -- Dev ACC: 59.314
02/15/2023 05:09:07 Task ppf -- epoch 2 -- Dev F1: 40.838
02/15/2023 05:09:07 At epoch 3
02/15/2023 05:09:12 Task [ 0] updates[  1000] train loss[0.86841] remaining[0:00:46]
02/15/2023 05:09:59 Task dvdppf -- epoch 3 -- Dev ACC: 50.207
02/15/2023 05:09:59 Task dvdppf -- epoch 3 -- Dev F1: 37.535
02/15/2023 05:10:02 Task ppf -- epoch 3 -- Dev ACC: 62.990
02/15/2023 05:10:02 Task ppf -- epoch 3 -- Dev F1: 49.570
02/15/2023 05:10:02 At epoch 4
02/15/2023 05:10:36 Task [ 0] updates[  1500] train loss[0.77142] remaining[0:00:17]
02/15/2023 05:10:54 Task dvdppf -- epoch 4 -- Dev ACC: 50.207
02/15/2023 05:10:54 Task dvdppf -- epoch 4 -- Dev F1: 37.478
02/15/2023 05:10:56 Task ppf -- epoch 4 -- Dev ACC: 58.211
02/15/2023 05:10:56 Task ppf -- epoch 4 -- Dev F1: 45.606
02/15/2023 05:10:56 At epoch 5
02/15/2023 05:11:48 Task dvdppf -- epoch 5 -- Dev ACC: 53.112
02/15/2023 05:11:48 Task dvdppf -- epoch 5 -- Dev F1: 38.934
02/15/2023 05:11:50 Task ppf -- epoch 5 -- Dev ACC: 60.784
02/15/2023 05:11:50 Task ppf -- epoch 5 -- Dev F1: 48.817
02/15/2023 05:11:50 At epoch 6
02/15/2023 05:12:02 Task [ 1] updates[  2000] train loss[0.69103] remaining[0:00:42]
02/15/2023 05:12:43 Task dvdppf -- epoch 6 -- Dev ACC: 51.867
02/15/2023 05:12:43 Task dvdppf -- epoch 6 -- Dev F1: 38.187
02/15/2023 05:12:45 Task ppf -- epoch 6 -- Dev ACC: 62.132
02/15/2023 05:12:45 Task ppf -- epoch 6 -- Dev F1: 52.676
02/15/2023 05:12:45 At epoch 7
02/15/2023 05:13:25 Task [ 1] updates[  2500] train loss[0.62270] remaining[0:00:12]
02/15/2023 05:13:38 Task dvdppf -- epoch 7 -- Dev ACC: 54.357
02/15/2023 05:13:38 Task dvdppf -- epoch 7 -- Dev F1: 40.219
02/15/2023 05:13:40 Task ppf -- epoch 7 -- Dev ACC: 60.662
02/15/2023 05:13:40 Task ppf -- epoch 7 -- Dev F1: 50.256
02/15/2023 05:13:40 At epoch 8
02/15/2023 05:14:32 Task dvdppf -- epoch 8 -- Dev ACC: 50.207
02/15/2023 05:14:32 Task dvdppf -- epoch 8 -- Dev F1: 37.611
02/15/2023 05:14:34 Task ppf -- epoch 8 -- Dev ACC: 61.029
02/15/2023 05:14:34 Task ppf -- epoch 8 -- Dev F1: 48.489
02/15/2023 05:14:34 At epoch 9
02/15/2023 05:14:50 Task [ 1] updates[  3000] train loss[0.56659] remaining[0:00:34]
02/15/2023 05:15:26 Task dvdppf -- epoch 9 -- Dev ACC: 55.187
02/15/2023 05:15:26 Task dvdppf -- epoch 9 -- Dev F1: 40.913
02/15/2023 05:15:28 Task ppf -- epoch 9 -- Dev ACC: 61.397
02/15/2023 05:15:28 Task ppf -- epoch 9 -- Dev F1: 51.449
