02/15/2023 03:06:23 0
02/15/2023 03:06:23 Launching the MT-DNN training
02/15/2023 03:06:23 Loading ../../../dvd_hanashi/dvd_hanashi_all/3/dvdppf_train.json as task 0
02/15/2023 03:06:23 Loading ../../../dvd_hanashi/dvd_hanashi_all/3/dvdduration_train.json as task 1
02/15/2023 03:06:23 Loading ../../../dvd_hanashi/dvd_hanashi_all/3/dvdorder_train.json as task 2
02/15/2023 03:06:23 Loading ../../../dvd_hanashi/dvd_hanashi_all/3/ppf_train.json as task 3
02/15/2023 03:06:23 4,5,6,4
02/15/2023 03:06:23 ####################
02/15/2023 03:06:23 {'log_file': 'checkpoints/dvd_all_hanashi_ppf_3_adam_answer_opt0_gc0_ggc1_2023-02-15T0306/log.log', 'tensorboard': False, 'tensorboard_logdir': 'tensorboard_logdir', 'init_checkpoint': '../../../japanese_bert_new_/jap_bert.pt', 'data_dir': '../../../dvd_hanashi/dvd_hanashi_all/3/', 'data_sort_on': False, 'name': 'farmer', 'task_def': '../../../experiments/dvd_hanashi/dvd_hanashi_task_def.yml', 'train_datasets': ['dvdppf', 'dvdduration', 'dvdorder', 'ppf'], 'test_datasets': ['dvdppf', 'dvdduration', 'dvdorder', 'ppf'], 'update_bert_opt': 0, 'multi_gpu_on': True, 'mem_cum_type': 'simple', 'answer_num_turn': 5, 'answer_mem_drop_p': 0.1, 'answer_att_hidden_size': 128, 'answer_att_type': 'bilinear', 'answer_rnn_type': 'gru', 'answer_sum_att_type': 'bilinear', 'answer_merge_opt': 1, 'answer_mem_type': 1, 'answer_dropout_p': 0.1, 'answer_weight_norm_on': False, 'dump_state_on': False, 'answer_opt': [0, 0, 0, 0], 'label_size': '4,5,6,4', 'mtl_opt': 0, 'ratio': 0, 'mix_opt': 0, 'max_seq_len': 512, 'init_ratio': 1, 'encoder_type': <EncoderModelType.BERT: 1>, 'cuda': True, 'log_per_updates': 500, 'save_per_updates': 10000, 'save_per_updates_on': False, 'epochs': 10, 'batch_size': 16, 'batch_size_eval': 8, 'optimizer': 'adam', 'grad_clipping': 0.0, 'global_grad_clipping': 1.0, 'weight_decay': 0, 'learning_rate': 1e-05, 'momentum': 0, 'warmup': 0.1, 'warmup_schedule': 'warmup_linear', 'adam_eps': 1e-06, 'vb_dropout': True, 'dropout_p': 0.1, 'dropout_w': 0.0, 'bert_dropout_p': 0.1, 'model_ckpt': 'checkpoints/model_0.pt', 'resume': False, 'ema_opt': 0, 'ema_gamma': 0.995, 'lookahead': False, 'lookahead_k': 5, 'lookahead_alpha': 0.5, 'have_lr_scheduler': True, 'multi_step_lr': '10,20,30', 'freeze_layers': -1, 'embedding_opt': 0, 'lr_gamma': 0.5, 'bert_l2norm': 0.0, 'scheduler_type': 'ms', 'output_dir': 'checkpoints/dvd_all_hanashi_ppf_3_adam_answer_opt0_gc0_ggc1_2023-02-15T0306', 'seed': 2018, 'grad_accumulation_step': 1, 'fp16': False, 'fp16_opt_level': 'O1', 'mean_teacher': False, 'mean_teacher_avg': 'exponential', 'mean_teacher_lambda': 1, 'mean_teacher_rampup': 4000, 'mean_teacher_alpha1': 0.99, 'mean_teacher_alpha2': 0.999, 'mt_kd_tau': 1, 'virtual_teacher': False, 'vat_eps': 0.001, 'vat_max_layer': -1, 'vat_opt': 0, 'vat_lambda': 1, 'vat_alpha': 1, 'vat_nosiy': 1e-05, 'use_noisycopy': False, 'noisycopy_eps': 0.01, 'use_advcopy': False, 'advcopy_eps': 0.01, 'vat_stable_eps': 1e-06, 'tasks_dropout_p': [0.1, 0.1, 0.1, 0.1]}
02/15/2023 03:06:23 ####################
02/15/2023 03:06:23 ############# Gradient Accumulation Info #############
02/15/2023 03:06:23 number of step: 5300
02/15/2023 03:06:23 number of grad grad_accumulation step: 1
02/15/2023 03:06:23 adjusted number of step: 5300
02/15/2023 03:06:23 ############# Gradient Accumulation Info #############
02/15/2023 03:06:30 
############# Model Arch of MT-DNN #############
SANBertNetwork(
  (dropout_list): ModuleList(
    (0): DropoutWrapper()
    (1): DropoutWrapper()
    (2): DropoutWrapper()
    (3): DropoutWrapper()
  )
  (bert): BertModel(
    (embeddings): BertEmbeddings(
      (word_embeddings): Embedding(32006, 768)
      (position_embeddings): Embedding(512, 768)
      (token_type_embeddings): Embedding(2, 768)
      (LayerNorm): FusedLayerNorm(torch.Size([768]), eps=1e-12, elementwise_affine=True)
      (dropout): Dropout(p=0.1)
    )
    (encoder): BertEncoder(
      (layer): ModuleList(
        (0): BertLayer(
          (attention): BertAttention(
            (self): BertSelfAttention(
              (query): Linear(in_features=768, out_features=768, bias=True)
              (key): Linear(in_features=768, out_features=768, bias=True)
              (value): Linear(in_features=768, out_features=768, bias=True)
              (dropout): Dropout(p=0.1)
            )
            (output): BertSelfOutput(
              (dense): Linear(in_features=768, out_features=768, bias=True)
              (LayerNorm): FusedLayerNorm(torch.Size([768]), eps=1e-12, elementwise_affine=True)
              (dropout): Dropout(p=0.1)
            )
          )
          (intermediate): BertIntermediate(
            (dense): Linear(in_features=768, out_features=3072, bias=True)
          )
          (output): BertOutput(
            (dense): Linear(in_features=3072, out_features=768, bias=True)
            (LayerNorm): FusedLayerNorm(torch.Size([768]), eps=1e-12, elementwise_affine=True)
            (dropout): Dropout(p=0.1)
          )
        )
        (1): BertLayer(
          (attention): BertAttention(
            (self): BertSelfAttention(
              (query): Linear(in_features=768, out_features=768, bias=True)
              (key): Linear(in_features=768, out_features=768, bias=True)
              (value): Linear(in_features=768, out_features=768, bias=True)
              (dropout): Dropout(p=0.1)
            )
            (output): BertSelfOutput(
              (dense): Linear(in_features=768, out_features=768, bias=True)
              (LayerNorm): FusedLayerNorm(torch.Size([768]), eps=1e-12, elementwise_affine=True)
              (dropout): Dropout(p=0.1)
            )
          )
          (intermediate): BertIntermediate(
            (dense): Linear(in_features=768, out_features=3072, bias=True)
          )
          (output): BertOutput(
            (dense): Linear(in_features=3072, out_features=768, bias=True)
            (LayerNorm): FusedLayerNorm(torch.Size([768]), eps=1e-12, elementwise_affine=True)
            (dropout): Dropout(p=0.1)
          )
        )
        (2): BertLayer(
          (attention): BertAttention(
            (self): BertSelfAttention(
              (query): Linear(in_features=768, out_features=768, bias=True)
              (key): Linear(in_features=768, out_features=768, bias=True)
              (value): Linear(in_features=768, out_features=768, bias=True)
              (dropout): Dropout(p=0.1)
            )
            (output): BertSelfOutput(
              (dense): Linear(in_features=768, out_features=768, bias=True)
              (LayerNorm): FusedLayerNorm(torch.Size([768]), eps=1e-12, elementwise_affine=True)
              (dropout): Dropout(p=0.1)
            )
          )
          (intermediate): BertIntermediate(
            (dense): Linear(in_features=768, out_features=3072, bias=True)
          )
          (output): BertOutput(
            (dense): Linear(in_features=3072, out_features=768, bias=True)
            (LayerNorm): FusedLayerNorm(torch.Size([768]), eps=1e-12, elementwise_affine=True)
            (dropout): Dropout(p=0.1)
          )
        )
        (3): BertLayer(
          (attention): BertAttention(
            (self): BertSelfAttention(
              (query): Linear(in_features=768, out_features=768, bias=True)
              (key): Linear(in_features=768, out_features=768, bias=True)
              (value): Linear(in_features=768, out_features=768, bias=True)
              (dropout): Dropout(p=0.1)
            )
            (output): BertSelfOutput(
              (dense): Linear(in_features=768, out_features=768, bias=True)
              (LayerNorm): FusedLayerNorm(torch.Size([768]), eps=1e-12, elementwise_affine=True)
              (dropout): Dropout(p=0.1)
            )
          )
          (intermediate): BertIntermediate(
            (dense): Linear(in_features=768, out_features=3072, bias=True)
          )
          (output): BertOutput(
            (dense): Linear(in_features=3072, out_features=768, bias=True)
            (LayerNorm): FusedLayerNorm(torch.Size([768]), eps=1e-12, elementwise_affine=True)
            (dropout): Dropout(p=0.1)
          )
        )
        (4): BertLayer(
          (attention): BertAttention(
            (self): BertSelfAttention(
              (query): Linear(in_features=768, out_features=768, bias=True)
              (key): Linear(in_features=768, out_features=768, bias=True)
              (value): Linear(in_features=768, out_features=768, bias=True)
              (dropout): Dropout(p=0.1)
            )
            (output): BertSelfOutput(
              (dense): Linear(in_features=768, out_features=768, bias=True)
              (LayerNorm): FusedLayerNorm(torch.Size([768]), eps=1e-12, elementwise_affine=True)
              (dropout): Dropout(p=0.1)
            )
          )
          (intermediate): BertIntermediate(
            (dense): Linear(in_features=768, out_features=3072, bias=True)
          )
          (output): BertOutput(
            (dense): Linear(in_features=3072, out_features=768, bias=True)
            (LayerNorm): FusedLayerNorm(torch.Size([768]), eps=1e-12, elementwise_affine=True)
            (dropout): Dropout(p=0.1)
          )
        )
        (5): BertLayer(
          (attention): BertAttention(
            (self): BertSelfAttention(
              (query): Linear(in_features=768, out_features=768, bias=True)
              (key): Linear(in_features=768, out_features=768, bias=True)
              (value): Linear(in_features=768, out_features=768, bias=True)
              (dropout): Dropout(p=0.1)
            )
            (output): BertSelfOutput(
              (dense): Linear(in_features=768, out_features=768, bias=True)
              (LayerNorm): FusedLayerNorm(torch.Size([768]), eps=1e-12, elementwise_affine=True)
              (dropout): Dropout(p=0.1)
            )
          )
          (intermediate): BertIntermediate(
            (dense): Linear(in_features=768, out_features=3072, bias=True)
          )
          (output): BertOutput(
            (dense): Linear(in_features=3072, out_features=768, bias=True)
            (LayerNorm): FusedLayerNorm(torch.Size([768]), eps=1e-12, elementwise_affine=True)
            (dropout): Dropout(p=0.1)
          )
        )
        (6): BertLayer(
          (attention): BertAttention(
            (self): BertSelfAttention(
              (query): Linear(in_features=768, out_features=768, bias=True)
              (key): Linear(in_features=768, out_features=768, bias=True)
              (value): Linear(in_features=768, out_features=768, bias=True)
              (dropout): Dropout(p=0.1)
            )
            (output): BertSelfOutput(
              (dense): Linear(in_features=768, out_features=768, bias=True)
              (LayerNorm): FusedLayerNorm(torch.Size([768]), eps=1e-12, elementwise_affine=True)
              (dropout): Dropout(p=0.1)
            )
          )
          (intermediate): BertIntermediate(
            (dense): Linear(in_features=768, out_features=3072, bias=True)
          )
          (output): BertOutput(
            (dense): Linear(in_features=3072, out_features=768, bias=True)
            (LayerNorm): FusedLayerNorm(torch.Size([768]), eps=1e-12, elementwise_affine=True)
            (dropout): Dropout(p=0.1)
          )
        )
        (7): BertLayer(
          (attention): BertAttention(
            (self): BertSelfAttention(
              (query): Linear(in_features=768, out_features=768, bias=True)
              (key): Linear(in_features=768, out_features=768, bias=True)
              (value): Linear(in_features=768, out_features=768, bias=True)
              (dropout): Dropout(p=0.1)
            )
            (output): BertSelfOutput(
              (dense): Linear(in_features=768, out_features=768, bias=True)
              (LayerNorm): FusedLayerNorm(torch.Size([768]), eps=1e-12, elementwise_affine=True)
              (dropout): Dropout(p=0.1)
            )
          )
          (intermediate): BertIntermediate(
            (dense): Linear(in_features=768, out_features=3072, bias=True)
          )
          (output): BertOutput(
            (dense): Linear(in_features=3072, out_features=768, bias=True)
            (LayerNorm): FusedLayerNorm(torch.Size([768]), eps=1e-12, elementwise_affine=True)
            (dropout): Dropout(p=0.1)
          )
        )
        (8): BertLayer(
          (attention): BertAttention(
            (self): BertSelfAttention(
              (query): Linear(in_features=768, out_features=768, bias=True)
              (key): Linear(in_features=768, out_features=768, bias=True)
              (value): Linear(in_features=768, out_features=768, bias=True)
              (dropout): Dropout(p=0.1)
            )
            (output): BertSelfOutput(
              (dense): Linear(in_features=768, out_features=768, bias=True)
              (LayerNorm): FusedLayerNorm(torch.Size([768]), eps=1e-12, elementwise_affine=True)
              (dropout): Dropout(p=0.1)
            )
          )
          (intermediate): BertIntermediate(
            (dense): Linear(in_features=768, out_features=3072, bias=True)
          )
          (output): BertOutput(
            (dense): Linear(in_features=3072, out_features=768, bias=True)
            (LayerNorm): FusedLayerNorm(torch.Size([768]), eps=1e-12, elementwise_affine=True)
            (dropout): Dropout(p=0.1)
          )
        )
        (9): BertLayer(
          (attention): BertAttention(
            (self): BertSelfAttention(
              (query): Linear(in_features=768, out_features=768, bias=True)
              (key): Linear(in_features=768, out_features=768, bias=True)
              (value): Linear(in_features=768, out_features=768, bias=True)
              (dropout): Dropout(p=0.1)
            )
            (output): BertSelfOutput(
              (dense): Linear(in_features=768, out_features=768, bias=True)
              (LayerNorm): FusedLayerNorm(torch.Size([768]), eps=1e-12, elementwise_affine=True)
              (dropout): Dropout(p=0.1)
            )
          )
          (intermediate): BertIntermediate(
            (dense): Linear(in_features=768, out_features=3072, bias=True)
          )
          (output): BertOutput(
            (dense): Linear(in_features=3072, out_features=768, bias=True)
            (LayerNorm): FusedLayerNorm(torch.Size([768]), eps=1e-12, elementwise_affine=True)
            (dropout): Dropout(p=0.1)
          )
        )
        (10): BertLayer(
          (attention): BertAttention(
            (self): BertSelfAttention(
              (query): Linear(in_features=768, out_features=768, bias=True)
              (key): Linear(in_features=768, out_features=768, bias=True)
              (value): Linear(in_features=768, out_features=768, bias=True)
              (dropout): Dropout(p=0.1)
            )
            (output): BertSelfOutput(
              (dense): Linear(in_features=768, out_features=768, bias=True)
              (LayerNorm): FusedLayerNorm(torch.Size([768]), eps=1e-12, elementwise_affine=True)
              (dropout): Dropout(p=0.1)
            )
          )
          (intermediate): BertIntermediate(
            (dense): Linear(in_features=768, out_features=3072, bias=True)
          )
          (output): BertOutput(
            (dense): Linear(in_features=3072, out_features=768, bias=True)
            (LayerNorm): FusedLayerNorm(torch.Size([768]), eps=1e-12, elementwise_affine=True)
            (dropout): Dropout(p=0.1)
          )
        )
        (11): BertLayer(
          (attention): BertAttention(
            (self): BertSelfAttention(
              (query): Linear(in_features=768, out_features=768, bias=True)
              (key): Linear(in_features=768, out_features=768, bias=True)
              (value): Linear(in_features=768, out_features=768, bias=True)
              (dropout): Dropout(p=0.1)
            )
            (output): BertSelfOutput(
              (dense): Linear(in_features=768, out_features=768, bias=True)
              (LayerNorm): FusedLayerNorm(torch.Size([768]), eps=1e-12, elementwise_affine=True)
              (dropout): Dropout(p=0.1)
            )
          )
          (intermediate): BertIntermediate(
            (dense): Linear(in_features=768, out_features=3072, bias=True)
          )
          (output): BertOutput(
            (dense): Linear(in_features=3072, out_features=768, bias=True)
            (LayerNorm): FusedLayerNorm(torch.Size([768]), eps=1e-12, elementwise_affine=True)
            (dropout): Dropout(p=0.1)
          )
        )
      )
    )
    (pooler): BertPooler(
      (dense): Linear(in_features=768, out_features=768, bias=True)
      (activation): Tanh()
    )
  )
  (scoring_list): ModuleList(
    (0): Linear(in_features=768, out_features=4, bias=True)
    (1): Linear(in_features=768, out_features=5, bias=True)
    (2): Linear(in_features=768, out_features=6, bias=True)
    (3): Linear(in_features=768, out_features=4, bias=True)
  )
)

02/15/2023 03:06:30 Total number of params: 110636563
02/15/2023 03:06:30 At epoch 0
02/15/2023 03:06:30 Task [ 3] updates[     1] train loss[1.48966] remaining[0:04:32]
02/15/2023 03:07:50 Task [ 3] updates[   500] train loss[1.20667] remaining[0:00:04]
02/15/2023 03:07:56 Task dvdppf -- epoch 0 -- Dev ACC: 32.168
02/15/2023 03:07:56 Task dvdppf -- epoch 0 -- Dev F1: 12.169
02/15/2023 03:07:56 Task dvdduration -- epoch 0 -- Dev ACC: 37.063
02/15/2023 03:07:56 Task dvdduration -- epoch 0 -- Dev F1: 10.928
02/15/2023 03:07:56 Task dvdorder -- epoch 0 -- Dev ACC: 36.036
02/15/2023 03:07:56 Task dvdorder -- epoch 0 -- Dev F1: 8.830
02/15/2023 03:07:59 Task ppf -- epoch 0 -- Dev ACC: 68.979
02/15/2023 03:07:59 Task ppf -- epoch 0 -- Dev F1: 38.182
02/15/2023 03:07:59 At epoch 1
02/15/2023 03:09:14 Task [ 1] updates[  1000] train loss[1.12772] remaining[0:00:09]
02/15/2023 03:09:24 Task dvdppf -- epoch 1 -- Dev ACC: 41.259
02/15/2023 03:09:24 Task dvdppf -- epoch 1 -- Dev F1: 27.420
02/15/2023 03:09:24 Task dvdduration -- epoch 1 -- Dev ACC: 42.657
02/15/2023 03:09:24 Task dvdduration -- epoch 1 -- Dev F1: 23.781
02/15/2023 03:09:25 Task dvdorder -- epoch 1 -- Dev ACC: 36.036
02/15/2023 03:09:25 Task dvdorder -- epoch 1 -- Dev F1: 8.830
02/15/2023 03:09:27 Task ppf -- epoch 1 -- Dev ACC: 62.673
02/15/2023 03:09:27 Task ppf -- epoch 1 -- Dev F1: 37.421
02/15/2023 03:09:27 At epoch 2
02/15/2023 03:10:37 Task [ 1] updates[  1500] train loss[1.05708] remaining[0:00:14]
02/15/2023 03:10:51 Task dvdppf -- epoch 2 -- Dev ACC: 50.350
02/15/2023 03:10:51 Task dvdppf -- epoch 2 -- Dev F1: 37.509
02/15/2023 03:10:53 Task dvdduration -- epoch 2 -- Dev ACC: 48.951
02/15/2023 03:10:53 Task dvdduration -- epoch 2 -- Dev F1: 30.619
02/15/2023 03:10:53 Task dvdorder -- epoch 2 -- Dev ACC: 36.937
02/15/2023 03:10:53 Task dvdorder -- epoch 2 -- Dev F1: 13.478
02/15/2023 03:10:55 Task ppf -- epoch 2 -- Dev ACC: 53.468
02/15/2023 03:10:55 Task ppf -- epoch 2 -- Dev F1: 35.319
02/15/2023 03:10:55 At epoch 3
02/15/2023 03:12:01 Task [ 2] updates[  2000] train loss[1.00121] remaining[0:00:19]
02/15/2023 03:12:20 Task dvdppf -- epoch 3 -- Dev ACC: 36.364
02/15/2023 03:12:20 Task dvdppf -- epoch 3 -- Dev F1: 25.418
02/15/2023 03:12:21 Task dvdduration -- epoch 3 -- Dev ACC: 45.455
02/15/2023 03:12:21 Task dvdduration -- epoch 3 -- Dev F1: 34.715
02/15/2023 03:12:21 Task dvdorder -- epoch 3 -- Dev ACC: 41.441
02/15/2023 03:12:21 Task dvdorder -- epoch 3 -- Dev F1: 25.335
02/15/2023 03:12:23 Task ppf -- epoch 3 -- Dev ACC: 50.820
02/15/2023 03:12:23 Task ppf -- epoch 3 -- Dev F1: 38.995
02/15/2023 03:12:23 At epoch 4
02/15/2023 03:13:23 Task [ 1] updates[  2500] train loss[0.95353] remaining[0:00:23]
02/15/2023 03:13:48 Task dvdppf -- epoch 4 -- Dev ACC: 39.161
02/15/2023 03:13:48 Task dvdppf -- epoch 4 -- Dev F1: 27.257
02/15/2023 03:13:48 Task dvdduration -- epoch 4 -- Dev ACC: 44.755
02/15/2023 03:13:48 Task dvdduration -- epoch 4 -- Dev F1: 32.679
02/15/2023 03:13:48 Task dvdorder -- epoch 4 -- Dev ACC: 41.441
02/15/2023 03:13:48 Task dvdorder -- epoch 4 -- Dev F1: 23.023
02/15/2023 03:13:50 Task ppf -- epoch 4 -- Dev ACC: 62.169
02/15/2023 03:13:50 Task ppf -- epoch 4 -- Dev F1: 42.555
02/15/2023 03:13:50 At epoch 5
02/15/2023 03:14:46 Task [ 1] updates[  3000] train loss[0.90172] remaining[0:00:28]
02/15/2023 03:15:15 Task dvdppf -- epoch 5 -- Dev ACC: 46.853
02/15/2023 03:15:15 Task dvdppf -- epoch 5 -- Dev F1: 35.104
02/15/2023 03:15:16 Task dvdduration -- epoch 5 -- Dev ACC: 46.154
02/15/2023 03:15:16 Task dvdduration -- epoch 5 -- Dev F1: 34.545
02/15/2023 03:15:16 Task dvdorder -- epoch 5 -- Dev ACC: 37.838
02/15/2023 03:15:16 Task dvdorder -- epoch 5 -- Dev F1: 22.541
02/15/2023 03:15:18 Task ppf -- epoch 5 -- Dev ACC: 61.160
02/15/2023 03:15:18 Task ppf -- epoch 5 -- Dev F1: 40.848
02/15/2023 03:15:18 At epoch 6
02/15/2023 03:16:10 Task [ 3] updates[  3500] train loss[0.85346] remaining[0:00:33]
02/15/2023 03:16:43 Task dvdppf -- epoch 6 -- Dev ACC: 43.357
02/15/2023 03:16:43 Task dvdppf -- epoch 6 -- Dev F1: 31.917
02/15/2023 03:16:44 Task dvdduration -- epoch 6 -- Dev ACC: 46.853
02/15/2023 03:16:44 Task dvdduration -- epoch 6 -- Dev F1: 33.861
02/15/2023 03:16:44 Task dvdorder -- epoch 6 -- Dev ACC: 39.640
02/15/2023 03:16:44 Task dvdorder -- epoch 6 -- Dev F1: 26.402
02/15/2023 03:16:46 Task ppf -- epoch 6 -- Dev ACC: 55.864
02/15/2023 03:16:46 Task ppf -- epoch 6 -- Dev F1: 39.729
02/15/2023 03:16:46 At epoch 7
02/15/2023 03:17:33 Task [ 3] updates[  4000] train loss[0.81353] remaining[0:00:38]
02/15/2023 03:18:11 Task dvdppf -- epoch 7 -- Dev ACC: 42.657
02/15/2023 03:18:11 Task dvdppf -- epoch 7 -- Dev F1: 30.763
02/15/2023 03:18:12 Task dvdduration -- epoch 7 -- Dev ACC: 49.650
02/15/2023 03:18:12 Task dvdduration -- epoch 7 -- Dev F1: 37.974
02/15/2023 03:18:12 Task dvdorder -- epoch 7 -- Dev ACC: 39.640
02/15/2023 03:18:12 Task dvdorder -- epoch 7 -- Dev F1: 28.070
02/15/2023 03:18:14 Task ppf -- epoch 7 -- Dev ACC: 55.738
02/15/2023 03:18:14 Task ppf -- epoch 7 -- Dev F1: 39.110
02/15/2023 03:18:14 At epoch 8
02/15/2023 03:18:56 Task [ 3] updates[  4500] train loss[0.77844] remaining[0:00:43]
02/15/2023 03:19:39 Task dvdppf -- epoch 8 -- Dev ACC: 41.958
02/15/2023 03:19:39 Task dvdppf -- epoch 8 -- Dev F1: 30.880
02/15/2023 03:19:39 Task dvdduration -- epoch 8 -- Dev ACC: 44.755
02/15/2023 03:19:39 Task dvdduration -- epoch 8 -- Dev F1: 33.672
02/15/2023 03:19:40 Task dvdorder -- epoch 8 -- Dev ACC: 39.640
02/15/2023 03:19:40 Task dvdorder -- epoch 8 -- Dev F1: 25.449
02/15/2023 03:19:42 Task ppf -- epoch 8 -- Dev ACC: 56.747
02/15/2023 03:19:42 Task ppf -- epoch 8 -- Dev F1: 40.403
02/15/2023 03:19:42 At epoch 9
02/15/2023 03:20:19 Task [ 3] updates[  5000] train loss[0.74539] remaining[0:00:47]
02/15/2023 03:21:07 Task dvdppf -- epoch 9 -- Dev ACC: 42.657
02/15/2023 03:21:07 Task dvdppf -- epoch 9 -- Dev F1: 31.406
02/15/2023 03:21:08 Task dvdduration -- epoch 9 -- Dev ACC: 45.455
02/15/2023 03:21:08 Task dvdduration -- epoch 9 -- Dev F1: 34.600
02/15/2023 03:21:08 Task dvdorder -- epoch 9 -- Dev ACC: 39.640
02/15/2023 03:21:08 Task dvdorder -- epoch 9 -- Dev F1: 26.254
02/15/2023 03:21:10 Task ppf -- epoch 9 -- Dev ACC: 56.873
02/15/2023 03:21:10 Task ppf -- epoch 9 -- Dev F1: 40.227
