02/20/2023 08:47:37 0
02/20/2023 08:47:37 Launching the MT-DNN training
02/20/2023 08:47:37 Loading ../../../dvd_hanashi/dvd_hanashi_all/1/dvdppf_train.json as task 0
02/20/2023 08:47:37 Loading ../../../dvd_hanashi/dvd_hanashi_all/1/dvdduration_train.json as task 1
02/20/2023 08:47:37 Loading ../../../dvd_hanashi/dvd_hanashi_all/1/dvdorder_train.json as task 2
02/20/2023 08:47:37 Loading ../../../dvd_hanashi/dvd_hanashi_all/1/disc_train.json as task 3
02/20/2023 08:47:37 4,5,6,2
02/20/2023 08:47:37 ####################
02/20/2023 08:47:37 {'log_file': 'checkpoints/dvdall_disc_1_adam_answer_opt0_gc0_ggc1_2023-02-20T0847/log.log', 'tensorboard': False, 'tensorboard_logdir': 'tensorboard_logdir', 'init_checkpoint': '../../../japanese_bert_new_/jap_bert.pt', 'data_dir': '../../../dvd_hanashi/dvd_hanashi_all/1/', 'data_sort_on': False, 'name': 'farmer', 'task_def': '../../../experiments/dvd_hanashi/dvd_hanashi_task_def.yml', 'train_datasets': ['dvdppf', 'dvdduration', 'dvdorder', 'disc'], 'test_datasets': ['dvdppf', 'dvdduration', 'dvdorder', 'disc'], 'update_bert_opt': 0, 'multi_gpu_on': True, 'mem_cum_type': 'simple', 'answer_num_turn': 5, 'answer_mem_drop_p': 0.1, 'answer_att_hidden_size': 128, 'answer_att_type': 'bilinear', 'answer_rnn_type': 'gru', 'answer_sum_att_type': 'bilinear', 'answer_merge_opt': 1, 'answer_mem_type': 1, 'answer_dropout_p': 0.1, 'answer_weight_norm_on': False, 'dump_state_on': False, 'answer_opt': [0, 0, 0, 0], 'label_size': '4,5,6,2', 'mtl_opt': 0, 'ratio': 0, 'mix_opt': 0, 'max_seq_len': 512, 'init_ratio': 1, 'encoder_type': <EncoderModelType.BERT: 1>, 'cuda': True, 'log_per_updates': 500, 'save_per_updates': 10000, 'save_per_updates_on': False, 'epochs': 10, 'batch_size': 16, 'batch_size_eval': 8, 'optimizer': 'adam', 'grad_clipping': 0.0, 'global_grad_clipping': 1.0, 'weight_decay': 0, 'learning_rate': 1e-05, 'momentum': 0, 'warmup': 0.1, 'warmup_schedule': 'warmup_linear', 'adam_eps': 1e-06, 'vb_dropout': True, 'dropout_p': 0.1, 'dropout_w': 0.0, 'bert_dropout_p': 0.1, 'model_ckpt': 'checkpoints/model_0.pt', 'resume': False, 'ema_opt': 0, 'ema_gamma': 0.995, 'lookahead': False, 'lookahead_k': 5, 'lookahead_alpha': 0.5, 'have_lr_scheduler': True, 'multi_step_lr': '10,20,30', 'freeze_layers': -1, 'embedding_opt': 0, 'lr_gamma': 0.5, 'bert_l2norm': 0.0, 'scheduler_type': 'ms', 'output_dir': 'checkpoints/dvdall_disc_1_adam_answer_opt0_gc0_ggc1_2023-02-20T0847', 'seed': 2018, 'grad_accumulation_step': 1, 'fp16': False, 'fp16_opt_level': 'O1', 'mean_teacher': False, 'mean_teacher_avg': 'exponential', 'mean_teacher_lambda': 1, 'mean_teacher_rampup': 4000, 'mean_teacher_alpha1': 0.99, 'mean_teacher_alpha2': 0.999, 'mt_kd_tau': 1, 'virtual_teacher': False, 'vat_eps': 0.001, 'vat_max_layer': -1, 'vat_opt': 0, 'vat_lambda': 1, 'vat_alpha': 1, 'vat_nosiy': 1e-05, 'use_noisycopy': False, 'noisycopy_eps': 0.01, 'use_advcopy': False, 'advcopy_eps': 0.01, 'vat_stable_eps': 1e-06, 'tasks_dropout_p': [0.1, 0.1, 0.1, 0.1]}
02/20/2023 08:47:37 ####################
02/20/2023 08:47:37 ############# Gradient Accumulation Info #############
02/20/2023 08:47:37 number of step: 6170
02/20/2023 08:47:37 number of grad grad_accumulation step: 1
02/20/2023 08:47:37 adjusted number of step: 6170
02/20/2023 08:47:37 ############# Gradient Accumulation Info #############
02/20/2023 08:47:45 
############# Model Arch of MT-DNN #############
SANBertNetwork(
  (dropout_list): ModuleList(
    (0): DropoutWrapper()
    (1): DropoutWrapper()
    (2): DropoutWrapper()
    (3): DropoutWrapper()
  )
  (bert): BertModel(
    (embeddings): BertEmbeddings(
      (word_embeddings): Embedding(32006, 768)
      (position_embeddings): Embedding(512, 768)
      (token_type_embeddings): Embedding(2, 768)
      (LayerNorm): FusedLayerNorm(torch.Size([768]), eps=1e-12, elementwise_affine=True)
      (dropout): Dropout(p=0.1)
    )
    (encoder): BertEncoder(
      (layer): ModuleList(
        (0): BertLayer(
          (attention): BertAttention(
            (self): BertSelfAttention(
              (query): Linear(in_features=768, out_features=768, bias=True)
              (key): Linear(in_features=768, out_features=768, bias=True)
              (value): Linear(in_features=768, out_features=768, bias=True)
              (dropout): Dropout(p=0.1)
            )
            (output): BertSelfOutput(
              (dense): Linear(in_features=768, out_features=768, bias=True)
              (LayerNorm): FusedLayerNorm(torch.Size([768]), eps=1e-12, elementwise_affine=True)
              (dropout): Dropout(p=0.1)
            )
          )
          (intermediate): BertIntermediate(
            (dense): Linear(in_features=768, out_features=3072, bias=True)
          )
          (output): BertOutput(
            (dense): Linear(in_features=3072, out_features=768, bias=True)
            (LayerNorm): FusedLayerNorm(torch.Size([768]), eps=1e-12, elementwise_affine=True)
            (dropout): Dropout(p=0.1)
          )
        )
        (1): BertLayer(
          (attention): BertAttention(
            (self): BertSelfAttention(
              (query): Linear(in_features=768, out_features=768, bias=True)
              (key): Linear(in_features=768, out_features=768, bias=True)
              (value): Linear(in_features=768, out_features=768, bias=True)
              (dropout): Dropout(p=0.1)
            )
            (output): BertSelfOutput(
              (dense): Linear(in_features=768, out_features=768, bias=True)
              (LayerNorm): FusedLayerNorm(torch.Size([768]), eps=1e-12, elementwise_affine=True)
              (dropout): Dropout(p=0.1)
            )
          )
          (intermediate): BertIntermediate(
            (dense): Linear(in_features=768, out_features=3072, bias=True)
          )
          (output): BertOutput(
            (dense): Linear(in_features=3072, out_features=768, bias=True)
            (LayerNorm): FusedLayerNorm(torch.Size([768]), eps=1e-12, elementwise_affine=True)
            (dropout): Dropout(p=0.1)
          )
        )
        (2): BertLayer(
          (attention): BertAttention(
            (self): BertSelfAttention(
              (query): Linear(in_features=768, out_features=768, bias=True)
              (key): Linear(in_features=768, out_features=768, bias=True)
              (value): Linear(in_features=768, out_features=768, bias=True)
              (dropout): Dropout(p=0.1)
            )
            (output): BertSelfOutput(
              (dense): Linear(in_features=768, out_features=768, bias=True)
              (LayerNorm): FusedLayerNorm(torch.Size([768]), eps=1e-12, elementwise_affine=True)
              (dropout): Dropout(p=0.1)
            )
          )
          (intermediate): BertIntermediate(
            (dense): Linear(in_features=768, out_features=3072, bias=True)
          )
          (output): BertOutput(
            (dense): Linear(in_features=3072, out_features=768, bias=True)
            (LayerNorm): FusedLayerNorm(torch.Size([768]), eps=1e-12, elementwise_affine=True)
            (dropout): Dropout(p=0.1)
          )
        )
        (3): BertLayer(
          (attention): BertAttention(
            (self): BertSelfAttention(
              (query): Linear(in_features=768, out_features=768, bias=True)
              (key): Linear(in_features=768, out_features=768, bias=True)
              (value): Linear(in_features=768, out_features=768, bias=True)
              (dropout): Dropout(p=0.1)
            )
            (output): BertSelfOutput(
              (dense): Linear(in_features=768, out_features=768, bias=True)
              (LayerNorm): FusedLayerNorm(torch.Size([768]), eps=1e-12, elementwise_affine=True)
              (dropout): Dropout(p=0.1)
            )
          )
          (intermediate): BertIntermediate(
            (dense): Linear(in_features=768, out_features=3072, bias=True)
          )
          (output): BertOutput(
            (dense): Linear(in_features=3072, out_features=768, bias=True)
            (LayerNorm): FusedLayerNorm(torch.Size([768]), eps=1e-12, elementwise_affine=True)
            (dropout): Dropout(p=0.1)
          )
        )
        (4): BertLayer(
          (attention): BertAttention(
            (self): BertSelfAttention(
              (query): Linear(in_features=768, out_features=768, bias=True)
              (key): Linear(in_features=768, out_features=768, bias=True)
              (value): Linear(in_features=768, out_features=768, bias=True)
              (dropout): Dropout(p=0.1)
            )
            (output): BertSelfOutput(
              (dense): Linear(in_features=768, out_features=768, bias=True)
              (LayerNorm): FusedLayerNorm(torch.Size([768]), eps=1e-12, elementwise_affine=True)
              (dropout): Dropout(p=0.1)
            )
          )
          (intermediate): BertIntermediate(
            (dense): Linear(in_features=768, out_features=3072, bias=True)
          )
          (output): BertOutput(
            (dense): Linear(in_features=3072, out_features=768, bias=True)
            (LayerNorm): FusedLayerNorm(torch.Size([768]), eps=1e-12, elementwise_affine=True)
            (dropout): Dropout(p=0.1)
          )
        )
        (5): BertLayer(
          (attention): BertAttention(
            (self): BertSelfAttention(
              (query): Linear(in_features=768, out_features=768, bias=True)
              (key): Linear(in_features=768, out_features=768, bias=True)
              (value): Linear(in_features=768, out_features=768, bias=True)
              (dropout): Dropout(p=0.1)
            )
            (output): BertSelfOutput(
              (dense): Linear(in_features=768, out_features=768, bias=True)
              (LayerNorm): FusedLayerNorm(torch.Size([768]), eps=1e-12, elementwise_affine=True)
              (dropout): Dropout(p=0.1)
            )
          )
          (intermediate): BertIntermediate(
            (dense): Linear(in_features=768, out_features=3072, bias=True)
          )
          (output): BertOutput(
            (dense): Linear(in_features=3072, out_features=768, bias=True)
            (LayerNorm): FusedLayerNorm(torch.Size([768]), eps=1e-12, elementwise_affine=True)
            (dropout): Dropout(p=0.1)
          )
        )
        (6): BertLayer(
          (attention): BertAttention(
            (self): BertSelfAttention(
              (query): Linear(in_features=768, out_features=768, bias=True)
              (key): Linear(in_features=768, out_features=768, bias=True)
              (value): Linear(in_features=768, out_features=768, bias=True)
              (dropout): Dropout(p=0.1)
            )
            (output): BertSelfOutput(
              (dense): Linear(in_features=768, out_features=768, bias=True)
              (LayerNorm): FusedLayerNorm(torch.Size([768]), eps=1e-12, elementwise_affine=True)
              (dropout): Dropout(p=0.1)
            )
          )
          (intermediate): BertIntermediate(
            (dense): Linear(in_features=768, out_features=3072, bias=True)
          )
          (output): BertOutput(
            (dense): Linear(in_features=3072, out_features=768, bias=True)
            (LayerNorm): FusedLayerNorm(torch.Size([768]), eps=1e-12, elementwise_affine=True)
            (dropout): Dropout(p=0.1)
          )
        )
        (7): BertLayer(
          (attention): BertAttention(
            (self): BertSelfAttention(
              (query): Linear(in_features=768, out_features=768, bias=True)
              (key): Linear(in_features=768, out_features=768, bias=True)
              (value): Linear(in_features=768, out_features=768, bias=True)
              (dropout): Dropout(p=0.1)
            )
            (output): BertSelfOutput(
              (dense): Linear(in_features=768, out_features=768, bias=True)
              (LayerNorm): FusedLayerNorm(torch.Size([768]), eps=1e-12, elementwise_affine=True)
              (dropout): Dropout(p=0.1)
            )
          )
          (intermediate): BertIntermediate(
            (dense): Linear(in_features=768, out_features=3072, bias=True)
          )
          (output): BertOutput(
            (dense): Linear(in_features=3072, out_features=768, bias=True)
            (LayerNorm): FusedLayerNorm(torch.Size([768]), eps=1e-12, elementwise_affine=True)
            (dropout): Dropout(p=0.1)
          )
        )
        (8): BertLayer(
          (attention): BertAttention(
            (self): BertSelfAttention(
              (query): Linear(in_features=768, out_features=768, bias=True)
              (key): Linear(in_features=768, out_features=768, bias=True)
              (value): Linear(in_features=768, out_features=768, bias=True)
              (dropout): Dropout(p=0.1)
            )
            (output): BertSelfOutput(
              (dense): Linear(in_features=768, out_features=768, bias=True)
              (LayerNorm): FusedLayerNorm(torch.Size([768]), eps=1e-12, elementwise_affine=True)
              (dropout): Dropout(p=0.1)
            )
          )
          (intermediate): BertIntermediate(
            (dense): Linear(in_features=768, out_features=3072, bias=True)
          )
          (output): BertOutput(
            (dense): Linear(in_features=3072, out_features=768, bias=True)
            (LayerNorm): FusedLayerNorm(torch.Size([768]), eps=1e-12, elementwise_affine=True)
            (dropout): Dropout(p=0.1)
          )
        )
        (9): BertLayer(
          (attention): BertAttention(
            (self): BertSelfAttention(
              (query): Linear(in_features=768, out_features=768, bias=True)
              (key): Linear(in_features=768, out_features=768, bias=True)
              (value): Linear(in_features=768, out_features=768, bias=True)
              (dropout): Dropout(p=0.1)
            )
            (output): BertSelfOutput(
              (dense): Linear(in_features=768, out_features=768, bias=True)
              (LayerNorm): FusedLayerNorm(torch.Size([768]), eps=1e-12, elementwise_affine=True)
              (dropout): Dropout(p=0.1)
            )
          )
          (intermediate): BertIntermediate(
            (dense): Linear(in_features=768, out_features=3072, bias=True)
          )
          (output): BertOutput(
            (dense): Linear(in_features=3072, out_features=768, bias=True)
            (LayerNorm): FusedLayerNorm(torch.Size([768]), eps=1e-12, elementwise_affine=True)
            (dropout): Dropout(p=0.1)
          )
        )
        (10): BertLayer(
          (attention): BertAttention(
            (self): BertSelfAttention(
              (query): Linear(in_features=768, out_features=768, bias=True)
              (key): Linear(in_features=768, out_features=768, bias=True)
              (value): Linear(in_features=768, out_features=768, bias=True)
              (dropout): Dropout(p=0.1)
            )
            (output): BertSelfOutput(
              (dense): Linear(in_features=768, out_features=768, bias=True)
              (LayerNorm): FusedLayerNorm(torch.Size([768]), eps=1e-12, elementwise_affine=True)
              (dropout): Dropout(p=0.1)
            )
          )
          (intermediate): BertIntermediate(
            (dense): Linear(in_features=768, out_features=3072, bias=True)
          )
          (output): BertOutput(
            (dense): Linear(in_features=3072, out_features=768, bias=True)
            (LayerNorm): FusedLayerNorm(torch.Size([768]), eps=1e-12, elementwise_affine=True)
            (dropout): Dropout(p=0.1)
          )
        )
        (11): BertLayer(
          (attention): BertAttention(
            (self): BertSelfAttention(
              (query): Linear(in_features=768, out_features=768, bias=True)
              (key): Linear(in_features=768, out_features=768, bias=True)
              (value): Linear(in_features=768, out_features=768, bias=True)
              (dropout): Dropout(p=0.1)
            )
            (output): BertSelfOutput(
              (dense): Linear(in_features=768, out_features=768, bias=True)
              (LayerNorm): FusedLayerNorm(torch.Size([768]), eps=1e-12, elementwise_affine=True)
              (dropout): Dropout(p=0.1)
            )
          )
          (intermediate): BertIntermediate(
            (dense): Linear(in_features=768, out_features=3072, bias=True)
          )
          (output): BertOutput(
            (dense): Linear(in_features=3072, out_features=768, bias=True)
            (LayerNorm): FusedLayerNorm(torch.Size([768]), eps=1e-12, elementwise_affine=True)
            (dropout): Dropout(p=0.1)
          )
        )
      )
    )
    (pooler): BertPooler(
      (dense): Linear(in_features=768, out_features=768, bias=True)
      (activation): Tanh()
    )
  )
  (scoring_list): ModuleList(
    (0): Linear(in_features=768, out_features=4, bias=True)
    (1): Linear(in_features=768, out_features=5, bias=True)
    (2): Linear(in_features=768, out_features=6, bias=True)
    (3): Linear(in_features=768, out_features=2, bias=True)
  )
)

02/20/2023 08:47:45 Total number of params: 110635025
02/20/2023 08:47:45 At epoch 0
02/20/2023 08:47:45 Task [ 3] updates[     1] train loss[0.59573] remaining[0:06:32]
02/20/2023 08:49:40 Task [ 0] updates[   500] train loss[0.77319] remaining[0:00:27]
02/20/2023 08:50:08 Task dvdppf -- epoch 0 -- Dev ACC: 40.664
02/20/2023 08:50:08 Task dvdppf -- epoch 0 -- Dev F1: 27.618
02/20/2023 08:50:09 Task dvdduration -- epoch 0 -- Dev ACC: 44.813
02/20/2023 08:50:09 Task dvdduration -- epoch 0 -- Dev F1: 12.378
02/20/2023 08:50:10 Task dvdorder -- epoch 0 -- Dev ACC: 40.609
02/20/2023 08:50:10 Task dvdorder -- epoch 0 -- Dev F1: 9.627
02/20/2023 08:50:13 Task disc -- epoch 0 -- Dev ACC: 97.446
02/20/2023 08:50:13 Task disc -- epoch 0 -- Dev F1: 96.219
02/20/2023 08:50:13 At epoch 1
02/20/2023 08:51:42 Task [ 3] updates[  1000] train loss[0.72701] remaining[0:00:54]
02/20/2023 08:52:35 Task dvdppf -- epoch 1 -- Dev ACC: 46.888
02/20/2023 08:52:35 Task dvdppf -- epoch 1 -- Dev F1: 29.770
02/20/2023 08:52:36 Task dvdduration -- epoch 1 -- Dev ACC: 46.473
02/20/2023 08:52:36 Task dvdduration -- epoch 1 -- Dev F1: 16.584
02/20/2023 08:52:37 Task dvdorder -- epoch 1 -- Dev ACC: 41.117
02/20/2023 08:52:37 Task dvdorder -- epoch 1 -- Dev F1: 9.712
02/20/2023 08:52:40 Task disc -- epoch 1 -- Dev ACC: 97.351
02/20/2023 08:52:40 Task disc -- epoch 1 -- Dev F1: 96.181
02/20/2023 08:52:41 At epoch 2
02/20/2023 08:53:42 Task [ 1] updates[  1500] train loss[0.69889] remaining[0:01:21]
02/20/2023 08:55:03 Task dvdppf -- epoch 2 -- Dev ACC: 40.664
02/20/2023 08:55:03 Task dvdppf -- epoch 2 -- Dev F1: 29.651
02/20/2023 08:55:04 Task dvdduration -- epoch 2 -- Dev ACC: 50.207
02/20/2023 08:55:04 Task dvdduration -- epoch 2 -- Dev F1: 25.225
02/20/2023 08:55:04 Task dvdorder -- epoch 2 -- Dev ACC: 39.594
02/20/2023 08:55:04 Task dvdorder -- epoch 2 -- Dev F1: 13.309
02/20/2023 08:55:08 Task disc -- epoch 2 -- Dev ACC: 96.878
02/20/2023 08:55:08 Task disc -- epoch 2 -- Dev F1: 95.546
02/20/2023 08:55:08 At epoch 3
02/20/2023 08:55:43 Task [ 3] updates[  2000] train loss[0.67232] remaining[0:01:47]
02/20/2023 08:57:30 Task dvdppf -- epoch 3 -- Dev ACC: 45.228
02/20/2023 08:57:30 Task dvdppf -- epoch 3 -- Dev F1: 33.943
02/20/2023 08:57:31 Task dvdduration -- epoch 3 -- Dev ACC: 47.718
02/20/2023 08:57:31 Task dvdduration -- epoch 3 -- Dev F1: 26.850
02/20/2023 08:57:32 Task dvdorder -- epoch 3 -- Dev ACC: 40.609
02/20/2023 08:57:32 Task dvdorder -- epoch 3 -- Dev F1: 18.181
02/20/2023 08:57:36 Task disc -- epoch 3 -- Dev ACC: 96.783
02/20/2023 08:57:36 Task disc -- epoch 3 -- Dev F1: 95.404
02/20/2023 08:57:36 At epoch 4
02/20/2023 08:57:43 Task [ 1] updates[  2500] train loss[0.65414] remaining[0:02:07]
02/20/2023 08:59:37 Task [ 2] updates[  3000] train loss[0.63039] remaining[0:00:19]
02/20/2023 08:59:58 Task dvdppf -- epoch 4 -- Dev ACC: 46.058
02/20/2023 08:59:58 Task dvdppf -- epoch 4 -- Dev F1: 34.073
02/20/2023 08:59:59 Task dvdduration -- epoch 4 -- Dev ACC: 50.207
02/20/2023 08:59:59 Task dvdduration -- epoch 4 -- Dev F1: 27.939
02/20/2023 08:59:59 Task dvdorder -- epoch 4 -- Dev ACC: 41.117
02/20/2023 08:59:59 Task dvdorder -- epoch 4 -- Dev F1: 17.714
02/20/2023 09:00:03 Task disc -- epoch 4 -- Dev ACC: 95.459
02/20/2023 09:00:03 Task disc -- epoch 4 -- Dev F1: 93.713
02/20/2023 09:00:03 At epoch 5
02/20/2023 09:01:37 Task [ 2] updates[  3500] train loss[0.60689] remaining[0:00:45]
02/20/2023 09:02:24 Task dvdppf -- epoch 5 -- Dev ACC: 46.473
02/20/2023 09:02:24 Task dvdppf -- epoch 5 -- Dev F1: 34.435
02/20/2023 09:02:25 Task dvdduration -- epoch 5 -- Dev ACC: 46.473
02/20/2023 09:02:25 Task dvdduration -- epoch 5 -- Dev F1: 31.355
02/20/2023 09:02:26 Task dvdorder -- epoch 5 -- Dev ACC: 35.533
02/20/2023 09:02:26 Task dvdorder -- epoch 5 -- Dev F1: 18.403
02/20/2023 09:02:30 Task disc -- epoch 5 -- Dev ACC: 96.783
02/20/2023 09:02:30 Task disc -- epoch 5 -- Dev F1: 95.404
02/20/2023 09:02:30 At epoch 6
02/20/2023 09:03:37 Task [ 1] updates[  4000] train loss[0.58805] remaining[0:01:11]
02/20/2023 09:04:51 Task dvdppf -- epoch 6 -- Dev ACC: 44.813
02/20/2023 09:04:51 Task dvdppf -- epoch 6 -- Dev F1: 33.331
02/20/2023 09:04:55 Task dvdduration -- epoch 6 -- Dev ACC: 46.473
02/20/2023 09:04:55 Task dvdduration -- epoch 6 -- Dev F1: 29.894
02/20/2023 09:04:56 Task dvdorder -- epoch 6 -- Dev ACC: 36.548
02/20/2023 09:04:56 Task dvdorder -- epoch 6 -- Dev F1: 20.987
02/20/2023 09:05:00 Task disc -- epoch 6 -- Dev ACC: 96.405
02/20/2023 09:05:00 Task disc -- epoch 6 -- Dev F1: 94.938
02/20/2023 09:05:00 At epoch 7
02/20/2023 09:05:41 Task [ 3] updates[  4500] train loss[0.56790] remaining[0:01:39]
02/20/2023 09:07:21 Task dvdppf -- epoch 7 -- Dev ACC: 44.398
02/20/2023 09:07:21 Task dvdppf -- epoch 7 -- Dev F1: 33.429
02/20/2023 09:07:22 Task dvdduration -- epoch 7 -- Dev ACC: 45.643
02/20/2023 09:07:22 Task dvdduration -- epoch 7 -- Dev F1: 31.687
02/20/2023 09:07:23 Task dvdorder -- epoch 7 -- Dev ACC: 33.503
02/20/2023 09:07:23 Task dvdorder -- epoch 7 -- Dev F1: 21.296
02/20/2023 09:07:28 Task disc -- epoch 7 -- Dev ACC: 96.783
02/20/2023 09:07:28 Task disc -- epoch 7 -- Dev F1: 95.418
02/20/2023 09:07:28 At epoch 8
02/20/2023 09:07:42 Task [ 3] updates[  5000] train loss[0.54858] remaining[0:02:05]
02/20/2023 09:09:37 Task [ 3] updates[  5500] train loss[0.53166] remaining[0:00:12]
02/20/2023 09:09:50 Task dvdppf -- epoch 8 -- Dev ACC: 41.494
02/20/2023 09:09:50 Task dvdppf -- epoch 8 -- Dev F1: 31.332
02/20/2023 09:09:51 Task dvdduration -- epoch 8 -- Dev ACC: 42.739
02/20/2023 09:09:51 Task dvdduration -- epoch 8 -- Dev F1: 30.066
02/20/2023 09:09:52 Task dvdorder -- epoch 8 -- Dev ACC: 35.025
02/20/2023 09:09:52 Task dvdorder -- epoch 8 -- Dev F1: 21.765
02/20/2023 09:09:55 Task disc -- epoch 8 -- Dev ACC: 96.689
02/20/2023 09:09:55 Task disc -- epoch 8 -- Dev F1: 95.304
02/20/2023 09:09:55 At epoch 9
02/20/2023 09:11:37 Task [ 3] updates[  6000] train loss[0.51638] remaining[0:00:38]
02/20/2023 09:12:16 Task dvdppf -- epoch 9 -- Dev ACC: 43.154
02/20/2023 09:12:16 Task dvdppf -- epoch 9 -- Dev F1: 32.623
02/20/2023 09:12:17 Task dvdduration -- epoch 9 -- Dev ACC: 43.983
02/20/2023 09:12:17 Task dvdduration -- epoch 9 -- Dev F1: 30.989
02/20/2023 09:12:18 Task dvdorder -- epoch 9 -- Dev ACC: 34.518
02/20/2023 09:12:18 Task dvdorder -- epoch 9 -- Dev F1: 20.539
02/20/2023 09:12:22 Task disc -- epoch 9 -- Dev ACC: 96.878
02/20/2023 09:12:22 Task disc -- epoch 9 -- Dev F1: 95.559
