02/16/2023 02:51:42 0
02/16/2023 02:51:42 Launching the MT-DNN training
02/16/2023 02:51:42 Loading ../../../dvd_hanashi/dvd_hanashi_all/1/ppf_train.json as task 0
02/16/2023 02:51:42 Loading ../../../dvd_hanashi/dvd_hanashi_all/1/dvdduration_train.json as task 1
02/16/2023 02:51:42 Loading ../../../dvd_hanashi/dvd_hanashi_all/1/genjitsukasou_train.json as task 2
02/16/2023 02:51:43 4,5,2
02/16/2023 02:51:43 ####################
02/16/2023 02:51:43 {'log_file': 'checkpoints/hanashi_all_1_adam_answer_opt0_gc0_ggc1_2023-02-16T0251/log.log', 'tensorboard': False, 'tensorboard_logdir': 'tensorboard_logdir', 'init_checkpoint': '../../../japanese_bert_new_/jap_bert.pt', 'data_dir': '../../../dvd_hanashi/dvd_hanashi_all/1/', 'data_sort_on': False, 'name': 'farmer', 'task_def': '../../../experiments/dvd_hanashi/dvd_hanashi_task_def.yml', 'train_datasets': ['ppf', 'dvdduration', 'genjitsukasou'], 'test_datasets': ['ppf', 'dvdduration', 'genjitsukasou'], 'update_bert_opt': 0, 'multi_gpu_on': True, 'mem_cum_type': 'simple', 'answer_num_turn': 5, 'answer_mem_drop_p': 0.1, 'answer_att_hidden_size': 128, 'answer_att_type': 'bilinear', 'answer_rnn_type': 'gru', 'answer_sum_att_type': 'bilinear', 'answer_merge_opt': 1, 'answer_mem_type': 1, 'answer_dropout_p': 0.1, 'answer_weight_norm_on': False, 'dump_state_on': False, 'answer_opt': [0, 0, 0], 'label_size': '4,5,2', 'mtl_opt': 0, 'ratio': 0, 'mix_opt': 0, 'max_seq_len': 512, 'init_ratio': 1, 'encoder_type': <EncoderModelType.BERT: 1>, 'cuda': True, 'log_per_updates': 500, 'save_per_updates': 10000, 'save_per_updates_on': False, 'epochs': 10, 'batch_size': 16, 'batch_size_eval': 8, 'optimizer': 'adam', 'grad_clipping': 0.0, 'global_grad_clipping': 1.0, 'weight_decay': 0, 'learning_rate': 1e-05, 'momentum': 0, 'warmup': 0.1, 'warmup_schedule': 'warmup_linear', 'adam_eps': 1e-06, 'vb_dropout': True, 'dropout_p': 0.1, 'dropout_w': 0.0, 'bert_dropout_p': 0.1, 'model_ckpt': 'checkpoints/model_0.pt', 'resume': False, 'ema_opt': 0, 'ema_gamma': 0.995, 'lookahead': False, 'lookahead_k': 5, 'lookahead_alpha': 0.5, 'have_lr_scheduler': True, 'multi_step_lr': '10,20,30', 'freeze_layers': -1, 'embedding_opt': 0, 'lr_gamma': 0.5, 'bert_l2norm': 0.0, 'scheduler_type': 'ms', 'output_dir': 'checkpoints/hanashi_all_1_adam_answer_opt0_gc0_ggc1_2023-02-16T0251', 'seed': 2018, 'grad_accumulation_step': 1, 'fp16': False, 'fp16_opt_level': 'O1', 'mean_teacher': False, 'mean_teacher_avg': 'exponential', 'mean_teacher_lambda': 1, 'mean_teacher_rampup': 4000, 'mean_teacher_alpha1': 0.99, 'mean_teacher_alpha2': 0.999, 'mt_kd_tau': 1, 'virtual_teacher': False, 'vat_eps': 0.001, 'vat_max_layer': -1, 'vat_opt': 0, 'vat_lambda': 1, 'vat_alpha': 1, 'vat_nosiy': 1e-05, 'use_noisycopy': False, 'noisycopy_eps': 0.01, 'use_advcopy': False, 'advcopy_eps': 0.01, 'vat_stable_eps': 1e-06, 'tasks_dropout_p': [0.1, 0.1, 0.1]}
02/16/2023 02:51:43 ####################
02/16/2023 02:51:43 ############# Gradient Accumulation Info #############
02/16/2023 02:51:43 number of step: 5370
02/16/2023 02:51:43 number of grad grad_accumulation step: 1
02/16/2023 02:51:43 adjusted number of step: 5370
02/16/2023 02:51:43 ############# Gradient Accumulation Info #############
02/16/2023 02:51:51 
############# Model Arch of MT-DNN #############
SANBertNetwork(
  (dropout_list): ModuleList(
    (0): DropoutWrapper()
    (1): DropoutWrapper()
    (2): DropoutWrapper()
  )
  (bert): BertModel(
    (embeddings): BertEmbeddings(
      (word_embeddings): Embedding(32006, 768)
      (position_embeddings): Embedding(512, 768)
      (token_type_embeddings): Embedding(2, 768)
      (LayerNorm): FusedLayerNorm(torch.Size([768]), eps=1e-12, elementwise_affine=True)
      (dropout): Dropout(p=0.1)
    )
    (encoder): BertEncoder(
      (layer): ModuleList(
        (0): BertLayer(
          (attention): BertAttention(
            (self): BertSelfAttention(
              (query): Linear(in_features=768, out_features=768, bias=True)
              (key): Linear(in_features=768, out_features=768, bias=True)
              (value): Linear(in_features=768, out_features=768, bias=True)
              (dropout): Dropout(p=0.1)
            )
            (output): BertSelfOutput(
              (dense): Linear(in_features=768, out_features=768, bias=True)
              (LayerNorm): FusedLayerNorm(torch.Size([768]), eps=1e-12, elementwise_affine=True)
              (dropout): Dropout(p=0.1)
            )
          )
          (intermediate): BertIntermediate(
            (dense): Linear(in_features=768, out_features=3072, bias=True)
          )
          (output): BertOutput(
            (dense): Linear(in_features=3072, out_features=768, bias=True)
            (LayerNorm): FusedLayerNorm(torch.Size([768]), eps=1e-12, elementwise_affine=True)
            (dropout): Dropout(p=0.1)
          )
        )
        (1): BertLayer(
          (attention): BertAttention(
            (self): BertSelfAttention(
              (query): Linear(in_features=768, out_features=768, bias=True)
              (key): Linear(in_features=768, out_features=768, bias=True)
              (value): Linear(in_features=768, out_features=768, bias=True)
              (dropout): Dropout(p=0.1)
            )
            (output): BertSelfOutput(
              (dense): Linear(in_features=768, out_features=768, bias=True)
              (LayerNorm): FusedLayerNorm(torch.Size([768]), eps=1e-12, elementwise_affine=True)
              (dropout): Dropout(p=0.1)
            )
          )
          (intermediate): BertIntermediate(
            (dense): Linear(in_features=768, out_features=3072, bias=True)
          )
          (output): BertOutput(
            (dense): Linear(in_features=3072, out_features=768, bias=True)
            (LayerNorm): FusedLayerNorm(torch.Size([768]), eps=1e-12, elementwise_affine=True)
            (dropout): Dropout(p=0.1)
          )
        )
        (2): BertLayer(
          (attention): BertAttention(
            (self): BertSelfAttention(
              (query): Linear(in_features=768, out_features=768, bias=True)
              (key): Linear(in_features=768, out_features=768, bias=True)
              (value): Linear(in_features=768, out_features=768, bias=True)
              (dropout): Dropout(p=0.1)
            )
            (output): BertSelfOutput(
              (dense): Linear(in_features=768, out_features=768, bias=True)
              (LayerNorm): FusedLayerNorm(torch.Size([768]), eps=1e-12, elementwise_affine=True)
              (dropout): Dropout(p=0.1)
            )
          )
          (intermediate): BertIntermediate(
            (dense): Linear(in_features=768, out_features=3072, bias=True)
          )
          (output): BertOutput(
            (dense): Linear(in_features=3072, out_features=768, bias=True)
            (LayerNorm): FusedLayerNorm(torch.Size([768]), eps=1e-12, elementwise_affine=True)
            (dropout): Dropout(p=0.1)
          )
        )
        (3): BertLayer(
          (attention): BertAttention(
            (self): BertSelfAttention(
              (query): Linear(in_features=768, out_features=768, bias=True)
              (key): Linear(in_features=768, out_features=768, bias=True)
              (value): Linear(in_features=768, out_features=768, bias=True)
              (dropout): Dropout(p=0.1)
            )
            (output): BertSelfOutput(
              (dense): Linear(in_features=768, out_features=768, bias=True)
              (LayerNorm): FusedLayerNorm(torch.Size([768]), eps=1e-12, elementwise_affine=True)
              (dropout): Dropout(p=0.1)
            )
          )
          (intermediate): BertIntermediate(
            (dense): Linear(in_features=768, out_features=3072, bias=True)
          )
          (output): BertOutput(
            (dense): Linear(in_features=3072, out_features=768, bias=True)
            (LayerNorm): FusedLayerNorm(torch.Size([768]), eps=1e-12, elementwise_affine=True)
            (dropout): Dropout(p=0.1)
          )
        )
        (4): BertLayer(
          (attention): BertAttention(
            (self): BertSelfAttention(
              (query): Linear(in_features=768, out_features=768, bias=True)
              (key): Linear(in_features=768, out_features=768, bias=True)
              (value): Linear(in_features=768, out_features=768, bias=True)
              (dropout): Dropout(p=0.1)
            )
            (output): BertSelfOutput(
              (dense): Linear(in_features=768, out_features=768, bias=True)
              (LayerNorm): FusedLayerNorm(torch.Size([768]), eps=1e-12, elementwise_affine=True)
              (dropout): Dropout(p=0.1)
            )
          )
          (intermediate): BertIntermediate(
            (dense): Linear(in_features=768, out_features=3072, bias=True)
          )
          (output): BertOutput(
            (dense): Linear(in_features=3072, out_features=768, bias=True)
            (LayerNorm): FusedLayerNorm(torch.Size([768]), eps=1e-12, elementwise_affine=True)
            (dropout): Dropout(p=0.1)
          )
        )
        (5): BertLayer(
          (attention): BertAttention(
            (self): BertSelfAttention(
              (query): Linear(in_features=768, out_features=768, bias=True)
              (key): Linear(in_features=768, out_features=768, bias=True)
              (value): Linear(in_features=768, out_features=768, bias=True)
              (dropout): Dropout(p=0.1)
            )
            (output): BertSelfOutput(
              (dense): Linear(in_features=768, out_features=768, bias=True)
              (LayerNorm): FusedLayerNorm(torch.Size([768]), eps=1e-12, elementwise_affine=True)
              (dropout): Dropout(p=0.1)
            )
          )
          (intermediate): BertIntermediate(
            (dense): Linear(in_features=768, out_features=3072, bias=True)
          )
          (output): BertOutput(
            (dense): Linear(in_features=3072, out_features=768, bias=True)
            (LayerNorm): FusedLayerNorm(torch.Size([768]), eps=1e-12, elementwise_affine=True)
            (dropout): Dropout(p=0.1)
          )
        )
        (6): BertLayer(
          (attention): BertAttention(
            (self): BertSelfAttention(
              (query): Linear(in_features=768, out_features=768, bias=True)
              (key): Linear(in_features=768, out_features=768, bias=True)
              (value): Linear(in_features=768, out_features=768, bias=True)
              (dropout): Dropout(p=0.1)
            )
            (output): BertSelfOutput(
              (dense): Linear(in_features=768, out_features=768, bias=True)
              (LayerNorm): FusedLayerNorm(torch.Size([768]), eps=1e-12, elementwise_affine=True)
              (dropout): Dropout(p=0.1)
            )
          )
          (intermediate): BertIntermediate(
            (dense): Linear(in_features=768, out_features=3072, bias=True)
          )
          (output): BertOutput(
            (dense): Linear(in_features=3072, out_features=768, bias=True)
            (LayerNorm): FusedLayerNorm(torch.Size([768]), eps=1e-12, elementwise_affine=True)
            (dropout): Dropout(p=0.1)
          )
        )
        (7): BertLayer(
          (attention): BertAttention(
            (self): BertSelfAttention(
              (query): Linear(in_features=768, out_features=768, bias=True)
              (key): Linear(in_features=768, out_features=768, bias=True)
              (value): Linear(in_features=768, out_features=768, bias=True)
              (dropout): Dropout(p=0.1)
            )
            (output): BertSelfOutput(
              (dense): Linear(in_features=768, out_features=768, bias=True)
              (LayerNorm): FusedLayerNorm(torch.Size([768]), eps=1e-12, elementwise_affine=True)
              (dropout): Dropout(p=0.1)
            )
          )
          (intermediate): BertIntermediate(
            (dense): Linear(in_features=768, out_features=3072, bias=True)
          )
          (output): BertOutput(
            (dense): Linear(in_features=3072, out_features=768, bias=True)
            (LayerNorm): FusedLayerNorm(torch.Size([768]), eps=1e-12, elementwise_affine=True)
            (dropout): Dropout(p=0.1)
          )
        )
        (8): BertLayer(
          (attention): BertAttention(
            (self): BertSelfAttention(
              (query): Linear(in_features=768, out_features=768, bias=True)
              (key): Linear(in_features=768, out_features=768, bias=True)
              (value): Linear(in_features=768, out_features=768, bias=True)
              (dropout): Dropout(p=0.1)
            )
            (output): BertSelfOutput(
              (dense): Linear(in_features=768, out_features=768, bias=True)
              (LayerNorm): FusedLayerNorm(torch.Size([768]), eps=1e-12, elementwise_affine=True)
              (dropout): Dropout(p=0.1)
            )
          )
          (intermediate): BertIntermediate(
            (dense): Linear(in_features=768, out_features=3072, bias=True)
          )
          (output): BertOutput(
            (dense): Linear(in_features=3072, out_features=768, bias=True)
            (LayerNorm): FusedLayerNorm(torch.Size([768]), eps=1e-12, elementwise_affine=True)
            (dropout): Dropout(p=0.1)
          )
        )
        (9): BertLayer(
          (attention): BertAttention(
            (self): BertSelfAttention(
              (query): Linear(in_features=768, out_features=768, bias=True)
              (key): Linear(in_features=768, out_features=768, bias=True)
              (value): Linear(in_features=768, out_features=768, bias=True)
              (dropout): Dropout(p=0.1)
            )
            (output): BertSelfOutput(
              (dense): Linear(in_features=768, out_features=768, bias=True)
              (LayerNorm): FusedLayerNorm(torch.Size([768]), eps=1e-12, elementwise_affine=True)
              (dropout): Dropout(p=0.1)
            )
          )
          (intermediate): BertIntermediate(
            (dense): Linear(in_features=768, out_features=3072, bias=True)
          )
          (output): BertOutput(
            (dense): Linear(in_features=3072, out_features=768, bias=True)
            (LayerNorm): FusedLayerNorm(torch.Size([768]), eps=1e-12, elementwise_affine=True)
            (dropout): Dropout(p=0.1)
          )
        )
        (10): BertLayer(
          (attention): BertAttention(
            (self): BertSelfAttention(
              (query): Linear(in_features=768, out_features=768, bias=True)
              (key): Linear(in_features=768, out_features=768, bias=True)
              (value): Linear(in_features=768, out_features=768, bias=True)
              (dropout): Dropout(p=0.1)
            )
            (output): BertSelfOutput(
              (dense): Linear(in_features=768, out_features=768, bias=True)
              (LayerNorm): FusedLayerNorm(torch.Size([768]), eps=1e-12, elementwise_affine=True)
              (dropout): Dropout(p=0.1)
            )
          )
          (intermediate): BertIntermediate(
            (dense): Linear(in_features=768, out_features=3072, bias=True)
          )
          (output): BertOutput(
            (dense): Linear(in_features=3072, out_features=768, bias=True)
            (LayerNorm): FusedLayerNorm(torch.Size([768]), eps=1e-12, elementwise_affine=True)
            (dropout): Dropout(p=0.1)
          )
        )
        (11): BertLayer(
          (attention): BertAttention(
            (self): BertSelfAttention(
              (query): Linear(in_features=768, out_features=768, bias=True)
              (key): Linear(in_features=768, out_features=768, bias=True)
              (value): Linear(in_features=768, out_features=768, bias=True)
              (dropout): Dropout(p=0.1)
            )
            (output): BertSelfOutput(
              (dense): Linear(in_features=768, out_features=768, bias=True)
              (LayerNorm): FusedLayerNorm(torch.Size([768]), eps=1e-12, elementwise_affine=True)
              (dropout): Dropout(p=0.1)
            )
          )
          (intermediate): BertIntermediate(
            (dense): Linear(in_features=768, out_features=3072, bias=True)
          )
          (output): BertOutput(
            (dense): Linear(in_features=3072, out_features=768, bias=True)
            (LayerNorm): FusedLayerNorm(torch.Size([768]), eps=1e-12, elementwise_affine=True)
            (dropout): Dropout(p=0.1)
          )
        )
      )
    )
    (pooler): BertPooler(
      (dense): Linear(in_features=768, out_features=768, bias=True)
      (activation): Tanh()
    )
  )
  (scoring_list): ModuleList(
    (0): Linear(in_features=768, out_features=4, bias=True)
    (1): Linear(in_features=768, out_features=5, bias=True)
    (2): Linear(in_features=768, out_features=2, bias=True)
  )
)

02/16/2023 02:51:51 Total number of params: 110630411
02/16/2023 02:51:51 At epoch 0
02/16/2023 02:51:51 Task [ 2] updates[     1] train loss[1.18078] remaining[0:05:36]
02/16/2023 02:53:59 Task [ 0] updates[   500] train loss[0.83994] remaining[0:00:09]
02/16/2023 02:54:10 Task ppf -- epoch 0 -- Dev ACC: 43.137
02/16/2023 02:54:10 Task ppf -- epoch 0 -- Dev F1: 21.614
02/16/2023 02:54:11 Task dvdduration -- epoch 0 -- Dev ACC: 48.963
02/16/2023 02:54:11 Task dvdduration -- epoch 0 -- Dev F1: 24.807
02/16/2023 02:54:14 Task genjitsukasou -- epoch 0 -- Dev ACC: 90.330
02/16/2023 02:54:14 Task genjitsukasou -- epoch 0 -- Dev F1: 47.460
02/16/2023 02:54:14 At epoch 1
02/16/2023 02:56:12 Task [ 0] updates[  1000] train loss[0.78815] remaining[0:00:18]
02/16/2023 02:56:34 Task ppf -- epoch 1 -- Dev ACC: 54.779
02/16/2023 02:56:34 Task ppf -- epoch 1 -- Dev F1: 38.319
02/16/2023 02:56:35 Task dvdduration -- epoch 1 -- Dev ACC: 48.133
02/16/2023 02:56:35 Task dvdduration -- epoch 1 -- Dev F1: 26.491
02/16/2023 02:56:39 Task genjitsukasou -- epoch 1 -- Dev ACC: 88.984
02/16/2023 02:56:39 Task genjitsukasou -- epoch 1 -- Dev F1: 48.169
02/16/2023 02:56:39 At epoch 2
02/16/2023 02:58:27 Task [ 0] updates[  1500] train loss[0.71706] remaining[0:00:28]
02/16/2023 02:58:58 Task ppf -- epoch 2 -- Dev ACC: 53.064
02/16/2023 02:58:58 Task ppf -- epoch 2 -- Dev F1: 37.690
02/16/2023 02:58:59 Task dvdduration -- epoch 2 -- Dev ACC: 45.228
02/16/2023 02:58:59 Task dvdduration -- epoch 2 -- Dev F1: 25.609
02/16/2023 02:59:02 Task genjitsukasou -- epoch 2 -- Dev ACC: 90.086
02/16/2023 02:59:02 Task genjitsukasou -- epoch 2 -- Dev F1: 47.392
02/16/2023 02:59:02 At epoch 3
02/16/2023 03:00:41 Task [ 2] updates[  2000] train loss[0.66479] remaining[0:00:37]
02/16/2023 03:01:22 Task ppf -- epoch 3 -- Dev ACC: 51.348
02/16/2023 03:01:22 Task ppf -- epoch 3 -- Dev F1: 36.775
02/16/2023 03:01:22 Task dvdduration -- epoch 3 -- Dev ACC: 46.888
02/16/2023 03:01:22 Task dvdduration -- epoch 3 -- Dev F1: 26.791
02/16/2023 03:01:25 Task genjitsukasou -- epoch 3 -- Dev ACC: 89.351
02/16/2023 03:01:25 Task genjitsukasou -- epoch 3 -- Dev F1: 49.379
02/16/2023 03:01:25 At epoch 4
02/16/2023 03:02:56 Task [ 0] updates[  2500] train loss[0.61821] remaining[0:00:47]
02/16/2023 03:03:45 Task ppf -- epoch 4 -- Dev ACC: 52.819
02/16/2023 03:03:45 Task ppf -- epoch 4 -- Dev F1: 40.201
02/16/2023 03:03:45 Task dvdduration -- epoch 4 -- Dev ACC: 44.813
02/16/2023 03:03:45 Task dvdduration -- epoch 4 -- Dev F1: 26.342
02/16/2023 03:03:48 Task genjitsukasou -- epoch 4 -- Dev ACC: 86.903
02/16/2023 03:03:48 Task genjitsukasou -- epoch 4 -- Dev F1: 52.249
02/16/2023 03:03:48 At epoch 5
02/16/2023 03:05:08 Task [ 0] updates[  3000] train loss[0.58198] remaining[0:00:56]
02/16/2023 03:06:06 Task ppf -- epoch 5 -- Dev ACC: 53.064
02/16/2023 03:06:06 Task ppf -- epoch 5 -- Dev F1: 43.236
02/16/2023 03:06:07 Task dvdduration -- epoch 5 -- Dev ACC: 42.739
02/16/2023 03:06:07 Task dvdduration -- epoch 5 -- Dev F1: 27.640
02/16/2023 03:06:10 Task genjitsukasou -- epoch 5 -- Dev ACC: 81.885
02/16/2023 03:06:10 Task genjitsukasou -- epoch 5 -- Dev F1: 52.879
02/16/2023 03:06:10 At epoch 6
02/16/2023 03:07:22 Task [ 0] updates[  3500] train loss[0.54738] remaining[0:01:07]
02/16/2023 03:08:30 Task ppf -- epoch 6 -- Dev ACC: 52.941
02/16/2023 03:08:30 Task ppf -- epoch 6 -- Dev F1: 40.462
02/16/2023 03:08:31 Task dvdduration -- epoch 6 -- Dev ACC: 39.834
02/16/2023 03:08:31 Task dvdduration -- epoch 6 -- Dev F1: 23.870
02/16/2023 03:08:34 Task genjitsukasou -- epoch 6 -- Dev ACC: 85.802
02/16/2023 03:08:34 Task genjitsukasou -- epoch 6 -- Dev F1: 50.122
02/16/2023 03:08:34 At epoch 7
02/16/2023 03:09:35 Task [ 2] updates[  4000] train loss[0.51906] remaining[0:01:15]
02/16/2023 03:10:54 Task ppf -- epoch 7 -- Dev ACC: 52.696
02/16/2023 03:10:54 Task ppf -- epoch 7 -- Dev F1: 40.742
02/16/2023 03:10:55 Task dvdduration -- epoch 7 -- Dev ACC: 42.324
02/16/2023 03:10:55 Task dvdduration -- epoch 7 -- Dev F1: 30.165
02/16/2023 03:10:58 Task genjitsukasou -- epoch 7 -- Dev ACC: 85.802
02/16/2023 03:10:58 Task genjitsukasou -- epoch 7 -- Dev F1: 51.528
02/16/2023 03:10:58 At epoch 8
02/16/2023 03:11:51 Task [ 0] updates[  4500] train loss[0.49127] remaining[0:01:26]
02/16/2023 03:13:18 Task ppf -- epoch 8 -- Dev ACC: 54.779
02/16/2023 03:13:18 Task ppf -- epoch 8 -- Dev F1: 40.601
02/16/2023 03:13:19 Task dvdduration -- epoch 8 -- Dev ACC: 40.249
02/16/2023 03:13:19 Task dvdduration -- epoch 8 -- Dev F1: 27.467
02/16/2023 03:13:22 Task genjitsukasou -- epoch 8 -- Dev ACC: 87.882
02/16/2023 03:13:22 Task genjitsukasou -- epoch 8 -- Dev F1: 51.341
02/16/2023 03:13:22 At epoch 9
02/16/2023 03:14:06 Task [ 0] updates[  5000] train loss[0.46684] remaining[0:01:38]
02/16/2023 03:15:42 Task ppf -- epoch 9 -- Dev ACC: 53.799
02/16/2023 03:15:42 Task ppf -- epoch 9 -- Dev F1: 41.112
02/16/2023 03:15:43 Task dvdduration -- epoch 9 -- Dev ACC: 41.079
02/16/2023 03:15:43 Task dvdduration -- epoch 9 -- Dev F1: 27.977
02/16/2023 03:15:45 Task genjitsukasou -- epoch 9 -- Dev ACC: 86.291
02/16/2023 03:15:45 Task genjitsukasou -- epoch 9 -- Dev F1: 50.395
