02/16/2023 02:21:33 0
02/16/2023 02:21:33 Launching the MT-DNN training
02/16/2023 02:21:33 Loading ../../../dvd_hanashi/dvd_hanashi_all/0/ppf_train.json as task 0
02/16/2023 02:21:33 Loading ../../../dvd_hanashi/dvd_hanashi_all/0/hanashiduration_train.json as task 1
02/16/2023 02:21:33 Loading ../../../dvd_hanashi/dvd_hanashi_all/0/genjitsukasou_train.json as task 2
02/16/2023 02:21:33 4,8,2
02/16/2023 02:21:33 ####################
02/16/2023 02:21:33 {'log_file': 'checkpoints/hanashi_all_0_adam_answer_opt0_gc0_ggc1_2023-02-16T0221/log.log', 'tensorboard': False, 'tensorboard_logdir': 'tensorboard_logdir', 'init_checkpoint': '../../../japanese_bert_new_/jap_bert.pt', 'data_dir': '../../../dvd_hanashi/dvd_hanashi_all/0/', 'data_sort_on': False, 'name': 'farmer', 'task_def': '../../../experiments/dvd_hanashi/dvd_hanashi_task_def.yml', 'train_datasets': ['ppf', 'hanashiduration', 'genjitsukasou'], 'test_datasets': ['ppf', 'hanashiduration', 'genjitsukasou'], 'update_bert_opt': 0, 'multi_gpu_on': True, 'mem_cum_type': 'simple', 'answer_num_turn': 5, 'answer_mem_drop_p': 0.1, 'answer_att_hidden_size': 128, 'answer_att_type': 'bilinear', 'answer_rnn_type': 'gru', 'answer_sum_att_type': 'bilinear', 'answer_merge_opt': 1, 'answer_mem_type': 1, 'answer_dropout_p': 0.1, 'answer_weight_norm_on': False, 'dump_state_on': False, 'answer_opt': [0, 0, 0], 'label_size': '4,8,2', 'mtl_opt': 0, 'ratio': 0, 'mix_opt': 0, 'max_seq_len': 512, 'init_ratio': 1, 'encoder_type': <EncoderModelType.BERT: 1>, 'cuda': True, 'log_per_updates': 500, 'save_per_updates': 10000, 'save_per_updates_on': False, 'epochs': 10, 'batch_size': 16, 'batch_size_eval': 8, 'optimizer': 'adam', 'grad_clipping': 0.0, 'global_grad_clipping': 1.0, 'weight_decay': 0, 'learning_rate': 1e-05, 'momentum': 0, 'warmup': 0.1, 'warmup_schedule': 'warmup_linear', 'adam_eps': 1e-06, 'vb_dropout': True, 'dropout_p': 0.1, 'dropout_w': 0.0, 'bert_dropout_p': 0.1, 'model_ckpt': 'checkpoints/model_0.pt', 'resume': False, 'ema_opt': 0, 'ema_gamma': 0.995, 'lookahead': False, 'lookahead_k': 5, 'lookahead_alpha': 0.5, 'have_lr_scheduler': True, 'multi_step_lr': '10,20,30', 'freeze_layers': -1, 'embedding_opt': 0, 'lr_gamma': 0.5, 'bert_l2norm': 0.0, 'scheduler_type': 'ms', 'output_dir': 'checkpoints/hanashi_all_0_adam_answer_opt0_gc0_ggc1_2023-02-16T0221', 'seed': 2018, 'grad_accumulation_step': 1, 'fp16': False, 'fp16_opt_level': 'O1', 'mean_teacher': False, 'mean_teacher_avg': 'exponential', 'mean_teacher_lambda': 1, 'mean_teacher_rampup': 4000, 'mean_teacher_alpha1': 0.99, 'mean_teacher_alpha2': 0.999, 'mt_kd_tau': 1, 'virtual_teacher': False, 'vat_eps': 0.001, 'vat_max_layer': -1, 'vat_opt': 0, 'vat_lambda': 1, 'vat_alpha': 1, 'vat_nosiy': 1e-05, 'use_noisycopy': False, 'noisycopy_eps': 0.01, 'use_advcopy': False, 'advcopy_eps': 0.01, 'vat_stable_eps': 1e-06, 'tasks_dropout_p': [0.1, 0.1, 0.1]}
02/16/2023 02:21:33 ####################
02/16/2023 02:21:33 ############# Gradient Accumulation Info #############
02/16/2023 02:21:33 number of step: 6190
02/16/2023 02:21:33 number of grad grad_accumulation step: 1
02/16/2023 02:21:33 adjusted number of step: 6190
02/16/2023 02:21:33 ############# Gradient Accumulation Info #############
02/16/2023 02:21:41 
############# Model Arch of MT-DNN #############
SANBertNetwork(
  (dropout_list): ModuleList(
    (0): DropoutWrapper()
    (1): DropoutWrapper()
    (2): DropoutWrapper()
  )
  (bert): BertModel(
    (embeddings): BertEmbeddings(
      (word_embeddings): Embedding(32006, 768)
      (position_embeddings): Embedding(512, 768)
      (token_type_embeddings): Embedding(2, 768)
      (LayerNorm): FusedLayerNorm(torch.Size([768]), eps=1e-12, elementwise_affine=True)
      (dropout): Dropout(p=0.1)
    )
    (encoder): BertEncoder(
      (layer): ModuleList(
        (0): BertLayer(
          (attention): BertAttention(
            (self): BertSelfAttention(
              (query): Linear(in_features=768, out_features=768, bias=True)
              (key): Linear(in_features=768, out_features=768, bias=True)
              (value): Linear(in_features=768, out_features=768, bias=True)
              (dropout): Dropout(p=0.1)
            )
            (output): BertSelfOutput(
              (dense): Linear(in_features=768, out_features=768, bias=True)
              (LayerNorm): FusedLayerNorm(torch.Size([768]), eps=1e-12, elementwise_affine=True)
              (dropout): Dropout(p=0.1)
            )
          )
          (intermediate): BertIntermediate(
            (dense): Linear(in_features=768, out_features=3072, bias=True)
          )
          (output): BertOutput(
            (dense): Linear(in_features=3072, out_features=768, bias=True)
            (LayerNorm): FusedLayerNorm(torch.Size([768]), eps=1e-12, elementwise_affine=True)
            (dropout): Dropout(p=0.1)
          )
        )
        (1): BertLayer(
          (attention): BertAttention(
            (self): BertSelfAttention(
              (query): Linear(in_features=768, out_features=768, bias=True)
              (key): Linear(in_features=768, out_features=768, bias=True)
              (value): Linear(in_features=768, out_features=768, bias=True)
              (dropout): Dropout(p=0.1)
            )
            (output): BertSelfOutput(
              (dense): Linear(in_features=768, out_features=768, bias=True)
              (LayerNorm): FusedLayerNorm(torch.Size([768]), eps=1e-12, elementwise_affine=True)
              (dropout): Dropout(p=0.1)
            )
          )
          (intermediate): BertIntermediate(
            (dense): Linear(in_features=768, out_features=3072, bias=True)
          )
          (output): BertOutput(
            (dense): Linear(in_features=3072, out_features=768, bias=True)
            (LayerNorm): FusedLayerNorm(torch.Size([768]), eps=1e-12, elementwise_affine=True)
            (dropout): Dropout(p=0.1)
          )
        )
        (2): BertLayer(
          (attention): BertAttention(
            (self): BertSelfAttention(
              (query): Linear(in_features=768, out_features=768, bias=True)
              (key): Linear(in_features=768, out_features=768, bias=True)
              (value): Linear(in_features=768, out_features=768, bias=True)
              (dropout): Dropout(p=0.1)
            )
            (output): BertSelfOutput(
              (dense): Linear(in_features=768, out_features=768, bias=True)
              (LayerNorm): FusedLayerNorm(torch.Size([768]), eps=1e-12, elementwise_affine=True)
              (dropout): Dropout(p=0.1)
            )
          )
          (intermediate): BertIntermediate(
            (dense): Linear(in_features=768, out_features=3072, bias=True)
          )
          (output): BertOutput(
            (dense): Linear(in_features=3072, out_features=768, bias=True)
            (LayerNorm): FusedLayerNorm(torch.Size([768]), eps=1e-12, elementwise_affine=True)
            (dropout): Dropout(p=0.1)
          )
        )
        (3): BertLayer(
          (attention): BertAttention(
            (self): BertSelfAttention(
              (query): Linear(in_features=768, out_features=768, bias=True)
              (key): Linear(in_features=768, out_features=768, bias=True)
              (value): Linear(in_features=768, out_features=768, bias=True)
              (dropout): Dropout(p=0.1)
            )
            (output): BertSelfOutput(
              (dense): Linear(in_features=768, out_features=768, bias=True)
              (LayerNorm): FusedLayerNorm(torch.Size([768]), eps=1e-12, elementwise_affine=True)
              (dropout): Dropout(p=0.1)
            )
          )
          (intermediate): BertIntermediate(
            (dense): Linear(in_features=768, out_features=3072, bias=True)
          )
          (output): BertOutput(
            (dense): Linear(in_features=3072, out_features=768, bias=True)
            (LayerNorm): FusedLayerNorm(torch.Size([768]), eps=1e-12, elementwise_affine=True)
            (dropout): Dropout(p=0.1)
          )
        )
        (4): BertLayer(
          (attention): BertAttention(
            (self): BertSelfAttention(
              (query): Linear(in_features=768, out_features=768, bias=True)
              (key): Linear(in_features=768, out_features=768, bias=True)
              (value): Linear(in_features=768, out_features=768, bias=True)
              (dropout): Dropout(p=0.1)
            )
            (output): BertSelfOutput(
              (dense): Linear(in_features=768, out_features=768, bias=True)
              (LayerNorm): FusedLayerNorm(torch.Size([768]), eps=1e-12, elementwise_affine=True)
              (dropout): Dropout(p=0.1)
            )
          )
          (intermediate): BertIntermediate(
            (dense): Linear(in_features=768, out_features=3072, bias=True)
          )
          (output): BertOutput(
            (dense): Linear(in_features=3072, out_features=768, bias=True)
            (LayerNorm): FusedLayerNorm(torch.Size([768]), eps=1e-12, elementwise_affine=True)
            (dropout): Dropout(p=0.1)
          )
        )
        (5): BertLayer(
          (attention): BertAttention(
            (self): BertSelfAttention(
              (query): Linear(in_features=768, out_features=768, bias=True)
              (key): Linear(in_features=768, out_features=768, bias=True)
              (value): Linear(in_features=768, out_features=768, bias=True)
              (dropout): Dropout(p=0.1)
            )
            (output): BertSelfOutput(
              (dense): Linear(in_features=768, out_features=768, bias=True)
              (LayerNorm): FusedLayerNorm(torch.Size([768]), eps=1e-12, elementwise_affine=True)
              (dropout): Dropout(p=0.1)
            )
          )
          (intermediate): BertIntermediate(
            (dense): Linear(in_features=768, out_features=3072, bias=True)
          )
          (output): BertOutput(
            (dense): Linear(in_features=3072, out_features=768, bias=True)
            (LayerNorm): FusedLayerNorm(torch.Size([768]), eps=1e-12, elementwise_affine=True)
            (dropout): Dropout(p=0.1)
          )
        )
        (6): BertLayer(
          (attention): BertAttention(
            (self): BertSelfAttention(
              (query): Linear(in_features=768, out_features=768, bias=True)
              (key): Linear(in_features=768, out_features=768, bias=True)
              (value): Linear(in_features=768, out_features=768, bias=True)
              (dropout): Dropout(p=0.1)
            )
            (output): BertSelfOutput(
              (dense): Linear(in_features=768, out_features=768, bias=True)
              (LayerNorm): FusedLayerNorm(torch.Size([768]), eps=1e-12, elementwise_affine=True)
              (dropout): Dropout(p=0.1)
            )
          )
          (intermediate): BertIntermediate(
            (dense): Linear(in_features=768, out_features=3072, bias=True)
          )
          (output): BertOutput(
            (dense): Linear(in_features=3072, out_features=768, bias=True)
            (LayerNorm): FusedLayerNorm(torch.Size([768]), eps=1e-12, elementwise_affine=True)
            (dropout): Dropout(p=0.1)
          )
        )
        (7): BertLayer(
          (attention): BertAttention(
            (self): BertSelfAttention(
              (query): Linear(in_features=768, out_features=768, bias=True)
              (key): Linear(in_features=768, out_features=768, bias=True)
              (value): Linear(in_features=768, out_features=768, bias=True)
              (dropout): Dropout(p=0.1)
            )
            (output): BertSelfOutput(
              (dense): Linear(in_features=768, out_features=768, bias=True)
              (LayerNorm): FusedLayerNorm(torch.Size([768]), eps=1e-12, elementwise_affine=True)
              (dropout): Dropout(p=0.1)
            )
          )
          (intermediate): BertIntermediate(
            (dense): Linear(in_features=768, out_features=3072, bias=True)
          )
          (output): BertOutput(
            (dense): Linear(in_features=3072, out_features=768, bias=True)
            (LayerNorm): FusedLayerNorm(torch.Size([768]), eps=1e-12, elementwise_affine=True)
            (dropout): Dropout(p=0.1)
          )
        )
        (8): BertLayer(
          (attention): BertAttention(
            (self): BertSelfAttention(
              (query): Linear(in_features=768, out_features=768, bias=True)
              (key): Linear(in_features=768, out_features=768, bias=True)
              (value): Linear(in_features=768, out_features=768, bias=True)
              (dropout): Dropout(p=0.1)
            )
            (output): BertSelfOutput(
              (dense): Linear(in_features=768, out_features=768, bias=True)
              (LayerNorm): FusedLayerNorm(torch.Size([768]), eps=1e-12, elementwise_affine=True)
              (dropout): Dropout(p=0.1)
            )
          )
          (intermediate): BertIntermediate(
            (dense): Linear(in_features=768, out_features=3072, bias=True)
          )
          (output): BertOutput(
            (dense): Linear(in_features=3072, out_features=768, bias=True)
            (LayerNorm): FusedLayerNorm(torch.Size([768]), eps=1e-12, elementwise_affine=True)
            (dropout): Dropout(p=0.1)
          )
        )
        (9): BertLayer(
          (attention): BertAttention(
            (self): BertSelfAttention(
              (query): Linear(in_features=768, out_features=768, bias=True)
              (key): Linear(in_features=768, out_features=768, bias=True)
              (value): Linear(in_features=768, out_features=768, bias=True)
              (dropout): Dropout(p=0.1)
            )
            (output): BertSelfOutput(
              (dense): Linear(in_features=768, out_features=768, bias=True)
              (LayerNorm): FusedLayerNorm(torch.Size([768]), eps=1e-12, elementwise_affine=True)
              (dropout): Dropout(p=0.1)
            )
          )
          (intermediate): BertIntermediate(
            (dense): Linear(in_features=768, out_features=3072, bias=True)
          )
          (output): BertOutput(
            (dense): Linear(in_features=3072, out_features=768, bias=True)
            (LayerNorm): FusedLayerNorm(torch.Size([768]), eps=1e-12, elementwise_affine=True)
            (dropout): Dropout(p=0.1)
          )
        )
        (10): BertLayer(
          (attention): BertAttention(
            (self): BertSelfAttention(
              (query): Linear(in_features=768, out_features=768, bias=True)
              (key): Linear(in_features=768, out_features=768, bias=True)
              (value): Linear(in_features=768, out_features=768, bias=True)
              (dropout): Dropout(p=0.1)
            )
            (output): BertSelfOutput(
              (dense): Linear(in_features=768, out_features=768, bias=True)
              (LayerNorm): FusedLayerNorm(torch.Size([768]), eps=1e-12, elementwise_affine=True)
              (dropout): Dropout(p=0.1)
            )
          )
          (intermediate): BertIntermediate(
            (dense): Linear(in_features=768, out_features=3072, bias=True)
          )
          (output): BertOutput(
            (dense): Linear(in_features=3072, out_features=768, bias=True)
            (LayerNorm): FusedLayerNorm(torch.Size([768]), eps=1e-12, elementwise_affine=True)
            (dropout): Dropout(p=0.1)
          )
        )
        (11): BertLayer(
          (attention): BertAttention(
            (self): BertSelfAttention(
              (query): Linear(in_features=768, out_features=768, bias=True)
              (key): Linear(in_features=768, out_features=768, bias=True)
              (value): Linear(in_features=768, out_features=768, bias=True)
              (dropout): Dropout(p=0.1)
            )
            (output): BertSelfOutput(
              (dense): Linear(in_features=768, out_features=768, bias=True)
              (LayerNorm): FusedLayerNorm(torch.Size([768]), eps=1e-12, elementwise_affine=True)
              (dropout): Dropout(p=0.1)
            )
          )
          (intermediate): BertIntermediate(
            (dense): Linear(in_features=768, out_features=3072, bias=True)
          )
          (output): BertOutput(
            (dense): Linear(in_features=3072, out_features=768, bias=True)
            (LayerNorm): FusedLayerNorm(torch.Size([768]), eps=1e-12, elementwise_affine=True)
            (dropout): Dropout(p=0.1)
          )
        )
      )
    )
    (pooler): BertPooler(
      (dense): Linear(in_features=768, out_features=768, bias=True)
      (activation): Tanh()
    )
  )
  (scoring_list): ModuleList(
    (0): Linear(in_features=768, out_features=4, bias=True)
    (1): Linear(in_features=768, out_features=8, bias=True)
    (2): Linear(in_features=768, out_features=2, bias=True)
  )
)

02/16/2023 02:21:41 Total number of params: 110632718
02/16/2023 02:21:41 At epoch 0
02/16/2023 02:21:41 Task [ 2] updates[     1] train loss[0.38439] remaining[0:05:43]
02/16/2023 02:24:00 Task [ 1] updates[   500] train loss[0.97229] remaining[0:00:32]
02/16/2023 02:24:36 Task ppf -- epoch 0 -- Dev ACC: 41.481
02/16/2023 02:24:36 Task ppf -- epoch 0 -- Dev F1: 19.853
02/16/2023 02:24:39 Task hanashiduration -- epoch 0 -- Dev ACC: 13.122
02/16/2023 02:24:39 Task hanashiduration -- epoch 0 -- Dev F1: 2.900
02/16/2023 02:24:42 Task genjitsukasou -- epoch 0 -- Dev ACC: 81.481
02/16/2023 02:24:42 Task genjitsukasou -- epoch 0 -- Dev F1: 44.898
02/16/2023 02:24:42 At epoch 1
02/16/2023 02:26:28 Task [ 0] updates[  1000] train loss[0.92010] remaining[0:01:06]
02/16/2023 02:27:36 Task ppf -- epoch 1 -- Dev ACC: 51.323
02/16/2023 02:27:36 Task ppf -- epoch 1 -- Dev F1: 39.019
02/16/2023 02:27:39 Task hanashiduration -- epoch 1 -- Dev ACC: 21.587
02/16/2023 02:27:39 Task hanashiduration -- epoch 1 -- Dev F1: 9.136
02/16/2023 02:27:42 Task genjitsukasou -- epoch 1 -- Dev ACC: 82.328
02/16/2023 02:27:42 Task genjitsukasou -- epoch 1 -- Dev F1: 51.815
02/16/2023 02:27:42 At epoch 2
02/16/2023 02:28:55 Task [ 0] updates[  1500] train loss[0.84707] remaining[0:01:40]
02/16/2023 02:30:37 Task ppf -- epoch 2 -- Dev ACC: 52.910
02/16/2023 02:30:37 Task ppf -- epoch 2 -- Dev F1: 42.522
02/16/2023 02:30:40 Task hanashiduration -- epoch 2 -- Dev ACC: 21.376
02/16/2023 02:30:40 Task hanashiduration -- epoch 2 -- Dev F1: 9.803
02/16/2023 02:30:42 Task genjitsukasou -- epoch 2 -- Dev ACC: 82.434
02/16/2023 02:30:42 Task genjitsukasou -- epoch 2 -- Dev F1: 54.391
02/16/2023 02:30:42 At epoch 3
02/16/2023 02:31:23 Task [ 2] updates[  2000] train loss[0.78846] remaining[0:02:14]
02/16/2023 02:33:36 Task ppf -- epoch 3 -- Dev ACC: 53.333
02/16/2023 02:33:36 Task ppf -- epoch 3 -- Dev F1: 43.499
02/16/2023 02:33:39 Task hanashiduration -- epoch 3 -- Dev ACC: 24.762
02/16/2023 02:33:39 Task hanashiduration -- epoch 3 -- Dev F1: 11.467
02/16/2023 02:33:42 Task genjitsukasou -- epoch 3 -- Dev ACC: 82.434
02/16/2023 02:33:42 Task genjitsukasou -- epoch 3 -- Dev F1: 54.391
02/16/2023 02:33:42 At epoch 4
02/16/2023 02:33:49 Task [ 1] updates[  2500] train loss[0.73512] remaining[0:02:37]
02/16/2023 02:36:08 Task [ 1] updates[  3000] train loss[0.69021] remaining[0:00:26]
02/16/2023 02:36:37 Task ppf -- epoch 4 -- Dev ACC: 51.323
02/16/2023 02:36:37 Task ppf -- epoch 4 -- Dev F1: 40.501
02/16/2023 02:36:40 Task hanashiduration -- epoch 4 -- Dev ACC: 21.905
02/16/2023 02:36:40 Task hanashiduration -- epoch 4 -- Dev F1: 11.614
02/16/2023 02:36:43 Task genjitsukasou -- epoch 4 -- Dev ACC: 82.434
02/16/2023 02:36:43 Task genjitsukasou -- epoch 4 -- Dev F1: 53.175
02/16/2023 02:36:43 At epoch 5
02/16/2023 02:38:36 Task [ 0] updates[  3500] train loss[0.65288] remaining[0:00:59]
02/16/2023 02:39:37 Task ppf -- epoch 5 -- Dev ACC: 53.016
02/16/2023 02:39:37 Task ppf -- epoch 5 -- Dev F1: 42.627
02/16/2023 02:39:40 Task hanashiduration -- epoch 5 -- Dev ACC: 21.481
02/16/2023 02:39:40 Task hanashiduration -- epoch 5 -- Dev F1: 12.798
02/16/2023 02:39:42 Task genjitsukasou -- epoch 5 -- Dev ACC: 82.434
02/16/2023 02:39:42 Task genjitsukasou -- epoch 5 -- Dev F1: 53.175
02/16/2023 02:39:42 At epoch 6
02/16/2023 02:41:02 Task [ 2] updates[  4000] train loss[0.61841] remaining[0:01:32]
02/16/2023 02:42:36 Task ppf -- epoch 6 -- Dev ACC: 51.958
02/16/2023 02:42:36 Task ppf -- epoch 6 -- Dev F1: 43.186
02/16/2023 02:42:39 Task hanashiduration -- epoch 6 -- Dev ACC: 21.270
02/16/2023 02:42:39 Task hanashiduration -- epoch 6 -- Dev F1: 11.821
02/16/2023 02:42:42 Task genjitsukasou -- epoch 6 -- Dev ACC: 82.116
02/16/2023 02:42:42 Task genjitsukasou -- epoch 6 -- Dev F1: 54.920
02/16/2023 02:42:42 At epoch 7
02/16/2023 02:43:29 Task [ 1] updates[  4500] train loss[0.58888] remaining[0:02:06]
02/16/2023 02:45:36 Task ppf -- epoch 7 -- Dev ACC: 51.323
02/16/2023 02:45:36 Task ppf -- epoch 7 -- Dev F1: 42.263
02/16/2023 02:45:39 Task hanashiduration -- epoch 7 -- Dev ACC: 21.481
02/16/2023 02:45:39 Task hanashiduration -- epoch 7 -- Dev F1: 13.436
02/16/2023 02:45:42 Task genjitsukasou -- epoch 7 -- Dev ACC: 82.434
02/16/2023 02:45:42 Task genjitsukasou -- epoch 7 -- Dev F1: 55.903
02/16/2023 02:45:42 At epoch 8
02/16/2023 02:45:55 Task [ 1] updates[  5000] train loss[0.56154] remaining[0:02:40]
02/16/2023 02:48:13 Task [ 0] updates[  5500] train loss[0.53716] remaining[0:00:19]
02/16/2023 02:48:36 Task ppf -- epoch 8 -- Dev ACC: 52.063
02/16/2023 02:48:36 Task ppf -- epoch 8 -- Dev F1: 42.889
02/16/2023 02:48:38 Task hanashiduration -- epoch 8 -- Dev ACC: 21.693
02/16/2023 02:48:38 Task hanashiduration -- epoch 8 -- Dev F1: 14.115
02/16/2023 02:48:41 Task genjitsukasou -- epoch 8 -- Dev ACC: 82.222
02/16/2023 02:48:41 Task genjitsukasou -- epoch 8 -- Dev F1: 55.371
02/16/2023 02:48:41 At epoch 9
02/16/2023 02:50:40 Task [ 2] updates[  6000] train loss[0.51558] remaining[0:00:52]
02/16/2023 02:51:34 Task ppf -- epoch 9 -- Dev ACC: 51.746
02/16/2023 02:51:34 Task ppf -- epoch 9 -- Dev F1: 42.572
02/16/2023 02:51:37 Task hanashiduration -- epoch 9 -- Dev ACC: 21.376
02/16/2023 02:51:37 Task hanashiduration -- epoch 9 -- Dev F1: 14.697
02/16/2023 02:51:40 Task genjitsukasou -- epoch 9 -- Dev ACC: 82.222
02/16/2023 02:51:40 Task genjitsukasou -- epoch 9 -- Dev F1: 55.371
