02/14/2023 07:18:19 0
02/14/2023 07:18:19 Launching the MT-DNN training
02/14/2023 07:18:19 Loading ../../../dvd_hanashi/dvd_hanashi_all/3/dvdppf_train.json as task 0
02/14/2023 07:18:19 Loading ../../../dvd_hanashi/dvd_hanashi_all/3/dvdduration_train.json as task 1
02/14/2023 07:18:19 Loading ../../../dvd_hanashi/dvd_hanashi_all/3/dvdorder_train.json as task 2
02/14/2023 07:18:19 4,5,6
02/14/2023 07:18:19 ####################
02/14/2023 07:18:19 {'log_file': 'checkpoints/dvd_all_3_adam_answer_opt0_gc0_ggc1_2023-02-14T0718/log.log', 'tensorboard': False, 'tensorboard_logdir': 'tensorboard_logdir', 'init_checkpoint': '../../../japanese_bert_new_/jap_bert.pt', 'data_dir': '../../../dvd_hanashi/dvd_hanashi_all/3/', 'data_sort_on': False, 'name': 'farmer', 'task_def': '../../../experiments/dvd_hanashi/dvd_hanashi_task_def.yml', 'train_datasets': ['dvdppf', 'dvdduration', 'dvdorder'], 'test_datasets': ['dvdppf', 'dvdduration', 'dvdorder'], 'update_bert_opt': 0, 'multi_gpu_on': True, 'mem_cum_type': 'simple', 'answer_num_turn': 5, 'answer_mem_drop_p': 0.1, 'answer_att_hidden_size': 128, 'answer_att_type': 'bilinear', 'answer_rnn_type': 'gru', 'answer_sum_att_type': 'bilinear', 'answer_merge_opt': 1, 'answer_mem_type': 1, 'answer_dropout_p': 0.1, 'answer_weight_norm_on': False, 'dump_state_on': False, 'answer_opt': [0, 0, 0], 'label_size': '4,5,6', 'mtl_opt': 0, 'ratio': 0, 'mix_opt': 0, 'max_seq_len': 512, 'init_ratio': 1, 'encoder_type': <EncoderModelType.BERT: 1>, 'cuda': True, 'log_per_updates': 500, 'save_per_updates': 10000, 'save_per_updates_on': False, 'epochs': 10, 'batch_size': 16, 'batch_size_eval': 8, 'optimizer': 'adam', 'grad_clipping': 0.0, 'global_grad_clipping': 1.0, 'weight_decay': 0, 'learning_rate': 1e-05, 'momentum': 0, 'warmup': 0.1, 'warmup_schedule': 'warmup_linear', 'adam_eps': 1e-06, 'vb_dropout': True, 'dropout_p': 0.1, 'dropout_w': 0.0, 'bert_dropout_p': 0.1, 'model_ckpt': 'checkpoints/model_0.pt', 'resume': False, 'ema_opt': 0, 'ema_gamma': 0.995, 'lookahead': False, 'lookahead_k': 5, 'lookahead_alpha': 0.5, 'have_lr_scheduler': True, 'multi_step_lr': '10,20,30', 'freeze_layers': -1, 'embedding_opt': 0, 'lr_gamma': 0.5, 'bert_l2norm': 0.0, 'scheduler_type': 'ms', 'output_dir': 'checkpoints/dvd_all_3_adam_answer_opt0_gc0_ggc1_2023-02-14T0718', 'seed': 2018, 'grad_accumulation_step': 1, 'fp16': False, 'fp16_opt_level': 'O1', 'mean_teacher': False, 'mean_teacher_avg': 'exponential', 'mean_teacher_lambda': 1, 'mean_teacher_rampup': 4000, 'mean_teacher_alpha1': 0.99, 'mean_teacher_alpha2': 0.999, 'mt_kd_tau': 1, 'virtual_teacher': False, 'vat_eps': 0.001, 'vat_max_layer': -1, 'vat_opt': 0, 'vat_lambda': 1, 'vat_alpha': 1, 'vat_nosiy': 1e-05, 'use_noisycopy': False, 'noisycopy_eps': 0.01, 'use_advcopy': False, 'advcopy_eps': 0.01, 'vat_stable_eps': 1e-06, 'tasks_dropout_p': [0.1, 0.1, 0.1]}
02/14/2023 07:18:19 ####################
02/14/2023 07:18:19 ############# Gradient Accumulation Info #############
02/14/2023 07:18:19 number of step: 3140
02/14/2023 07:18:19 number of grad grad_accumulation step: 1
02/14/2023 07:18:19 adjusted number of step: 3140
02/14/2023 07:18:19 ############# Gradient Accumulation Info #############
02/14/2023 07:18:26 
############# Model Arch of MT-DNN #############
SANBertNetwork(
  (dropout_list): ModuleList(
    (0): DropoutWrapper()
    (1): DropoutWrapper()
    (2): DropoutWrapper()
  )
  (bert): BertModel(
    (embeddings): BertEmbeddings(
      (word_embeddings): Embedding(32006, 768)
      (position_embeddings): Embedding(512, 768)
      (token_type_embeddings): Embedding(2, 768)
      (LayerNorm): FusedLayerNorm(torch.Size([768]), eps=1e-12, elementwise_affine=True)
      (dropout): Dropout(p=0.1)
    )
    (encoder): BertEncoder(
      (layer): ModuleList(
        (0): BertLayer(
          (attention): BertAttention(
            (self): BertSelfAttention(
              (query): Linear(in_features=768, out_features=768, bias=True)
              (key): Linear(in_features=768, out_features=768, bias=True)
              (value): Linear(in_features=768, out_features=768, bias=True)
              (dropout): Dropout(p=0.1)
            )
            (output): BertSelfOutput(
              (dense): Linear(in_features=768, out_features=768, bias=True)
              (LayerNorm): FusedLayerNorm(torch.Size([768]), eps=1e-12, elementwise_affine=True)
              (dropout): Dropout(p=0.1)
            )
          )
          (intermediate): BertIntermediate(
            (dense): Linear(in_features=768, out_features=3072, bias=True)
          )
          (output): BertOutput(
            (dense): Linear(in_features=3072, out_features=768, bias=True)
            (LayerNorm): FusedLayerNorm(torch.Size([768]), eps=1e-12, elementwise_affine=True)
            (dropout): Dropout(p=0.1)
          )
        )
        (1): BertLayer(
          (attention): BertAttention(
            (self): BertSelfAttention(
              (query): Linear(in_features=768, out_features=768, bias=True)
              (key): Linear(in_features=768, out_features=768, bias=True)
              (value): Linear(in_features=768, out_features=768, bias=True)
              (dropout): Dropout(p=0.1)
            )
            (output): BertSelfOutput(
              (dense): Linear(in_features=768, out_features=768, bias=True)
              (LayerNorm): FusedLayerNorm(torch.Size([768]), eps=1e-12, elementwise_affine=True)
              (dropout): Dropout(p=0.1)
            )
          )
          (intermediate): BertIntermediate(
            (dense): Linear(in_features=768, out_features=3072, bias=True)
          )
          (output): BertOutput(
            (dense): Linear(in_features=3072, out_features=768, bias=True)
            (LayerNorm): FusedLayerNorm(torch.Size([768]), eps=1e-12, elementwise_affine=True)
            (dropout): Dropout(p=0.1)
          )
        )
        (2): BertLayer(
          (attention): BertAttention(
            (self): BertSelfAttention(
              (query): Linear(in_features=768, out_features=768, bias=True)
              (key): Linear(in_features=768, out_features=768, bias=True)
              (value): Linear(in_features=768, out_features=768, bias=True)
              (dropout): Dropout(p=0.1)
            )
            (output): BertSelfOutput(
              (dense): Linear(in_features=768, out_features=768, bias=True)
              (LayerNorm): FusedLayerNorm(torch.Size([768]), eps=1e-12, elementwise_affine=True)
              (dropout): Dropout(p=0.1)
            )
          )
          (intermediate): BertIntermediate(
            (dense): Linear(in_features=768, out_features=3072, bias=True)
          )
          (output): BertOutput(
            (dense): Linear(in_features=3072, out_features=768, bias=True)
            (LayerNorm): FusedLayerNorm(torch.Size([768]), eps=1e-12, elementwise_affine=True)
            (dropout): Dropout(p=0.1)
          )
        )
        (3): BertLayer(
          (attention): BertAttention(
            (self): BertSelfAttention(
              (query): Linear(in_features=768, out_features=768, bias=True)
              (key): Linear(in_features=768, out_features=768, bias=True)
              (value): Linear(in_features=768, out_features=768, bias=True)
              (dropout): Dropout(p=0.1)
            )
            (output): BertSelfOutput(
              (dense): Linear(in_features=768, out_features=768, bias=True)
              (LayerNorm): FusedLayerNorm(torch.Size([768]), eps=1e-12, elementwise_affine=True)
              (dropout): Dropout(p=0.1)
            )
          )
          (intermediate): BertIntermediate(
            (dense): Linear(in_features=768, out_features=3072, bias=True)
          )
          (output): BertOutput(
            (dense): Linear(in_features=3072, out_features=768, bias=True)
            (LayerNorm): FusedLayerNorm(torch.Size([768]), eps=1e-12, elementwise_affine=True)
            (dropout): Dropout(p=0.1)
          )
        )
        (4): BertLayer(
          (attention): BertAttention(
            (self): BertSelfAttention(
              (query): Linear(in_features=768, out_features=768, bias=True)
              (key): Linear(in_features=768, out_features=768, bias=True)
              (value): Linear(in_features=768, out_features=768, bias=True)
              (dropout): Dropout(p=0.1)
            )
            (output): BertSelfOutput(
              (dense): Linear(in_features=768, out_features=768, bias=True)
              (LayerNorm): FusedLayerNorm(torch.Size([768]), eps=1e-12, elementwise_affine=True)
              (dropout): Dropout(p=0.1)
            )
          )
          (intermediate): BertIntermediate(
            (dense): Linear(in_features=768, out_features=3072, bias=True)
          )
          (output): BertOutput(
            (dense): Linear(in_features=3072, out_features=768, bias=True)
            (LayerNorm): FusedLayerNorm(torch.Size([768]), eps=1e-12, elementwise_affine=True)
            (dropout): Dropout(p=0.1)
          )
        )
        (5): BertLayer(
          (attention): BertAttention(
            (self): BertSelfAttention(
              (query): Linear(in_features=768, out_features=768, bias=True)
              (key): Linear(in_features=768, out_features=768, bias=True)
              (value): Linear(in_features=768, out_features=768, bias=True)
              (dropout): Dropout(p=0.1)
            )
            (output): BertSelfOutput(
              (dense): Linear(in_features=768, out_features=768, bias=True)
              (LayerNorm): FusedLayerNorm(torch.Size([768]), eps=1e-12, elementwise_affine=True)
              (dropout): Dropout(p=0.1)
            )
          )
          (intermediate): BertIntermediate(
            (dense): Linear(in_features=768, out_features=3072, bias=True)
          )
          (output): BertOutput(
            (dense): Linear(in_features=3072, out_features=768, bias=True)
            (LayerNorm): FusedLayerNorm(torch.Size([768]), eps=1e-12, elementwise_affine=True)
            (dropout): Dropout(p=0.1)
          )
        )
        (6): BertLayer(
          (attention): BertAttention(
            (self): BertSelfAttention(
              (query): Linear(in_features=768, out_features=768, bias=True)
              (key): Linear(in_features=768, out_features=768, bias=True)
              (value): Linear(in_features=768, out_features=768, bias=True)
              (dropout): Dropout(p=0.1)
            )
            (output): BertSelfOutput(
              (dense): Linear(in_features=768, out_features=768, bias=True)
              (LayerNorm): FusedLayerNorm(torch.Size([768]), eps=1e-12, elementwise_affine=True)
              (dropout): Dropout(p=0.1)
            )
          )
          (intermediate): BertIntermediate(
            (dense): Linear(in_features=768, out_features=3072, bias=True)
          )
          (output): BertOutput(
            (dense): Linear(in_features=3072, out_features=768, bias=True)
            (LayerNorm): FusedLayerNorm(torch.Size([768]), eps=1e-12, elementwise_affine=True)
            (dropout): Dropout(p=0.1)
          )
        )
        (7): BertLayer(
          (attention): BertAttention(
            (self): BertSelfAttention(
              (query): Linear(in_features=768, out_features=768, bias=True)
              (key): Linear(in_features=768, out_features=768, bias=True)
              (value): Linear(in_features=768, out_features=768, bias=True)
              (dropout): Dropout(p=0.1)
            )
            (output): BertSelfOutput(
              (dense): Linear(in_features=768, out_features=768, bias=True)
              (LayerNorm): FusedLayerNorm(torch.Size([768]), eps=1e-12, elementwise_affine=True)
              (dropout): Dropout(p=0.1)
            )
          )
          (intermediate): BertIntermediate(
            (dense): Linear(in_features=768, out_features=3072, bias=True)
          )
          (output): BertOutput(
            (dense): Linear(in_features=3072, out_features=768, bias=True)
            (LayerNorm): FusedLayerNorm(torch.Size([768]), eps=1e-12, elementwise_affine=True)
            (dropout): Dropout(p=0.1)
          )
        )
        (8): BertLayer(
          (attention): BertAttention(
            (self): BertSelfAttention(
              (query): Linear(in_features=768, out_features=768, bias=True)
              (key): Linear(in_features=768, out_features=768, bias=True)
              (value): Linear(in_features=768, out_features=768, bias=True)
              (dropout): Dropout(p=0.1)
            )
            (output): BertSelfOutput(
              (dense): Linear(in_features=768, out_features=768, bias=True)
              (LayerNorm): FusedLayerNorm(torch.Size([768]), eps=1e-12, elementwise_affine=True)
              (dropout): Dropout(p=0.1)
            )
          )
          (intermediate): BertIntermediate(
            (dense): Linear(in_features=768, out_features=3072, bias=True)
          )
          (output): BertOutput(
            (dense): Linear(in_features=3072, out_features=768, bias=True)
            (LayerNorm): FusedLayerNorm(torch.Size([768]), eps=1e-12, elementwise_affine=True)
            (dropout): Dropout(p=0.1)
          )
        )
        (9): BertLayer(
          (attention): BertAttention(
            (self): BertSelfAttention(
              (query): Linear(in_features=768, out_features=768, bias=True)
              (key): Linear(in_features=768, out_features=768, bias=True)
              (value): Linear(in_features=768, out_features=768, bias=True)
              (dropout): Dropout(p=0.1)
            )
            (output): BertSelfOutput(
              (dense): Linear(in_features=768, out_features=768, bias=True)
              (LayerNorm): FusedLayerNorm(torch.Size([768]), eps=1e-12, elementwise_affine=True)
              (dropout): Dropout(p=0.1)
            )
          )
          (intermediate): BertIntermediate(
            (dense): Linear(in_features=768, out_features=3072, bias=True)
          )
          (output): BertOutput(
            (dense): Linear(in_features=3072, out_features=768, bias=True)
            (LayerNorm): FusedLayerNorm(torch.Size([768]), eps=1e-12, elementwise_affine=True)
            (dropout): Dropout(p=0.1)
          )
        )
        (10): BertLayer(
          (attention): BertAttention(
            (self): BertSelfAttention(
              (query): Linear(in_features=768, out_features=768, bias=True)
              (key): Linear(in_features=768, out_features=768, bias=True)
              (value): Linear(in_features=768, out_features=768, bias=True)
              (dropout): Dropout(p=0.1)
            )
            (output): BertSelfOutput(
              (dense): Linear(in_features=768, out_features=768, bias=True)
              (LayerNorm): FusedLayerNorm(torch.Size([768]), eps=1e-12, elementwise_affine=True)
              (dropout): Dropout(p=0.1)
            )
          )
          (intermediate): BertIntermediate(
            (dense): Linear(in_features=768, out_features=3072, bias=True)
          )
          (output): BertOutput(
            (dense): Linear(in_features=3072, out_features=768, bias=True)
            (LayerNorm): FusedLayerNorm(torch.Size([768]), eps=1e-12, elementwise_affine=True)
            (dropout): Dropout(p=0.1)
          )
        )
        (11): BertLayer(
          (attention): BertAttention(
            (self): BertSelfAttention(
              (query): Linear(in_features=768, out_features=768, bias=True)
              (key): Linear(in_features=768, out_features=768, bias=True)
              (value): Linear(in_features=768, out_features=768, bias=True)
              (dropout): Dropout(p=0.1)
            )
            (output): BertSelfOutput(
              (dense): Linear(in_features=768, out_features=768, bias=True)
              (LayerNorm): FusedLayerNorm(torch.Size([768]), eps=1e-12, elementwise_affine=True)
              (dropout): Dropout(p=0.1)
            )
          )
          (intermediate): BertIntermediate(
            (dense): Linear(in_features=768, out_features=3072, bias=True)
          )
          (output): BertOutput(
            (dense): Linear(in_features=3072, out_features=768, bias=True)
            (LayerNorm): FusedLayerNorm(torch.Size([768]), eps=1e-12, elementwise_affine=True)
            (dropout): Dropout(p=0.1)
          )
        )
      )
    )
    (pooler): BertPooler(
      (dense): Linear(in_features=768, out_features=768, bias=True)
      (activation): Tanh()
    )
  )
  (scoring_list): ModuleList(
    (0): Linear(in_features=768, out_features=4, bias=True)
    (1): Linear(in_features=768, out_features=5, bias=True)
    (2): Linear(in_features=768, out_features=6, bias=True)
  )
)

02/14/2023 07:18:26 Total number of params: 110633487
02/14/2023 07:18:26 At epoch 0
02/14/2023 07:18:27 Task [ 2] updates[     1] train loss[1.86927] remaining[0:02:35]
02/14/2023 07:19:09 Task dvdppf -- epoch 0 -- Dev ACC: 46.154
02/14/2023 07:19:09 Task dvdppf -- epoch 0 -- Dev F1: 34.449
02/14/2023 07:19:09 Task dvdduration -- epoch 0 -- Dev ACC: 34.965
02/14/2023 07:19:09 Task dvdduration -- epoch 0 -- Dev F1: 24.161
02/14/2023 07:19:10 Task dvdorder -- epoch 0 -- Dev ACC: 36.036
02/14/2023 07:19:10 Task dvdorder -- epoch 0 -- Dev F1: 8.830
02/14/2023 07:19:10 At epoch 1
02/14/2023 07:19:35 Task [ 2] updates[   500] train loss[1.34844] remaining[0:00:17]
02/14/2023 07:19:52 Task dvdppf -- epoch 1 -- Dev ACC: 56.643
02/14/2023 07:19:52 Task dvdppf -- epoch 1 -- Dev F1: 42.399
02/14/2023 07:19:52 Task dvdduration -- epoch 1 -- Dev ACC: 43.357
02/14/2023 07:19:52 Task dvdduration -- epoch 1 -- Dev F1: 30.377
02/14/2023 07:19:53 Task dvdorder -- epoch 1 -- Dev ACC: 36.036
02/14/2023 07:19:53 Task dvdorder -- epoch 1 -- Dev F1: 8.830
02/14/2023 07:19:53 At epoch 2
02/14/2023 07:20:36 Task dvdppf -- epoch 2 -- Dev ACC: 51.049
02/14/2023 07:20:36 Task dvdppf -- epoch 2 -- Dev F1: 37.946
02/14/2023 07:20:36 Task dvdduration -- epoch 2 -- Dev ACC: 41.958
02/14/2023 07:20:36 Task dvdduration -- epoch 2 -- Dev F1: 28.808
02/14/2023 07:20:36 Task dvdorder -- epoch 2 -- Dev ACC: 36.937
02/14/2023 07:20:36 Task dvdorder -- epoch 2 -- Dev F1: 10.404
02/14/2023 07:20:36 At epoch 3
02/14/2023 07:20:44 Task [ 2] updates[  1000] train loss[1.25969] remaining[0:00:34]
02/14/2023 07:21:18 Task dvdppf -- epoch 3 -- Dev ACC: 47.552
02/14/2023 07:21:18 Task dvdppf -- epoch 3 -- Dev F1: 35.538
02/14/2023 07:21:19 Task dvdduration -- epoch 3 -- Dev ACC: 43.357
02/14/2023 07:21:19 Task dvdduration -- epoch 3 -- Dev F1: 28.979
02/14/2023 07:21:19 Task dvdorder -- epoch 3 -- Dev ACC: 40.541
02/14/2023 07:21:19 Task dvdorder -- epoch 3 -- Dev F1: 23.062
02/14/2023 07:21:19 At epoch 4
02/14/2023 07:21:51 Task [ 1] updates[  1500] train loss[1.16693] remaining[0:00:09]
02/14/2023 07:22:01 Task dvdppf -- epoch 4 -- Dev ACC: 48.252
02/14/2023 07:22:01 Task dvdppf -- epoch 4 -- Dev F1: 35.843
02/14/2023 07:22:02 Task dvdduration -- epoch 4 -- Dev ACC: 44.056
02/14/2023 07:22:02 Task dvdduration -- epoch 4 -- Dev F1: 31.687
02/14/2023 07:22:02 Task dvdorder -- epoch 4 -- Dev ACC: 38.739
02/14/2023 07:22:02 Task dvdorder -- epoch 4 -- Dev F1: 18.778
02/14/2023 07:22:02 At epoch 5
02/14/2023 07:22:44 Task dvdppf -- epoch 5 -- Dev ACC: 44.755
02/14/2023 07:22:44 Task dvdppf -- epoch 5 -- Dev F1: 32.719
02/14/2023 07:22:45 Task dvdduration -- epoch 5 -- Dev ACC: 43.357
02/14/2023 07:22:45 Task dvdduration -- epoch 5 -- Dev F1: 32.924
02/14/2023 07:22:45 Task dvdorder -- epoch 5 -- Dev ACC: 36.937
02/14/2023 07:22:45 Task dvdorder -- epoch 5 -- Dev F1: 20.190
02/14/2023 07:22:45 At epoch 6
02/14/2023 07:23:00 Task [ 1] updates[  2000] train loss[1.08313] remaining[0:00:26]
02/14/2023 07:23:27 Task dvdppf -- epoch 6 -- Dev ACC: 44.056
02/14/2023 07:23:27 Task dvdppf -- epoch 6 -- Dev F1: 32.164
02/14/2023 07:23:27 Task dvdduration -- epoch 6 -- Dev ACC: 43.357
02/14/2023 07:23:27 Task dvdduration -- epoch 6 -- Dev F1: 33.241
02/14/2023 07:23:27 Task dvdorder -- epoch 6 -- Dev ACC: 39.640
02/14/2023 07:23:27 Task dvdorder -- epoch 6 -- Dev F1: 24.454
02/14/2023 07:23:27 At epoch 7
02/14/2023 07:24:06 Task [ 1] updates[  2500] train loss[1.00731] remaining[0:00:01]
02/14/2023 07:24:08 Task dvdppf -- epoch 7 -- Dev ACC: 44.056
02/14/2023 07:24:08 Task dvdppf -- epoch 7 -- Dev F1: 32.708
02/14/2023 07:24:09 Task dvdduration -- epoch 7 -- Dev ACC: 43.357
02/14/2023 07:24:09 Task dvdduration -- epoch 7 -- Dev F1: 33.781
02/14/2023 07:24:09 Task dvdorder -- epoch 7 -- Dev ACC: 34.234
02/14/2023 07:24:09 Task dvdorder -- epoch 7 -- Dev F1: 21.267
02/14/2023 07:24:09 At epoch 8
02/14/2023 07:24:51 Task dvdppf -- epoch 8 -- Dev ACC: 46.154
02/14/2023 07:24:51 Task dvdppf -- epoch 8 -- Dev F1: 34.624
02/14/2023 07:24:51 Task dvdduration -- epoch 8 -- Dev ACC: 40.559
02/14/2023 07:24:51 Task dvdduration -- epoch 8 -- Dev F1: 31.191
02/14/2023 07:24:52 Task dvdorder -- epoch 8 -- Dev ACC: 36.036
02/14/2023 07:24:52 Task dvdorder -- epoch 8 -- Dev F1: 23.827
02/14/2023 07:24:52 At epoch 9
02/14/2023 07:25:15 Task [ 0] updates[  3000] train loss[0.94446] remaining[0:00:18]
02/14/2023 07:25:34 Task dvdppf -- epoch 9 -- Dev ACC: 44.755
02/14/2023 07:25:34 Task dvdppf -- epoch 9 -- Dev F1: 33.211
02/14/2023 07:25:34 Task dvdduration -- epoch 9 -- Dev ACC: 41.958
02/14/2023 07:25:34 Task dvdduration -- epoch 9 -- Dev F1: 32.550
02/14/2023 07:25:35 Task dvdorder -- epoch 9 -- Dev ACC: 35.135
02/14/2023 07:25:35 Task dvdorder -- epoch 9 -- Dev F1: 22.609
